Validating in torch.float32. AMP not enabled.
Loading pretrained weights from Hugging Face hub (timm/mvitv2_small.fb_in1k)
[timm/mvitv2_small.fb_in1k] Safe alternative available for 'pytorch_model.bin' (as 'model.safetensors'). Loading weights using safetensors.
Model mvitv2_small.fb_in1k created, param count: 34870216
Data processing configuration for current model + dataset:
	input_size: (3, 224, 224)
	interpolation: bicubic
	mean: (0.485, 0.456, 0.406)
	std: (0.229, 0.224, 0.225)
	crop_pct: 0.9
	crop_mode: center
Test: [   0/196]  Time: 0.897s (0.897s,  285.52/s)  Loss:  1.2647 (1.2647)  Acc@1:  69.531 ( 69.531)  Acc@5:  92.188 ( 92.188)
Test: [  10/196]  Time: 0.366s (0.414s,  618.48/s)  Loss:  3.0124 (2.1324)  Acc@1:  33.594 ( 53.516)  Acc@5:  64.844 ( 78.658)
Test: [  20/196]  Time: 0.367s (0.392s,  653.76/s)  Loss:  1.9346 (2.1291)  Acc@1:  63.281 ( 54.278)  Acc@5:  76.562 ( 78.795)
Test: [  30/196]  Time: 0.368s (0.384s,  666.96/s)  Loss:  2.9574 (2.0750)  Acc@1:  33.984 ( 55.469)  Acc@5:  65.625 ( 79.511)
Test: [  40/196]  Time: 0.369s (0.380s,  673.73/s)  Loss:  3.1922 (2.3367)  Acc@1:  28.125 ( 49.781)  Acc@5:  62.891 ( 75.457)
Test: [  50/196]  Time: 0.369s (0.378s,  677.87/s)  Loss:  2.5574 (2.4263)  Acc@1:  43.359 ( 47.411)  Acc@5:  74.219 ( 74.433)
Test: [  60/196]  Time: 0.368s (0.376s,  680.57/s)  Loss:  2.8481 (2.4426)  Acc@1:  34.766 ( 47.093)  Acc@5:  69.141 ( 74.225)
Test: [  70/196]  Time: 0.371s (0.375s,  682.28/s)  Loss:  2.1843 (2.3892)  Acc@1:  51.953 ( 48.162)  Acc@5:  78.125 ( 75.006)
Test: [  80/196]  Time: 0.367s (0.374s,  683.79/s)  Loss:  3.4509 (2.3805)  Acc@1:  33.203 ( 48.259)  Acc@5:  58.984 ( 75.203)
Test: [  90/196]  Time: 0.368s (0.374s,  684.94/s)  Loss:  2.8624 (2.4032)  Acc@1:  41.797 ( 48.094)  Acc@5:  67.578 ( 74.841)
Test: [ 100/196]  Time: 0.371s (0.373s,  685.72/s)  Loss:  2.8353 (2.4706)  Acc@1:  41.016 ( 46.976)  Acc@5:  69.141 ( 73.650)
Test: [ 110/196]  Time: 0.371s (0.373s,  686.31/s)  Loss:  2.5504 (2.4905)  Acc@1:  45.703 ( 46.667)  Acc@5:  73.438 ( 73.314)
Test: [ 120/196]  Time: 0.372s (0.373s,  686.69/s)  Loss:  2.7290 (2.5063)  Acc@1:  47.656 ( 46.565)  Acc@5:  68.359 ( 73.044)
Test: [ 130/196]  Time: 0.370s (0.373s,  687.11/s)  Loss:  2.7391 (2.5286)  Acc@1:  38.281 ( 46.082)  Acc@5:  69.141 ( 72.662)
Test: [ 140/196]  Time: 0.370s (0.372s,  687.41/s)  Loss:  3.4624 (2.5269)  Acc@1:  33.984 ( 46.149)  Acc@5:  54.297 ( 72.609)
Test: [ 150/196]  Time: 0.370s (0.372s,  687.67/s)  Loss:  2.9252 (2.5439)  Acc@1:  41.016 ( 45.993)  Acc@5:  64.062 ( 72.276)
Test: [ 160/196]  Time: 0.370s (0.372s,  687.85/s)  Loss:  2.0348 (2.5431)  Acc@1:  55.078 ( 46.091)  Acc@5:  79.297 ( 72.212)
Test: [ 170/196]  Time: 0.371s (0.372s,  687.99/s)  Loss:  2.1792 (2.5606)  Acc@1:  48.047 ( 45.842)  Acc@5:  76.953 ( 71.957)
Test: [ 180/196]  Time: 0.370s (0.372s,  688.14/s)  Loss:  3.1686 (2.5733)  Acc@1:  33.984 ( 45.647)  Acc@5:  62.500 ( 71.743)
Test: [ 190/196]  Time: 0.369s (0.372s,  688.29/s)  Loss:  1.5823 (2.5753)  Acc@1:  60.156 ( 45.474)  Acc@5:  89.062 ( 71.789)
 * Acc@1 45.830 (54.170) Acc@5 72.122 (27.878)
