Validating in torch.float32. AMP not enabled.
Loading pretrained weights from Hugging Face hub (timm/mvitv2_small.fb_in1k)
[timm/mvitv2_small.fb_in1k] Safe alternative available for 'pytorch_model.bin' (as 'model.safetensors'). Loading weights using safetensors.
Model mvitv2_small.fb_in1k created, param count: 34870216
Data processing configuration for current model + dataset:
	input_size: (3, 224, 224)
	interpolation: bicubic
	mean: (0.485, 0.456, 0.406)
	std: (0.229, 0.224, 0.225)
	crop_pct: 0.9
	crop_mode: center
Test: [   0/196]  Time: 0.957s (0.957s,  267.59/s)  Loss:  1.0835 (1.0835)  Acc@1:  71.484 ( 71.484)  Acc@5:  97.656 ( 97.656)
Test: [  10/196]  Time: 0.368s (0.421s,  607.66/s)  Loss:  1.8809 (1.4031)  Acc@1:  57.422 ( 67.081)  Acc@5:  89.062 ( 94.247)
Test: [  20/196]  Time: 0.370s (0.396s,  646.25/s)  Loss:  1.3852 (1.4403)  Acc@1:  79.297 ( 68.471)  Acc@5:  93.750 ( 94.196)
Test: [  30/196]  Time: 0.369s (0.387s,  660.96/s)  Loss:  1.5282 (1.4168)  Acc@1:  71.875 ( 71.434)  Acc@5:  90.625 ( 94.430)
Test: [  40/196]  Time: 0.369s (0.383s,  668.59/s)  Loss:  1.4863 (1.4551)  Acc@1:  74.609 ( 71.065)  Acc@5:  92.578 ( 93.998)
Test: [  50/196]  Time: 0.372s (0.380s,  673.02/s)  Loss:  1.2930 (1.4535)  Acc@1:  81.250 ( 71.699)  Acc@5:  95.703 ( 93.995)
Test: [  60/196]  Time: 0.371s (0.379s,  675.96/s)  Loss:  1.6861 (1.4776)  Acc@1:  65.625 ( 71.497)  Acc@5:  93.359 ( 93.910)
Test: [  70/196]  Time: 0.369s (0.377s,  678.21/s)  Loss:  1.6208 (1.4692)  Acc@1:  57.422 ( 71.572)  Acc@5:  91.406 ( 94.053)
Test: [  80/196]  Time: 0.373s (0.377s,  679.61/s)  Loss:  1.9817 (1.4829)  Acc@1:  57.812 ( 71.065)  Acc@5:  86.719 ( 93.813)
Test: [  90/196]  Time: 0.372s (0.376s,  680.55/s)  Loss:  2.2899 (1.5363)  Acc@1:  48.438 ( 69.527)  Acc@5:  80.859 ( 92.956)
Test: [ 100/196]  Time: 0.372s (0.376s,  681.37/s)  Loss:  1.5583 (1.5706)  Acc@1:  62.500 ( 68.189)  Acc@5:  94.531 ( 92.443)
Test: [ 110/196]  Time: 0.372s (0.375s,  681.99/s)  Loss:  1.5801 (1.6022)  Acc@1:  66.016 ( 67.152)  Acc@5:  91.016 ( 91.997)
Test: [ 120/196]  Time: 0.371s (0.375s,  682.57/s)  Loss:  1.8956 (1.6089)  Acc@1:  60.156 ( 66.726)  Acc@5:  87.500 ( 91.858)
Test: [ 130/196]  Time: 0.372s (0.375s,  683.05/s)  Loss:  1.4614 (1.6261)  Acc@1:  71.484 ( 66.075)  Acc@5:  94.922 ( 91.591)
Test: [ 140/196]  Time: 0.371s (0.375s,  683.42/s)  Loss:  1.8062 (1.6408)  Acc@1:  61.328 ( 65.672)  Acc@5:  88.281 ( 91.326)
Test: [ 150/196]  Time: 0.372s (0.374s,  683.70/s)  Loss:  1.7676 (1.6644)  Acc@1:  64.062 ( 65.092)  Acc@5:  89.062 ( 90.938)
Test: [ 160/196]  Time: 0.372s (0.374s,  683.94/s)  Loss:  1.4954 (1.6786)  Acc@1:  73.047 ( 64.771)  Acc@5:  90.234 ( 90.596)
Test: [ 170/196]  Time: 0.372s (0.374s,  684.13/s)  Loss:  1.2130 (1.6876)  Acc@1:  77.734 ( 64.503)  Acc@5:  97.266 ( 90.426)
Test: [ 180/196]  Time: 0.372s (0.374s,  684.28/s)  Loss:  1.7015 (1.7032)  Acc@1:  55.469 ( 63.886)  Acc@5:  92.188 ( 90.196)
Test: [ 190/196]  Time: 0.371s (0.374s,  684.50/s)  Loss:  2.4587 (1.7068)  Acc@1:  37.891 ( 63.588)  Acc@5:  78.125 ( 90.126)
 * Acc@1 63.582 (36.418) Acc@5 90.146 (9.854)
