Validating in torch.float32. AMP not enabled.
Loading pretrained weights from Hugging Face hub (timm/mvitv2_small.fb_in1k)
[timm/mvitv2_small.fb_in1k] Safe alternative available for 'pytorch_model.bin' (as 'model.safetensors'). Loading weights using safetensors.
Model mvitv2_small.fb_in1k created, param count: 34870216
Data processing configuration for current model + dataset:
	input_size: (3, 224, 224)
	interpolation: bicubic
	mean: (0.485, 0.456, 0.406)
	std: (0.229, 0.224, 0.225)
	crop_pct: 0.9
	crop_mode: center
Test: [   0/196]  Time: 0.898s (0.898s,  285.01/s)  Loss:  1.5484 (1.5484)  Acc@1:  54.688 ( 54.688)  Acc@5:  95.703 ( 95.703)
Test: [  10/196]  Time: 0.367s (0.415s,  617.14/s)  Loss:  2.4769 (1.9325)  Acc@1:  39.844 ( 48.580)  Acc@5:  78.125 ( 89.595)
Test: [  20/196]  Time: 0.368s (0.393s,  652.12/s)  Loss:  1.9562 (1.9721)  Acc@1:  58.594 ( 49.572)  Acc@5:  87.891 ( 89.844)
Test: [  30/196]  Time: 0.369s (0.385s,  665.34/s)  Loss:  2.0789 (1.9618)  Acc@1:  53.125 ( 52.180)  Acc@5:  86.719 ( 90.272)
Test: [  40/196]  Time: 0.369s (0.381s,  672.01/s)  Loss:  2.0505 (2.0011)  Acc@1:  55.469 ( 52.220)  Acc@5:  86.328 ( 89.672)
Test: [  50/196]  Time: 0.369s (0.379s,  676.16/s)  Loss:  1.8507 (1.9963)  Acc@1:  64.453 ( 52.734)  Acc@5:  92.188 ( 89.706)
Test: [  60/196]  Time: 0.369s (0.377s,  678.85/s)  Loss:  2.4069 (2.0251)  Acc@1:  45.703 ( 52.261)  Acc@5:  85.547 ( 89.255)
Test: [  70/196]  Time: 0.370s (0.376s,  680.79/s)  Loss:  2.1047 (2.0183)  Acc@1:  43.750 ( 52.245)  Acc@5:  87.109 ( 89.376)
Test: [  80/196]  Time: 0.369s (0.375s,  682.24/s)  Loss:  2.7403 (2.0244)  Acc@1:  36.328 ( 51.910)  Acc@5:  78.516 ( 89.251)
Test: [  90/196]  Time: 0.369s (0.375s,  683.49/s)  Loss:  2.9291 (2.0941)  Acc@1:  35.156 ( 50.412)  Acc@5:  73.047 ( 87.968)
Test: [ 100/196]  Time: 0.369s (0.374s,  684.46/s)  Loss:  2.2465 (2.1374)  Acc@1:  43.750 ( 49.261)  Acc@5:  84.375 ( 87.109)
Test: [ 110/196]  Time: 0.370s (0.374s,  685.27/s)  Loss:  2.1369 (2.1777)  Acc@1:  45.703 ( 48.240)  Acc@5:  85.547 ( 86.479)
Test: [ 120/196]  Time: 0.370s (0.373s,  685.89/s)  Loss:  2.5493 (2.1875)  Acc@1:  43.359 ( 47.931)  Acc@5:  78.516 ( 86.141)
Test: [ 130/196]  Time: 0.371s (0.373s,  686.33/s)  Loss:  2.1665 (2.2066)  Acc@1:  40.234 ( 47.462)  Acc@5:  87.891 ( 85.693)
Test: [ 140/196]  Time: 0.370s (0.373s,  686.67/s)  Loss:  2.6561 (2.2262)  Acc@1:  43.359 ( 47.138)  Acc@5:  74.609 ( 85.300)
Test: [ 150/196]  Time: 0.371s (0.373s,  686.88/s)  Loss:  2.3789 (2.2518)  Acc@1:  39.844 ( 46.619)  Acc@5:  83.984 ( 84.830)
Test: [ 160/196]  Time: 0.371s (0.373s,  687.08/s)  Loss:  2.0837 (2.2642)  Acc@1:  50.000 ( 46.492)  Acc@5:  83.984 ( 84.421)
Test: [ 170/196]  Time: 0.371s (0.373s,  687.21/s)  Loss:  1.8211 (2.2773)  Acc@1:  50.391 ( 46.094)  Acc@5:  93.359 ( 84.208)
Test: [ 180/196]  Time: 0.371s (0.372s,  687.32/s)  Loss:  2.7752 (2.2985)  Acc@1:  25.391 ( 45.410)  Acc@5:  74.219 ( 83.797)
Test: [ 190/196]  Time: 0.370s (0.372s,  687.49/s)  Loss:  2.8828 (2.3019)  Acc@1:  26.953 ( 45.043)  Acc@5:  71.094 ( 83.780)
 * Acc@1 44.984 (55.016) Acc@5 83.850 (16.150)
