Validating in torch.float32. AMP not enabled.
Loading pretrained weights from Hugging Face hub (timm/vit_small_patch16_224.augreg_in21k_ft_in1k)
[timm/vit_small_patch16_224.augreg_in21k_ft_in1k] Safe alternative available for 'pytorch_model.bin' (as 'model.safetensors'). Loading weights using safetensors.
Model vit_small_patch16_224.augreg_in21k_ft_in1k created, param count: 22050664
Data processing configuration for current model + dataset:
	input_size: (3, 224, 224)
	interpolation: bicubic
	mean: (0.5, 0.5, 0.5)
	std: (0.5, 0.5, 0.5)
	crop_pct: 0.9
	crop_mode: center
Test: [   0/196]  Time: 5.948s (5.948s,   43.04/s)  Loss:  0.7876 (0.7876)  Acc@1:  78.906 ( 78.906)  Acc@5:  96.094 ( 96.094)
Test: [  10/196]  Time: 0.126s (1.556s,  164.54/s)  Loss:  1.6630 (1.0673)  Acc@1:  53.516 ( 72.053)  Acc@5:  87.891 ( 91.726)
Test: [  20/196]  Time: 2.148s (1.506s,  169.99/s)  Loss:  0.9899 (1.0616)  Acc@1:  82.031 ( 72.303)  Acc@5:  88.672 ( 91.574)
Test: [  30/196]  Time: 0.124s (1.404s,  182.34/s)  Loss:  1.1971 (0.9923)  Acc@1:  67.578 ( 73.942)  Acc@5:  90.625 ( 92.301)
Test: [  40/196]  Time: 4.532s (1.474s,  173.69/s)  Loss:  1.5699 (1.1127)  Acc@1:  53.906 ( 70.284)  Acc@5:  88.281 ( 91.340)
Test: [  50/196]  Time: 0.124s (1.415s,  180.97/s)  Loss:  1.1876 (1.1487)  Acc@1:  69.141 ( 69.079)  Acc@5:  89.453 ( 91.176)
Test: [  60/196]  Time: 3.700s (1.409s,  181.70/s)  Loss:  1.1888 (1.1443)  Acc@1:  71.484 ( 69.262)  Acc@5:  92.188 ( 91.438)
Test: [  70/196]  Time: 0.125s (1.363s,  187.84/s)  Loss:  0.9236 (1.1055)  Acc@1:  72.656 ( 70.252)  Acc@5:  94.141 ( 91.841)
Test: [  80/196]  Time: 1.731s (1.395s,  183.55/s)  Loss:  2.0148 (1.1259)  Acc@1:  50.391 ( 69.932)  Acc@5:  77.344 ( 91.517)
Test: [  90/196]  Time: 0.124s (1.345s,  190.33/s)  Loss:  1.7189 (1.1876)  Acc@1:  57.812 ( 68.832)  Acc@5:  85.156 ( 90.552)
Test: [ 100/196]  Time: 0.125s (1.357s,  188.63/s)  Loss:  1.7761 (1.2699)  Acc@1:  55.469 ( 67.261)  Acc@5:  80.859 ( 89.310)
Test: [ 110/196]  Time: 0.125s (1.325s,  193.27/s)  Loss:  1.5160 (1.3063)  Acc@1:  65.234 ( 66.536)  Acc@5:  83.594 ( 88.718)
Test: [ 120/196]  Time: 0.125s (1.353s,  189.18/s)  Loss:  2.0948 (1.3332)  Acc@1:  56.641 ( 66.222)  Acc@5:  75.781 ( 88.268)
Test: [ 130/196]  Time: 0.125s (1.322s,  193.69/s)  Loss:  1.3852 (1.3704)  Acc@1:  62.109 ( 65.294)  Acc@5:  87.109 ( 87.819)
Test: [ 140/196]  Time: 0.659s (1.323s,  193.47/s)  Loss:  1.7739 (1.3854)  Acc@1:  57.812 ( 65.040)  Acc@5:  84.375 ( 87.575)
Test: [ 150/196]  Time: 0.124s (1.298s,  197.21/s)  Loss:  1.6730 (1.4097)  Acc@1:  63.281 ( 64.722)  Acc@5:  81.641 ( 87.159)
Test: [ 160/196]  Time: 0.395s (1.309s,  195.61/s)  Loss:  1.3613 (1.4282)  Acc@1:  68.750 ( 64.429)  Acc@5:  86.328 ( 86.823)
Test: [ 170/196]  Time: 0.127s (1.293s,  198.06/s)  Loss:  1.1400 (1.4526)  Acc@1:  68.359 ( 64.003)  Acc@5:  93.359 ( 86.506)
Test: [ 180/196]  Time: 0.447s (1.293s,  198.06/s)  Loss:  2.0338 (1.4784)  Acc@1:  50.781 ( 63.454)  Acc@5:  76.562 ( 86.102)
Test: [ 190/196]  Time: 0.125s (1.266s,  202.18/s)  Loss:  1.4474 (1.4726)  Acc@1:  61.719 ( 63.606)  Acc@5:  91.797 ( 86.226)
 * Acc@1 63.854 (36.146) Acc@5 86.318 (13.682)
