Validating in torch.float32. AMP not enabled.
Loading pretrained weights from Hugging Face hub (timm/vit_small_patch16_224.augreg_in21k_ft_in1k)
[timm/vit_small_patch16_224.augreg_in21k_ft_in1k] Safe alternative available for 'pytorch_model.bin' (as 'model.safetensors'). Loading weights using safetensors.
Model vit_small_patch16_224.augreg_in21k_ft_in1k created, param count: 22050664
Data processing configuration for current model + dataset:
	input_size: (3, 224, 224)
	interpolation: bicubic
	mean: (0.5, 0.5, 0.5)
	std: (0.5, 0.5, 0.5)
	crop_pct: 0.9
	crop_mode: center
Test: [   0/196]  Time: 0.858s (0.858s,  298.49/s)  Loss:  4.4135 (4.4135)  Acc@1:  30.078 ( 30.078)  Acc@5:  52.734 ( 52.734)
Test: [  10/196]  Time: 0.130s (0.197s, 1297.94/s)  Loss:  5.2555 (4.1795)  Acc@1:  19.922 ( 36.151)  Acc@5:  42.188 ( 54.794)
Test: [  20/196]  Time: 0.126s (0.170s, 1507.83/s)  Loss:  3.9236 (3.9547)  Acc@1:  34.766 ( 38.021)  Acc@5:  52.344 ( 57.124)
Test: [  30/196]  Time: 0.126s (0.156s, 1641.01/s)  Loss:  2.3578 (3.8640)  Acc@1:  50.000 ( 38.495)  Acc@5:  73.828 ( 57.901)
Test: [  40/196]  Time: 0.144s (0.153s, 1674.99/s)  Loss:  2.5389 (3.5640)  Acc@1:  42.969 ( 38.624)  Acc@5:  69.922 ( 61.023)
Test: [  50/196]  Time: 0.130s (0.152s, 1688.18/s)  Loss:  2.2030 (3.3363)  Acc@1:  52.344 ( 39.836)  Acc@5:  76.953 ( 63.833)
Test: [  60/196]  Time: 0.128s (0.148s, 1733.89/s)  Loss:  4.1128 (3.2785)  Acc@1:  28.125 ( 40.324)  Acc@5:  57.031 ( 64.344)
Test: [  70/196]  Time: 0.130s (0.148s, 1730.55/s)  Loss:  2.7193 (3.2860)  Acc@1:  46.094 ( 40.763)  Acc@5:  68.750 ( 64.294)
Test: [  80/196]  Time: 0.127s (0.146s, 1756.14/s)  Loss:  4.3170 (3.3524)  Acc@1:  22.656 ( 40.138)  Acc@5:  44.922 ( 63.228)
Test: [  90/196]  Time: 0.132s (0.144s, 1778.39/s)  Loss:  4.1980 (3.5302)  Acc@1:  26.953 ( 38.324)  Acc@5:  48.438 ( 60.839)
Test: [ 100/196]  Time: 0.133s (0.143s, 1793.36/s)  Loss:  5.5753 (3.6981)  Acc@1:  19.922 ( 36.630)  Acc@5:  36.328 ( 58.601)
Test: [ 110/196]  Time: 0.131s (0.142s, 1807.48/s)  Loss:  5.1882 (3.8270)  Acc@1:  26.172 ( 35.371)  Acc@5:  39.453 ( 56.795)
Test: [ 120/196]  Time: 0.130s (0.141s, 1819.21/s)  Loss:  4.7393 (3.9209)  Acc@1:  23.828 ( 34.452)  Acc@5:  39.453 ( 55.449)
Test: [ 130/196]  Time: 0.126s (0.141s, 1818.65/s)  Loss:  5.2020 (3.9942)  Acc@1:  21.484 ( 33.343)  Acc@5:  34.375 ( 54.371)
Test: [ 140/196]  Time: 0.127s (0.140s, 1831.14/s)  Loss:  5.7035 (4.0841)  Acc@1:  15.234 ( 32.602)  Acc@5:  27.734 ( 53.183)
Test: [ 150/196]  Time: 0.126s (0.139s, 1840.45/s)  Loss:  4.2899 (4.1382)  Acc@1:  30.859 ( 31.967)  Acc@5:  48.047 ( 52.289)
Test: [ 160/196]  Time: 0.125s (0.139s, 1836.01/s)  Loss:  4.9853 (4.1877)  Acc@1:  23.438 ( 31.512)  Acc@5:  38.281 ( 51.589)
Test: [ 170/196]  Time: 0.126s (0.140s, 1834.85/s)  Loss:  4.9669 (4.2371)  Acc@1:  18.359 ( 30.964)  Acc@5:  40.625 ( 50.909)
Test: [ 180/196]  Time: 0.126s (0.139s, 1837.91/s)  Loss:  5.4164 (4.2816)  Acc@1:  17.578 ( 30.357)  Acc@5:  37.500 ( 50.313)
Test: [ 190/196]  Time: 0.128s (0.140s, 1829.41/s)  Loss:  8.1797 (4.2752)  Acc@1:   3.125 ( 30.538)  Acc@5:   8.203 ( 50.427)
 * Acc@1 30.614 (69.386) Acc@5 50.458 (49.542)
