Validating in torch.float32. AMP not enabled.
Loading pretrained weights from Hugging Face hub (timm/vit_small_patch16_224.augreg_in21k_ft_in1k)
[timm/vit_small_patch16_224.augreg_in21k_ft_in1k] Safe alternative available for 'pytorch_model.bin' (as 'model.safetensors'). Loading weights using safetensors.
Model vit_small_patch16_224.augreg_in21k_ft_in1k created, param count: 22050664
Data processing configuration for current model + dataset:
	input_size: (3, 224, 224)
	interpolation: bicubic
	mean: (0.5, 0.5, 0.5)
	std: (0.5, 0.5, 0.5)
	crop_pct: 0.9
	crop_mode: center
Test: [   0/196]  Time: 0.823s (0.823s,  311.06/s)  Loss:  0.9441 (0.9441)  Acc@1:  72.656 ( 72.656)  Acc@5:  93.750 ( 93.750)
Test: [  10/196]  Time: 0.130s (0.192s, 1335.15/s)  Loss:  1.9000 (1.3404)  Acc@1:  47.266 ( 65.874)  Acc@5:  83.203 ( 87.749)
Test: [  20/196]  Time: 0.128s (0.161s, 1586.18/s)  Loss:  1.3207 (1.3051)  Acc@1:  71.094 ( 67.318)  Acc@5:  86.328 ( 87.946)
Test: [  30/196]  Time: 0.125s (0.150s, 1702.99/s)  Loss:  1.6009 (1.2394)  Acc@1:  58.594 ( 69.027)  Acc@5:  85.156 ( 88.924)
Test: [  40/196]  Time: 0.125s (0.145s, 1771.16/s)  Loss:  1.8941 (1.3953)  Acc@1:  49.219 ( 64.491)  Acc@5:  80.859 ( 87.024)
Test: [  50/196]  Time: 0.131s (0.146s, 1754.75/s)  Loss:  1.4068 (1.4371)  Acc@1:  64.453 ( 62.975)  Acc@5:  86.328 ( 86.749)
Test: [  60/196]  Time: 0.124s (0.143s, 1795.35/s)  Loss:  1.4990 (1.4373)  Acc@1:  63.281 ( 62.929)  Acc@5:  88.672 ( 87.071)
Test: [  70/196]  Time: 0.132s (0.142s, 1799.07/s)  Loss:  1.3582 (1.3965)  Acc@1:  63.672 ( 64.051)  Acc@5:  89.844 ( 87.533)
Test: [  80/196]  Time: 0.125s (0.141s, 1821.03/s)  Loss:  2.4802 (1.4164)  Acc@1:  41.016 ( 63.821)  Acc@5:  73.047 ( 87.254)
Test: [  90/196]  Time: 0.125s (0.139s, 1841.98/s)  Loss:  2.2761 (1.4829)  Acc@1:  46.094 ( 62.642)  Acc@5:  75.391 ( 86.221)
Test: [ 100/196]  Time: 0.125s (0.138s, 1855.39/s)  Loss:  2.2250 (1.5764)  Acc@1:  44.922 ( 60.941)  Acc@5:  76.562 ( 84.742)
Test: [ 110/196]  Time: 0.126s (0.137s, 1869.08/s)  Loss:  1.7397 (1.6156)  Acc@1:  61.719 ( 60.258)  Acc@5:  80.859 ( 84.132)
Test: [ 120/196]  Time: 0.127s (0.136s, 1880.40/s)  Loss:  2.2465 (1.6480)  Acc@1:  52.344 ( 59.782)  Acc@5:  75.391 ( 83.626)
Test: [ 130/196]  Time: 0.130s (0.135s, 1891.49/s)  Loss:  1.7936 (1.6963)  Acc@1:  53.906 ( 58.770)  Acc@5:  81.641 ( 82.971)
Test: [ 140/196]  Time: 0.127s (0.135s, 1896.59/s)  Loss:  2.4071 (1.7144)  Acc@1:  47.656 ( 58.583)  Acc@5:  70.703 ( 82.657)
Test: [ 150/196]  Time: 0.129s (0.135s, 1902.67/s)  Loss:  2.1163 (1.7389)  Acc@1:  52.734 ( 58.245)  Acc@5:  74.219 ( 82.197)
Test: [ 160/196]  Time: 0.124s (0.134s, 1909.07/s)  Loss:  1.6340 (1.7547)  Acc@1:  62.891 ( 58.021)  Acc@5:  83.203 ( 81.903)
Test: [ 170/196]  Time: 0.125s (0.134s, 1915.18/s)  Loss:  1.5429 (1.7791)  Acc@1:  59.766 ( 57.650)  Acc@5:  89.453 ( 81.629)
Test: [ 180/196]  Time: 0.126s (0.134s, 1905.08/s)  Loss:  2.3650 (1.8014)  Acc@1:  44.531 ( 57.228)  Acc@5:  72.266 ( 81.289)
Test: [ 190/196]  Time: 0.124s (0.134s, 1910.41/s)  Loss:  1.5077 (1.7889)  Acc@1:  54.688 ( 57.412)  Acc@5:  87.891 ( 81.510)
 * Acc@1 57.732 (42.268) Acc@5 81.702 (18.298)
