Validating in torch.float32. AMP not enabled.
Loading pretrained weights from Hugging Face hub (timm/vit_small_patch16_224.augreg_in21k_ft_in1k)
[timm/vit_small_patch16_224.augreg_in21k_ft_in1k] Safe alternative available for 'pytorch_model.bin' (as 'model.safetensors'). Loading weights using safetensors.
Model vit_small_patch16_224.augreg_in21k_ft_in1k created, param count: 22050664
Data processing configuration for current model + dataset:
	input_size: (3, 224, 224)
	interpolation: bicubic
	mean: (0.5, 0.5, 0.5)
	std: (0.5, 0.5, 0.5)
	crop_pct: 0.9
	crop_mode: center
Test: [   0/196]  Time: 1.858s (1.858s,  137.78/s)  Loss:  0.3464 (0.3464)  Acc@1:  90.625 ( 90.625)  Acc@5:  98.828 ( 98.828)
Test: [  10/196]  Time: 0.129s (0.436s,  587.02/s)  Loss:  0.7469 (0.4635)  Acc@1:  80.469 ( 87.003)  Acc@5:  95.703 ( 98.011)
Test: [  20/196]  Time: 0.129s (0.397s,  644.41/s)  Loss:  0.4574 (0.4832)  Acc@1:  89.062 ( 86.235)  Acc@5:  97.266 ( 97.638)
Test: [  30/196]  Time: 0.719s (0.376s,  680.31/s)  Loss:  0.6660 (0.4546)  Acc@1:  81.250 ( 87.147)  Acc@5:  96.875 ( 97.820)
Test: [  40/196]  Time: 0.631s (0.366s,  700.38/s)  Loss:  0.6334 (0.5288)  Acc@1:  83.203 ( 85.080)  Acc@5:  95.312 ( 97.456)
Test: [  50/196]  Time: 0.129s (0.351s,  729.12/s)  Loss:  0.3776 (0.5469)  Acc@1:  91.406 ( 84.597)  Acc@5:  97.656 ( 97.373)
Test: [  60/196]  Time: 1.039s (0.366s,  699.79/s)  Loss:  0.5661 (0.5604)  Acc@1:  82.812 ( 84.221)  Acc@5:  97.266 ( 97.407)
Test: [  70/196]  Time: 0.131s (0.351s,  729.93/s)  Loss:  0.5661 (0.5417)  Acc@1:  83.984 ( 84.683)  Acc@5:  98.438 ( 97.519)
Test: [  80/196]  Time: 0.754s (0.352s,  727.75/s)  Loss:  0.9552 (0.5588)  Acc@1:  73.047 ( 84.385)  Acc@5:  94.531 ( 97.280)
Test: [  90/196]  Time: 0.129s (0.349s,  733.48/s)  Loss:  1.1884 (0.5798)  Acc@1:  66.406 ( 83.774)  Acc@5:  92.969 ( 97.111)
Test: [ 100/196]  Time: 0.128s (0.344s,  744.05/s)  Loss:  0.7967 (0.6102)  Acc@1:  72.656 ( 82.878)  Acc@5:  95.312 ( 96.856)
Test: [ 110/196]  Time: 0.130s (0.347s,  737.18/s)  Loss:  0.4472 (0.6172)  Acc@1:  88.672 ( 82.795)  Acc@5:  98.047 ( 96.773)
Test: [ 120/196]  Time: 0.129s (0.343s,  746.62/s)  Loss:  0.8248 (0.6208)  Acc@1:  77.734 ( 82.858)  Acc@5:  94.531 ( 96.662)
Test: [ 130/196]  Time: 0.130s (0.344s,  743.35/s)  Loss:  0.3631 (0.6392)  Acc@1:  87.891 ( 82.285)  Acc@5:  98.438 ( 96.505)
Test: [ 140/196]  Time: 0.130s (0.341s,  751.06/s)  Loss:  0.7000 (0.6466)  Acc@1:  82.812 ( 82.153)  Acc@5:  96.484 ( 96.446)
Test: [ 150/196]  Time: 0.129s (0.340s,  752.40/s)  Loss:  0.6707 (0.6539)  Acc@1:  83.984 ( 81.980)  Acc@5:  94.922 ( 96.319)
Test: [ 160/196]  Time: 0.387s (0.339s,  755.02/s)  Loss:  0.5293 (0.6602)  Acc@1:  85.156 ( 81.823)  Acc@5:  96.484 ( 96.230)
Test: [ 170/196]  Time: 0.130s (0.337s,  758.85/s)  Loss:  0.4103 (0.6691)  Acc@1:  87.500 ( 81.506)  Acc@5:  98.828 ( 96.158)
Test: [ 180/196]  Time: 0.487s (0.336s,  762.52/s)  Loss:  0.7792 (0.6773)  Acc@1:  77.734 ( 81.267)  Acc@5:  96.094 ( 96.085)
Test: [ 190/196]  Time: 0.126s (0.334s,  766.68/s)  Loss:  0.9171 (0.6755)  Acc@1:  73.047 ( 81.270)  Acc@5:  96.875 ( 96.112)
 * Acc@1 81.376 (18.624) Acc@5 96.144 (3.856)
