Validating in torch.float32. AMP not enabled.
Loading pretrained weights from Hugging Face hub (timm/vit_tiny_patch16_224.augreg_in21k_ft_in1k)
[timm/vit_tiny_patch16_224.augreg_in21k_ft_in1k] Safe alternative available for 'pytorch_model.bin' (as 'model.safetensors'). Loading weights using safetensors.
Model vit_tiny_patch16_224.augreg_in21k_ft_in1k created, param count: 5717416
Data processing configuration for current model + dataset:
	input_size: (3, 224, 224)
	interpolation: bicubic
	mean: (0.5, 0.5, 0.5)
	std: (0.5, 0.5, 0.5)
	crop_pct: 0.9
	crop_mode: center
Test: [   0/196]  Time: 0.648s (0.648s,  395.05/s)  Loss:  9.6679 (9.6679)  Acc@1:   4.297 (  4.297)  Acc@5:   7.422 (  7.422)
Test: [  10/196]  Time: 0.066s (0.150s, 1702.05/s)  Loss:  9.7462 (9.4951)  Acc@1:   1.172 (  4.261)  Acc@5:   5.078 (  9.304)
Test: [  20/196]  Time: 0.248s (0.136s, 1878.47/s)  Loss:  9.2250 (9.2624)  Acc@1:   2.344 (  4.427)  Acc@5:   5.859 (  9.394)
Test: [  30/196]  Time: 0.066s (0.123s, 2081.18/s)  Loss:  7.5034 (9.2431)  Acc@1:   2.734 (  3.957)  Acc@5:  12.109 (  8.846)
Test: [  40/196]  Time: 0.149s (0.117s, 2193.72/s)  Loss:  7.7298 (8.8767)  Acc@1:   3.516 (  3.944)  Acc@5:  12.891 (  9.680)
Test: [  50/196]  Time: 0.067s (0.113s, 2275.23/s)  Loss:  8.0697 (8.5880)  Acc@1:   3.906 (  4.335)  Acc@5:  12.500 ( 10.830)
Test: [  60/196]  Time: 0.066s (0.115s, 2234.55/s)  Loss: 10.0092 (8.5709)  Acc@1:   1.172 (  4.419)  Acc@5:   4.297 ( 10.970)
Test: [  70/196]  Time: 0.063s (0.113s, 2260.22/s)  Loss:  7.4255 (8.5783)  Acc@1:  10.156 (  4.550)  Acc@5:  17.188 ( 11.070)
Test: [  80/196]  Time: 0.067s (0.111s, 2296.75/s)  Loss:  7.4714 (8.6124)  Acc@1:   5.469 (  4.374)  Acc@5:  10.547 ( 10.653)
Test: [  90/196]  Time: 0.066s (0.110s, 2336.37/s)  Loss:  7.3549 (8.5839)  Acc@1:   4.297 (  4.413)  Acc@5:  12.891 ( 10.577)
Test: [ 100/196]  Time: 0.277s (0.111s, 2307.70/s)  Loss: 10.0762 (8.6101)  Acc@1:   0.781 (  4.173)  Acc@5:   2.344 ( 10.083)
Test: [ 110/196]  Time: 0.063s (0.110s, 2318.19/s)  Loss:  8.8656 (8.6245)  Acc@1:   0.781 (  3.994)  Acc@5:   3.516 (  9.692)
Test: [ 120/196]  Time: 0.173s (0.111s, 2314.02/s)  Loss:  7.8115 (8.6214)  Acc@1:   1.562 (  3.806)  Acc@5:   4.688 (  9.423)
Test: [ 130/196]  Time: 0.066s (0.109s, 2348.30/s)  Loss:  9.2334 (8.5917)  Acc@1:   1.172 (  3.656)  Acc@5:   2.344 (  9.265)
Test: [ 140/196]  Time: 0.066s (0.108s, 2363.37/s)  Loss:  8.7574 (8.6096)  Acc@1:   4.688 (  3.565)  Acc@5:   8.594 (  9.031)
Test: [ 150/196]  Time: 0.066s (0.108s, 2375.85/s)  Loss:  7.9119 (8.5873)  Acc@1:   3.125 (  3.495)  Acc@5:  10.938 (  8.943)
Test: [ 160/196]  Time: 0.066s (0.108s, 2372.59/s)  Loss:  8.5637 (8.5702)  Acc@1:   2.734 (  3.443)  Acc@5:   8.594 (  8.895)
Test: [ 170/196]  Time: 0.063s (0.108s, 2373.52/s)  Loss:  9.7999 (8.5580)  Acc@1:   0.781 (  3.443)  Acc@5:   2.734 (  8.861)
Test: [ 180/196]  Time: 0.066s (0.108s, 2370.07/s)  Loss:  9.6430 (8.5525)  Acc@1:   0.391 (  3.349)  Acc@5:   1.953 (  8.741)
Test: [ 190/196]  Time: 0.063s (0.107s, 2393.28/s)  Loss: 10.0172 (8.5395)  Acc@1:   0.000 (  3.397)  Acc@5:   0.391 (  8.815)
 * Acc@1 3.414 (96.586) Acc@5 8.834 (91.166)
