Validating in torch.float32. AMP not enabled.
Loading pretrained weights from Hugging Face hub (timm/vit_tiny_patch16_224.augreg_in21k_ft_in1k)
[timm/vit_tiny_patch16_224.augreg_in21k_ft_in1k] Safe alternative available for 'pytorch_model.bin' (as 'model.safetensors'). Loading weights using safetensors.
Model vit_tiny_patch16_224.augreg_in21k_ft_in1k created, param count: 5717416
Data processing configuration for current model + dataset:
	input_size: (3, 224, 224)
	interpolation: bicubic
	mean: (0.5, 0.5, 0.5)
	std: (0.5, 0.5, 0.5)
	crop_pct: 0.9
	crop_mode: center
Test: [   0/196]  Time: 6.301s (6.301s,   40.63/s)  Loss:  4.6585 (4.6585)  Acc@1:  31.641 ( 31.641)  Acc@5:  44.922 ( 44.922)
Test: [  10/196]  Time: 0.067s (1.890s,  135.48/s)  Loss:  4.5559 (3.9849)  Acc@1:  25.000 ( 36.399)  Acc@5:  46.875 ( 54.545)
Test: [  20/196]  Time: 0.638s (1.973s,  129.74/s)  Loss:  3.7165 (3.7546)  Acc@1:  36.719 ( 38.969)  Acc@5:  56.641 ( 57.999)
Test: [  30/196]  Time: 1.264s (1.839s,  139.22/s)  Loss:  1.8828 (3.6753)  Acc@1:  55.469 ( 39.655)  Acc@5:  79.688 ( 58.770)
Test: [  40/196]  Time: 1.765s (1.866s,  137.17/s)  Loss:  1.9827 (3.2982)  Acc@1:  51.953 ( 41.540)  Acc@5:  77.734 ( 63.481)
Test: [  50/196]  Time: 0.068s (1.817s,  140.92/s)  Loss:  1.8157 (3.0387)  Acc@1:  53.125 ( 43.474)  Acc@5:  82.031 ( 66.873)
Test: [  60/196]  Time: 4.599s (1.868s,  137.07/s)  Loss:  4.3953 (2.9943)  Acc@1:  25.391 ( 43.750)  Acc@5:  51.562 ( 67.296)
Test: [  70/196]  Time: 0.938s (1.826s,  140.19/s)  Loss:  2.3413 (3.0025)  Acc@1:  49.609 ( 43.921)  Acc@5:  73.438 ( 67.055)
Test: [  80/196]  Time: 6.250s (1.852s,  138.20/s)  Loss:  3.6515 (3.0811)  Acc@1:  29.688 ( 42.916)  Acc@5:  53.125 ( 65.688)
Test: [  90/196]  Time: 0.067s (1.805s,  141.80/s)  Loss:  3.6429 (3.2410)  Acc@1:  31.250 ( 41.003)  Acc@5:  54.297 ( 63.281)
Test: [ 100/196]  Time: 5.667s (1.820s,  140.64/s)  Loss:  4.7717 (3.3923)  Acc@1:  23.828 ( 39.117)  Acc@5:  43.359 ( 61.112)
Test: [ 110/196]  Time: 0.326s (1.777s,  144.04/s)  Loss:  4.3958 (3.4943)  Acc@1:  26.953 ( 37.722)  Acc@5:  46.094 ( 59.516)
Test: [ 120/196]  Time: 5.746s (1.801s,  142.12/s)  Loss:  4.1114 (3.5585)  Acc@1:  28.906 ( 36.890)  Acc@5:  47.266 ( 58.397)
Test: [ 130/196]  Time: 0.067s (1.765s,  145.05/s)  Loss:  4.0979 (3.6159)  Acc@1:  23.438 ( 35.720)  Acc@5:  49.609 ( 57.443)
Test: [ 140/196]  Time: 6.561s (1.794s,  142.73/s)  Loss:  4.7906 (3.6982)  Acc@1:  19.141 ( 34.779)  Acc@5:  33.594 ( 56.178)
Test: [ 150/196]  Time: 0.066s (1.770s,  144.67/s)  Loss:  4.0001 (3.7427)  Acc@1:  31.250 ( 34.173)  Acc@5:  49.609 ( 55.445)
Test: [ 160/196]  Time: 6.821s (1.786s,  143.36/s)  Loss:  4.3998 (3.7919)  Acc@1:  23.047 ( 33.509)  Acc@5:  43.359 ( 54.668)
Test: [ 170/196]  Time: 0.066s (1.751s,  146.23/s)  Loss:  4.4314 (3.8308)  Acc@1:  21.875 ( 32.936)  Acc@5:  46.094 ( 54.062)
Test: [ 180/196]  Time: 5.043s (1.757s,  145.68/s)  Loss:  4.6605 (3.8711)  Acc@1:  16.016 ( 32.295)  Acc@5:  39.844 ( 53.419)
Test: [ 190/196]  Time: 2.155s (1.745s,  146.71/s)  Loss:  7.3461 (3.8709)  Acc@1:   2.734 ( 32.448)  Acc@5:  14.844 ( 53.420)
 * Acc@1 32.412 (67.588) Acc@5 53.334 (46.666)
