Validating in torch.float32. AMP not enabled.
Loading pretrained weights from Hugging Face hub (timm/vit_tiny_patch16_224.augreg_in21k_ft_in1k)
[timm/vit_tiny_patch16_224.augreg_in21k_ft_in1k] Safe alternative available for 'pytorch_model.bin' (as 'model.safetensors'). Loading weights using safetensors.
Model vit_tiny_patch16_224.augreg_in21k_ft_in1k created, param count: 5717416
Data processing configuration for current model + dataset:
	input_size: (3, 224, 224)
	interpolation: bicubic
	mean: (0.5, 0.5, 0.5)
	std: (0.5, 0.5, 0.5)
	crop_pct: 0.9
	crop_mode: center
Test: [   0/196]  Time: 6.889s (6.889s,   37.16/s)  Loss:  7.2954 (7.2954)  Acc@1:  10.547 ( 10.547)  Acc@5:  18.359 ( 18.359)
Test: [  10/196]  Time: 0.161s (1.648s,  155.34/s)  Loss:  7.2421 (6.5701)  Acc@1:  10.156 ( 17.791)  Acc@5:  23.828 ( 29.936)
Test: [  20/196]  Time: 0.650s (1.730s,  147.98/s)  Loss:  6.0959 (6.2360)  Acc@1:  16.406 ( 19.475)  Acc@5:  33.203 ( 32.775)
Test: [  30/196]  Time: 0.062s (1.600s,  159.99/s)  Loss:  3.4984 (6.1405)  Acc@1:  35.938 ( 19.569)  Acc@5:  58.594 ( 33.329)
Test: [  40/196]  Time: 2.873s (1.676s,  152.74/s)  Loss:  3.8069 (5.6120)  Acc@1:  27.734 ( 20.722)  Acc@5:  52.734 ( 37.710)
Test: [  50/196]  Time: 0.062s (1.612s,  158.84/s)  Loss:  3.8165 (5.2445)  Acc@1:  25.781 ( 22.227)  Acc@5:  53.125 ( 41.146)
Test: [  60/196]  Time: 3.400s (1.619s,  158.16/s)  Loss:  7.1437 (5.2034)  Acc@1:   8.984 ( 22.246)  Acc@5:  21.875 ( 41.374)
Test: [  70/196]  Time: 0.062s (1.582s,  161.85/s)  Loss:  4.1715 (5.2179)  Acc@1:  30.859 ( 22.508)  Acc@5:  49.219 ( 41.186)
Test: [  80/196]  Time: 4.099s (1.618s,  158.23/s)  Loss:  5.2757 (5.3012)  Acc@1:  16.016 ( 21.851)  Acc@5:  31.641 ( 39.998)
Test: [  90/196]  Time: 0.062s (1.578s,  162.21/s)  Loss:  5.2679 (5.4012)  Acc@1:  16.406 ( 20.931)  Acc@5:  31.641 ( 38.389)
Test: [ 100/196]  Time: 2.628s (1.587s,  161.31/s)  Loss:  7.6271 (5.5332)  Acc@1:   5.859 ( 19.759)  Acc@5:  15.234 ( 36.688)
Test: [ 110/196]  Time: 0.062s (1.556s,  164.49/s)  Loss:  6.4036 (5.6187)  Acc@1:  13.281 ( 18.880)  Acc@5:  25.000 ( 35.304)
Test: [ 120/196]  Time: 2.726s (1.553s,  164.84/s)  Loss:  5.7238 (5.6713)  Acc@1:   9.375 ( 18.246)  Acc@5:  22.656 ( 34.356)
Test: [ 130/196]  Time: 0.762s (1.528s,  167.57/s)  Loss:  6.5931 (5.7059)  Acc@1:   7.812 ( 17.569)  Acc@5:  18.359 ( 33.618)
Test: [ 140/196]  Time: 0.062s (1.525s,  167.84/s)  Loss:  6.6526 (5.7725)  Acc@1:  10.547 ( 17.032)  Acc@5:  19.922 ( 32.735)
Test: [ 150/196]  Time: 2.179s (1.520s,  168.37/s)  Loss:  5.7055 (5.7973)  Acc@1:  12.109 ( 16.603)  Acc@5:  32.031 ( 32.184)
Test: [ 160/196]  Time: 0.062s (1.500s,  170.72/s)  Loss:  6.5232 (5.8258)  Acc@1:   6.641 ( 16.278)  Acc@5:  19.531 ( 31.684)
Test: [ 170/196]  Time: 0.062s (1.499s,  170.75/s)  Loss:  6.9369 (5.8499)  Acc@1:   8.203 ( 15.997)  Acc@5:  18.750 ( 31.305)
Test: [ 180/196]  Time: 0.322s (1.485s,  172.41/s)  Loss:  6.9532 (5.8759)  Acc@1:   5.078 ( 15.614)  Acc@5:  14.453 ( 30.786)
Test: [ 190/196]  Time: 0.062s (1.484s,  172.51/s)  Loss:  8.6430 (5.8691)  Acc@1:   1.562 ( 15.709)  Acc@5:   4.297 ( 30.831)
 * Acc@1 15.664 (84.336) Acc@5 30.744 (69.256)
