Validating in torch.float32. AMP not enabled.
Loading pretrained weights from Hugging Face hub (timm/vit_tiny_patch16_224.augreg_in21k_ft_in1k)
[timm/vit_tiny_patch16_224.augreg_in21k_ft_in1k] Safe alternative available for 'pytorch_model.bin' (as 'model.safetensors'). Loading weights using safetensors.
Model vit_tiny_patch16_224.augreg_in21k_ft_in1k created, param count: 5717416
Data processing configuration for current model + dataset:
	input_size: (3, 224, 224)
	interpolation: bicubic
	mean: (0.5, 0.5, 0.5)
	std: (0.5, 0.5, 0.5)
	crop_pct: 0.9
	crop_mode: center
Test: [   0/196]  Time: 0.627s (0.627s,  408.43/s)  Loss:  9.4113 (9.4113)  Acc@1:   3.516 (  3.516)  Acc@5:   6.250 (  6.250)
Test: [  10/196]  Time: 0.092s (0.142s, 1799.19/s)  Loss:  9.5047 (9.7245)  Acc@1:   2.734 (  2.841)  Acc@5:   7.422 (  6.179)
Test: [  20/196]  Time: 0.066s (0.124s, 2072.20/s)  Loss:  8.9744 (9.6026)  Acc@1:   0.781 (  2.232)  Acc@5:   3.516 (  5.636)
Test: [  30/196]  Time: 0.249s (0.123s, 2086.40/s)  Loss:  8.5188 (9.6369)  Acc@1:   1.953 (  1.941)  Acc@5:   5.859 (  5.129)
Test: [  40/196]  Time: 0.065s (0.118s, 2178.09/s)  Loss:  8.4184 (9.3412)  Acc@1:   1.562 (  1.896)  Acc@5:   6.250 (  5.307)
Test: [  50/196]  Time: 0.165s (0.114s, 2238.46/s)  Loss:  8.8088 (9.1333)  Acc@1:   1.172 (  1.999)  Acc@5:   6.641 (  6.043)
Test: [  60/196]  Time: 0.065s (0.110s, 2324.78/s)  Loss: 10.5382 (9.1453)  Acc@1:   0.000 (  1.979)  Acc@5:   2.344 (  5.987)
Test: [  70/196]  Time: 0.187s (0.109s, 2345.73/s)  Loss:  8.4761 (9.1655)  Acc@1:   5.859 (  2.091)  Acc@5:  12.109 (  6.123)
Test: [  80/196]  Time: 0.065s (0.107s, 2396.61/s)  Loss:  7.9221 (9.1714)  Acc@1:   4.297 (  2.035)  Acc@5:   8.984 (  5.864)
Test: [  90/196]  Time: 0.066s (0.107s, 2390.06/s)  Loss:  8.3122 (9.1354)  Acc@1:   1.172 (  2.095)  Acc@5:   4.297 (  5.919)
Test: [ 100/196]  Time: 0.063s (0.107s, 2388.00/s)  Loss: 10.2115 (9.1371)  Acc@1:   0.391 (  1.980)  Acc@5:   2.734 (  5.724)
Test: [ 110/196]  Time: 0.066s (0.107s, 2395.62/s)  Loss:  9.3992 (9.1411)  Acc@1:   0.391 (  1.890)  Acc@5:   4.297 (  5.581)
Test: [ 120/196]  Time: 0.066s (0.106s, 2424.17/s)  Loss:  7.8300 (9.1259)  Acc@1:   2.344 (  1.811)  Acc@5:   4.688 (  5.382)
Test: [ 130/196]  Time: 0.065s (0.105s, 2430.73/s)  Loss:  9.2548 (9.0943)  Acc@1:   0.391 (  1.735)  Acc@5:   2.734 (  5.269)
Test: [ 140/196]  Time: 0.066s (0.104s, 2454.60/s)  Loss:  8.9545 (9.1004)  Acc@1:   2.734 (  1.693)  Acc@5:   4.297 (  5.128)
Test: [ 150/196]  Time: 0.066s (0.104s, 2461.90/s)  Loss:  8.7447 (9.0760)  Acc@1:   2.344 (  1.692)  Acc@5:   5.078 (  5.091)
Test: [ 160/196]  Time: 0.066s (0.105s, 2447.70/s)  Loss:  8.6723 (9.0394)  Acc@1:   2.344 (  1.718)  Acc@5:   7.812 (  5.165)
Test: [ 170/196]  Time: 0.063s (0.104s, 2450.49/s)  Loss:  9.6050 (9.0166)  Acc@1:   0.000 (  1.716)  Acc@5:   0.391 (  5.229)
Test: [ 180/196]  Time: 0.066s (0.106s, 2424.71/s)  Loss: 10.1831 (9.0067)  Acc@1:   0.000 (  1.705)  Acc@5:   0.000 (  5.231)
Test: [ 190/196]  Time: 0.062s (0.105s, 2444.72/s)  Loss: 10.0196 (8.9912)  Acc@1:   1.172 (  1.808)  Acc@5:   1.953 (  5.411)
 * Acc@1 1.836 (98.164) Acc@5 5.444 (94.556)
