Validating in torch.float32. AMP not enabled.
Loading pretrained weights from Hugging Face hub (timm/vit_tiny_patch16_224.augreg_in21k_ft_in1k)
[timm/vit_tiny_patch16_224.augreg_in21k_ft_in1k] Safe alternative available for 'pytorch_model.bin' (as 'model.safetensors'). Loading weights using safetensors.
Model vit_tiny_patch16_224.augreg_in21k_ft_in1k created, param count: 5717416
Data processing configuration for current model + dataset:
	input_size: (3, 224, 224)
	interpolation: bicubic
	mean: (0.5, 0.5, 0.5)
	std: (0.5, 0.5, 0.5)
	crop_pct: 0.9
	crop_mode: center
Test: [   0/196]  Time: 6.010s (6.010s,   42.60/s)  Loss:  7.0629 (7.0629)  Acc@1:  10.156 ( 10.156)  Acc@5:  20.703 ( 20.703)
Test: [  10/196]  Time: 0.498s (1.658s,  154.38/s)  Loss:  6.8214 (6.6718)  Acc@1:  11.328 ( 16.122)  Acc@5:  26.562 ( 28.622)
Test: [  20/196]  Time: 2.295s (1.723s,  148.60/s)  Loss:  6.0660 (6.5104)  Acc@1:  10.938 ( 16.611)  Acc@5:  26.562 ( 29.353)
Test: [  30/196]  Time: 0.062s (1.555s,  164.67/s)  Loss:  4.2815 (6.4438)  Acc@1:  23.828 ( 16.520)  Acc@5:  49.219 ( 29.410)
Test: [  40/196]  Time: 3.887s (1.664s,  153.86/s)  Loss:  4.4775 (5.9872)  Acc@1:  18.750 ( 17.188)  Acc@5:  43.359 ( 32.403)
Test: [  50/196]  Time: 0.064s (1.587s,  161.28/s)  Loss:  4.5261 (5.6751)  Acc@1:  21.875 ( 18.520)  Acc@5:  40.625 ( 35.110)
Test: [  60/196]  Time: 2.836s (1.596s,  160.40/s)  Loss:  7.5606 (5.6586)  Acc@1:   7.812 ( 18.295)  Acc@5:  16.797 ( 35.022)
Test: [  70/196]  Time: 0.063s (1.585s,  161.50/s)  Loss:  5.1201 (5.6870)  Acc@1:  24.219 ( 18.409)  Acc@5:  37.891 ( 34.826)
Test: [  80/196]  Time: 3.778s (1.604s,  159.59/s)  Loss:  6.0222 (5.7600)  Acc@1:   8.203 ( 17.718)  Acc@5:  21.875 ( 33.685)
Test: [  90/196]  Time: 0.063s (1.566s,  163.51/s)  Loss:  6.1405 (5.8642)  Acc@1:   9.375 ( 16.999)  Acc@5:  19.922 ( 32.319)
Test: [ 100/196]  Time: 4.200s (1.590s,  160.98/s)  Loss:  8.2063 (5.9926)  Acc@1:   5.859 ( 16.043)  Acc@5:  12.109 ( 30.709)
Test: [ 110/196]  Time: 0.063s (1.549s,  165.23/s)  Loss:  7.2432 (6.0882)  Acc@1:  10.156 ( 15.234)  Acc@5:  18.359 ( 29.494)
Test: [ 120/196]  Time: 1.622s (1.549s,  165.23/s)  Loss:  5.7970 (6.1471)  Acc@1:  12.109 ( 14.689)  Acc@5:  24.219 ( 28.600)
Test: [ 130/196]  Time: 0.063s (1.525s,  167.91/s)  Loss:  6.6608 (6.1809)  Acc@1:   6.641 ( 14.077)  Acc@5:  18.750 ( 27.833)
Test: [ 140/196]  Time: 1.786s (1.526s,  167.77/s)  Loss:  7.1149 (6.2444)  Acc@1:   5.859 ( 13.608)  Acc@5:  19.531 ( 27.078)
Test: [ 150/196]  Time: 0.723s (1.508s,  169.79/s)  Loss:  6.8108 (6.2795)  Acc@1:   6.641 ( 13.292)  Acc@5:  19.141 ( 26.547)
Test: [ 160/196]  Time: 1.545s (1.492s,  171.56/s)  Loss:  6.5871 (6.2905)  Acc@1:   9.375 ( 13.075)  Acc@5:  20.312 ( 26.283)
Test: [ 170/196]  Time: 0.064s (1.483s,  172.57/s)  Loss:  7.0236 (6.3125)  Acc@1:   7.812 ( 12.829)  Acc@5:  18.359 ( 25.962)
Test: [ 180/196]  Time: 2.322s (1.487s,  172.17/s)  Loss:  7.9465 (6.3377)  Acc@1:   3.516 ( 12.496)  Acc@5:   8.594 ( 25.542)
Test: [ 190/196]  Time: 0.064s (1.474s,  173.67/s)  Loss:  8.3491 (6.3295)  Acc@1:   2.734 ( 12.666)  Acc@5:   8.203 ( 25.689)
 * Acc@1 12.686 (87.314) Acc@5 25.720 (74.280)
