Validating in torch.float32. AMP not enabled.
Loading pretrained weights from Hugging Face hub (timm/coatnet_0_rw_224.sw_in1k)
[timm/coatnet_0_rw_224.sw_in1k] Safe alternative available for 'pytorch_model.bin' (as 'model.safetensors'). Loading weights using safetensors.
Model coatnet_0_rw_224.sw_in1k created, param count: 27435562
Data processing configuration for current model + dataset:
	input_size: (3, 224, 224)
	interpolation: bicubic
	mean: (0.5, 0.5, 0.5)
	std: (0.5, 0.5, 0.5)
	crop_pct: 0.95
	crop_mode: center
Test: [   0/196]  Time: 5.337s (5.337s,   47.96/s)  Loss:  1.3213 (1.3213)  Acc@1:  66.016 ( 66.016)  Acc@5:  94.531 ( 94.531)
Test: [  10/196]  Time: 0.323s (1.418s,  180.48/s)  Loss:  2.6358 (1.9603)  Acc@1:  37.500 ( 56.534)  Acc@5:  73.047 ( 83.665)
Test: [  20/196]  Time: 0.242s (1.466s,  174.62/s)  Loss:  1.5394 (1.9057)  Acc@1:  73.047 ( 58.389)  Acc@5:  85.156 ( 84.487)
Test: [  30/196]  Time: 0.294s (1.326s,  193.13/s)  Loss:  2.2103 (1.8088)  Acc@1:  54.297 ( 60.811)  Acc@5:  83.984 ( 85.559)
Test: [  40/196]  Time: 0.522s (1.362s,  187.92/s)  Loss:  2.4296 (1.9510)  Acc@1:  43.359 ( 56.831)  Acc@5:  82.031 ( 84.432)
Test: [  50/196]  Time: 0.245s (1.338s,  191.39/s)  Loss:  2.0454 (2.0027)  Acc@1:  52.344 ( 55.139)  Acc@5:  85.938 ( 84.467)
Test: [  60/196]  Time: 2.070s (1.351s,  189.55/s)  Loss:  2.0943 (2.0092)  Acc@1:  44.141 ( 54.848)  Acc@5:  86.328 ( 84.529)
Test: [  70/196]  Time: 0.242s (1.317s,  194.44/s)  Loss:  1.8829 (1.9649)  Acc@1:  59.375 ( 55.925)  Acc@5:  87.500 ( 85.079)
Test: [  80/196]  Time: 2.112s (1.344s,  190.42/s)  Loss:  2.9513 (1.9789)  Acc@1:  39.453 ( 55.556)  Acc@5:  66.797 ( 84.896)
Test: [  90/196]  Time: 0.244s (1.347s,  190.11/s)  Loss:  2.5989 (2.0167)  Acc@1:  38.672 ( 54.825)  Acc@5:  73.828 ( 84.010)
Test: [ 100/196]  Time: 2.101s (1.341s,  190.90/s)  Loss:  2.3617 (2.0921)  Acc@1:  44.922 ( 53.338)  Acc@5:  78.906 ( 82.600)
Test: [ 110/196]  Time: 0.244s (1.341s,  190.84/s)  Loss:  2.1510 (2.1129)  Acc@1:  51.562 ( 52.910)  Acc@5:  81.641 ( 82.183)
Test: [ 120/196]  Time: 4.304s (1.356s,  188.74/s)  Loss:  2.2895 (2.1291)  Acc@1:  53.516 ( 52.776)  Acc@5:  77.344 ( 81.770)
Test: [ 130/196]  Time: 0.242s (1.336s,  191.67/s)  Loss:  1.8728 (2.1594)  Acc@1:  54.688 ( 51.992)  Acc@5:  85.938 ( 81.339)
Test: [ 140/196]  Time: 3.740s (1.344s,  190.45/s)  Loss:  2.8945 (2.1664)  Acc@1:  33.984 ( 51.820)  Acc@5:  67.969 ( 81.125)
Test: [ 150/196]  Time: 0.244s (1.344s,  190.54/s)  Loss:  2.3961 (2.1841)  Acc@1:  50.000 ( 51.552)  Acc@5:  78.125 ( 80.735)
Test: [ 160/196]  Time: 3.932s (1.347s,  190.04/s)  Loss:  1.7550 (2.1929)  Acc@1:  61.719 ( 51.470)  Acc@5:  84.766 ( 80.476)
Test: [ 170/196]  Time: 0.243s (1.340s,  190.99/s)  Loss:  1.8230 (2.2125)  Acc@1:  53.906 ( 51.065)  Acc@5:  84.375 ( 80.110)
Test: [ 180/196]  Time: 3.217s (1.343s,  190.58/s)  Loss:  2.4365 (2.2310)  Acc@1:  44.922 ( 50.721)  Acc@5:  76.172 ( 79.750)
Test: [ 190/196]  Time: 0.399s (1.335s,  191.78/s)  Loss:  1.5783 (2.2243)  Acc@1:  57.031 ( 50.679)  Acc@5:  89.453 ( 79.906)
 * Acc@1 50.996 (49.004) Acc@5 80.140 (19.860)
