Validating in torch.float32. AMP not enabled.
Loading pretrained weights from Hugging Face hub (timm/coatnet_0_rw_224.sw_in1k)
[timm/coatnet_0_rw_224.sw_in1k] Safe alternative available for 'pytorch_model.bin' (as 'model.safetensors'). Loading weights using safetensors.
Model coatnet_0_rw_224.sw_in1k created, param count: 27435562
Data processing configuration for current model + dataset:
	input_size: (3, 224, 224)
	interpolation: bicubic
	mean: (0.5, 0.5, 0.5)
	std: (0.5, 0.5, 0.5)
	crop_pct: 0.95
	crop_mode: center
Test: [   0/196]  Time: 6.507s (6.507s,   39.34/s)  Loss:  4.4137 (4.4137)  Acc@1:   3.516 (  3.516)  Acc@5:  47.656 ( 47.656)
Test: [  10/196]  Time: 0.243s (1.754s,  145.94/s)  Loss:  5.2461 (4.4560)  Acc@1:   4.297 (  7.955)  Acc@5:  29.688 ( 48.651)
Test: [  20/196]  Time: 0.243s (1.708s,  149.88/s)  Loss:  4.7523 (4.4151)  Acc@1:  10.156 (  9.449)  Acc@5:  46.875 ( 50.521)
Test: [  30/196]  Time: 0.243s (1.633s,  156.77/s)  Loss:  4.1992 (4.3600)  Acc@1:   7.031 (  9.892)  Acc@5:  50.781 ( 51.764)
Test: [  40/196]  Time: 1.513s (1.590s,  160.99/s)  Loss:  4.5291 (4.3861)  Acc@1:   5.859 (  8.984)  Acc@5:  42.578 ( 49.476)
Test: [  50/196]  Time: 0.243s (1.579s,  162.16/s)  Loss:  4.3017 (4.3459)  Acc@1:  10.156 (  8.954)  Acc@5:  45.312 ( 49.502)
Test: [  60/196]  Time: 1.495s (1.551s,  165.02/s)  Loss:  4.6903 (4.3294)  Acc@1:   8.203 (  8.779)  Acc@5:  38.672 ( 49.565)
Test: [  70/196]  Time: 0.243s (1.570s,  163.07/s)  Loss:  4.0813 (4.2981)  Acc@1:  11.328 (  9.166)  Acc@5:  56.250 ( 50.198)
Test: [  80/196]  Time: 0.243s (1.544s,  165.82/s)  Loss:  5.5744 (4.3357)  Acc@1:   3.516 (  8.989)  Acc@5:  23.047 ( 49.489)
Test: [  90/196]  Time: 0.243s (1.579s,  162.18/s)  Loss:  5.3186 (4.4226)  Acc@1:   4.688 (  8.637)  Acc@5:  29.297 ( 47.648)
Test: [ 100/196]  Time: 2.709s (1.575s,  162.50/s)  Loss:  5.3920 (4.5077)  Acc@1:   1.562 (  8.075)  Acc@5:  33.594 ( 45.881)
Test: [ 110/196]  Time: 0.243s (1.554s,  164.72/s)  Loss:  4.9842 (4.5636)  Acc@1:   6.641 (  7.809)  Acc@5:  40.625 ( 44.837)
Test: [ 120/196]  Time: 4.122s (1.562s,  163.91/s)  Loss:  5.0717 (4.6104)  Acc@1:   5.469 (  7.590)  Acc@5:  33.984 ( 43.982)
Test: [ 130/196]  Time: 1.627s (1.551s,  165.02/s)  Loss:  4.7741 (4.6385)  Acc@1:   3.516 (  7.350)  Acc@5:  39.844 ( 43.321)
Test: [ 140/196]  Time: 0.942s (1.540s,  166.26/s)  Loss:  5.1143 (4.6578)  Acc@1:   5.078 (  7.286)  Acc@5:  34.375 ( 43.013)
Test: [ 150/196]  Time: 3.464s (1.559s,  164.23/s)  Loss:  5.0553 (4.6970)  Acc@1:   6.250 (  7.057)  Acc@5:  40.234 ( 42.459)
Test: [ 160/196]  Time: 1.260s (1.536s,  166.65/s)  Loss:  4.6205 (4.7189)  Acc@1:   9.375 (  7.031)  Acc@5:  44.531 ( 42.064)
Test: [ 170/196]  Time: 0.242s (1.546s,  165.55/s)  Loss:  4.1968 (4.7445)  Acc@1:   5.859 (  6.887)  Acc@5:  47.266 ( 41.514)
Test: [ 180/196]  Time: 1.942s (1.540s,  166.24/s)  Loss:  5.4416 (4.7693)  Acc@1:   1.953 (  6.727)  Acc@5:  30.859 ( 41.018)
Test: [ 190/196]  Time: 0.921s (1.548s,  165.38/s)  Loss:  5.4869 (4.7519)  Acc@1:   2.734 (  6.765)  Acc@5:  28.125 ( 41.425)
 * Acc@1 6.800 (93.200) Acc@5 41.750 (58.250)
