Validating in torch.float32. AMP not enabled.
Loading pretrained weights from Hugging Face hub (timm/coatnet_0_rw_224.sw_in1k)
[timm/coatnet_0_rw_224.sw_in1k] Safe alternative available for 'pytorch_model.bin' (as 'model.safetensors'). Loading weights using safetensors.
Model coatnet_0_rw_224.sw_in1k created, param count: 27435562
Data processing configuration for current model + dataset:
	input_size: (3, 224, 224)
	interpolation: bicubic
	mean: (0.5, 0.5, 0.5)
	std: (0.5, 0.5, 0.5)
	crop_pct: 0.95
	crop_mode: center
Test: [   0/196]  Time: 6.520s (6.520s,   39.26/s)  Loss:  5.9711 (5.9711)  Acc@1:   3.125 (  3.125)  Acc@5:  22.266 ( 22.266)
Test: [  10/196]  Time: 0.944s (1.688s,  151.69/s)  Loss:  6.1647 (5.3566)  Acc@1:   3.906 (  5.859)  Acc@5:  18.359 ( 32.315)
Test: [  20/196]  Time: 1.846s (1.747s,  146.53/s)  Loss:  5.8138 (5.3432)  Acc@1:   3.516 (  5.915)  Acc@5:  21.875 ( 32.794)
Test: [  30/196]  Time: 0.244s (1.591s,  160.90/s)  Loss:  5.0076 (5.3109)  Acc@1:   3.906 (  5.922)  Acc@5:  32.812 ( 33.581)
Test: [  40/196]  Time: 3.531s (1.618s,  158.26/s)  Loss:  5.1401 (5.2844)  Acc@1:   3.125 (  5.593)  Acc@5:  27.734 ( 32.069)
Test: [  50/196]  Time: 0.244s (1.527s,  167.64/s)  Loss:  5.0269 (5.2042)  Acc@1:   3.516 (  5.867)  Acc@5:  30.078 ( 32.590)
Test: [  60/196]  Time: 2.810s (1.551s,  165.03/s)  Loss:  5.9666 (5.1929)  Acc@1:   3.516 (  5.802)  Acc@5:  17.969 ( 32.640)
Test: [  70/196]  Time: 1.732s (1.550s,  165.13/s)  Loss:  5.3051 (5.1821)  Acc@1:  10.156 (  5.914)  Acc@5:  31.250 ( 32.912)
Test: [  80/196]  Time: 1.798s (1.569s,  163.14/s)  Loss:  6.5804 (5.2216)  Acc@1:   2.344 (  5.787)  Acc@5:   8.203 ( 32.200)
Test: [  90/196]  Time: 1.867s (1.585s,  161.47/s)  Loss:  6.2299 (5.3072)  Acc@1:   1.953 (  5.666)  Acc@5:  13.281 ( 30.859)
Test: [ 100/196]  Time: 1.066s (1.561s,  163.98/s)  Loss:  6.5685 (5.4059)  Acc@1:   1.562 (  5.299)  Acc@5:  16.016 ( 29.243)
Test: [ 110/196]  Time: 2.720s (1.569s,  163.12/s)  Loss:  6.2213 (5.4683)  Acc@1:   3.125 (  5.145)  Acc@5:  17.578 ( 28.269)
Test: [ 120/196]  Time: 3.062s (1.573s,  162.73/s)  Loss:  5.8613 (5.5225)  Acc@1:   3.125 (  4.981)  Acc@5:  20.703 ( 27.441)
Test: [ 130/196]  Time: 1.416s (1.587s,  161.34/s)  Loss:  5.8491 (5.5590)  Acc@1:   2.344 (  4.813)  Acc@5:  25.000 ( 26.807)
Test: [ 140/196]  Time: 0.244s (1.582s,  161.83/s)  Loss:  5.8209 (5.5903)  Acc@1:   4.688 (  4.740)  Acc@5:  22.656 ( 26.349)
Test: [ 150/196]  Time: 4.904s (1.606s,  159.37/s)  Loss:  6.1158 (5.6260)  Acc@1:   5.078 (  4.659)  Acc@5:  23.047 ( 25.833)
Test: [ 160/196]  Time: 0.243s (1.593s,  160.74/s)  Loss:  5.7100 (5.6465)  Acc@1:   4.688 (  4.651)  Acc@5:  26.172 ( 25.471)
Test: [ 170/196]  Time: 2.747s (1.593s,  160.65/s)  Loss:  5.6672 (5.6696)  Acc@1:   1.953 (  4.580)  Acc@5:  17.188 ( 24.986)
Test: [ 180/196]  Time: 0.463s (1.594s,  160.64/s)  Loss:  6.5440 (5.6920)  Acc@1:   0.391 (  4.495)  Acc@5:  13.672 ( 24.668)
Test: [ 190/196]  Time: 1.131s (1.585s,  161.50/s)  Loss:  6.3458 (5.6749)  Acc@1:   1.562 (  4.548)  Acc@5:  19.531 ( 25.045)
 * Acc@1 4.616 (95.384) Acc@5 25.334 (74.666)
