Validating in torch.float32. AMP not enabled.
Loading pretrained weights from Hugging Face hub (timm/coatnet_0_rw_224.sw_in1k)
[timm/coatnet_0_rw_224.sw_in1k] Safe alternative available for 'pytorch_model.bin' (as 'model.safetensors'). Loading weights using safetensors.
Model coatnet_0_rw_224.sw_in1k created, param count: 27435562
Data processing configuration for current model + dataset:
	input_size: (3, 224, 224)
	interpolation: bicubic
	mean: (0.5, 0.5, 0.5)
	std: (0.5, 0.5, 0.5)
	crop_pct: 0.95
	crop_mode: center
Test: [   0/196]  Time: 6.581s (6.581s,   38.90/s)  Loss:  1.7988 (1.7988)  Acc@1:  57.031 ( 57.031)  Acc@5:  85.938 ( 85.938)
Test: [  10/196]  Time: 0.256s (1.622s,  157.84/s)  Loss:  3.5560 (2.6005)  Acc@1:  25.000 ( 44.709)  Acc@5:  54.688 ( 71.804)
Test: [  20/196]  Time: 0.257s (1.548s,  165.33/s)  Loss:  2.1162 (2.5023)  Acc@1:  60.547 ( 47.042)  Acc@5:  75.781 ( 73.586)
Test: [  30/196]  Time: 0.256s (1.447s,  176.91/s)  Loss:  2.9179 (2.3794)  Acc@1:  38.281 ( 50.013)  Acc@5:  69.531 ( 75.189)
Test: [  40/196]  Time: 0.812s (1.452s,  176.31/s)  Loss:  3.2555 (2.5876)  Acc@1:  23.047 ( 44.798)  Acc@5:  65.234 ( 72.389)
Test: [  50/196]  Time: 0.256s (1.389s,  184.35/s)  Loss:  2.7964 (2.6622)  Acc@1:  34.375 ( 42.325)  Acc@5:  69.531 ( 71.684)
Test: [  60/196]  Time: 1.586s (1.432s,  178.83/s)  Loss:  2.7413 (2.6633)  Acc@1:  36.719 ( 42.149)  Acc@5:  68.750 ( 71.811)
Test: [  70/196]  Time: 0.257s (1.397s,  183.25/s)  Loss:  2.4285 (2.6001)  Acc@1:  46.094 ( 43.480)  Acc@5:  76.953 ( 72.733)
Test: [  80/196]  Time: 2.658s (1.422s,  180.00/s)  Loss:  3.6205 (2.6120)  Acc@1:  31.641 ( 43.118)  Acc@5:  57.031 ( 72.671)
Test: [  90/196]  Time: 0.257s (1.419s,  180.43/s)  Loss:  3.1895 (2.6373)  Acc@1:  32.422 ( 42.982)  Acc@5:  64.062 ( 72.090)
Test: [ 100/196]  Time: 0.257s (1.430s,  179.04/s)  Loss:  3.3874 (2.7238)  Acc@1:  30.469 ( 41.673)  Acc@5:  56.641 ( 70.510)
Test: [ 110/196]  Time: 0.256s (1.422s,  180.00/s)  Loss:  2.7448 (2.7416)  Acc@1:  44.922 ( 41.522)  Acc@5:  67.578 ( 70.175)
Test: [ 120/196]  Time: 1.976s (1.420s,  180.27/s)  Loss:  2.8650 (2.7621)  Acc@1:  41.016 ( 41.380)  Acc@5:  67.578 ( 69.725)
Test: [ 130/196]  Time: 0.257s (1.432s,  178.80/s)  Loss:  2.6302 (2.7912)  Acc@1:  40.625 ( 40.765)  Acc@5:  72.266 ( 69.334)
Test: [ 140/196]  Time: 0.471s (1.407s,  181.95/s)  Loss:  3.4957 (2.7929)  Acc@1:  25.000 ( 40.797)  Acc@5:  55.859 ( 69.276)
Test: [ 150/196]  Time: 0.353s (1.417s,  180.71/s)  Loss:  3.1336 (2.8117)  Acc@1:  36.328 ( 40.659)  Acc@5:  62.891 ( 68.828)
Test: [ 160/196]  Time: 0.257s (1.410s,  181.58/s)  Loss:  2.2785 (2.8174)  Acc@1:  52.344 ( 40.698)  Acc@5:  76.172 ( 68.699)
Test: [ 170/196]  Time: 0.257s (1.418s,  180.49/s)  Loss:  2.2420 (2.8343)  Acc@1:  48.828 ( 40.483)  Acc@5:  76.953 ( 68.382)
Test: [ 180/196]  Time: 1.880s (1.417s,  180.73/s)  Loss:  3.2617 (2.8547)  Acc@1:  35.156 ( 40.198)  Acc@5:  58.984 ( 68.010)
Test: [ 190/196]  Time: 0.257s (1.414s,  181.10/s)  Loss:  1.6732 (2.8450)  Acc@1:  58.203 ( 40.198)  Acc@5:  85.938 ( 68.302)
 * Acc@1 40.596 (59.404) Acc@5 68.670 (31.330)
