Validating in torch.float32. AMP not enabled.
Loading pretrained weights from Hugging Face hub (timm/deit_small_patch16_224.fb_in1k)
[timm/deit_small_patch16_224.fb_in1k] Safe alternative available for 'pytorch_model.bin' (as 'model.safetensors'). Loading weights using safetensors.
Model deit_small_patch16_224 created, param count: 22050664
Data processing configuration for current model + dataset:
	input_size: (3, 224, 224)
	interpolation: bicubic
	mean: (0.485, 0.456, 0.406)
	std: (0.229, 0.224, 0.225)
	crop_pct: 0.9
	crop_mode: center
Test: [   0/196]  Time: 0.860s (0.860s,  297.68/s)  Loss:  1.1245 (1.1245)  Acc@1:  74.219 ( 74.219)  Acc@5:  94.141 ( 94.141)
Test: [  10/196]  Time: 0.137s (0.212s, 1205.49/s)  Loss:  2.6782 (1.8208)  Acc@1:  36.328 ( 60.192)  Acc@5:  75.391 ( 83.132)
Test: [  20/196]  Time: 0.136s (0.177s, 1449.88/s)  Loss:  1.9482 (1.8112)  Acc@1:  62.109 ( 60.510)  Acc@5:  77.734 ( 82.738)
Test: [  30/196]  Time: 0.139s (0.164s, 1561.25/s)  Loss:  2.0811 (1.7221)  Acc@1:  51.953 ( 62.324)  Acc@5:  80.078 ( 83.871)
Test: [  40/196]  Time: 0.134s (0.157s, 1628.13/s)  Loss:  2.4685 (1.9077)  Acc@1:  43.359 ( 57.651)  Acc@5:  73.828 ( 81.326)
Test: [  50/196]  Time: 0.139s (0.153s, 1676.56/s)  Loss:  2.0286 (1.9619)  Acc@1:  53.516 ( 55.790)  Acc@5:  81.250 ( 80.905)
Test: [  60/196]  Time: 0.136s (0.150s, 1704.37/s)  Loss:  2.0613 (1.9739)  Acc@1:  51.562 ( 55.616)  Acc@5:  82.812 ( 81.058)
Test: [  70/196]  Time: 0.134s (0.148s, 1728.14/s)  Loss:  1.8641 (1.9306)  Acc@1:  55.859 ( 56.718)  Acc@5:  82.031 ( 81.591)
Test: [  80/196]  Time: 0.133s (0.146s, 1748.33/s)  Loss:  3.1113 (1.9337)  Acc@1:  37.109 ( 56.737)  Acc@5:  63.281 ( 81.554)
Test: [  90/196]  Time: 0.133s (0.147s, 1744.56/s)  Loss:  2.6063 (1.9705)  Acc@1:  44.531 ( 56.302)  Acc@5:  71.094 ( 80.924)
Test: [ 100/196]  Time: 0.135s (0.145s, 1759.68/s)  Loss:  2.6385 (2.0443)  Acc@1:  41.406 ( 54.865)  Acc@5:  70.703 ( 79.730)
Test: [ 110/196]  Time: 0.138s (0.145s, 1761.83/s)  Loss:  2.3569 (2.0817)  Acc@1:  49.609 ( 54.290)  Acc@5:  76.953 ( 79.096)
Test: [ 120/196]  Time: 0.138s (0.145s, 1769.07/s)  Loss:  2.4909 (2.1028)  Acc@1:  50.391 ( 54.035)  Acc@5:  73.828 ( 78.648)
Test: [ 130/196]  Time: 0.137s (0.144s, 1775.29/s)  Loss:  2.1190 (2.1235)  Acc@1:  47.266 ( 53.522)  Acc@5:  78.516 ( 78.253)
Test: [ 140/196]  Time: 0.137s (0.144s, 1779.43/s)  Loss:  2.9400 (2.1262)  Acc@1:  39.062 ( 53.571)  Acc@5:  62.109 ( 78.167)
Test: [ 150/196]  Time: 0.132s (0.143s, 1787.65/s)  Loss:  2.4334 (2.1458)  Acc@1:  51.172 ( 53.360)  Acc@5:  71.875 ( 77.794)
Test: [ 160/196]  Time: 0.139s (0.143s, 1793.55/s)  Loss:  1.6763 (2.1514)  Acc@1:  66.406 ( 53.377)  Acc@5:  83.984 ( 77.662)
Test: [ 170/196]  Time: 0.133s (0.142s, 1798.97/s)  Loss:  1.8917 (2.1688)  Acc@1:  52.344 ( 53.066)  Acc@5:  82.031 ( 77.360)
Test: [ 180/196]  Time: 0.134s (0.142s, 1804.98/s)  Loss:  2.9740 (2.1879)  Acc@1:  37.500 ( 52.719)  Acc@5:  66.797 ( 77.074)
Test: [ 190/196]  Time: 0.132s (0.142s, 1805.90/s)  Loss:  1.3954 (2.1942)  Acc@1:  64.453 ( 52.477)  Acc@5:  92.969 ( 77.053)
 * Acc@1 52.812 (47.188) Acc@5 77.312 (22.688)
