Validating in torch.float32. AMP not enabled.
Loading pretrained weights from Hugging Face hub (timm/deit_small_patch16_224.fb_in1k)
[timm/deit_small_patch16_224.fb_in1k] Safe alternative available for 'pytorch_model.bin' (as 'model.safetensors'). Loading weights using safetensors.
Model deit_small_patch16_224 created, param count: 22050664
Data processing configuration for current model + dataset:
	input_size: (3, 224, 224)
	interpolation: bicubic
	mean: (0.485, 0.456, 0.406)
	std: (0.229, 0.224, 0.225)
	crop_pct: 0.9
	crop_mode: center
Test: [   0/196]  Time: 0.766s (0.766s,  334.10/s)  Loss:  1.4142 (1.4142)  Acc@1:  64.844 ( 64.844)  Acc@5:  92.578 ( 92.578)
Test: [  10/196]  Time: 0.126s (0.198s, 1295.90/s)  Loss:  2.1705 (1.6960)  Acc@1:  51.562 ( 61.967)  Acc@5:  79.688 ( 89.950)
Test: [  20/196]  Time: 0.130s (0.163s, 1566.22/s)  Loss:  1.8999 (1.7121)  Acc@1:  66.797 ( 64.193)  Acc@5:  85.156 ( 89.751)
Test: [  30/196]  Time: 0.125s (0.152s, 1687.88/s)  Loss:  1.7263 (1.6906)  Acc@1:  66.797 ( 66.116)  Acc@5:  89.453 ( 89.970)
Test: [  40/196]  Time: 0.124s (0.145s, 1760.77/s)  Loss:  1.8184 (1.7499)  Acc@1:  64.453 ( 64.444)  Acc@5:  88.672 ( 89.444)
Test: [  50/196]  Time: 0.126s (0.142s, 1808.61/s)  Loss:  1.5672 (1.7411)  Acc@1:  73.828 ( 64.683)  Acc@5:  93.359 ( 89.920)
Test: [  60/196]  Time: 0.125s (0.139s, 1842.44/s)  Loss:  2.1770 (1.7644)  Acc@1:  58.984 ( 64.197)  Acc@5:  83.594 ( 89.703)
Test: [  70/196]  Time: 0.124s (0.137s, 1868.09/s)  Loss:  1.6403 (1.7542)  Acc@1:  60.156 ( 64.272)  Acc@5:  92.188 ( 89.910)
Test: [  80/196]  Time: 0.129s (0.136s, 1886.22/s)  Loss:  2.6617 (1.7689)  Acc@1:  41.406 ( 63.841)  Acc@5:  76.172 ( 89.617)
Test: [  90/196]  Time: 0.128s (0.135s, 1897.83/s)  Loss:  2.8219 (1.8523)  Acc@1:  32.422 ( 61.899)  Acc@5:  69.531 ( 88.101)
Test: [ 100/196]  Time: 0.124s (0.134s, 1909.28/s)  Loss:  2.1052 (1.9109)  Acc@1:  50.781 ( 60.326)  Acc@5:  84.375 ( 87.067)
Test: [ 110/196]  Time: 0.129s (0.133s, 1918.31/s)  Loss:  2.1122 (1.9620)  Acc@1:  62.891 ( 59.266)  Acc@5:  82.812 ( 86.184)
Test: [ 120/196]  Time: 0.127s (0.133s, 1925.26/s)  Loss:  2.5033 (1.9842)  Acc@1:  50.000 ( 58.716)  Acc@5:  73.438 ( 85.692)
Test: [ 130/196]  Time: 0.127s (0.133s, 1931.86/s)  Loss:  1.9702 (2.0190)  Acc@1:  56.641 ( 57.848)  Acc@5:  86.719 ( 85.115)
Test: [ 140/196]  Time: 0.126s (0.132s, 1937.50/s)  Loss:  2.5543 (2.0459)  Acc@1:  47.266 ( 57.322)  Acc@5:  74.609 ( 84.644)
Test: [ 150/196]  Time: 0.133s (0.132s, 1940.42/s)  Loss:  2.6722 (2.0859)  Acc@1:  43.359 ( 56.454)  Acc@5:  73.047 ( 83.912)
Test: [ 160/196]  Time: 0.131s (0.132s, 1944.18/s)  Loss:  1.9266 (2.1083)  Acc@1:  64.844 ( 56.032)  Acc@5:  83.203 ( 83.421)
Test: [ 170/196]  Time: 0.127s (0.131s, 1947.89/s)  Loss:  1.7286 (2.1253)  Acc@1:  57.812 ( 55.526)  Acc@5:  92.969 ( 83.151)
Test: [ 180/196]  Time: 0.128s (0.131s, 1950.78/s)  Loss:  2.1456 (2.1497)  Acc@1:  42.578 ( 54.741)  Acc@5:  85.156 ( 82.735)
Test: [ 190/196]  Time: 0.125s (0.131s, 1953.57/s)  Loss:  2.9496 (2.1508)  Acc@1:  32.031 ( 54.575)  Acc@5:  72.656 ( 82.765)
 * Acc@1 54.562 (45.438) Acc@5 82.854 (17.146)
