Validating in torch.float32. AMP not enabled.
Loading pretrained weights from Hugging Face hub (timm/deit_small_patch16_224.fb_in1k)
[timm/deit_small_patch16_224.fb_in1k] Safe alternative available for 'pytorch_model.bin' (as 'model.safetensors'). Loading weights using safetensors.
Model deit_small_patch16_224 created, param count: 22050664
Data processing configuration for current model + dataset:
	input_size: (3, 224, 224)
	interpolation: bicubic
	mean: (0.485, 0.456, 0.406)
	std: (0.229, 0.224, 0.225)
	crop_pct: 0.9
	crop_mode: center
Test: [   0/196]  Time: 0.821s (0.821s,  311.87/s)  Loss:  2.3277 (2.3277)  Acc@1:  35.938 ( 35.938)  Acc@5:  85.547 ( 85.547)
Test: [  10/196]  Time: 0.131s (0.208s, 1231.76/s)  Loss:  3.5361 (2.7954)  Acc@1:  24.219 ( 33.487)  Acc@5:  55.078 ( 74.503)
Test: [  20/196]  Time: 0.127s (0.170s, 1502.38/s)  Loss:  3.2358 (2.8443)  Acc@1:  32.422 ( 34.877)  Acc@5:  60.938 ( 73.158)
Test: [  30/196]  Time: 0.128s (0.157s, 1631.97/s)  Loss:  2.9626 (2.8440)  Acc@1:  28.906 ( 36.744)  Acc@5:  69.141 ( 73.211)
Test: [  40/196]  Time: 0.135s (0.153s, 1674.16/s)  Loss:  3.1418 (2.9143)  Acc@1:  27.344 ( 34.680)  Acc@5:  66.797 ( 71.494)
Test: [  50/196]  Time: 0.129s (0.148s, 1727.23/s)  Loss:  2.6849 (2.8972)  Acc@1:  40.625 ( 34.314)  Acc@5:  77.344 ( 72.235)
Test: [  60/196]  Time: 0.128s (0.146s, 1749.23/s)  Loss:  3.3236 (2.9242)  Acc@1:  32.422 ( 33.837)  Acc@5:  66.406 ( 71.798)
Test: [  70/196]  Time: 0.130s (0.144s, 1778.51/s)  Loss:  2.7365 (2.9131)  Acc@1:  34.375 ( 34.122)  Acc@5:  70.703 ( 71.996)
Test: [  80/196]  Time: 0.134s (0.143s, 1787.32/s)  Loss:  4.0084 (2.9114)  Acc@1:  15.625 ( 34.139)  Acc@5:  54.297 ( 71.909)
Test: [  90/196]  Time: 0.131s (0.142s, 1805.81/s)  Loss:  4.3089 (3.0027)  Acc@1:  16.406 ( 33.001)  Acc@5:  41.797 ( 70.141)
Test: [ 100/196]  Time: 0.134s (0.141s, 1818.09/s)  Loss:  3.3948 (3.0736)  Acc@1:  25.781 ( 31.911)  Acc@5:  59.766 ( 68.866)
Test: [ 110/196]  Time: 0.129s (0.140s, 1832.17/s)  Loss:  3.2453 (3.1329)  Acc@1:  27.734 ( 30.870)  Acc@5:  67.578 ( 67.856)
Test: [ 120/196]  Time: 0.132s (0.140s, 1834.68/s)  Loss:  3.7075 (3.1631)  Acc@1:  25.000 ( 30.472)  Acc@5:  51.953 ( 67.226)
Test: [ 130/196]  Time: 0.134s (0.139s, 1844.00/s)  Loss:  3.3835 (3.2019)  Acc@1:  26.172 ( 29.950)  Acc@5:  66.016 ( 66.502)
Test: [ 140/196]  Time: 0.134s (0.138s, 1851.53/s)  Loss:  3.9007 (3.2278)  Acc@1:  19.922 ( 29.674)  Acc@5:  48.438 ( 66.027)
Test: [ 150/196]  Time: 0.131s (0.138s, 1859.61/s)  Loss:  4.1369 (3.2720)  Acc@1:  14.062 ( 29.157)  Acc@5:  53.516 ( 65.175)
Test: [ 160/196]  Time: 0.128s (0.137s, 1864.49/s)  Loss:  3.1288 (3.2902)  Acc@1:  36.719 ( 29.003)  Acc@5:  66.016 ( 64.752)
Test: [ 170/196]  Time: 0.128s (0.137s, 1871.23/s)  Loss:  2.9245 (3.3100)  Acc@1:  30.078 ( 28.616)  Acc@5:  73.047 ( 64.359)
Test: [ 180/196]  Time: 0.128s (0.136s, 1877.20/s)  Loss:  3.5474 (3.3344)  Acc@1:  13.672 ( 28.131)  Acc@5:  64.453 ( 63.968)
Test: [ 190/196]  Time: 0.129s (0.136s, 1882.40/s)  Loss:  3.5570 (3.3325)  Acc@1:  17.188 ( 27.865)  Acc@5:  64.453 ( 64.087)
 * Acc@1 27.896 (72.104) Acc@5 64.326 (35.674)
