Validating in torch.float32. AMP not enabled.
Loading pretrained weights from Hugging Face hub (timm/deit_small_patch16_224.fb_in1k)
[timm/deit_small_patch16_224.fb_in1k] Safe alternative available for 'pytorch_model.bin' (as 'model.safetensors'). Loading weights using safetensors.
Model deit_small_patch16_224 created, param count: 22050664
Data processing configuration for current model + dataset:
	input_size: (3, 224, 224)
	interpolation: bicubic
	mean: (0.485, 0.456, 0.406)
	std: (0.229, 0.224, 0.225)
	crop_pct: 0.9
	crop_mode: center
Test: [   0/196]  Time: 0.762s (0.762s,  336.00/s)  Loss:  1.9359 (1.9359)  Acc@1:  48.438 ( 48.438)  Acc@5:  88.281 ( 88.281)
Test: [  10/196]  Time: 0.126s (0.189s, 1356.94/s)  Loss:  2.7674 (2.2332)  Acc@1:  34.766 ( 47.053)  Acc@5:  69.531 ( 82.777)
Test: [  20/196]  Time: 0.129s (0.160s, 1601.37/s)  Loss:  2.5991 (2.2471)  Acc@1:  47.266 ( 48.586)  Acc@5:  74.219 ( 82.496)
Test: [  30/196]  Time: 0.129s (0.149s, 1720.48/s)  Loss:  2.2147 (2.2197)  Acc@1:  52.344 ( 51.285)  Acc@5:  83.203 ( 82.850)
Test: [  40/196]  Time: 0.125s (0.143s, 1784.55/s)  Loss:  2.4197 (2.2664)  Acc@1:  45.312 ( 49.695)  Acc@5:  78.516 ( 82.079)
Test: [  50/196]  Time: 0.126s (0.140s, 1823.88/s)  Loss:  2.0006 (2.2458)  Acc@1:  57.422 ( 49.908)  Acc@5:  87.109 ( 82.759)
Test: [  60/196]  Time: 0.124s (0.138s, 1855.20/s)  Loss:  2.6664 (2.2647)  Acc@1:  46.094 ( 49.565)  Acc@5:  78.906 ( 82.524)
Test: [  70/196]  Time: 0.127s (0.136s, 1876.29/s)  Loss:  2.0159 (2.2484)  Acc@1:  50.391 ( 50.022)  Acc@5:  84.766 ( 82.785)
Test: [  80/196]  Time: 0.128s (0.135s, 1892.61/s)  Loss:  3.2644 (2.2543)  Acc@1:  28.516 ( 49.817)  Acc@5:  60.156 ( 82.465)
Test: [  90/196]  Time: 0.125s (0.134s, 1906.59/s)  Loss:  3.2427 (2.3328)  Acc@1:  28.125 ( 48.326)  Acc@5:  61.328 ( 80.868)
Test: [ 100/196]  Time: 0.128s (0.133s, 1917.89/s)  Loss:  2.6488 (2.3909)  Acc@1:  41.406 ( 47.119)  Acc@5:  74.609 ( 79.715)
Test: [ 110/196]  Time: 0.126s (0.133s, 1926.71/s)  Loss:  2.5412 (2.4438)  Acc@1:  48.438 ( 46.094)  Acc@5:  76.562 ( 78.723)
Test: [ 120/196]  Time: 0.125s (0.132s, 1935.43/s)  Loss:  2.9624 (2.4661)  Acc@1:  39.062 ( 45.568)  Acc@5:  68.750 ( 78.209)
Test: [ 130/196]  Time: 0.125s (0.132s, 1942.97/s)  Loss:  2.5872 (2.4942)  Acc@1:  44.531 ( 45.041)  Acc@5:  76.172 ( 77.624)
Test: [ 140/196]  Time: 0.127s (0.131s, 1949.00/s)  Loss:  3.1025 (2.5187)  Acc@1:  33.984 ( 44.739)  Acc@5:  59.766 ( 77.058)
Test: [ 150/196]  Time: 0.124s (0.131s, 1954.81/s)  Loss:  3.1129 (2.5556)  Acc@1:  31.250 ( 44.097)  Acc@5:  68.750 ( 76.325)
Test: [ 160/196]  Time: 0.127s (0.131s, 1959.08/s)  Loss:  2.4174 (2.5777)  Acc@1:  53.906 ( 43.752)  Acc@5:  76.172 ( 75.791)
Test: [ 170/196]  Time: 0.130s (0.130s, 1962.02/s)  Loss:  2.3545 (2.5929)  Acc@1:  43.359 ( 43.334)  Acc@5:  83.594 ( 75.523)
Test: [ 180/196]  Time: 0.128s (0.130s, 1965.04/s)  Loss:  2.9961 (2.6203)  Acc@1:  25.391 ( 42.654)  Acc@5:  71.484 ( 75.026)
Test: [ 190/196]  Time: 0.126s (0.130s, 1967.73/s)  Loss:  3.1472 (2.6221)  Acc@1:  25.000 ( 42.327)  Acc@5:  67.188 ( 75.121)
 * Acc@1 42.304 (57.696) Acc@5 75.262 (24.738)
