Validating in torch.float32. AMP not enabled.
Loading pretrained weights from Hugging Face hub (timm/deit_small_patch16_224.fb_in1k)
[timm/deit_small_patch16_224.fb_in1k] Safe alternative available for 'pytorch_model.bin' (as 'model.safetensors'). Loading weights using safetensors.
Model deit_small_patch16_224 created, param count: 22050664
Data processing configuration for current model + dataset:
	input_size: (3, 224, 224)
	interpolation: bicubic
	mean: (0.485, 0.456, 0.406)
	std: (0.229, 0.224, 0.225)
	crop_pct: 0.9
	crop_mode: center
Test: [   0/196]  Time: 0.783s (0.783s,  326.78/s)  Loss:  0.6444 (0.6444)  Acc@1:  86.719 ( 86.719)  Acc@5:  98.438 ( 98.438)
Test: [  10/196]  Time: 0.126s (0.201s, 1272.79/s)  Loss:  1.3305 (0.9002)  Acc@1:  68.750 ( 80.433)  Acc@5:  95.312 ( 95.810)
Test: [  20/196]  Time: 0.128s (0.169s, 1511.10/s)  Loss:  0.9954 (0.9107)  Acc@1:  84.766 ( 80.766)  Acc@5:  91.406 ( 95.461)
Test: [  30/196]  Time: 0.125s (0.155s, 1648.15/s)  Loss:  1.0185 (0.8602)  Acc@1:  82.031 ( 82.573)  Acc@5:  94.922 ( 95.766)
Test: [  40/196]  Time: 0.125s (0.149s, 1723.44/s)  Loss:  1.1053 (0.9326)  Acc@1:  78.516 ( 80.707)  Acc@5:  94.141 ( 95.455)
Test: [  50/196]  Time: 0.125s (0.147s, 1747.40/s)  Loss:  0.9029 (0.9489)  Acc@1:  83.203 ( 80.300)  Acc@5:  96.875 ( 95.504)
Test: [  60/196]  Time: 0.125s (0.146s, 1755.24/s)  Loss:  1.0885 (0.9645)  Acc@1:  77.734 ( 79.937)  Acc@5:  94.922 ( 95.479)
Test: [  70/196]  Time: 0.128s (0.143s, 1789.38/s)  Loss:  1.0128 (0.9459)  Acc@1:  75.000 ( 80.293)  Acc@5:  96.484 ( 95.670)
Test: [  80/196]  Time: 0.128s (0.141s, 1814.50/s)  Loss:  1.6637 (0.9610)  Acc@1:  63.672 ( 80.015)  Acc@5:  85.156 ( 95.476)
Test: [  90/196]  Time: 0.128s (0.141s, 1816.43/s)  Loss:  1.5168 (1.0013)  Acc@1:  62.109 ( 78.932)  Acc@5:  88.672 ( 94.888)
Test: [ 100/196]  Time: 0.130s (0.140s, 1831.04/s)  Loss:  1.2419 (1.0476)  Acc@1:  71.094 ( 77.572)  Acc@5:  92.188 ( 94.311)
Test: [ 110/196]  Time: 0.131s (0.139s, 1843.13/s)  Loss:  1.2226 (1.0671)  Acc@1:  74.609 ( 77.161)  Acc@5:  90.625 ( 93.996)
Test: [ 120/196]  Time: 0.128s (0.138s, 1854.93/s)  Loss:  1.5723 (1.0790)  Acc@1:  65.234 ( 77.008)  Acc@5:  86.719 ( 93.795)
Test: [ 130/196]  Time: 0.126s (0.137s, 1864.19/s)  Loss:  0.9419 (1.0987)  Acc@1:  80.469 ( 76.366)  Acc@5:  95.312 ( 93.577)
Test: [ 140/196]  Time: 0.128s (0.137s, 1873.47/s)  Loss:  1.3812 (1.1081)  Acc@1:  70.312 ( 76.225)  Acc@5:  87.891 ( 93.440)
Test: [ 150/196]  Time: 0.127s (0.136s, 1881.68/s)  Loss:  1.3305 (1.1228)  Acc@1:  76.562 ( 75.924)  Acc@5:  89.453 ( 93.204)
Test: [ 160/196]  Time: 0.125s (0.136s, 1880.10/s)  Loss:  0.9164 (1.1326)  Acc@1:  83.594 ( 75.762)  Acc@5:  94.922 ( 93.044)
Test: [ 170/196]  Time: 0.126s (0.137s, 1869.80/s)  Loss:  0.7864 (1.1445)  Acc@1:  83.203 ( 75.407)  Acc@5:  97.266 ( 92.907)
Test: [ 180/196]  Time: 0.126s (0.137s, 1869.69/s)  Loss:  1.4133 (1.1584)  Acc@1:  68.359 ( 75.032)  Acc@5:  91.406 ( 92.781)
Test: [ 190/196]  Time: 0.126s (0.137s, 1868.95/s)  Loss:  1.1650 (1.1621)  Acc@1:  72.266 ( 74.933)  Acc@5:  97.266 ( 92.815)
 * Acc@1 75.090 (24.910) Acc@5 92.862 (7.138)
