no change     /work/mfatima/miniconda3/condabin/conda
no change     /work/mfatima/miniconda3/bin/conda
no change     /work/mfatima/miniconda3/bin/conda-env
no change     /work/mfatima/miniconda3/bin/activate
no change     /work/mfatima/miniconda3/bin/deactivate
no change     /work/mfatima/miniconda3/etc/profile.d/conda.sh
no change     /work/mfatima/miniconda3/etc/fish/conf.d/conda.fish
no change     /work/mfatima/miniconda3/shell/condabin/Conda.psm1
no change     /work/mfatima/miniconda3/shell/condabin/conda-hook.ps1
no change     /work/mfatima/miniconda3/lib/python3.11/site-packages/xontrib/conda.xsh
no change     /work/mfatima/miniconda3/etc/profile.d/conda.csh
no change     /home/mfatima/.bashrc
No action taken.
Started at Fri Jun 13 13:46:19 CEST 2025
Running job: ViT array id: 3 using 8 cpus per node with given JID 33691 on queue gpu-vram-48gb
--result
{
    "model": "vit_small_patch16_224.augreg_in1k",
    "top1": 15.886,
    "top1_err": 84.114,
    "top5": 29.808,
    "top5_err": 70.192,
    "param_count": 22.05,
    "img_size": 224,
    "crop_pct": 0.9,
    "interpolation": "bicubic"
}
Runtime: 376
