Validating in torch.float32. AMP not enabled.
Loading pretrained weights from Hugging Face hub (timm/vit_small_patch16_224.augreg_in1k)
[timm/vit_small_patch16_224.augreg_in1k] Safe alternative available for 'pytorch_model.bin' (as 'model.safetensors'). Loading weights using safetensors.
Model vit_small_patch16_224.augreg_in1k created, param count: 22050664
Data processing configuration for current model + dataset:
	input_size: (3, 224, 224)
	interpolation: bicubic
	mean: (0.5, 0.5, 0.5)
	std: (0.5, 0.5, 0.5)
	crop_pct: 0.9
	crop_mode: center
Test: [   0/196]  Time: 7.893s (7.893s,   32.43/s)  Loss:  1.2309 (1.2309)  Acc@1:  67.188 ( 67.188)  Acc@5:  91.797 ( 91.797)
Test: [  10/196]  Time: 0.125s (2.208s,  115.95/s)  Loss:  2.9511 (2.0484)  Acc@1:  33.984 ( 53.800)  Acc@5:  64.844 ( 77.202)
Test: [  20/196]  Time: 0.757s (2.214s,  115.65/s)  Loss:  2.1470 (2.0718)  Acc@1:  55.469 ( 54.501)  Acc@5:  69.922 ( 76.395)
Test: [  30/196]  Time: 0.125s (1.999s,  128.08/s)  Loss:  2.9037 (2.0391)  Acc@1:  34.766 ( 55.129)  Acc@5:  62.891 ( 77.004)
Test: [  40/196]  Time: 4.885s (2.014s,  127.13/s)  Loss:  3.2726 (2.2717)  Acc@1:  28.906 ( 50.162)  Acc@5:  58.984 ( 73.390)
Test: [  50/196]  Time: 0.125s (1.888s,  135.57/s)  Loss:  2.5631 (2.3463)  Acc@1:  41.016 ( 47.909)  Acc@5:  67.188 ( 72.449)
Test: [  60/196]  Time: 5.674s (1.952s,  131.16/s)  Loss:  2.5974 (2.3556)  Acc@1:  42.188 ( 47.816)  Acc@5:  71.875 ( 72.560)
Test: [  70/196]  Time: 0.124s (1.922s,  133.20/s)  Loss:  2.2539 (2.3170)  Acc@1:  47.656 ( 48.795)  Acc@5:  74.219 ( 73.256)
Test: [  80/196]  Time: 6.891s (2.006s,  127.60/s)  Loss:  3.4879 (2.3191)  Acc@1:  31.641 ( 48.862)  Acc@5:  55.078 ( 73.192)
Test: [  90/196]  Time: 0.123s (1.954s,  131.02/s)  Loss:  3.2615 (2.3619)  Acc@1:  31.641 ( 48.309)  Acc@5:  63.281 ( 72.575)
Test: [ 100/196]  Time: 6.543s (1.984s,  129.01/s)  Loss:  3.0123 (2.4447)  Acc@1:  39.453 ( 46.983)  Acc@5:  62.109 ( 71.183)
Test: [ 110/196]  Time: 0.124s (1.933s,  132.43/s)  Loss:  2.7070 (2.4809)  Acc@1:  44.922 ( 46.389)  Acc@5:  67.188 ( 70.654)
Test: [ 120/196]  Time: 6.676s (1.947s,  131.51/s)  Loss:  2.9614 (2.5124)  Acc@1:  40.625 ( 45.955)  Acc@5:  62.500 ( 70.222)
Test: [ 130/196]  Time: 0.124s (1.922s,  133.18/s)  Loss:  2.8887 (2.5466)  Acc@1:  35.156 ( 45.315)  Acc@5:  64.062 ( 69.630)
Test: [ 140/196]  Time: 7.463s (1.946s,  131.52/s)  Loss:  3.4014 (2.5513)  Acc@1:  32.422 ( 45.318)  Acc@5:  53.906 ( 69.476)
Test: [ 150/196]  Time: 0.124s (1.919s,  133.37/s)  Loss:  3.0571 (2.5712)  Acc@1:  38.672 ( 45.036)  Acc@5:  61.719 ( 69.151)
Test: [ 160/196]  Time: 6.881s (1.941s,  131.92/s)  Loss:  2.3557 (2.5794)  Acc@1:  51.172 ( 45.002)  Acc@5:  73.438 ( 69.005)
Test: [ 170/196]  Time: 0.125s (1.910s,  134.04/s)  Loss:  2.1934 (2.5997)  Acc@1:  47.266 ( 44.687)  Acc@5:  77.344 ( 68.679)
Test: [ 180/196]  Time: 7.023s (1.915s,  133.66/s)  Loss:  3.1758 (2.6147)  Acc@1:  33.984 ( 44.471)  Acc@5:  59.766 ( 68.398)
Test: [ 190/196]  Time: 0.124s (1.888s,  135.61/s)  Loss:  1.5874 (2.6093)  Acc@1:  57.422 ( 44.564)  Acc@5:  90.625 ( 68.578)
 * Acc@1 44.996 (55.004) Acc@5 68.950 (31.050)
