Validating in torch.float32. AMP not enabled.
Loading pretrained weights from Hugging Face hub (timm/vit_small_patch16_224.augreg_in21k_ft_in1k)
[timm/vit_small_patch16_224.augreg_in21k_ft_in1k] Safe alternative available for 'pytorch_model.bin' (as 'model.safetensors'). Loading weights using safetensors.
Model vit_small_patch16_224.augreg_in21k_ft_in1k created, param count: 22050664
Data processing configuration for current model + dataset:
	input_size: (3, 224, 224)
	interpolation: bicubic
	mean: (0.5, 0.5, 0.5)
	std: (0.5, 0.5, 0.5)
	crop_pct: 0.9
	crop_mode: center
Test: [   0/196]  Time: 0.860s (0.860s,  297.59/s)  Loss:  0.8647 (0.8647)  Acc@1:  75.000 ( 75.000)  Acc@5:  94.141 ( 94.141)
Test: [  10/196]  Time: 0.132s (0.221s, 1160.20/s)  Loss:  2.1115 (1.3361)  Acc@1:  46.094 ( 66.158)  Acc@5:  81.641 ( 88.494)
Test: [  20/196]  Time: 0.131s (0.179s, 1431.87/s)  Loss:  1.4180 (1.3729)  Acc@1:  71.094 ( 66.164)  Acc@5:  87.109 ( 87.835)
Test: [  30/196]  Time: 0.132s (0.168s, 1523.09/s)  Loss:  1.7397 (1.3152)  Acc@1:  59.375 ( 67.477)  Acc@5:  83.984 ( 88.382)
Test: [  40/196]  Time: 0.133s (0.160s, 1599.13/s)  Loss:  2.2468 (1.5172)  Acc@1:  48.047 ( 62.557)  Acc@5:  74.609 ( 85.471)
Test: [  50/196]  Time: 0.132s (0.155s, 1649.85/s)  Loss:  1.8628 (1.6093)  Acc@1:  53.906 ( 59.796)  Acc@5:  80.859 ( 84.298)
Test: [  60/196]  Time: 0.131s (0.154s, 1662.50/s)  Loss:  1.5895 (1.6041)  Acc@1:  62.500 ( 59.874)  Acc@5:  84.766 ( 84.503)
Test: [  70/196]  Time: 0.135s (0.153s, 1674.11/s)  Loss:  1.3981 (1.5574)  Acc@1:  62.891 ( 61.136)  Acc@5:  89.062 ( 84.997)
Test: [  80/196]  Time: 0.131s (0.152s, 1687.17/s)  Loss:  2.4471 (1.5539)  Acc@1:  48.438 ( 61.323)  Acc@5:  74.219 ( 85.079)
Test: [  90/196]  Time: 0.133s (0.150s, 1710.32/s)  Loss:  2.2115 (1.5977)  Acc@1:  50.781 ( 60.822)  Acc@5:  78.516 ( 84.345)
Test: [ 100/196]  Time: 0.131s (0.149s, 1716.14/s)  Loss:  2.1951 (1.6779)  Acc@1:  47.656 ( 59.452)  Acc@5:  73.828 ( 83.095)
Test: [ 110/196]  Time: 0.243s (0.149s, 1712.83/s)  Loss:  1.8955 (1.7168)  Acc@1:  58.203 ( 58.805)  Acc@5:  77.344 ( 82.492)
Test: [ 120/196]  Time: 0.135s (0.148s, 1724.67/s)  Loss:  2.3256 (1.7384)  Acc@1:  52.344 ( 58.668)  Acc@5:  71.875 ( 82.118)
Test: [ 130/196]  Time: 0.215s (0.148s, 1726.41/s)  Loss:  2.2056 (1.7660)  Acc@1:  47.266 ( 58.093)  Acc@5:  75.000 ( 81.712)
Test: [ 140/196]  Time: 0.132s (0.148s, 1730.83/s)  Loss:  2.3758 (1.7715)  Acc@1:  46.484 ( 58.103)  Acc@5:  70.312 ( 81.555)
Test: [ 150/196]  Time: 0.251s (0.148s, 1729.67/s)  Loss:  1.6940 (1.7833)  Acc@1:  63.281 ( 58.040)  Acc@5:  81.250 ( 81.312)
Test: [ 160/196]  Time: 0.133s (0.147s, 1740.82/s)  Loss:  1.6543 (1.7916)  Acc@1:  64.062 ( 57.934)  Acc@5:  80.859 ( 81.143)
Test: [ 170/196]  Time: 0.135s (0.146s, 1750.28/s)  Loss:  1.6224 (1.8136)  Acc@1:  58.203 ( 57.630)  Acc@5:  86.719 ( 80.862)
Test: [ 180/196]  Time: 0.132s (0.146s, 1758.49/s)  Loss:  2.8083 (1.8364)  Acc@1:  41.797 ( 57.202)  Acc@5:  69.531 ( 80.577)
Test: [ 190/196]  Time: 0.131s (0.145s, 1762.24/s)  Loss:  1.4129 (1.8390)  Acc@1:  60.156 ( 57.174)  Acc@5:  91.406 ( 80.589)
 * Acc@1 57.510 (42.490) Acc@5 80.790 (19.210)
