Validating in torch.float32. AMP not enabled.
Loading pretrained weights from Hugging Face hub (timm/vit_small_patch16_224.augreg_in21k_ft_in1k)
[timm/vit_small_patch16_224.augreg_in21k_ft_in1k] Safe alternative available for 'pytorch_model.bin' (as 'model.safetensors'). Loading weights using safetensors.
Model vit_small_patch16_224.augreg_in21k_ft_in1k created, param count: 22050664
Data processing configuration for current model + dataset:
	input_size: (3, 224, 224)
	interpolation: bicubic
	mean: (0.5, 0.5, 0.5)
	std: (0.5, 0.5, 0.5)
	crop_pct: 0.9
	crop_mode: center
Test: [   0/196]  Time: 1.718s (1.718s,  149.03/s)  Loss:  0.3464 (0.3464)  Acc@1:  90.625 ( 90.625)  Acc@5:  98.828 ( 98.828)
Test: [  10/196]  Time: 0.129s (0.398s,  642.44/s)  Loss:  0.7469 (0.4635)  Acc@1:  80.469 ( 87.003)  Acc@5:  95.703 ( 98.011)
Test: [  20/196]  Time: 0.337s (0.363s,  704.69/s)  Loss:  0.4574 (0.4832)  Acc@1:  89.062 ( 86.235)  Acc@5:  97.266 ( 97.638)
Test: [  30/196]  Time: 0.131s (0.336s,  762.39/s)  Loss:  0.6660 (0.4546)  Acc@1:  81.250 ( 87.147)  Acc@5:  96.875 ( 97.820)
Test: [  40/196]  Time: 0.964s (0.343s,  747.02/s)  Loss:  0.6334 (0.5288)  Acc@1:  83.203 ( 85.080)  Acc@5:  95.312 ( 97.456)
Test: [  50/196]  Time: 0.129s (0.322s,  794.53/s)  Loss:  0.3776 (0.5469)  Acc@1:  91.406 ( 84.597)  Acc@5:  97.656 ( 97.373)
Test: [  60/196]  Time: 0.927s (0.330s,  775.28/s)  Loss:  0.5661 (0.5604)  Acc@1:  82.812 ( 84.221)  Acc@5:  97.266 ( 97.407)
Test: [  70/196]  Time: 0.128s (0.318s,  806.29/s)  Loss:  0.5661 (0.5417)  Acc@1:  83.984 ( 84.683)  Acc@5:  98.438 ( 97.519)
Test: [  80/196]  Time: 0.743s (0.321s,  798.00/s)  Loss:  0.9552 (0.5588)  Acc@1:  73.047 ( 84.385)  Acc@5:  94.531 ( 97.280)
Test: [  90/196]  Time: 0.131s (0.315s,  813.87/s)  Loss:  1.1884 (0.5798)  Acc@1:  66.406 ( 83.774)  Acc@5:  92.969 ( 97.111)
Test: [ 100/196]  Time: 0.713s (0.316s,  809.98/s)  Loss:  0.7967 (0.6102)  Acc@1:  72.656 ( 82.878)  Acc@5:  95.312 ( 96.856)
Test: [ 110/196]  Time: 0.611s (0.315s,  811.88/s)  Loss:  0.4472 (0.6172)  Acc@1:  88.672 ( 82.795)  Acc@5:  98.047 ( 96.773)
Test: [ 120/196]  Time: 0.129s (0.314s,  814.26/s)  Loss:  0.8248 (0.6208)  Acc@1:  77.734 ( 82.858)  Acc@5:  94.531 ( 96.662)
Test: [ 130/196]  Time: 0.501s (0.313s,  816.60/s)  Loss:  0.3631 (0.6392)  Acc@1:  87.891 ( 82.285)  Acc@5:  98.438 ( 96.505)
Test: [ 140/196]  Time: 0.514s (0.314s,  816.55/s)  Loss:  0.7000 (0.6466)  Acc@1:  82.812 ( 82.153)  Acc@5:  96.484 ( 96.446)
Test: [ 150/196]  Time: 0.413s (0.313s,  818.93/s)  Loss:  0.6707 (0.6539)  Acc@1:  83.984 ( 81.980)  Acc@5:  94.922 ( 96.319)
Test: [ 160/196]  Time: 0.806s (0.314s,  815.24/s)  Loss:  0.5293 (0.6602)  Acc@1:  85.156 ( 81.823)  Acc@5:  96.484 ( 96.230)
Test: [ 170/196]  Time: 0.130s (0.310s,  825.96/s)  Loss:  0.4103 (0.6691)  Acc@1:  87.500 ( 81.506)  Acc@5:  98.828 ( 96.158)
Test: [ 180/196]  Time: 0.561s (0.309s,  828.19/s)  Loss:  0.7792 (0.6773)  Acc@1:  77.734 ( 81.267)  Acc@5:  96.094 ( 96.085)
Test: [ 190/196]  Time: 0.672s (0.309s,  829.31/s)  Loss:  0.9171 (0.6755)  Acc@1:  73.047 ( 81.270)  Acc@5:  96.875 ( 96.112)
 * Acc@1 81.376 (18.624) Acc@5 96.144 (3.856)
