no change     /work/mfatima/miniconda3/condabin/conda
no change     /work/mfatima/miniconda3/bin/conda
no change     /work/mfatima/miniconda3/bin/conda-env
no change     /work/mfatima/miniconda3/bin/activate
no change     /work/mfatima/miniconda3/bin/deactivate
no change     /work/mfatima/miniconda3/etc/profile.d/conda.sh
no change     /work/mfatima/miniconda3/etc/fish/conf.d/conda.fish
no change     /work/mfatima/miniconda3/shell/condabin/Conda.psm1
no change     /work/mfatima/miniconda3/shell/condabin/conda-hook.ps1
no change     /work/mfatima/miniconda3/lib/python3.11/site-packages/xontrib/conda.xsh
no change     /work/mfatima/miniconda3/etc/profile.d/conda.csh
no change     /home/mfatima/.bashrc
No action taken.
Started at Sat Jun 14 01:20:07 CEST 2025
Running job: Eva array id: 3 using 8 cpus per node with given JID 34097 on queue gpu-vram-48gb
Running zero-shot inference on ImageNet...

✅ Zero-shot CLIP ViT-B/32 Results on ImageNet:
Top-1 Accuracy: 4.18%
Top-5 Accuracy: 11.47%
Runtime: 32
