Validating in torch.float32. AMP not enabled.
Loading pretrained weights from Hugging Face hub (timm/convnext_base.fb_in1k)
[timm/convnext_base.fb_in1k] Safe alternative available for 'pytorch_model.bin' (as 'model.safetensors'). Loading weights using safetensors.
Model convnext_base.fb_in1k created, param count: 88591464
Data processing configuration for current model + dataset:
	input_size: (3, 288, 288)
	interpolation: bicubic
	mean: (0.485, 0.456, 0.406)
	std: (0.229, 0.224, 0.225)
	crop_pct: 1.0
	crop_mode: center
Test: [   0/196]  Time: 1.231s (1.231s,  207.99/s)  Loss:  4.8101 (4.8101)  Acc@1:   7.422 (  7.422)  Acc@5:  35.938 ( 35.938)
Test: [  10/196]  Time: 0.560s (0.620s,  413.15/s)  Loss:  5.2772 (4.7887)  Acc@1:   7.812 (  8.381)  Acc@5:  28.906 ( 35.014)
Test: [  20/196]  Time: 0.562s (0.591s,  433.00/s)  Loss:  5.1115 (4.7471)  Acc@1:   5.469 (  8.724)  Acc@5:  30.078 ( 36.700)
Test: [  30/196]  Time: 0.560s (0.581s,  440.25/s)  Loss:  4.3289 (4.6670)  Acc@1:   7.812 (  8.808)  Acc@5:  41.406 ( 38.659)
Test: [  40/196]  Time: 0.561s (0.577s,  443.85/s)  Loss:  4.6873 (4.6084)  Acc@1:   9.375 (  8.937)  Acc@5:  34.375 ( 39.129)
Test: [  50/196]  Time: 0.562s (0.574s,  445.95/s)  Loss:  3.9781 (4.5142)  Acc@1:  12.891 (  9.490)  Acc@5:  51.953 ( 40.587)
Test: [  60/196]  Time: 0.565s (0.572s,  447.39/s)  Loss:  5.1003 (4.4953)  Acc@1:   5.078 (  9.375)  Acc@5:  28.125 ( 40.721)
Test: [  70/196]  Time: 0.565s (0.571s,  448.36/s)  Loss:  4.1787 (4.4924)  Acc@1:  11.328 (  9.364)  Acc@5:  49.219 ( 40.702)
Test: [  80/196]  Time: 0.562s (0.570s,  449.12/s)  Loss:  5.8448 (4.5253)  Acc@1:   2.734 (  9.124)  Acc@5:  16.797 ( 39.984)
Test: [  90/196]  Time: 0.563s (0.569s,  449.66/s)  Loss:  5.5957 (4.6255)  Acc@1:   4.688 (  8.868)  Acc@5:  23.828 ( 38.414)
Test: [ 100/196]  Time: 0.565s (0.569s,  450.03/s)  Loss:  5.5067 (4.7329)  Acc@1:   2.734 (  8.369)  Acc@5:  33.594 ( 36.622)
Test: [ 110/196]  Time: 0.564s (0.569s,  450.31/s)  Loss:  5.5511 (4.8098)  Acc@1:   6.250 (  8.083)  Acc@5:  23.438 ( 35.413)
Test: [ 120/196]  Time: 0.565s (0.568s,  450.55/s)  Loss:  5.6898 (4.8676)  Acc@1:   2.734 (  7.835)  Acc@5:  16.797 ( 34.514)
Test: [ 130/196]  Time: 0.568s (0.568s,  450.69/s)  Loss:  5.1368 (4.9021)  Acc@1:   2.734 (  7.589)  Acc@5:  27.734 ( 33.958)
Test: [ 140/196]  Time: 0.566s (0.568s,  450.77/s)  Loss:  5.9420 (4.9349)  Acc@1:   6.250 (  7.571)  Acc@5:  21.875 ( 33.566)
Test: [ 150/196]  Time: 0.564s (0.568s,  450.85/s)  Loss:  5.3083 (4.9695)  Acc@1:   6.641 (  7.492)  Acc@5:  33.594 ( 33.188)
Test: [ 160/196]  Time: 0.567s (0.568s,  450.90/s)  Loss:  5.0036 (4.9895)  Acc@1:   6.250 (  7.451)  Acc@5:  28.125 ( 32.781)
Test: [ 170/196]  Time: 0.565s (0.568s,  450.97/s)  Loss:  5.0957 (5.0179)  Acc@1:   2.734 (  7.344)  Acc@5:  21.484 ( 32.257)
Test: [ 180/196]  Time: 0.566s (0.568s,  451.02/s)  Loss:  6.2171 (5.0492)  Acc@1:   0.391 (  7.204)  Acc@5:  16.797 ( 31.800)
Test: [ 190/196]  Time: 0.566s (0.568s,  451.06/s)  Loss:  5.8165 (5.0453)  Acc@1:   1.172 (  7.172)  Acc@5:  24.219 ( 31.892)
 * Acc@1 7.122 (92.878) Acc@5 31.870 (68.130)
