Validating in torch.float32. AMP not enabled.
Loading pretrained weights from Hugging Face hub (timm/convnext_base.fb_in1k)
[timm/convnext_base.fb_in1k] Safe alternative available for 'pytorch_model.bin' (as 'model.safetensors'). Loading weights using safetensors.
Model convnext_base.fb_in1k created, param count: 88591464
Data processing configuration for current model + dataset:
	input_size: (3, 288, 288)
	interpolation: bicubic
	mean: (0.485, 0.456, 0.406)
	std: (0.229, 0.224, 0.225)
	crop_pct: 1.0
	crop_mode: center
Test: [   0/196]  Time: 4.842s (4.842s,   52.87/s)  Loss:  2.3986 (2.3986)  Acc@1:  37.891 ( 37.891)  Acc@5:  85.547 ( 85.547)
Test: [  10/196]  Time: 0.559s (1.257s,  203.67/s)  Loss:  3.1641 (2.6486)  Acc@1:  33.594 ( 34.411)  Acc@5:  70.312 ( 81.605)
Test: [  20/196]  Time: 0.797s (1.113s,  230.07/s)  Loss:  2.7923 (2.6904)  Acc@1:  34.766 ( 34.319)  Acc@5:  84.375 ( 80.748)
Test: [  30/196]  Time: 0.563s (1.060s,  241.49/s)  Loss:  2.5871 (2.6367)  Acc@1:  36.328 ( 35.018)  Acc@5:  83.203 ( 82.094)
Test: [  40/196]  Time: 1.182s (1.035s,  247.35/s)  Loss:  2.2734 (2.6239)  Acc@1:  46.484 ( 35.480)  Acc@5:  88.281 ( 82.269)
Test: [  50/196]  Time: 0.561s (1.045s,  244.91/s)  Loss:  2.1129 (2.5894)  Acc@1:  46.875 ( 36.190)  Acc@5:  92.578 ( 82.912)
Test: [  60/196]  Time: 0.562s (1.026s,  249.50/s)  Loss:  2.8616 (2.6012)  Acc@1:  36.719 ( 35.585)  Acc@5:  75.781 ( 82.806)
Test: [  70/196]  Time: 0.562s (1.002s,  255.47/s)  Loss:  2.7418 (2.6129)  Acc@1:  28.516 ( 34.997)  Acc@5:  83.203 ( 82.818)
Test: [  80/196]  Time: 0.562s (0.998s,  256.58/s)  Loss:  3.1408 (2.6265)  Acc@1:  31.250 ( 34.978)  Acc@5:  73.047 ( 82.523)
Test: [  90/196]  Time: 0.563s (1.013s,  252.59/s)  Loss:  2.8831 (2.6808)  Acc@1:  32.422 ( 34.366)  Acc@5:  73.438 ( 81.083)
Test: [ 100/196]  Time: 0.564s (1.002s,  255.54/s)  Loss:  2.4508 (2.7110)  Acc@1:  37.891 ( 34.011)  Acc@5:  85.547 ( 80.179)
Test: [ 110/196]  Time: 0.562s (1.020s,  250.92/s)  Loss:  2.7094 (2.7392)  Acc@1:  39.844 ( 33.710)  Acc@5:  79.297 ( 79.540)
Test: [ 120/196]  Time: 0.563s (1.016s,  252.08/s)  Loss:  3.0425 (2.7543)  Acc@1:  33.203 ( 33.555)  Acc@5:  69.531 ( 79.006)
Test: [ 130/196]  Time: 0.768s (1.018s,  251.44/s)  Loss:  2.4770 (2.7664)  Acc@1:  35.156 ( 33.352)  Acc@5:  85.156 ( 78.644)
Test: [ 140/196]  Time: 0.562s (1.018s,  251.43/s)  Loss:  3.2908 (2.7829)  Acc@1:  25.781 ( 33.264)  Acc@5:  67.188 ( 78.216)
Test: [ 150/196]  Time: 0.667s (1.012s,  253.03/s)  Loss:  2.8452 (2.8003)  Acc@1:  35.156 ( 33.239)  Acc@5:  77.734 ( 77.809)
Test: [ 160/196]  Time: 0.561s (1.006s,  254.55/s)  Loss:  2.7696 (2.8114)  Acc@1:  32.422 ( 33.225)  Acc@5:  75.391 ( 77.436)
Test: [ 170/196]  Time: 0.565s (1.005s,  254.82/s)  Loss:  2.7993 (2.8240)  Acc@1:  28.906 ( 33.030)  Acc@5:  77.344 ( 77.138)
Test: [ 180/196]  Time: 0.565s (1.008s,  254.01/s)  Loss:  3.2642 (2.8430)  Acc@1:  22.266 ( 32.651)  Acc@5:  70.312 ( 76.731)
Test: [ 190/196]  Time: 0.563s (1.007s,  254.22/s)  Loss:  4.2121 (2.8489)  Acc@1:  10.156 ( 32.551)  Acc@5:  51.953 ( 76.587)
 * Acc@1 32.278 (67.722) Acc@5 76.448 (23.552)
