Validating in torch.float32. AMP not enabled.
Loading pretrained weights from Hugging Face hub (timm/convnext_base.fb_in1k)
[timm/convnext_base.fb_in1k] Safe alternative available for 'pytorch_model.bin' (as 'model.safetensors'). Loading weights using safetensors.
Model convnext_base.fb_in1k created, param count: 88591464
Data processing configuration for current model + dataset:
	input_size: (3, 288, 288)
	interpolation: bicubic
	mean: (0.485, 0.456, 0.406)
	std: (0.229, 0.224, 0.225)
	crop_pct: 1.0
	crop_mode: center
Test: [   0/196]  Time: 5.230s (5.230s,   48.95/s)  Loss:  0.8562 (0.8562)  Acc@1:  84.375 ( 84.375)  Acc@5:  97.656 ( 97.656)
Test: [  10/196]  Time: 0.559s (1.261s,  203.01/s)  Loss:  2.2913 (1.6855)  Acc@1:  51.562 ( 66.903)  Acc@5:  80.859 ( 90.554)
Test: [  20/196]  Time: 0.563s (1.139s,  224.76/s)  Loss:  1.4092 (1.6781)  Acc@1:  79.688 ( 68.136)  Acc@5:  90.625 ( 90.309)
Test: [  30/196]  Time: 0.561s (1.070s,  239.22/s)  Loss:  1.7861 (1.5984)  Acc@1:  66.797 ( 70.653)  Acc@5:  92.578 ( 91.154)
Test: [  40/196]  Time: 0.562s (1.071s,  239.00/s)  Loss:  1.9503 (1.6984)  Acc@1:  63.672 ( 68.655)  Acc@5:  91.406 ( 90.901)
Test: [  50/196]  Time: 0.561s (1.046s,  244.78/s)  Loss:  1.5344 (1.7246)  Acc@1:  74.219 ( 68.045)  Acc@5:  94.141 ( 91.023)
Test: [  60/196]  Time: 0.561s (1.019s,  251.18/s)  Loss:  1.7360 (1.7319)  Acc@1:  65.234 ( 68.001)  Acc@5:  90.625 ( 91.022)
Test: [  70/196]  Time: 0.571s (1.014s,  252.44/s)  Loss:  1.7953 (1.7067)  Acc@1:  64.062 ( 68.475)  Acc@5:  94.141 ( 91.324)
Test: [  80/196]  Time: 0.561s (1.016s,  252.03/s)  Loss:  2.4998 (1.7098)  Acc@1:  49.219 ( 68.128)  Acc@5:  76.562 ( 91.069)
Test: [  90/196]  Time: 2.223s (1.025s,  249.75/s)  Loss:  2.0456 (1.7343)  Acc@1:  55.859 ( 67.119)  Acc@5:  82.812 ( 90.114)
Test: [ 100/196]  Time: 0.560s (1.010s,  253.36/s)  Loss:  1.8589 (1.7894)  Acc@1:  59.766 ( 65.524)  Acc@5:  87.500 ( 88.885)
Test: [ 110/196]  Time: 1.325s (1.006s,  254.39/s)  Loss:  1.7059 (1.8007)  Acc@1:  64.844 ( 64.889)  Acc@5:  85.547 ( 88.461)
Test: [ 120/196]  Time: 0.563s (0.995s,  257.17/s)  Loss:  2.0525 (1.8046)  Acc@1:  57.422 ( 64.637)  Acc@5:  82.422 ( 88.152)
Test: [ 130/196]  Time: 1.409s (0.993s,  257.72/s)  Loss:  1.5712 (1.8206)  Acc@1:  64.453 ( 63.913)  Acc@5:  92.578 ( 87.837)
Test: [ 140/196]  Time: 0.565s (0.992s,  258.11/s)  Loss:  2.4689 (1.8218)  Acc@1:  46.484 ( 63.730)  Acc@5:  75.000 ( 87.600)
Test: [ 150/196]  Time: 1.528s (0.993s,  257.84/s)  Loss:  2.1173 (1.8355)  Acc@1:  59.375 ( 63.336)  Acc@5:  79.297 ( 87.166)
Test: [ 160/196]  Time: 1.159s (0.994s,  257.43/s)  Loss:  1.3376 (1.8375)  Acc@1:  77.344 ( 63.230)  Acc@5:  90.234 ( 86.925)
Test: [ 170/196]  Time: 0.562s (0.992s,  258.07/s)  Loss:  1.3101 (1.8508)  Acc@1:  68.359 ( 62.758)  Acc@5:  94.922 ( 86.655)
Test: [ 180/196]  Time: 2.150s (0.993s,  257.79/s)  Loss:  2.5145 (1.8703)  Acc@1:  47.656 ( 62.211)  Acc@5:  73.047 ( 86.259)
Test: [ 190/196]  Time: 0.562s (0.989s,  258.82/s)  Loss:  1.4135 (1.8694)  Acc@1:  63.672 ( 61.968)  Acc@5:  94.922 ( 86.326)
 * Acc@1 62.176 (37.824) Acc@5 86.442 (13.558)
