Validating in torch.float32. AMP not enabled.
Loading pretrained weights from Hugging Face hub (timm/convnext_base.fb_in1k)
[timm/convnext_base.fb_in1k] Safe alternative available for 'pytorch_model.bin' (as 'model.safetensors'). Loading weights using safetensors.
Model convnext_base.fb_in1k created, param count: 88591464
Data processing configuration for current model + dataset:
	input_size: (3, 288, 288)
	interpolation: bicubic
	mean: (0.485, 0.456, 0.406)
	std: (0.229, 0.224, 0.225)
	crop_pct: 1.0
	crop_mode: center
Test: [   0/196]  Time: 4.642s (4.642s,   55.15/s)  Loss:  1.1149 (1.1149)  Acc@1:  80.859 ( 80.859)  Acc@5:  98.438 ( 98.438)
Test: [  10/196]  Time: 0.563s (1.226s,  208.84/s)  Loss:  2.7341 (2.0335)  Acc@1:  41.406 ( 58.771)  Acc@5:  71.875 ( 88.068)
Test: [  20/196]  Time: 0.916s (1.135s,  225.57/s)  Loss:  1.7624 (2.0299)  Acc@1:  69.922 ( 60.100)  Acc@5:  91.016 ( 88.095)
Test: [  30/196]  Time: 0.561s (1.050s,  243.73/s)  Loss:  2.3916 (1.9393)  Acc@1:  50.781 ( 62.601)  Acc@5:  85.547 ( 89.012)
Test: [  40/196]  Time: 2.369s (1.064s,  240.60/s)  Loss:  2.3780 (2.0687)  Acc@1:  50.391 ( 59.232)  Acc@5:  85.547 ( 87.462)
Test: [  50/196]  Time: 0.560s (1.021s,  250.76/s)  Loss:  2.1796 (2.1275)  Acc@1:  55.859 ( 57.307)  Acc@5:  89.844 ( 86.972)
Test: [  60/196]  Time: 1.396s (1.031s,  248.23/s)  Loss:  2.2144 (2.1441)  Acc@1:  48.438 ( 57.012)  Acc@5:  86.328 ( 87.033)
Test: [  70/196]  Time: 0.563s (1.013s,  252.74/s)  Loss:  2.1719 (2.1143)  Acc@1:  53.516 ( 57.625)  Acc@5:  86.719 ( 87.577)
Test: [  80/196]  Time: 0.561s (0.998s,  256.51/s)  Loss:  2.7248 (2.1153)  Acc@1:  39.844 ( 57.407)  Acc@5:  74.219 ( 87.360)
Test: [  90/196]  Time: 0.561s (0.997s,  256.71/s)  Loss:  2.4305 (2.1297)  Acc@1:  46.094 ( 56.688)  Acc@5:  79.297 ( 86.611)
Test: [ 100/196]  Time: 0.967s (0.987s,  259.46/s)  Loss:  2.3845 (2.1716)  Acc@1:  44.922 ( 55.357)  Acc@5:  80.469 ( 85.570)
Test: [ 110/196]  Time: 0.561s (0.991s,  258.38/s)  Loss:  2.0998 (2.1727)  Acc@1:  51.172 ( 54.958)  Acc@5:  85.547 ( 85.279)
Test: [ 120/196]  Time: 1.279s (0.982s,  260.79/s)  Loss:  2.3035 (2.1746)  Acc@1:  51.562 ( 54.807)  Acc@5:  81.641 ( 85.001)
Test: [ 130/196]  Time: 0.562s (0.978s,  261.69/s)  Loss:  1.9926 (2.1858)  Acc@1:  55.469 ( 54.374)  Acc@5:  91.016 ( 84.724)
Test: [ 140/196]  Time: 0.743s (0.975s,  262.50/s)  Loss:  2.6994 (2.1788)  Acc@1:  40.625 ( 54.405)  Acc@5:  71.875 ( 84.658)
Test: [ 150/196]  Time: 2.031s (0.977s,  261.94/s)  Loss:  2.3316 (2.1887)  Acc@1:  50.391 ( 54.193)  Acc@5:  81.250 ( 84.253)
Test: [ 160/196]  Time: 0.563s (0.971s,  263.71/s)  Loss:  1.7050 (2.1912)  Acc@1:  62.109 ( 54.120)  Acc@5:  90.234 ( 84.081)
Test: [ 170/196]  Time: 1.436s (0.973s,  263.07/s)  Loss:  1.7627 (2.2022)  Acc@1:  60.547 ( 53.790)  Acc@5:  91.016 ( 83.820)
Test: [ 180/196]  Time: 0.561s (0.968s,  264.37/s)  Loss:  2.6586 (2.2208)  Acc@1:  43.750 ( 53.293)  Acc@5:  73.047 ( 83.363)
Test: [ 190/196]  Time: 1.352s (0.969s,  264.32/s)  Loss:  1.5086 (2.2210)  Acc@1:  68.750 ( 52.990)  Acc@5:  92.969 ( 83.473)
 * Acc@1 53.254 (46.746) Acc@5 83.584 (16.416)
