Validating in torch.float32. AMP not enabled.
Loading pretrained weights from Hugging Face hub (timm/convnext_base.fb_in1k)
[timm/convnext_base.fb_in1k] Safe alternative available for 'pytorch_model.bin' (as 'model.safetensors'). Loading weights using safetensors.
Model convnext_base.fb_in1k created, param count: 88591464
Data processing configuration for current model + dataset:
	input_size: (3, 288, 288)
	interpolation: bicubic
	mean: (0.485, 0.456, 0.406)
	std: (0.229, 0.224, 0.225)
	crop_pct: 1.0
	crop_mode: center
Test: [   0/196]  Time: 1.202s (1.202s,  213.00/s)  Loss:  0.8042 (0.8042)  Acc@1:  89.844 ( 89.844)  Acc@5:  98.828 ( 98.828)
Test: [  10/196]  Time: 0.559s (0.618s,  414.29/s)  Loss:  1.9631 (1.3728)  Acc@1:  63.281 ( 78.658)  Acc@5:  88.281 ( 95.277)
Test: [  20/196]  Time: 0.560s (0.591s,  433.45/s)  Loss:  1.2063 (1.3861)  Acc@1:  86.328 ( 78.571)  Acc@5:  95.312 ( 94.680)
Test: [  30/196]  Time: 0.559s (0.581s,  440.51/s)  Loss:  1.4200 (1.3069)  Acc@1:  78.906 ( 80.557)  Acc@5:  94.531 ( 95.199)
Test: [  40/196]  Time: 0.562s (0.576s,  444.10/s)  Loss:  1.2463 (1.3283)  Acc@1:  81.641 ( 79.735)  Acc@5:  96.484 ( 95.170)
Test: [  50/196]  Time: 0.562s (0.574s,  446.27/s)  Loss:  1.1551 (1.3215)  Acc@1:  85.938 ( 79.887)  Acc@5:  96.484 ( 95.389)
Test: [  60/196]  Time: 0.564s (0.572s,  447.68/s)  Loss:  1.3852 (1.3357)  Acc@1:  76.562 ( 79.707)  Acc@5:  95.312 ( 95.377)
Test: [  70/196]  Time: 0.562s (0.571s,  448.65/s)  Loss:  1.3972 (1.3260)  Acc@1:  77.344 ( 80.007)  Acc@5:  95.703 ( 95.560)
Test: [  80/196]  Time: 0.562s (0.570s,  449.33/s)  Loss:  1.8343 (1.3362)  Acc@1:  64.062 ( 79.649)  Acc@5:  86.328 ( 95.298)
Test: [  90/196]  Time: 0.564s (0.569s,  449.82/s)  Loss:  1.7067 (1.3602)  Acc@1:  62.500 ( 78.468)  Acc@5:  87.500 ( 94.574)
Test: [ 100/196]  Time: 0.564s (0.569s,  450.15/s)  Loss:  1.4830 (1.3938)  Acc@1:  70.703 ( 77.100)  Acc@5:  92.188 ( 93.909)
Test: [ 110/196]  Time: 0.566s (0.568s,  450.39/s)  Loss:  1.4571 (1.4066)  Acc@1:  71.875 ( 76.376)  Acc@5:  92.188 ( 93.630)
Test: [ 120/196]  Time: 0.567s (0.568s,  450.60/s)  Loss:  1.6436 (1.4108)  Acc@1:  65.625 ( 76.010)  Acc@5:  86.328 ( 93.414)
Test: [ 130/196]  Time: 0.565s (0.568s,  450.75/s)  Loss:  1.1868 (1.4246)  Acc@1:  78.516 ( 75.292)  Acc@5:  97.656 ( 93.163)
Test: [ 140/196]  Time: 0.564s (0.568s,  450.96/s)  Loss:  1.5925 (1.4236)  Acc@1:  66.016 ( 75.075)  Acc@5:  89.844 ( 93.074)
Test: [ 150/196]  Time: 0.566s (0.567s,  451.11/s)  Loss:  1.5560 (1.4347)  Acc@1:  72.656 ( 74.677)  Acc@5:  89.062 ( 92.795)
Test: [ 160/196]  Time: 0.564s (0.567s,  451.26/s)  Loss:  1.1284 (1.4417)  Acc@1:  81.641 ( 74.406)  Acc@5:  95.703 ( 92.617)
Test: [ 170/196]  Time: 0.565s (0.567s,  451.40/s)  Loss:  1.0908 (1.4534)  Acc@1:  82.812 ( 73.988)  Acc@5:  96.875 ( 92.430)
Test: [ 180/196]  Time: 0.564s (0.567s,  451.52/s)  Loss:  1.9162 (1.4705)  Acc@1:  62.891 ( 73.386)  Acc@5:  83.984 ( 92.213)
Test: [ 190/196]  Time: 0.564s (0.567s,  451.63/s)  Loss:  1.4802 (1.4721)  Acc@1:  65.625 ( 73.157)  Acc@5:  94.531 ( 92.208)
 * Acc@1 73.206 (26.794) Acc@5 92.236 (7.764)
