Validating in torch.float32. AMP not enabled.
Loading pretrained weights from Hugging Face hub (timm/convnext_base.fb_in1k)
[timm/convnext_base.fb_in1k] Safe alternative available for 'pytorch_model.bin' (as 'model.safetensors'). Loading weights using safetensors.
Model convnext_base.fb_in1k created, param count: 88591464
Data processing configuration for current model + dataset:
	input_size: (3, 288, 288)
	interpolation: bicubic
	mean: (0.485, 0.456, 0.406)
	std: (0.229, 0.224, 0.225)
	crop_pct: 1.0
	crop_mode: center
Test: [   0/196]  Time: 4.711s (4.711s,   54.34/s)  Loss:  2.2018 (2.2018)  Acc@1:  42.578 ( 42.578)  Acc@5:  94.141 ( 94.141)
Test: [  10/196]  Time: 0.562s (1.210s,  211.64/s)  Loss:  2.7792 (2.4160)  Acc@1:  35.156 ( 38.388)  Acc@5:  76.172 ( 88.281)
Test: [  20/196]  Time: 1.138s (1.123s,  228.00/s)  Loss:  2.4777 (2.4460)  Acc@1:  43.359 ( 38.895)  Acc@5:  89.453 ( 88.114)
Test: [  30/196]  Time: 0.570s (1.056s,  242.33/s)  Loss:  2.3562 (2.3977)  Acc@1:  41.797 ( 39.428)  Acc@5:  89.844 ( 89.327)
Test: [  40/196]  Time: 0.657s (1.026s,  249.54/s)  Loss:  2.3197 (2.3872)  Acc@1:  45.312 ( 40.587)  Acc@5:  89.844 ( 89.034)
Test: [  50/196]  Time: 0.563s (1.063s,  240.81/s)  Loss:  1.9753 (2.3455)  Acc@1:  55.469 ( 41.322)  Acc@5:  90.625 ( 89.354)
Test: [  60/196]  Time: 0.563s (1.064s,  240.67/s)  Loss:  2.6943 (2.3549)  Acc@1:  33.594 ( 40.849)  Acc@5:  85.938 ( 89.223)
Test: [  70/196]  Time: 0.564s (1.104s,  231.78/s)  Loss:  2.3036 (2.3574)  Acc@1:  39.844 ( 40.845)  Acc@5:  90.234 ( 89.404)
Test: [  80/196]  Time: 0.562s (1.101s,  232.51/s)  Loss:  3.1104 (2.3734)  Acc@1:  34.766 ( 40.784)  Acc@5:  74.219 ( 89.053)
Test: [  90/196]  Time: 0.563s (1.141s,  224.42/s)  Loss:  2.8109 (2.4315)  Acc@1:  29.297 ( 39.749)  Acc@5:  80.469 ( 87.663)
Test: [ 100/196]  Time: 0.565s (1.127s,  227.08/s)  Loss:  2.4264 (2.4744)  Acc@1:  32.422 ( 39.004)  Acc@5:  88.281 ( 86.576)
Test: [ 110/196]  Time: 0.562s (1.121s,  228.38/s)  Loss:  2.3670 (2.5032)  Acc@1:  46.094 ( 38.542)  Acc@5:  84.766 ( 85.987)
Test: [ 120/196]  Time: 0.565s (1.112s,  230.16/s)  Loss:  3.0296 (2.5230)  Acc@1:  33.984 ( 38.236)  Acc@5:  71.484 ( 85.466)
Test: [ 130/196]  Time: 0.588s (1.108s,  230.95/s)  Loss:  2.2617 (2.5387)  Acc@1:  36.328 ( 37.855)  Acc@5:  89.844 ( 85.076)
Test: [ 140/196]  Time: 0.559s (1.100s,  232.83/s)  Loss:  2.9992 (2.5556)  Acc@1:  25.781 ( 37.727)  Acc@5:  75.391 ( 84.705)
Test: [ 150/196]  Time: 1.922s (1.101s,  232.42/s)  Loss:  2.6625 (2.5759)  Acc@1:  35.547 ( 37.420)  Acc@5:  80.078 ( 84.238)
Test: [ 160/196]  Time: 0.562s (1.087s,  235.57/s)  Loss:  2.3828 (2.5876)  Acc@1:  48.438 ( 37.439)  Acc@5:  87.891 ( 83.926)
Test: [ 170/196]  Time: 1.740s (1.088s,  235.28/s)  Loss:  2.4181 (2.6015)  Acc@1:  35.938 ( 37.157)  Acc@5:  91.016 ( 83.651)
Test: [ 180/196]  Time: 0.601s (1.089s,  235.05/s)  Loss:  3.0469 (2.6192)  Acc@1:  28.906 ( 36.730)  Acc@5:  73.438 ( 83.233)
Test: [ 190/196]  Time: 1.726s (1.093s,  234.26/s)  Loss:  3.5111 (2.6209)  Acc@1:  18.750 ( 36.680)  Acc@5:  64.062 ( 83.177)
 * Acc@1 36.538 (63.462) Acc@5 83.192 (16.808)
