Validating in torch.float32. AMP not enabled.
Loading pretrained weights from Hugging Face hub (timm/resnet50.a1_in1k)
[timm/resnet50.a1_in1k] Safe alternative available for 'pytorch_model.bin' (as 'model.safetensors'). Loading weights using safetensors.
Model resnet50.a1_in1k created, param count: 25557032
Data processing configuration for current model + dataset:
	input_size: (3, 288, 288)
	interpolation: bicubic
	mean: (0.485, 0.456, 0.406)
	std: (0.229, 0.224, 0.225)
	crop_pct: 1.0
	crop_mode: center
Test: [   0/196]  Time: 0.991s (0.991s,  258.43/s)  Loss:  0.9865 (0.9865)  Acc@1:  81.641 ( 81.641)  Acc@5:  95.703 ( 95.703)
Test: [  10/196]  Time: 0.269s (0.337s,  760.31/s)  Loss:  1.6765 (1.2527)  Acc@1:  64.062 ( 75.852)  Acc@5:  86.719 ( 92.614)
Test: [  20/196]  Time: 0.269s (0.305s,  840.38/s)  Loss:  1.0824 (1.2196)  Acc@1:  85.156 ( 77.083)  Acc@5:  89.844 ( 92.374)
Test: [  30/196]  Time: 0.270s (0.293s,  872.40/s)  Loss:  1.1761 (1.1652)  Acc@1:  82.812 ( 79.284)  Acc@5:  94.141 ( 92.868)
Test: [  40/196]  Time: 0.269s (0.288s,  889.62/s)  Loss:  1.1129 (1.1721)  Acc@1:  81.641 ( 79.002)  Acc@5:  93.359 ( 93.074)
Test: [  50/196]  Time: 0.270s (0.284s,  900.27/s)  Loss:  0.8388 (1.1438)  Acc@1:  84.375 ( 79.381)  Acc@5:  96.875 ( 93.620)
Test: [  60/196]  Time: 0.269s (0.282s,  907.41/s)  Loss:  1.9584 (1.1831)  Acc@1:  70.312 ( 78.900)  Acc@5:  87.500 ( 93.500)
Test: [  70/196]  Time: 0.270s (0.280s,  912.97/s)  Loss:  1.3090 (1.1817)  Acc@1:  71.094 ( 79.077)  Acc@5:  93.750 ( 93.656)
Test: [  80/196]  Time: 0.271s (0.279s,  916.98/s)  Loss:  2.6358 (1.2268)  Acc@1:  54.688 ( 78.255)  Acc@5:  75.391 ( 93.157)
Test: [  90/196]  Time: 0.271s (0.278s,  920.11/s)  Loss:  2.7227 (1.3505)  Acc@1:  48.828 ( 76.022)  Acc@5:  72.266 ( 91.299)
Test: [ 100/196]  Time: 0.271s (0.277s,  922.65/s)  Loss:  1.6421 (1.4389)  Acc@1:  74.219 ( 74.265)  Acc@5:  89.062 ( 90.269)
Test: [ 110/196]  Time: 0.270s (0.277s,  924.62/s)  Loss:  1.6296 (1.5065)  Acc@1:  72.656 ( 73.043)  Acc@5:  87.109 ( 89.450)
Test: [ 120/196]  Time: 0.272s (0.276s,  926.26/s)  Loss:  2.2078 (1.5447)  Acc@1:  58.203 ( 72.295)  Acc@5:  82.031 ( 88.917)
Test: [ 130/196]  Time: 0.271s (0.276s,  927.64/s)  Loss:  1.6343 (1.5940)  Acc@1:  71.094 ( 71.299)  Acc@5:  90.234 ( 88.314)
Test: [ 140/196]  Time: 0.272s (0.276s,  928.85/s)  Loss:  2.3972 (1.6303)  Acc@1:  59.766 ( 70.673)  Acc@5:  71.875 ( 87.816)
Test: [ 150/196]  Time: 0.271s (0.275s,  929.88/s)  Loss:  2.1544 (1.6741)  Acc@1:  61.328 ( 69.805)  Acc@5:  80.469 ( 87.246)
Test: [ 160/196]  Time: 0.270s (0.275s,  930.90/s)  Loss:  1.6905 (1.7028)  Acc@1:  71.875 ( 69.289)  Acc@5:  83.203 ( 86.762)
Test: [ 170/196]  Time: 0.271s (0.275s,  931.75/s)  Loss:  1.4065 (1.7348)  Acc@1:  75.781 ( 68.741)  Acc@5:  95.703 ( 86.454)
Test: [ 180/196]  Time: 0.271s (0.275s,  932.42/s)  Loss:  2.5634 (1.7716)  Acc@1:  49.609 ( 67.904)  Acc@5:  82.812 ( 86.063)
Test: [ 190/196]  Time: 0.270s (0.274s,  933.09/s)  Loss:  3.6225 (1.7852)  Acc@1:  28.906 ( 67.568)  Acc@5:  60.547 ( 85.948)
 * Acc@1 67.434 (32.566) Acc@5 85.868 (14.132)
