Validating in torch.float32. AMP not enabled.
Loading pretrained weights from Hugging Face hub (timm/resnet50.a1_in1k)
[timm/resnet50.a1_in1k] Safe alternative available for 'pytorch_model.bin' (as 'model.safetensors'). Loading weights using safetensors.
Model resnet50.a1_in1k created, param count: 25557032
Data processing configuration for current model + dataset:
	input_size: (3, 288, 288)
	interpolation: bicubic
	mean: (0.485, 0.456, 0.406)
	std: (0.229, 0.224, 0.225)
	crop_pct: 1.0
	crop_mode: center
Test: [   0/196]  Time: 0.932s (0.932s,  274.59/s)  Loss:  0.4455 (0.4455)  Acc@1:  90.625 ( 90.625)  Acc@5:  97.656 ( 97.656)
Test: [  10/196]  Time: 0.268s (0.330s,  775.77/s)  Loss:  1.5100 (0.8135)  Acc@1:  69.141 ( 82.280)  Acc@5:  91.406 ( 95.952)
Test: [  20/196]  Time: 0.269s (0.301s,  849.70/s)  Loss:  0.6733 (0.8124)  Acc@1:  88.672 ( 82.180)  Acc@5:  93.750 ( 95.722)
Test: [  30/196]  Time: 0.269s (0.291s,  878.85/s)  Loss:  0.8823 (0.7535)  Acc@1:  82.812 ( 83.695)  Acc@5:  94.531 ( 95.930)
Test: [  40/196]  Time: 0.273s (0.286s,  894.59/s)  Loss:  0.8994 (0.8085)  Acc@1:  84.375 ( 82.689)  Acc@5:  94.922 ( 95.732)
Test: [  50/196]  Time: 0.269s (0.283s,  904.18/s)  Loss:  0.6214 (0.8079)  Acc@1:  85.938 ( 82.629)  Acc@5:  97.656 ( 96.025)
Test: [  60/196]  Time: 0.271s (0.281s,  910.58/s)  Loss:  1.1390 (0.8284)  Acc@1:  77.734 ( 82.332)  Acc@5:  92.969 ( 95.966)
Test: [  70/196]  Time: 0.271s (0.280s,  915.27/s)  Loss:  0.8809 (0.8129)  Acc@1:  81.250 ( 82.658)  Acc@5:  98.047 ( 96.072)
Test: [  80/196]  Time: 0.269s (0.279s,  919.05/s)  Loss:  1.8151 (0.8364)  Acc@1:  65.625 ( 82.292)  Acc@5:  86.328 ( 95.790)
Test: [  90/196]  Time: 0.272s (0.278s,  921.90/s)  Loss:  1.8115 (0.9017)  Acc@1:  59.766 ( 80.915)  Acc@5:  87.109 ( 94.913)
Test: [ 100/196]  Time: 0.270s (0.277s,  924.26/s)  Loss:  1.2551 (0.9639)  Acc@1:  76.172 ( 79.564)  Acc@5:  91.016 ( 94.210)
Test: [ 110/196]  Time: 0.270s (0.276s,  926.13/s)  Loss:  1.0421 (0.9921)  Acc@1:  78.906 ( 79.040)  Acc@5:  90.625 ( 93.891)
Test: [ 120/196]  Time: 0.269s (0.276s,  927.76/s)  Loss:  1.6252 (1.0126)  Acc@1:  67.188 ( 78.703)  Acc@5:  85.156 ( 93.605)
Test: [ 130/196]  Time: 0.271s (0.276s,  929.06/s)  Loss:  0.9993 (1.0396)  Acc@1:  76.562 ( 78.030)  Acc@5:  95.703 ( 93.324)
Test: [ 140/196]  Time: 0.272s (0.275s,  930.11/s)  Loss:  1.5770 (1.0551)  Acc@1:  71.094 ( 77.770)  Acc@5:  83.984 ( 93.063)
Test: [ 150/196]  Time: 0.271s (0.275s,  931.08/s)  Loss:  1.2811 (1.0766)  Acc@1:  78.516 ( 77.344)  Acc@5:  90.234 ( 92.806)
Test: [ 160/196]  Time: 0.272s (0.275s,  931.75/s)  Loss:  0.9785 (1.0912)  Acc@1:  82.422 ( 77.104)  Acc@5:  92.969 ( 92.566)
Test: [ 170/196]  Time: 0.270s (0.275s,  932.41/s)  Loss:  0.6848 (1.1113)  Acc@1:  86.719 ( 76.729)  Acc@5:  97.266 ( 92.331)
Test: [ 180/196]  Time: 0.273s (0.274s,  932.89/s)  Loss:  1.5054 (1.1316)  Acc@1:  69.922 ( 76.273)  Acc@5:  89.453 ( 92.170)
Test: [ 190/196]  Time: 0.270s (0.274s,  933.46/s)  Loss:  1.3575 (1.1354)  Acc@1:  68.750 ( 76.164)  Acc@5:  96.094 ( 92.173)
 * Acc@1 76.220 (23.780) Acc@5 92.206 (7.794)
