Validating in torch.float32. AMP not enabled.
Loading pretrained weights from Hugging Face hub (timm/resnet50.a1_in1k)
[timm/resnet50.a1_in1k] Safe alternative available for 'pytorch_model.bin' (as 'model.safetensors'). Loading weights using safetensors.
Model resnet50.a1_in1k created, param count: 25557032
Data processing configuration for current model + dataset:
	input_size: (3, 288, 288)
	interpolation: bicubic
	mean: (0.485, 0.456, 0.406)
	std: (0.229, 0.224, 0.225)
	crop_pct: 1.0
	crop_mode: center
Test: [   0/196]  Time: 1.786s (1.786s,  143.34/s)  Loss:  0.4361 (0.4361)  Acc@1:  89.062 ( 89.062)  Acc@5:  98.828 ( 98.828)
Test: [  10/196]  Time: 0.272s (0.482s,  531.57/s)  Loss:  0.8664 (0.5876)  Acc@1:  80.859 ( 86.222)  Acc@5:  93.750 ( 97.195)
Test: [  20/196]  Time: 0.345s (0.394s,  650.38/s)  Loss:  0.5500 (0.5943)  Acc@1:  92.578 ( 86.198)  Acc@5:  95.703 ( 96.987)
Test: [  30/196]  Time: 0.358s (0.383s,  668.61/s)  Loss:  0.7169 (0.5664)  Acc@1:  84.375 ( 87.109)  Acc@5:  97.266 ( 97.102)
Test: [  40/196]  Time: 0.273s (0.356s,  718.63/s)  Loss:  0.6755 (0.6258)  Acc@1:  89.062 ( 86.042)  Acc@5:  96.875 ( 96.846)
Test: [  50/196]  Time: 0.327s (0.351s,  728.76/s)  Loss:  0.3238 (0.6337)  Acc@1:  93.359 ( 85.907)  Acc@5:  98.828 ( 96.929)
Test: [  60/196]  Time: 0.272s (0.355s,  721.54/s)  Loss:  0.8896 (0.6555)  Acc@1:  78.516 ( 85.540)  Acc@5:  95.703 ( 96.965)
Test: [  70/196]  Time: 0.520s (0.359s,  712.92/s)  Loss:  0.7861 (0.6409)  Acc@1:  82.031 ( 85.882)  Acc@5:  98.438 ( 97.106)
Test: [  80/196]  Time: 0.272s (0.353s,  724.27/s)  Loss:  1.3623 (0.6646)  Acc@1:  66.797 ( 85.291)  Acc@5:  94.531 ( 96.933)
Test: [  90/196]  Time: 0.506s (0.349s,  734.15/s)  Loss:  1.6060 (0.7022)  Acc@1:  65.625 ( 84.512)  Acc@5:  90.625 ( 96.566)
Test: [ 100/196]  Time: 0.273s (0.349s,  734.53/s)  Loss:  1.0244 (0.7419)  Acc@1:  77.344 ( 83.671)  Acc@5:  94.531 ( 96.202)
Test: [ 110/196]  Time: 0.273s (0.347s,  738.55/s)  Loss:  0.7024 (0.7553)  Acc@1:  85.156 ( 83.337)  Acc@5:  96.094 ( 96.066)
Test: [ 120/196]  Time: 0.273s (0.343s,  745.90/s)  Loss:  1.0755 (0.7657)  Acc@1:  78.125 ( 83.213)  Acc@5:  92.188 ( 95.900)
Test: [ 130/196]  Time: 0.272s (0.341s,  751.79/s)  Loss:  0.6127 (0.7917)  Acc@1:  87.109 ( 82.511)  Acc@5:  97.266 ( 95.641)
Test: [ 140/196]  Time: 0.269s (0.343s,  746.53/s)  Loss:  0.8686 (0.8030)  Acc@1:  84.766 ( 82.353)  Acc@5:  94.922 ( 95.523)
Test: [ 150/196]  Time: 0.272s (0.342s,  747.84/s)  Loss:  0.7432 (0.8152)  Acc@1:  85.156 ( 82.093)  Acc@5:  94.141 ( 95.390)
Test: [ 160/196]  Time: 0.267s (0.340s,  752.42/s)  Loss:  0.5670 (0.8235)  Acc@1:  85.938 ( 81.874)  Acc@5:  96.484 ( 95.237)
Test: [ 170/196]  Time: 0.271s (0.339s,  754.50/s)  Loss:  0.4761 (0.8383)  Acc@1:  89.844 ( 81.510)  Acc@5:  98.047 ( 95.093)
Test: [ 180/196]  Time: 0.268s (0.338s,  757.88/s)  Loss:  1.1792 (0.8509)  Acc@1:  71.875 ( 81.187)  Acc@5:  95.312 ( 95.028)
Test: [ 190/196]  Time: 0.717s (0.339s,  754.50/s)  Loss:  1.1905 (0.8520)  Acc@1:  71.875 ( 81.135)  Acc@5:  97.266 ( 95.057)
 * Acc@1 81.210 (18.790) Acc@5 95.100 (4.900)
