Validating in torch.float32. AMP not enabled.
Loading pretrained weights from Hugging Face hub (timm/resnet50.a1_in1k)
[timm/resnet50.a1_in1k] Safe alternative available for 'pytorch_model.bin' (as 'model.safetensors'). Loading weights using safetensors.
Model resnet50.a1_in1k created, param count: 25557032
Data processing configuration for current model + dataset:
	input_size: (3, 288, 288)
	interpolation: bicubic
	mean: (0.485, 0.456, 0.406)
	std: (0.229, 0.224, 0.225)
	crop_pct: 1.0
	crop_mode: center
Test: [   0/196]  Time: 0.984s (0.984s,  260.03/s)  Loss:  1.7429 (1.7429)  Acc@1:  65.234 ( 65.234)  Acc@5:  84.375 ( 84.375)
Test: [  10/196]  Time: 0.277s (0.338s,  756.73/s)  Loss:  2.4968 (1.9031)  Acc@1:  49.609 ( 63.033)  Acc@5:  75.391 ( 84.624)
Test: [  20/196]  Time: 0.272s (0.307s,  833.28/s)  Loss:  1.8136 (1.8255)  Acc@1:  70.312 ( 65.402)  Acc@5:  80.859 ( 84.505)
Test: [  30/196]  Time: 0.277s (0.296s,  864.21/s)  Loss:  1.3249 (1.7616)  Acc@1:  75.781 ( 67.805)  Acc@5:  91.406 ( 85.282)
Test: [  40/196]  Time: 0.273s (0.291s,  880.14/s)  Loss:  1.3858 (1.7018)  Acc@1:  75.391 ( 68.264)  Acc@5:  91.406 ( 86.643)
Test: [  50/196]  Time: 0.273s (0.288s,  889.82/s)  Loss:  1.1582 (1.6248)  Acc@1:  80.078 ( 69.462)  Acc@5:  92.969 ( 87.806)
Test: [  60/196]  Time: 0.272s (0.285s,  897.42/s)  Loss:  2.6778 (1.6543)  Acc@1:  58.203 ( 69.128)  Acc@5:  75.391 ( 87.737)
Test: [  70/196]  Time: 0.272s (0.284s,  902.52/s)  Loss:  1.6894 (1.6627)  Acc@1:  62.891 ( 69.212)  Acc@5:  88.281 ( 87.720)
Test: [  80/196]  Time: 0.273s (0.282s,  906.72/s)  Loss:  3.5931 (1.7121)  Acc@1:  36.719 ( 68.316)  Acc@5:  59.375 ( 86.998)
Test: [  90/196]  Time: 0.273s (0.281s,  909.90/s)  Loss:  3.3840 (1.8768)  Acc@1:  39.062 ( 65.612)  Acc@5:  58.203 ( 84.285)
Test: [ 100/196]  Time: 0.274s (0.281s,  912.58/s)  Loss:  2.4174 (1.9969)  Acc@1:  54.297 ( 63.339)  Acc@5:  77.344 ( 82.468)
Test: [ 110/196]  Time: 0.274s (0.280s,  914.65/s)  Loss:  2.8485 (2.1098)  Acc@1:  48.438 ( 61.328)  Acc@5:  71.875 ( 80.863)
Test: [ 120/196]  Time: 0.272s (0.279s,  916.47/s)  Loss:  2.8784 (2.1639)  Acc@1:  48.047 ( 60.311)  Acc@5:  70.312 ( 79.946)
Test: [ 130/196]  Time: 0.274s (0.279s,  918.02/s)  Loss:  2.6857 (2.2272)  Acc@1:  46.484 ( 59.086)  Acc@5:  74.609 ( 79.055)
Test: [ 140/196]  Time: 0.274s (0.278s,  919.31/s)  Loss:  3.7206 (2.2857)  Acc@1:  37.109 ( 58.231)  Acc@5:  53.516 ( 78.183)
Test: [ 150/196]  Time: 0.274s (0.278s,  920.42/s)  Loss:  3.3485 (2.3458)  Acc@1:  43.359 ( 57.153)  Acc@5:  65.625 ( 77.220)
Test: [ 160/196]  Time: 0.278s (0.278s,  921.38/s)  Loss:  2.6367 (2.3827)  Acc@1:  56.250 ( 56.522)  Acc@5:  69.922 ( 76.560)
Test: [ 170/196]  Time: 0.275s (0.278s,  922.21/s)  Loss:  2.7732 (2.4281)  Acc@1:  49.609 ( 55.766)  Acc@5:  71.094 ( 75.923)
Test: [ 180/196]  Time: 0.279s (0.278s,  922.45/s)  Loss:  3.8106 (2.4825)  Acc@1:  32.031 ( 54.729)  Acc@5:  62.891 ( 75.158)
Test: [ 190/196]  Time: 0.271s (0.277s,  923.20/s)  Loss:  4.4189 (2.5003)  Acc@1:  19.141 ( 54.262)  Acc@5:  47.266 ( 74.969)
 * Acc@1 54.048 (45.952) Acc@5 74.810 (25.190)
