Validating in torch.float32. AMP not enabled.
Loading pretrained weights from Hugging Face hub (timm/resnet50.a1_in1k)
[timm/resnet50.a1_in1k] Safe alternative available for 'pytorch_model.bin' (as 'model.safetensors'). Loading weights using safetensors.
Model resnet50.a1_in1k created, param count: 25557032
Data processing configuration for current model + dataset:
	input_size: (3, 288, 288)
	interpolation: bicubic
	mean: (0.485, 0.456, 0.406)
	std: (0.229, 0.224, 0.225)
	crop_pct: 1.0
	crop_mode: center
Test: [   0/196]  Time: 0.983s (0.983s,  260.47/s)  Loss:  3.7120 (3.7120)  Acc@1:  35.156 ( 35.156)  Acc@5:  55.078 ( 55.078)
Test: [  10/196]  Time: 0.270s (0.337s,  760.74/s)  Loss:  4.3368 (3.5454)  Acc@1:  20.703 ( 37.749)  Acc@5:  41.016 ( 58.842)
Test: [  20/196]  Time: 0.269s (0.305s,  840.50/s)  Loss:  3.5439 (3.4189)  Acc@1:  41.797 ( 40.532)  Acc@5:  56.641 ( 60.417)
Test: [  30/196]  Time: 0.269s (0.293s,  873.13/s)  Loss:  2.3281 (3.3504)  Acc@1:  54.688 ( 42.377)  Acc@5:  76.562 ( 61.442)
Test: [  40/196]  Time: 0.269s (0.287s,  890.75/s)  Loss:  2.5585 (3.1820)  Acc@1:  48.438 ( 43.121)  Acc@5:  75.391 ( 64.358)
Test: [  50/196]  Time: 0.271s (0.284s,  901.38/s)  Loss:  2.3650 (3.0375)  Acc@1:  55.078 ( 44.822)  Acc@5:  80.859 ( 66.988)
Test: [  60/196]  Time: 0.270s (0.282s,  908.91/s)  Loss:  5.0290 (3.0649)  Acc@1:  21.875 ( 44.294)  Acc@5:  37.891 ( 66.662)
Test: [  70/196]  Time: 0.269s (0.280s,  914.17/s)  Loss:  2.6713 (3.0899)  Acc@1:  48.438 ( 44.273)  Acc@5:  70.703 ( 66.588)
Test: [  80/196]  Time: 0.270s (0.279s,  918.09/s)  Loss:  5.3822 (3.1428)  Acc@1:  14.844 ( 43.861)  Acc@5:  32.031 ( 65.808)
Test: [  90/196]  Time: 0.270s (0.278s,  920.95/s)  Loss:  5.0001 (3.3212)  Acc@1:  19.531 ( 41.612)  Acc@5:  34.375 ( 62.882)
Test: [ 100/196]  Time: 0.271s (0.277s,  923.47/s)  Loss:  4.1670 (3.4743)  Acc@1:  27.734 ( 39.561)  Acc@5:  45.703 ( 60.489)
Test: [ 110/196]  Time: 0.270s (0.277s,  925.53/s)  Loss:  5.3502 (3.6316)  Acc@1:  15.234 ( 37.465)  Acc@5:  29.688 ( 58.038)
Test: [ 120/196]  Time: 0.271s (0.276s,  927.21/s)  Loss:  4.5800 (3.7110)  Acc@1:  21.875 ( 36.351)  Acc@5:  38.672 ( 56.615)
Test: [ 130/196]  Time: 0.271s (0.276s,  928.57/s)  Loss:  4.9514 (3.7870)  Acc@1:  14.062 ( 35.279)  Acc@5:  29.688 ( 55.278)
Test: [ 140/196]  Time: 0.271s (0.275s,  929.74/s)  Loss:  5.1569 (3.8461)  Acc@1:  18.750 ( 34.685)  Acc@5:  31.641 ( 54.499)
Test: [ 150/196]  Time: 0.271s (0.275s,  930.74/s)  Loss:  5.0156 (3.9082)  Acc@1:  25.000 ( 33.860)  Acc@5:  39.844 ( 53.430)
Test: [ 160/196]  Time: 0.270s (0.275s,  931.67/s)  Loss:  4.6308 (3.9499)  Acc@1:  28.125 ( 33.261)  Acc@5:  41.797 ( 52.693)
Test: [ 170/196]  Time: 0.272s (0.275s,  932.51/s)  Loss:  5.1170 (4.0020)  Acc@1:  17.578 ( 32.518)  Acc@5:  32.812 ( 51.873)
Test: [ 180/196]  Time: 0.271s (0.274s,  933.17/s)  Loss:  6.0814 (4.0596)  Acc@1:  12.891 ( 31.718)  Acc@5:  33.203 ( 51.021)
Test: [ 190/196]  Time: 0.270s (0.274s,  933.82/s)  Loss:  5.6890 (4.0817)  Acc@1:   9.375 ( 31.295)  Acc@5:  26.562 ( 50.661)
 * Acc@1 31.114 (68.886) Acc@5 50.524 (49.476)
