Validating in torch.float32. AMP not enabled.
Loading pretrained weights from Hugging Face hub (timm/resnet50.a1_in1k)
[timm/resnet50.a1_in1k] Safe alternative available for 'pytorch_model.bin' (as 'model.safetensors'). Loading weights using safetensors.
Model resnet50.a1_in1k created, param count: 25557032
Data processing configuration for current model + dataset:
	input_size: (3, 288, 288)
	interpolation: bicubic
	mean: (0.485, 0.456, 0.406)
	std: (0.229, 0.224, 0.225)
	crop_pct: 1.0
	crop_mode: center
Test: [   0/196]  Time: 0.946s (0.946s,  270.48/s)  Loss:  0.5824 (0.5824)  Acc@1:  88.281 ( 88.281)  Acc@5:  97.656 ( 97.656)
Test: [  10/196]  Time: 0.269s (0.333s,  767.67/s)  Loss:  1.8439 (1.0442)  Acc@1:  61.719 ( 77.770)  Acc@5:  87.109 ( 93.643)
Test: [  20/196]  Time: 0.271s (0.304s,  843.34/s)  Loss:  0.8828 (1.0384)  Acc@1:  84.375 ( 77.716)  Acc@5:  93.750 ( 93.322)
Test: [  30/196]  Time: 0.270s (0.293s,  874.44/s)  Loss:  1.0049 (0.9698)  Acc@1:  81.250 ( 79.851)  Acc@5:  94.141 ( 93.863)
Test: [  40/196]  Time: 0.270s (0.287s,  890.98/s)  Loss:  1.1938 (1.0316)  Acc@1:  77.344 ( 78.430)  Acc@5:  91.406 ( 93.702)
Test: [  50/196]  Time: 0.271s (0.284s,  901.47/s)  Loss:  0.8291 (1.0266)  Acc@1:  83.984 ( 78.569)  Acc@5:  96.484 ( 94.072)
Test: [  60/196]  Time: 0.270s (0.282s,  908.33/s)  Loss:  1.4225 (1.0435)  Acc@1:  73.047 ( 78.356)  Acc@5:  89.844 ( 94.083)
Test: [  70/196]  Time: 0.271s (0.280s,  913.06/s)  Loss:  0.9878 (1.0262)  Acc@1:  78.516 ( 78.736)  Acc@5:  97.656 ( 94.322)
Test: [  80/196]  Time: 0.271s (0.279s,  916.81/s)  Loss:  2.2160 (1.0477)  Acc@1:  59.375 ( 78.337)  Acc@5:  79.688 ( 93.948)
Test: [  90/196]  Time: 0.270s (0.278s,  919.89/s)  Loss:  2.0524 (1.1183)  Acc@1:  55.469 ( 76.987)  Acc@5:  83.203 ( 92.874)
Test: [ 100/196]  Time: 0.271s (0.278s,  922.35/s)  Loss:  1.6506 (1.1969)  Acc@1:  69.531 ( 75.278)  Acc@5:  89.844 ( 91.917)
Test: [ 110/196]  Time: 0.270s (0.277s,  924.50/s)  Loss:  1.4233 (1.2383)  Acc@1:  71.875 ( 74.574)  Acc@5:  87.500 ( 91.424)
Test: [ 120/196]  Time: 0.271s (0.276s,  926.13/s)  Loss:  1.8803 (1.2659)  Acc@1:  67.188 ( 74.115)  Acc@5:  82.031 ( 91.051)
Test: [ 130/196]  Time: 0.271s (0.276s,  927.53/s)  Loss:  1.4129 (1.2967)  Acc@1:  70.703 ( 73.399)  Acc@5:  89.844 ( 90.646)
Test: [ 140/196]  Time: 0.271s (0.276s,  928.70/s)  Loss:  2.3232 (1.3145)  Acc@1:  54.688 ( 73.063)  Acc@5:  75.781 ( 90.351)
Test: [ 150/196]  Time: 0.271s (0.275s,  929.63/s)  Loss:  1.6233 (1.3407)  Acc@1:  70.312 ( 72.537)  Acc@5:  86.719 ( 89.986)
Test: [ 160/196]  Time: 0.272s (0.275s,  930.51/s)  Loss:  1.2129 (1.3572)  Acc@1:  76.953 ( 72.232)  Acc@5:  89.453 ( 89.698)
Test: [ 170/196]  Time: 0.272s (0.275s,  931.23/s)  Loss:  1.0565 (1.3834)  Acc@1:  77.344 ( 71.660)  Acc@5:  94.531 ( 89.346)
Test: [ 180/196]  Time: 0.271s (0.275s,  931.81/s)  Loss:  2.0276 (1.4102)  Acc@1:  58.594 ( 71.064)  Acc@5:  80.469 ( 88.998)
Test: [ 190/196]  Time: 0.270s (0.275s,  932.49/s)  Loss:  1.3981 (1.4158)  Acc@1:  67.578 ( 70.928)  Acc@5:  94.922 ( 88.966)
 * Acc@1 71.024 (28.976) Acc@5 89.040 (10.960)
