Validating in torch.float32. AMP not enabled.
Loading pretrained weights from Hugging Face hub (timm/resnet50.a1_in1k)
[timm/resnet50.a1_in1k] Safe alternative available for 'pytorch_model.bin' (as 'model.safetensors'). Loading weights using safetensors.
Model resnet50.a1_in1k created, param count: 25557032
Data processing configuration for current model + dataset:
	input_size: (3, 288, 288)
	interpolation: bicubic
	mean: (0.485, 0.456, 0.406)
	std: (0.229, 0.224, 0.225)
	crop_pct: 1.0
	crop_mode: center
Test: [   0/196]  Time: 1.018s (1.018s,  251.52/s)  Loss:  3.6983 (3.6983)  Acc@1:  33.984 ( 33.984)  Acc@5:  60.547 ( 60.547)
Test: [  10/196]  Time: 0.270s (0.341s,  750.60/s)  Loss:  4.3663 (3.7052)  Acc@1:  22.656 ( 35.334)  Acc@5:  39.844 ( 58.523)
Test: [  20/196]  Time: 0.274s (0.308s,  830.19/s)  Loss:  3.5068 (3.6076)  Acc@1:  42.969 ( 38.430)  Acc@5:  56.250 ( 59.338)
Test: [  30/196]  Time: 0.270s (0.297s,  863.40/s)  Loss:  2.7067 (3.5432)  Acc@1:  51.562 ( 40.499)  Acc@5:  73.438 ( 60.257)
Test: [  40/196]  Time: 0.272s (0.291s,  880.13/s)  Loss:  2.9331 (3.4136)  Acc@1:  46.094 ( 41.397)  Acc@5:  73.047 ( 62.490)
Test: [  50/196]  Time: 0.275s (0.288s,  890.38/s)  Loss:  2.7245 (3.3059)  Acc@1:  52.344 ( 42.609)  Acc@5:  73.828 ( 64.468)
Test: [  60/196]  Time: 0.278s (0.285s,  896.76/s)  Loss:  5.5973 (3.3758)  Acc@1:  17.578 ( 41.694)  Acc@5:  28.516 ( 63.429)
Test: [  70/196]  Time: 0.271s (0.284s,  901.50/s)  Loss:  2.9480 (3.4031)  Acc@1:  46.094 ( 41.720)  Acc@5:  66.797 ( 63.292)
Test: [  80/196]  Time: 0.273s (0.283s,  905.48/s)  Loss:  5.6696 (3.4570)  Acc@1:  10.156 ( 41.247)  Acc@5:  27.734 ( 62.548)
Test: [  90/196]  Time: 0.272s (0.282s,  909.08/s)  Loss:  5.2044 (3.6152)  Acc@1:  14.453 ( 39.084)  Acc@5:  26.562 ( 59.873)
Test: [ 100/196]  Time: 0.271s (0.281s,  912.01/s)  Loss:  4.3469 (3.7593)  Acc@1:  25.000 ( 37.032)  Acc@5:  39.844 ( 57.480)
Test: [ 110/196]  Time: 0.274s (0.280s,  914.33/s)  Loss:  5.3929 (3.8929)  Acc@1:  16.406 ( 35.276)  Acc@5:  29.297 ( 55.317)
Test: [ 120/196]  Time: 0.273s (0.279s,  916.24/s)  Loss:  4.4968 (3.9633)  Acc@1:  23.047 ( 34.243)  Acc@5:  42.578 ( 54.016)
Test: [ 130/196]  Time: 0.272s (0.279s,  917.99/s)  Loss:  5.1542 (4.0336)  Acc@1:  10.156 ( 33.212)  Acc@5:  28.516 ( 52.785)
Test: [ 140/196]  Time: 0.271s (0.278s,  919.52/s)  Loss:  5.2072 (4.0777)  Acc@1:  22.266 ( 32.696)  Acc@5:  32.031 ( 52.266)
Test: [ 150/196]  Time: 0.273s (0.278s,  920.75/s)  Loss:  5.2701 (4.1313)  Acc@1:  17.969 ( 31.915)  Acc@5:  37.891 ( 51.343)
Test: [ 160/196]  Time: 0.272s (0.278s,  921.77/s)  Loss:  4.4455 (4.1622)  Acc@1:  27.734 ( 31.379)  Acc@5:  46.094 ( 50.779)
Test: [ 170/196]  Time: 0.274s (0.277s,  922.68/s)  Loss:  5.2914 (4.2122)  Acc@1:  18.359 ( 30.622)  Acc@5:  30.859 ( 49.936)
Test: [ 180/196]  Time: 0.273s (0.277s,  923.51/s)  Loss:  6.2233 (4.2624)  Acc@1:   8.203 ( 29.893)  Acc@5:  28.516 ( 49.178)
Test: [ 190/196]  Time: 0.271s (0.277s,  924.45/s)  Loss:  5.4433 (4.2854)  Acc@1:   9.375 ( 29.379)  Acc@5:  30.859 ( 48.767)
 * Acc@1 29.202 (70.798) Acc@5 48.662 (51.338)
