Validating in torch.float32. AMP not enabled.
Loading pretrained weights from Hugging Face hub (timm/resnet50.a1_in1k)
[timm/resnet50.a1_in1k] Safe alternative available for 'pytorch_model.bin' (as 'model.safetensors'). Loading weights using safetensors.
Model resnet50.a1_in1k created, param count: 25557032
Data processing configuration for current model + dataset:
	input_size: (3, 288, 288)
	interpolation: bicubic
	mean: (0.485, 0.456, 0.406)
	std: (0.229, 0.224, 0.225)
	crop_pct: 1.0
	crop_mode: center
Test: [   0/196]  Time: 0.979s (0.979s,  261.37/s)  Loss:  0.4885 (0.4885)  Acc@1:  89.453 ( 89.453)  Acc@5:  98.047 ( 98.047)
Test: [  10/196]  Time: 0.273s (0.336s,  760.89/s)  Loss:  1.5320 (0.8775)  Acc@1:  67.969 ( 81.712)  Acc@5:  90.625 ( 95.135)
Test: [  20/196]  Time: 0.268s (0.306s,  837.54/s)  Loss:  0.7402 (0.8739)  Acc@1:  86.719 ( 81.380)  Acc@5:  92.578 ( 94.885)
Test: [  30/196]  Time: 0.269s (0.294s,  871.13/s)  Loss:  0.9740 (0.8156)  Acc@1:  83.594 ( 83.241)  Acc@5:  93.750 ( 95.224)
Test: [  40/196]  Time: 0.269s (0.288s,  888.85/s)  Loss:  1.0182 (0.8793)  Acc@1:  83.203 ( 82.193)  Acc@5:  94.141 ( 95.093)
Test: [  50/196]  Time: 0.270s (0.284s,  899.95/s)  Loss:  0.6816 (0.8790)  Acc@1:  85.547 ( 82.345)  Acc@5:  97.656 ( 95.420)
Test: [  60/196]  Time: 0.269s (0.282s,  907.59/s)  Loss:  1.1816 (0.8995)  Acc@1:  75.000 ( 81.993)  Acc@5:  91.797 ( 95.441)
Test: [  70/196]  Time: 0.269s (0.280s,  913.28/s)  Loss:  0.9404 (0.8832)  Acc@1:  80.859 ( 82.284)  Acc@5:  95.703 ( 95.593)
Test: [  80/196]  Time: 0.272s (0.279s,  917.35/s)  Loss:  1.9715 (0.9049)  Acc@1:  61.719 ( 81.853)  Acc@5:  84.375 ( 95.293)
Test: [  90/196]  Time: 0.269s (0.278s,  920.50/s)  Loss:  1.8869 (0.9677)  Acc@1:  58.594 ( 80.636)  Acc@5:  85.547 ( 94.445)
Test: [ 100/196]  Time: 0.271s (0.277s,  923.03/s)  Loss:  1.2932 (1.0303)  Acc@1:  77.734 ( 79.216)  Acc@5:  92.969 ( 93.796)
Test: [ 110/196]  Time: 0.269s (0.277s,  925.17/s)  Loss:  1.1730 (1.0574)  Acc@1:  76.562 ( 78.695)  Acc@5:  89.844 ( 93.465)
Test: [ 120/196]  Time: 0.271s (0.276s,  926.87/s)  Loss:  1.6365 (1.0762)  Acc@1:  66.016 ( 78.396)  Acc@5:  84.766 ( 93.198)
Test: [ 130/196]  Time: 0.271s (0.276s,  928.38/s)  Loss:  1.1422 (1.1036)  Acc@1:  76.953 ( 77.746)  Acc@5:  93.359 ( 92.936)
Test: [ 140/196]  Time: 0.271s (0.275s,  929.58/s)  Loss:  1.6463 (1.1151)  Acc@1:  71.484 ( 77.574)  Acc@5:  85.156 ( 92.789)
Test: [ 150/196]  Time: 0.271s (0.275s,  930.54/s)  Loss:  1.2934 (1.1369)  Acc@1:  80.078 ( 77.155)  Acc@5:  90.625 ( 92.557)
Test: [ 160/196]  Time: 0.269s (0.275s,  931.43/s)  Loss:  0.9093 (1.1498)  Acc@1:  81.641 ( 76.895)  Acc@5:  94.141 ( 92.336)
Test: [ 170/196]  Time: 0.271s (0.275s,  932.30/s)  Loss:  0.7161 (1.1704)  Acc@1:  87.500 ( 76.574)  Acc@5:  98.438 ( 92.110)
Test: [ 180/196]  Time: 0.270s (0.274s,  932.93/s)  Loss:  1.5378 (1.1906)  Acc@1:  69.922 ( 76.133)  Acc@5:  90.234 ( 91.957)
Test: [ 190/196]  Time: 0.268s (0.274s,  933.67/s)  Loss:  1.3430 (1.1956)  Acc@1:  68.359 ( 76.006)  Acc@5:  95.703 ( 91.952)
 * Acc@1 76.068 (23.932) Acc@5 91.986 (8.014)
