Validating in torch.float32. AMP not enabled.
Loading pretrained weights from Hugging Face hub (timm/resnet50.a1_in1k)
[timm/resnet50.a1_in1k] Safe alternative available for 'pytorch_model.bin' (as 'model.safetensors'). Loading weights using safetensors.
Model resnet50.a1_in1k created, param count: 25557032
Data processing configuration for current model + dataset:
	input_size: (3, 288, 288)
	interpolation: bicubic
	mean: (0.485, 0.456, 0.406)
	std: (0.229, 0.224, 0.225)
	crop_pct: 1.0
	crop_mode: center
Test: [   0/196]  Time: 0.946s (0.946s,  270.52/s)  Loss:  1.7577 (1.7577)  Acc@1:  64.062 ( 64.062)  Acc@5:  89.453 ( 89.453)
Test: [  10/196]  Time: 0.270s (0.333s,  769.54/s)  Loss:  2.4115 (1.9557)  Acc@1:  53.516 ( 64.311)  Acc@5:  75.000 ( 85.121)
Test: [  20/196]  Time: 0.268s (0.303s,  845.37/s)  Loss:  1.6215 (1.9072)  Acc@1:  75.391 ( 66.704)  Acc@5:  84.766 ( 85.193)
Test: [  30/196]  Time: 0.271s (0.292s,  875.89/s)  Loss:  1.5304 (1.8496)  Acc@1:  74.219 ( 68.813)  Acc@5:  91.406 ( 85.925)
Test: [  40/196]  Time: 0.270s (0.287s,  892.64/s)  Loss:  1.6049 (1.8128)  Acc@1:  73.828 ( 68.921)  Acc@5:  91.016 ( 86.938)
Test: [  50/196]  Time: 0.270s (0.283s,  903.08/s)  Loss:  1.2622 (1.7523)  Acc@1:  79.297 ( 69.930)  Acc@5:  91.797 ( 87.883)
Test: [  60/196]  Time: 0.269s (0.281s,  909.90/s)  Loss:  3.1652 (1.8047)  Acc@1:  50.391 ( 69.326)  Acc@5:  72.266 ( 87.526)
Test: [  70/196]  Time: 0.270s (0.280s,  914.98/s)  Loss:  1.7789 (1.8191)  Acc@1:  64.453 ( 69.366)  Acc@5:  85.938 ( 87.494)
Test: [  80/196]  Time: 0.270s (0.279s,  918.58/s)  Loss:  3.7232 (1.8673)  Acc@1:  36.328 ( 68.547)  Acc@5:  62.891 ( 86.801)
Test: [  90/196]  Time: 0.270s (0.278s,  921.14/s)  Loss:  3.6800 (2.0193)  Acc@1:  31.250 ( 65.677)  Acc@5:  57.031 ( 84.298)
Test: [ 100/196]  Time: 0.270s (0.277s,  923.49/s)  Loss:  2.5247 (2.1382)  Acc@1:  57.031 ( 63.420)  Acc@5:  77.734 ( 82.491)
Test: [ 110/196]  Time: 0.271s (0.277s,  925.28/s)  Loss:  2.8737 (2.2404)  Acc@1:  46.094 ( 61.462)  Acc@5:  73.438 ( 81.120)
Test: [ 120/196]  Time: 0.271s (0.276s,  926.68/s)  Loss:  2.9308 (2.2949)  Acc@1:  47.656 ( 60.308)  Acc@5:  73.828 ( 80.207)
Test: [ 130/196]  Time: 0.271s (0.276s,  927.95/s)  Loss:  2.8845 (2.3596)  Acc@1:  44.531 ( 59.083)  Acc@5:  76.172 ( 79.231)
Test: [ 140/196]  Time: 0.272s (0.276s,  929.00/s)  Loss:  3.6810 (2.4042)  Acc@1:  37.891 ( 58.380)  Acc@5:  56.250 ( 78.602)
Test: [ 150/196]  Time: 0.272s (0.275s,  929.93/s)  Loss:  3.2949 (2.4576)  Acc@1:  44.531 ( 57.246)  Acc@5:  67.578 ( 77.742)
Test: [ 160/196]  Time: 0.272s (0.275s,  930.57/s)  Loss:  2.4981 (2.4869)  Acc@1:  59.375 ( 56.653)  Acc@5:  73.047 ( 77.174)
Test: [ 170/196]  Time: 0.272s (0.275s,  931.09/s)  Loss:  2.7930 (2.5315)  Acc@1:  48.438 ( 55.885)  Acc@5:  74.219 ( 76.613)
Test: [ 180/196]  Time: 0.271s (0.275s,  931.59/s)  Loss:  3.8560 (2.5787)  Acc@1:  29.688 ( 54.899)  Acc@5:  64.062 ( 75.943)
Test: [ 190/196]  Time: 0.272s (0.275s,  932.12/s)  Loss:  4.2852 (2.5994)  Acc@1:  19.531 ( 54.407)  Acc@5:  50.000 ( 75.718)
 * Acc@1 54.228 (45.772) Acc@5 75.618 (24.382)
