Validating in torch.float32. AMP not enabled.
Loading pretrained weights from Hugging Face hub (timm/resnet50.a1_in1k)
[timm/resnet50.a1_in1k] Safe alternative available for 'pytorch_model.bin' (as 'model.safetensors'). Loading weights using safetensors.
Model resnet50.a1_in1k created, param count: 25557032
Data processing configuration for current model + dataset:
	input_size: (3, 288, 288)
	interpolation: bicubic
	mean: (0.485, 0.456, 0.406)
	std: (0.229, 0.224, 0.225)
	crop_pct: 1.0
	crop_mode: center
Test: [   0/196]  Time: 1.040s (1.040s,  246.08/s)  Loss:  0.9628 (0.9628)  Acc@1:  80.469 ( 80.469)  Acc@5:  95.312 ( 95.312)
Test: [  10/196]  Time: 0.271s (0.342s,  749.17/s)  Loss:  1.7728 (1.2746)  Acc@1:  62.109 ( 73.295)  Acc@5:  85.938 ( 91.619)
Test: [  20/196]  Time: 0.273s (0.309s,  828.99/s)  Loss:  1.1307 (1.2129)  Acc@1:  80.078 ( 75.484)  Acc@5:  89.453 ( 91.648)
Test: [  30/196]  Time: 0.273s (0.297s,  861.78/s)  Loss:  1.1151 (1.1642)  Acc@1:  78.125 ( 77.495)  Acc@5:  93.750 ( 91.935)
Test: [  40/196]  Time: 0.273s (0.291s,  879.19/s)  Loss:  1.0116 (1.1603)  Acc@1:  82.422 ( 77.277)  Acc@5:  94.531 ( 92.378)
Test: [  50/196]  Time: 0.271s (0.287s,  890.55/s)  Loss:  0.8272 (1.1216)  Acc@1:  83.594 ( 78.041)  Acc@5:  96.875 ( 93.022)
Test: [  60/196]  Time: 0.275s (0.285s,  898.01/s)  Loss:  1.7728 (1.1529)  Acc@1:  69.531 ( 77.670)  Acc@5:  88.281 ( 92.982)
Test: [  70/196]  Time: 0.273s (0.283s,  903.58/s)  Loss:  1.3351 (1.1538)  Acc@1:  68.359 ( 77.784)  Acc@5:  92.578 ( 92.991)
Test: [  80/196]  Time: 0.273s (0.282s,  907.79/s)  Loss:  2.5372 (1.1961)  Acc@1:  51.562 ( 76.992)  Acc@5:  74.609 ( 92.409)
Test: [  90/196]  Time: 0.272s (0.281s,  911.18/s)  Loss:  2.6239 (1.3267)  Acc@1:  48.047 ( 74.730)  Acc@5:  71.484 ( 90.475)
Test: [ 100/196]  Time: 0.273s (0.280s,  914.01/s)  Loss:  1.6421 (1.4134)  Acc@1:  68.359 ( 72.981)  Acc@5:  87.500 ( 89.387)
Test: [ 110/196]  Time: 0.280s (0.279s,  916.03/s)  Loss:  1.6498 (1.4873)  Acc@1:  74.609 ( 71.674)  Acc@5:  86.328 ( 88.422)
Test: [ 120/196]  Time: 0.279s (0.279s,  916.71/s)  Loss:  2.1790 (1.5269)  Acc@1:  57.812 ( 70.929)  Acc@5:  77.734 ( 87.761)
Test: [ 130/196]  Time: 0.276s (0.279s,  917.46/s)  Loss:  1.4972 (1.5757)  Acc@1:  72.266 ( 69.889)  Acc@5:  90.625 ( 87.178)
Test: [ 140/196]  Time: 0.276s (0.279s,  918.07/s)  Loss:  2.5350 (1.6195)  Acc@1:  56.250 ( 69.227)  Acc@5:  68.359 ( 86.500)
Test: [ 150/196]  Time: 0.279s (0.279s,  918.61/s)  Loss:  2.3232 (1.6665)  Acc@1:  62.500 ( 68.372)  Acc@5:  76.172 ( 85.865)
Test: [ 160/196]  Time: 0.273s (0.278s,  919.23/s)  Loss:  1.7499 (1.6992)  Acc@1:  71.094 ( 67.777)  Acc@5:  80.859 ( 85.304)
Test: [ 170/196]  Time: 0.271s (0.278s,  920.12/s)  Loss:  1.4916 (1.7310)  Acc@1:  71.484 ( 67.267)  Acc@5:  92.578 ( 84.939)
Test: [ 180/196]  Time: 0.273s (0.278s,  921.01/s)  Loss:  2.4669 (1.7722)  Acc@1:  51.172 ( 66.357)  Acc@5:  82.031 ( 84.474)
Test: [ 190/196]  Time: 0.271s (0.278s,  921.83/s)  Loss:  3.6788 (1.7863)  Acc@1:  27.344 ( 65.962)  Acc@5:  62.500 ( 84.355)
 * Acc@1 65.778 (34.222) Acc@5 84.250 (15.750)
