Validating in torch.float32. AMP not enabled.
Loading pretrained weights from Hugging Face hub (timm/resnet50.a1_in1k)
[timm/resnet50.a1_in1k] Safe alternative available for 'pytorch_model.bin' (as 'model.safetensors'). Loading weights using safetensors.
Model resnet50.a1_in1k created, param count: 25557032
Data processing configuration for current model + dataset:
	input_size: (3, 288, 288)
	interpolation: bicubic
	mean: (0.485, 0.456, 0.406)
	std: (0.229, 0.224, 0.225)
	crop_pct: 1.0
	crop_mode: center
Test: [   0/196]  Time: 0.976s (0.976s,  262.39/s)  Loss:  0.9751 (0.9751)  Acc@1:  78.906 ( 78.906)  Acc@5:  95.312 ( 95.312)
Test: [  10/196]  Time: 0.269s (0.335s,  764.07/s)  Loss:  2.8923 (1.7198)  Acc@1:  39.844 ( 65.447)  Acc@5:  67.969 ( 84.766)
Test: [  20/196]  Time: 0.270s (0.304s,  841.91/s)  Loss:  1.4468 (1.6794)  Acc@1:  74.219 ( 66.611)  Acc@5:  84.375 ( 84.710)
Test: [  30/196]  Time: 0.270s (0.293s,  873.76/s)  Loss:  1.6518 (1.5999)  Acc@1:  67.188 ( 68.221)  Acc@5:  90.234 ( 85.900)
Test: [  40/196]  Time: 0.270s (0.287s,  890.96/s)  Loss:  2.1641 (1.7051)  Acc@1:  59.375 ( 65.549)  Acc@5:  81.641 ( 85.156)
Test: [  50/196]  Time: 0.269s (0.284s,  901.72/s)  Loss:  1.6017 (1.7125)  Acc@1:  67.578 ( 65.043)  Acc@5:  88.672 ( 85.685)
Test: [  60/196]  Time: 0.270s (0.282s,  909.03/s)  Loss:  2.2216 (1.7133)  Acc@1:  53.516 ( 64.953)  Acc@5:  77.344 ( 85.803)
Test: [  70/196]  Time: 0.270s (0.280s,  914.11/s)  Loss:  1.3842 (1.6845)  Acc@1:  67.578 ( 65.664)  Acc@5:  93.359 ( 86.141)
Test: [  80/196]  Time: 0.270s (0.279s,  918.24/s)  Loss:  3.1234 (1.6944)  Acc@1:  41.797 ( 65.437)  Acc@5:  65.234 ( 85.981)
Test: [  90/196]  Time: 0.271s (0.278s,  921.42/s)  Loss:  2.8434 (1.7681)  Acc@1:  43.359 ( 64.131)  Acc@5:  68.750 ( 84.714)
Test: [ 100/196]  Time: 0.277s (0.277s,  923.82/s)  Loss:  2.7549 (1.8656)  Acc@1:  44.922 ( 62.249)  Acc@5:  72.266 ( 83.153)
Test: [ 110/196]  Time: 0.272s (0.277s,  925.68/s)  Loss:  2.2779 (1.9236)  Acc@1:  58.594 ( 61.170)  Acc@5:  74.609 ( 82.232)
Test: [ 120/196]  Time: 0.270s (0.276s,  927.32/s)  Loss:  2.5621 (1.9623)  Acc@1:  53.125 ( 60.611)  Acc@5:  71.875 ( 81.592)
Test: [ 130/196]  Time: 0.271s (0.276s,  928.80/s)  Loss:  2.4761 (1.9957)  Acc@1:  50.000 ( 59.903)  Acc@5:  77.344 ( 81.125)
Test: [ 140/196]  Time: 0.269s (0.275s,  930.04/s)  Loss:  3.3493 (2.0100)  Acc@1:  36.328 ( 59.655)  Acc@5:  55.859 ( 80.862)
Test: [ 150/196]  Time: 0.268s (0.275s,  931.24/s)  Loss:  2.3363 (2.0372)  Acc@1:  57.031 ( 59.215)  Acc@5:  76.953 ( 80.339)
Test: [ 160/196]  Time: 0.271s (0.275s,  932.26/s)  Loss:  1.8698 (2.0530)  Acc@1:  66.797 ( 59.001)  Acc@5:  81.641 ( 80.061)
Test: [ 170/196]  Time: 0.272s (0.274s,  932.88/s)  Loss:  1.9215 (2.0854)  Acc@1:  57.031 ( 58.379)  Acc@5:  81.641 ( 79.534)
Test: [ 180/196]  Time: 0.272s (0.274s,  933.38/s)  Loss:  3.0438 (2.1143)  Acc@1:  42.969 ( 57.815)  Acc@5:  64.844 ( 79.016)
Test: [ 190/196]  Time: 0.270s (0.274s,  933.91/s)  Loss:  1.6156 (2.1262)  Acc@1:  62.891 ( 57.551)  Acc@5:  91.797 ( 78.927)
 * Acc@1 57.778 (42.222) Acc@5 79.146 (20.854)
