Validating in torch.float32. AMP not enabled.
Loading pretrained weights from Hugging Face hub (timm/resnet50.a1_in1k)
[timm/resnet50.a1_in1k] Safe alternative available for 'pytorch_model.bin' (as 'model.safetensors'). Loading weights using safetensors.
Model resnet50.a1_in1k created, param count: 25557032
Data processing configuration for current model + dataset:
	input_size: (3, 288, 288)
	interpolation: bicubic
	mean: (0.485, 0.456, 0.406)
	std: (0.229, 0.224, 0.225)
	crop_pct: 1.0
	crop_mode: center
Test: [   0/196]  Time: 0.978s (0.978s,  261.78/s)  Loss:  1.2099 (1.2099)  Acc@1:  75.391 ( 75.391)  Acc@5:  91.797 ( 91.797)
Test: [  10/196]  Time: 0.272s (0.337s,  760.66/s)  Loss:  3.2005 (2.0214)  Acc@1:  37.500 ( 61.470)  Acc@5:  62.891 ( 81.001)
Test: [  20/196]  Time: 0.276s (0.308s,  832.40/s)  Loss:  1.6284 (1.9743)  Acc@1:  72.656 ( 62.965)  Acc@5:  82.812 ( 81.120)
Test: [  30/196]  Time: 0.270s (0.296s,  863.79/s)  Loss:  2.2046 (1.8930)  Acc@1:  57.812 ( 64.541)  Acc@5:  82.422 ( 82.611)
Test: [  40/196]  Time: 0.273s (0.291s,  880.80/s)  Loss:  2.6856 (2.0429)  Acc@1:  51.953 ( 61.519)  Acc@5:  78.906 ( 81.603)
Test: [  50/196]  Time: 0.274s (0.287s,  890.92/s)  Loss:  1.9859 (2.0690)  Acc@1:  64.062 ( 61.152)  Acc@5:  86.719 ( 81.962)
Test: [  60/196]  Time: 0.274s (0.285s,  897.79/s)  Loss:  2.6640 (2.0752)  Acc@1:  47.656 ( 61.040)  Acc@5:  71.094 ( 81.954)
Test: [  70/196]  Time: 0.272s (0.283s,  903.35/s)  Loss:  1.8099 (2.0409)  Acc@1:  64.453 ( 61.691)  Acc@5:  87.891 ( 82.455)
Test: [  80/196]  Time: 0.273s (0.282s,  907.27/s)  Loss:  3.4335 (2.0412)  Acc@1:  36.328 ( 61.564)  Acc@5:  62.109 ( 82.412)
Test: [  90/196]  Time: 0.273s (0.281s,  910.63/s)  Loss:  3.1069 (2.0959)  Acc@1:  38.672 ( 60.397)  Acc@5:  65.234 ( 81.319)
Test: [ 100/196]  Time: 0.273s (0.280s,  912.79/s)  Loss:  2.8411 (2.1832)  Acc@1:  43.359 ( 58.551)  Acc@5:  68.750 ( 79.680)
Test: [ 110/196]  Time: 0.272s (0.280s,  914.03/s)  Loss:  2.4541 (2.2269)  Acc@1:  53.516 ( 57.622)  Acc@5:  72.656 ( 78.924)
Test: [ 120/196]  Time: 0.279s (0.280s,  915.09/s)  Loss:  2.6492 (2.2581)  Acc@1:  49.219 ( 57.064)  Acc@5:  71.094 ( 78.325)
Test: [ 130/196]  Time: 0.273s (0.279s,  916.53/s)  Loss:  2.7788 (2.2900)  Acc@1:  44.922 ( 56.289)  Acc@5:  74.609 ( 77.845)
Test: [ 140/196]  Time: 0.274s (0.279s,  917.79/s)  Loss:  3.6004 (2.2960)  Acc@1:  35.156 ( 56.114)  Acc@5:  48.828 ( 77.635)
Test: [ 150/196]  Time: 0.276s (0.279s,  918.92/s)  Loss:  2.6248 (2.3210)  Acc@1:  53.125 ( 55.658)  Acc@5:  73.828 ( 77.134)
Test: [ 160/196]  Time: 0.273s (0.278s,  919.98/s)  Loss:  1.9915 (2.3296)  Acc@1:  63.672 ( 55.505)  Acc@5:  82.031 ( 76.948)
Test: [ 170/196]  Time: 0.275s (0.278s,  920.93/s)  Loss:  2.1628 (2.3579)  Acc@1:  52.734 ( 54.930)  Acc@5:  78.906 ( 76.457)
Test: [ 180/196]  Time: 0.271s (0.278s,  921.89/s)  Loss:  3.1866 (2.3806)  Acc@1:  40.234 ( 54.446)  Acc@5:  64.844 ( 76.079)
Test: [ 190/196]  Time: 0.272s (0.277s,  922.78/s)  Loss:  1.5755 (2.3918)  Acc@1:  62.109 ( 54.199)  Acc@5:  92.969 ( 76.010)
 * Acc@1 54.452 (45.548) Acc@5 76.230 (23.770)
