Validating in torch.float32. AMP not enabled.
Loading pretrained weights from Hugging Face hub (timm/resnet50.a1_in1k)
[timm/resnet50.a1_in1k] Safe alternative available for 'pytorch_model.bin' (as 'model.safetensors'). Loading weights using safetensors.
Model resnet50.a1_in1k created, param count: 25557032
Data processing configuration for current model + dataset:
	input_size: (3, 288, 288)
	interpolation: bicubic
	mean: (0.485, 0.456, 0.406)
	std: (0.229, 0.224, 0.225)
	crop_pct: 1.0
	crop_mode: center
Test: [   0/196]  Time: 0.950s (0.950s,  269.52/s)  Loss:  0.6528 (0.6528)  Acc@1:  87.891 ( 87.891)  Acc@5:  97.266 ( 97.266)
Test: [  10/196]  Time: 0.270s (0.332s,  770.63/s)  Loss:  2.0410 (1.1789)  Acc@1:  59.766 ( 77.131)  Acc@5:  82.031 ( 92.223)
Test: [  20/196]  Time: 0.269s (0.303s,  845.99/s)  Loss:  0.9666 (1.1700)  Acc@1:  83.984 ( 76.842)  Acc@5:  89.844 ( 92.001)
Test: [  30/196]  Time: 0.270s (0.292s,  876.60/s)  Loss:  1.2494 (1.1022)  Acc@1:  78.125 ( 78.616)  Acc@5:  93.359 ( 92.578)
Test: [  40/196]  Time: 0.271s (0.287s,  893.30/s)  Loss:  1.4826 (1.1885)  Acc@1:  76.953 ( 77.067)  Acc@5:  91.406 ( 92.445)
Test: [  50/196]  Time: 0.269s (0.283s,  903.47/s)  Loss:  0.9044 (1.1912)  Acc@1:  83.594 ( 77.175)  Acc@5:  96.094 ( 92.839)
Test: [  60/196]  Time: 0.269s (0.281s,  910.38/s)  Loss:  1.6125 (1.2076)  Acc@1:  67.578 ( 76.992)  Acc@5:  88.672 ( 92.930)
Test: [  70/196]  Time: 0.272s (0.280s,  914.97/s)  Loss:  1.1263 (1.1873)  Acc@1:  77.344 ( 77.360)  Acc@5:  95.703 ( 93.101)
Test: [  80/196]  Time: 0.269s (0.279s,  918.84/s)  Loss:  2.4696 (1.2054)  Acc@1:  51.562 ( 76.905)  Acc@5:  76.172 ( 92.771)
Test: [  90/196]  Time: 0.271s (0.278s,  921.66/s)  Loss:  2.2393 (1.2705)  Acc@1:  48.828 ( 75.421)  Acc@5:  79.688 ( 91.750)
Test: [ 100/196]  Time: 0.271s (0.277s,  923.87/s)  Loss:  1.7073 (1.3481)  Acc@1:  67.188 ( 73.693)  Acc@5:  89.453 ( 90.691)
Test: [ 110/196]  Time: 0.270s (0.277s,  925.85/s)  Loss:  1.5687 (1.3861)  Acc@1:  72.656 ( 72.941)  Acc@5:  84.766 ( 90.241)
Test: [ 120/196]  Time: 0.271s (0.276s,  927.33/s)  Loss:  1.9110 (1.4111)  Acc@1:  63.672 ( 72.537)  Acc@5:  82.031 ( 89.863)
Test: [ 130/196]  Time: 0.272s (0.276s,  928.52/s)  Loss:  1.6424 (1.4433)  Acc@1:  66.016 ( 71.771)  Acc@5:  89.844 ( 89.522)
Test: [ 140/196]  Time: 0.272s (0.275s,  929.41/s)  Loss:  2.4217 (1.4575)  Acc@1:  55.078 ( 71.462)  Acc@5:  75.781 ( 89.273)
Test: [ 150/196]  Time: 0.272s (0.275s,  930.24/s)  Loss:  1.6940 (1.4823)  Acc@1:  71.094 ( 70.967)  Acc@5:  86.719 ( 88.907)
Test: [ 160/196]  Time: 0.272s (0.275s,  930.91/s)  Loss:  1.2457 (1.4962)  Acc@1:  77.734 ( 70.740)  Acc@5:  91.406 ( 88.628)
Test: [ 170/196]  Time: 0.271s (0.275s,  931.62/s)  Loss:  1.1995 (1.5229)  Acc@1:  75.000 ( 70.223)  Acc@5:  93.359 ( 88.320)
Test: [ 180/196]  Time: 0.273s (0.275s,  932.23/s)  Loss:  2.1604 (1.5478)  Acc@1:  57.812 ( 69.732)  Acc@5:  79.688 ( 88.014)
Test: [ 190/196]  Time: 0.270s (0.274s,  932.80/s)  Loss:  1.4226 (1.5559)  Acc@1:  67.188 ( 69.539)  Acc@5:  94.531 ( 87.981)
 * Acc@1 69.646 (30.354) Acc@5 88.076 (11.924)
