Validating in torch.float32. AMP not enabled.
Loading pretrained weights from Hugging Face hub (timm/resnet50.a1_in1k)
[timm/resnet50.a1_in1k] Safe alternative available for 'pytorch_model.bin' (as 'model.safetensors'). Loading weights using safetensors.
Model resnet50.a1_in1k created, param count: 25557032
Data processing configuration for current model + dataset:
	input_size: (3, 288, 288)
	interpolation: bicubic
	mean: (0.485, 0.456, 0.406)
	std: (0.229, 0.224, 0.225)
	crop_pct: 1.0
	crop_mode: center
Test: [   0/196]  Time: 4.960s (4.960s,   51.61/s)  Loss:  3.3735 (3.3735)  Acc@1:  39.062 ( 39.062)  Acc@5:  67.969 ( 67.969)
Test: [  10/196]  Time: 1.011s (1.298s,  197.17/s)  Loss:  4.0581 (3.3234)  Acc@1:  28.906 ( 42.188)  Acc@5:  54.297 ( 65.874)
Test: [  20/196]  Time: 0.271s (1.237s,  207.02/s)  Loss:  2.8378 (3.2125)  Acc@1:  53.906 ( 44.885)  Acc@5:  74.609 ( 67.746)
Test: [  30/196]  Time: 1.281s (1.173s,  218.27/s)  Loss:  2.5333 (3.1327)  Acc@1:  57.812 ( 46.384)  Acc@5:  80.469 ( 69.657)
Test: [  40/196]  Time: 1.126s (1.175s,  217.89/s)  Loss:  2.9149 (3.0562)  Acc@1:  46.094 ( 46.580)  Acc@5:  76.172 ( 70.894)
Test: [  50/196]  Time: 0.269s (1.134s,  225.73/s)  Loss:  2.4210 (2.9498)  Acc@1:  54.297 ( 47.695)  Acc@5:  84.375 ( 72.924)
Test: [  60/196]  Time: 0.269s (1.135s,  225.62/s)  Loss:  3.9573 (2.9700)  Acc@1:  36.328 ( 47.310)  Acc@5:  57.422 ( 72.707)
Test: [  70/196]  Time: 1.143s (1.113s,  230.01/s)  Loss:  2.5813 (2.9734)  Acc@1:  50.781 ( 47.508)  Acc@5:  75.000 ( 72.766)
Test: [  80/196]  Time: 1.058s (1.100s,  232.70/s)  Loss:  4.4231 (3.0153)  Acc@1:  21.875 ( 46.918)  Acc@5:  46.484 ( 71.870)
Test: [  90/196]  Time: 0.428s (1.097s,  233.27/s)  Loss:  4.2758 (3.1473)  Acc@1:  22.266 ( 44.832)  Acc@5:  46.094 ( 69.261)
Test: [ 100/196]  Time: 2.179s (1.095s,  233.85/s)  Loss:  4.0674 (3.2754)  Acc@1:  21.094 ( 42.597)  Acc@5:  57.031 ( 66.774)
Test: [ 110/196]  Time: 1.401s (1.084s,  236.20/s)  Loss:  4.0211 (3.3617)  Acc@1:  31.250 ( 41.216)  Acc@5:  55.469 ( 65.241)
Test: [ 120/196]  Time: 1.118s (1.077s,  237.60/s)  Loss:  3.8240 (3.4275)  Acc@1:  35.156 ( 40.415)  Acc@5:  53.906 ( 64.208)
Test: [ 130/196]  Time: 1.663s (1.077s,  237.62/s)  Loss:  3.7175 (3.4809)  Acc@1:  31.641 ( 39.435)  Acc@5:  57.812 ( 63.195)
Test: [ 140/196]  Time: 0.271s (1.082s,  236.54/s)  Loss:  4.8970 (3.5260)  Acc@1:  21.094 ( 38.949)  Acc@5:  35.547 ( 62.409)
Test: [ 150/196]  Time: 1.296s (1.076s,  237.86/s)  Loss:  4.5698 (3.5804)  Acc@1:  31.250 ( 38.261)  Acc@5:  53.125 ( 61.605)
Test: [ 160/196]  Time: 0.271s (1.078s,  237.55/s)  Loss:  3.4701 (3.5998)  Acc@1:  40.234 ( 37.939)  Acc@5:  60.156 ( 61.112)
Test: [ 170/196]  Time: 0.271s (1.075s,  238.09/s)  Loss:  3.8594 (3.6372)  Acc@1:  31.641 ( 37.331)  Acc@5:  54.297 ( 60.410)
Test: [ 180/196]  Time: 1.356s (1.077s,  237.71/s)  Loss:  5.7771 (3.6813)  Acc@1:  15.625 ( 36.630)  Acc@5:  41.406 ( 59.610)
Test: [ 190/196]  Time: 0.271s (1.071s,  239.04/s)  Loss:  5.7502 (3.7023)  Acc@1:   4.688 ( 36.224)  Acc@5:  27.344 ( 59.355)
 * Acc@1 36.166 (63.834) Acc@5 59.350 (40.650)
