Validating in torch.float32. AMP not enabled.
Loading pretrained weights from Hugging Face hub (timm/resnet50.a1_in1k)
[timm/resnet50.a1_in1k] Safe alternative available for 'pytorch_model.bin' (as 'model.safetensors'). Loading weights using safetensors.
Model resnet50.a1_in1k created, param count: 25557032
Data processing configuration for current model + dataset:
	input_size: (3, 288, 288)
	interpolation: bicubic
	mean: (0.485, 0.456, 0.406)
	std: (0.229, 0.224, 0.225)
	crop_pct: 1.0
	crop_mode: center
Test: [   0/196]  Time: 0.965s (0.965s,  265.19/s)  Loss:  0.9991 (0.9991)  Acc@1:  78.906 ( 78.906)  Acc@5:  96.875 ( 96.875)
Test: [  10/196]  Time: 0.272s (0.336s,  761.68/s)  Loss:  2.5267 (1.6380)  Acc@1:  48.047 ( 68.004)  Acc@5:  75.000 ( 87.500)
Test: [  20/196]  Time: 0.271s (0.305s,  838.35/s)  Loss:  1.2175 (1.5659)  Acc@1:  80.469 ( 69.624)  Acc@5:  88.672 ( 87.333)
Test: [  30/196]  Time: 0.273s (0.295s,  868.83/s)  Loss:  1.5826 (1.4664)  Acc@1:  73.438 ( 71.925)  Acc@5:  89.844 ( 88.470)
Test: [  40/196]  Time: 0.273s (0.289s,  884.99/s)  Loss:  2.1023 (1.5745)  Acc@1:  63.672 ( 70.236)  Acc@5:  86.328 ( 88.224)
Test: [  50/196]  Time: 0.272s (0.286s,  895.55/s)  Loss:  1.3171 (1.5833)  Acc@1:  75.391 ( 70.175)  Acc@5:  93.359 ( 88.825)
Test: [  60/196]  Time: 0.272s (0.284s,  902.73/s)  Loss:  1.9878 (1.5915)  Acc@1:  62.109 ( 70.044)  Acc@5:  80.859 ( 88.915)
Test: [  70/196]  Time: 0.273s (0.282s,  907.73/s)  Loss:  1.4294 (1.5633)  Acc@1:  73.828 ( 70.489)  Acc@5:  92.188 ( 89.261)
Test: [  80/196]  Time: 0.275s (0.281s,  911.57/s)  Loss:  3.0772 (1.5888)  Acc@1:  41.406 ( 69.840)  Acc@5:  69.531 ( 88.821)
Test: [  90/196]  Time: 0.271s (0.280s,  914.69/s)  Loss:  2.6658 (1.6640)  Acc@1:  44.531 ( 68.201)  Acc@5:  70.703 ( 87.406)
Test: [ 100/196]  Time: 0.272s (0.279s,  917.07/s)  Loss:  2.4334 (1.7609)  Acc@1:  50.781 ( 66.221)  Acc@5:  79.297 ( 85.883)
Test: [ 110/196]  Time: 0.271s (0.279s,  919.09/s)  Loss:  2.0322 (1.8043)  Acc@1:  64.844 ( 65.277)  Acc@5:  78.516 ( 85.220)
Test: [ 120/196]  Time: 0.273s (0.278s,  920.70/s)  Loss:  2.4020 (1.8371)  Acc@1:  56.250 ( 64.795)  Acc@5:  76.562 ( 84.640)
Test: [ 130/196]  Time: 0.272s (0.278s,  922.07/s)  Loss:  2.0434 (1.8783)  Acc@1:  60.938 ( 63.860)  Acc@5:  84.766 ( 84.139)
Test: [ 140/196]  Time: 0.271s (0.277s,  923.28/s)  Loss:  2.9955 (1.8936)  Acc@1:  43.359 ( 63.492)  Acc@5:  65.625 ( 83.835)
Test: [ 150/196]  Time: 0.273s (0.277s,  924.27/s)  Loss:  2.4888 (1.9244)  Acc@1:  55.469 ( 62.898)  Acc@5:  76.562 ( 83.252)
Test: [ 160/196]  Time: 0.271s (0.277s,  925.19/s)  Loss:  1.5893 (1.9386)  Acc@1:  68.359 ( 62.599)  Acc@5:  85.547 ( 82.914)
Test: [ 170/196]  Time: 0.272s (0.276s,  926.05/s)  Loss:  1.7131 (1.9705)  Acc@1:  64.844 ( 61.970)  Acc@5:  88.672 ( 82.472)
Test: [ 180/196]  Time: 0.274s (0.276s,  926.70/s)  Loss:  2.5196 (1.9987)  Acc@1:  49.609 ( 61.378)  Acc@5:  73.047 ( 82.025)
Test: [ 190/196]  Time: 0.272s (0.276s,  927.37/s)  Loss:  1.5849 (2.0009)  Acc@1:  65.625 ( 61.314)  Acc@5:  92.578 ( 82.072)
 * Acc@1 61.506 (38.494) Acc@5 82.232 (17.768)
