Validating in torch.float32. AMP not enabled.
Loading pretrained weights from Hugging Face hub (timm/resnet50.a1_in1k)
[timm/resnet50.a1_in1k] Safe alternative available for 'pytorch_model.bin' (as 'model.safetensors'). Loading weights using safetensors.
Model resnet50.a1_in1k created, param count: 25557032
Data processing configuration for current model + dataset:
	input_size: (3, 288, 288)
	interpolation: bicubic
	mean: (0.485, 0.456, 0.406)
	std: (0.229, 0.224, 0.225)
	crop_pct: 1.0
	crop_mode: center
Test: [   0/196]  Time: 0.914s (0.914s,  279.95/s)  Loss:  1.9039 (1.9039)  Acc@1:  60.938 ( 60.938)  Acc@5:  85.547 ( 85.547)
Test: [  10/196]  Time: 0.273s (0.329s,  778.54/s)  Loss:  3.8448 (2.8119)  Acc@1:  25.781 ( 47.230)  Acc@5:  48.438 ( 68.643)
Test: [  20/196]  Time: 0.268s (0.301s,  851.55/s)  Loss:  2.1829 (2.6653)  Acc@1:  65.234 ( 50.800)  Acc@5:  75.781 ( 70.759)
Test: [  30/196]  Time: 0.269s (0.291s,  880.32/s)  Loss:  2.9197 (2.5426)  Acc@1:  48.438 ( 52.961)  Acc@5:  71.875 ( 72.833)
Test: [  40/196]  Time: 0.270s (0.286s,  896.08/s)  Loss:  3.6820 (2.7388)  Acc@1:  30.469 ( 49.019)  Acc@5:  55.078 ( 70.570)
Test: [  50/196]  Time: 0.270s (0.283s,  905.90/s)  Loss:  2.6927 (2.7857)  Acc@1:  46.875 ( 47.901)  Acc@5:  79.297 ( 70.780)
Test: [  60/196]  Time: 0.270s (0.281s,  912.42/s)  Loss:  3.1832 (2.7817)  Acc@1:  32.422 ( 47.957)  Acc@5:  63.672 ( 70.959)
Test: [  70/196]  Time: 0.270s (0.279s,  917.30/s)  Loss:  2.6361 (2.7340)  Acc@1:  50.000 ( 48.839)  Acc@5:  73.047 ( 71.660)
Test: [  80/196]  Time: 0.271s (0.278s,  921.05/s)  Loss:  4.0328 (2.7414)  Acc@1:  25.391 ( 48.524)  Acc@5:  50.000 ( 71.562)
Test: [  90/196]  Time: 0.271s (0.277s,  923.39/s)  Loss:  3.5568 (2.7818)  Acc@1:  32.031 ( 47.635)  Acc@5:  55.469 ( 70.596)
Test: [ 100/196]  Time: 0.272s (0.277s,  925.52/s)  Loss:  3.7971 (2.8714)  Acc@1:  25.781 ( 45.792)  Acc@5:  53.516 ( 68.796)
Test: [ 110/196]  Time: 0.270s (0.276s,  927.46/s)  Loss:  3.1678 (2.9016)  Acc@1:  40.625 ( 45.133)  Acc@5:  61.328 ( 68.099)
Test: [ 120/196]  Time: 0.269s (0.276s,  929.21/s)  Loss:  3.2382 (2.9332)  Acc@1:  39.844 ( 44.576)  Acc@5:  62.500 ( 67.439)
Test: [ 130/196]  Time: 0.271s (0.275s,  930.51/s)  Loss:  3.1546 (2.9684)  Acc@1:  35.156 ( 43.705)  Acc@5:  68.359 ( 66.821)
Test: [ 140/196]  Time: 0.270s (0.275s,  931.55/s)  Loss:  4.1048 (2.9705)  Acc@1:  27.734 ( 43.609)  Acc@5:  43.359 ( 66.708)
Test: [ 150/196]  Time: 0.270s (0.275s,  932.47/s)  Loss:  3.5260 (2.9945)  Acc@1:  35.547 ( 43.183)  Acc@5:  56.641 ( 66.132)
Test: [ 160/196]  Time: 0.270s (0.274s,  933.34/s)  Loss:  2.5207 (2.9993)  Acc@1:  51.953 ( 43.114)  Acc@5:  74.219 ( 65.970)
Test: [ 170/196]  Time: 0.272s (0.274s,  934.11/s)  Loss:  2.8176 (3.0255)  Acc@1:  37.891 ( 42.510)  Acc@5:  71.094 ( 65.467)
Test: [ 180/196]  Time: 0.269s (0.274s,  934.81/s)  Loss:  3.5911 (3.0464)  Acc@1:  33.594 ( 42.095)  Acc@5:  54.297 ( 65.042)
Test: [ 190/196]  Time: 0.269s (0.274s,  935.49/s)  Loss:  1.7518 (3.0475)  Acc@1:  60.938 ( 42.032)  Acc@5:  89.453 ( 65.085)
 * Acc@1 42.390 (57.610) Acc@5 65.418 (34.582)
