Validating in torch.float32. AMP not enabled.
Loading pretrained weights from Hugging Face hub (timm/resnet50.a1_in1k)
[timm/resnet50.a1_in1k] Safe alternative available for 'pytorch_model.bin' (as 'model.safetensors'). Loading weights using safetensors.
Model resnet50.a1_in1k created, param count: 25557032
Data processing configuration for current model + dataset:
	input_size: (3, 288, 288)
	interpolation: bicubic
	mean: (0.485, 0.456, 0.406)
	std: (0.229, 0.224, 0.225)
	crop_pct: 1.0
	crop_mode: center
Test: [   0/196]  Time: 0.994s (0.994s,  257.50/s)  Loss:  1.9103 (1.9103)  Acc@1:  63.672 ( 63.672)  Acc@5:  89.062 ( 89.062)
Test: [  10/196]  Time: 0.271s (0.338s,  758.43/s)  Loss:  2.6079 (2.0708)  Acc@1:  49.609 ( 62.642)  Acc@5:  74.219 ( 83.203)
Test: [  20/196]  Time: 0.271s (0.306s,  836.52/s)  Loss:  1.5812 (1.9960)  Acc@1:  78.906 ( 63.969)  Acc@5:  85.938 ( 83.761)
Test: [  30/196]  Time: 0.271s (0.295s,  868.03/s)  Loss:  1.6770 (1.9161)  Acc@1:  74.219 ( 65.801)  Acc@5:  89.844 ( 85.370)
Test: [  40/196]  Time: 0.272s (0.289s,  885.13/s)  Loss:  1.7611 (1.8946)  Acc@1:  70.703 ( 65.892)  Acc@5:  89.844 ( 85.985)
Test: [  50/196]  Time: 0.271s (0.286s,  896.32/s)  Loss:  1.3295 (1.8296)  Acc@1:  75.781 ( 66.651)  Acc@5:  92.969 ( 87.017)
Test: [  60/196]  Time: 0.272s (0.283s,  903.84/s)  Loss:  2.4970 (1.8535)  Acc@1:  62.500 ( 66.105)  Acc@5:  79.688 ( 87.001)
Test: [  70/196]  Time: 0.270s (0.281s,  909.44/s)  Loss:  1.7950 (1.8553)  Acc@1:  63.672 ( 66.313)  Acc@5:  86.719 ( 87.203)
Test: [  80/196]  Time: 0.273s (0.280s,  913.03/s)  Loss:  3.2717 (1.8938)  Acc@1:  42.188 ( 65.818)  Acc@5:  65.234 ( 86.598)
Test: [  90/196]  Time: 0.272s (0.279s,  916.22/s)  Loss:  3.1175 (2.0190)  Acc@1:  38.672 ( 63.655)  Acc@5:  66.797 ( 84.457)
Test: [ 100/196]  Time: 0.273s (0.279s,  918.67/s)  Loss:  2.5852 (2.1219)  Acc@1:  47.266 ( 61.692)  Acc@5:  80.859 ( 82.874)
Test: [ 110/196]  Time: 0.273s (0.278s,  920.70/s)  Loss:  2.4948 (2.1896)  Acc@1:  58.594 ( 60.610)  Acc@5:  78.125 ( 81.757)
Test: [ 120/196]  Time: 0.272s (0.278s,  921.96/s)  Loss:  2.7740 (2.2395)  Acc@1:  52.344 ( 59.959)  Acc@5:  71.875 ( 81.079)
Test: [ 130/196]  Time: 0.271s (0.277s,  923.39/s)  Loss:  2.2398 (2.2883)  Acc@1:  56.641 ( 58.898)  Acc@5:  85.938 ( 80.370)
Test: [ 140/196]  Time: 0.274s (0.277s,  924.47/s)  Loss:  3.3229 (2.3292)  Acc@1:  38.672 ( 58.306)  Acc@5:  62.500 ( 79.701)
Test: [ 150/196]  Time: 0.271s (0.277s,  925.65/s)  Loss:  3.2635 (2.3801)  Acc@1:  48.438 ( 57.510)  Acc@5:  71.094 ( 79.023)
Test: [ 160/196]  Time: 0.274s (0.276s,  926.66/s)  Loss:  2.2041 (2.4016)  Acc@1:  59.766 ( 57.140)  Acc@5:  77.344 ( 78.535)
Test: [ 170/196]  Time: 0.272s (0.276s,  927.41/s)  Loss:  2.1499 (2.4331)  Acc@1:  64.453 ( 56.595)  Acc@5:  84.766 ( 78.111)
Test: [ 180/196]  Time: 0.272s (0.276s,  928.20/s)  Loss:  4.0259 (2.4722)  Acc@1:  37.891 ( 55.821)  Acc@5:  68.359 ( 77.577)
Test: [ 190/196]  Time: 0.271s (0.276s,  928.99/s)  Loss:  4.5104 (2.4857)  Acc@1:  19.531 ( 55.581)  Acc@5:  48.828 ( 77.460)
 * Acc@1 55.534 (44.466) Acc@5 77.462 (22.538)
