Validating in torch.float32. AMP not enabled.
Loading pretrained weights from Hugging Face hub (timm/resnet50.a1_in1k)
[timm/resnet50.a1_in1k] Safe alternative available for 'pytorch_model.bin' (as 'model.safetensors'). Loading weights using safetensors.
Model resnet50.a1_in1k created, param count: 25557032
Data processing configuration for current model + dataset:
	input_size: (3, 288, 288)
	interpolation: bicubic
	mean: (0.485, 0.456, 0.406)
	std: (0.229, 0.224, 0.225)
	crop_pct: 1.0
	crop_mode: center
Test: [   0/196]  Time: 4.636s (4.636s,   55.23/s)  Loss:  1.6012 (1.6012)  Acc@1:  65.234 ( 65.234)  Acc@5:  90.234 ( 90.234)
Test: [  10/196]  Time: 0.268s (1.170s,  218.84/s)  Loss:  3.5087 (2.3796)  Acc@1:  25.391 ( 52.237)  Acc@5:  57.031 ( 74.893)
Test: [  20/196]  Time: 0.269s (1.115s,  229.62/s)  Loss:  1.9671 (2.2722)  Acc@1:  65.234 ( 54.985)  Acc@5:  76.562 ( 75.930)
Test: [  30/196]  Time: 0.270s (1.038s,  246.65/s)  Loss:  2.2047 (2.1482)  Acc@1:  57.422 ( 57.460)  Acc@5:  81.250 ( 77.835)
Test: [  40/196]  Time: 0.269s (1.039s,  246.48/s)  Loss:  2.8957 (2.2614)  Acc@1:  42.578 ( 54.821)  Acc@5:  69.531 ( 76.782)
Test: [  50/196]  Time: 0.270s (0.994s,  257.51/s)  Loss:  2.1178 (2.2688)  Acc@1:  58.203 ( 54.136)  Acc@5:  85.547 ( 77.382)
Test: [  60/196]  Time: 0.269s (1.015s,  252.18/s)  Loss:  2.6404 (2.2548)  Acc@1:  44.141 ( 54.316)  Acc@5:  69.531 ( 77.696)
Test: [  70/196]  Time: 0.269s (0.999s,  256.16/s)  Loss:  1.9492 (2.2146)  Acc@1:  57.031 ( 55.216)  Acc@5:  85.547 ( 78.290)
Test: [  80/196]  Time: 0.273s (0.990s,  258.69/s)  Loss:  3.6565 (2.2365)  Acc@1:  33.203 ( 54.851)  Acc@5:  57.031 ( 77.966)
Test: [  90/196]  Time: 0.271s (1.006s,  254.50/s)  Loss:  3.3165 (2.3080)  Acc@1:  36.328 ( 53.730)  Acc@5:  57.812 ( 76.717)
Test: [ 100/196]  Time: 0.272s (0.992s,  257.99/s)  Loss:  3.7060 (2.4225)  Acc@1:  26.953 ( 51.570)  Acc@5:  56.250 ( 74.745)
Test: [ 110/196]  Time: 0.270s (1.009s,  253.72/s)  Loss:  2.9906 (2.4793)  Acc@1:  43.359 ( 50.486)  Acc@5:  64.062 ( 73.656)
Test: [ 120/196]  Time: 0.269s (1.000s,  256.03/s)  Loss:  3.0790 (2.5224)  Acc@1:  41.406 ( 49.874)  Acc@5:  66.016 ( 72.986)
Test: [ 130/196]  Time: 0.270s (1.004s,  255.03/s)  Loss:  2.8464 (2.5621)  Acc@1:  40.234 ( 49.034)  Acc@5:  68.359 ( 72.352)
Test: [ 140/196]  Time: 0.270s (0.990s,  258.56/s)  Loss:  3.8084 (2.5751)  Acc@1:  29.688 ( 48.903)  Acc@5:  45.312 ( 72.102)
Test: [ 150/196]  Time: 0.272s (0.998s,  256.46/s)  Loss:  3.1923 (2.6073)  Acc@1:  43.359 ( 48.406)  Acc@5:  61.328 ( 71.407)
Test: [ 160/196]  Time: 0.271s (0.992s,  258.10/s)  Loss:  2.3364 (2.6251)  Acc@1:  55.859 ( 48.151)  Acc@5:  73.047 ( 71.060)
Test: [ 170/196]  Time: 0.270s (0.999s,  256.14/s)  Loss:  2.4034 (2.6579)  Acc@1:  47.266 ( 47.537)  Acc@5:  76.172 ( 70.495)
Test: [ 180/196]  Time: 0.270s (0.992s,  258.10/s)  Loss:  3.3698 (2.6865)  Acc@1:  37.109 ( 47.007)  Acc@5:  60.547 ( 69.969)
Test: [ 190/196]  Time: 0.269s (0.993s,  257.78/s)  Loss:  1.7827 (2.6914)  Acc@1:  57.422 ( 46.871)  Acc@5:  91.406 ( 70.018)
 * Acc@1 47.174 (52.826) Acc@5 70.292 (29.708)
