Validating in torch.float32. AMP not enabled.
Loading pretrained weights from Hugging Face hub (timm/resnet50.a1_in1k)
[timm/resnet50.a1_in1k] Safe alternative available for 'pytorch_model.bin' (as 'model.safetensors'). Loading weights using safetensors.
Model resnet50.a1_in1k created, param count: 25557032
Data processing configuration for current model + dataset:
	input_size: (3, 288, 288)
	interpolation: bicubic
	mean: (0.485, 0.456, 0.406)
	std: (0.229, 0.224, 0.225)
	crop_pct: 1.0
	crop_mode: center
Test: [   0/196]  Time: 0.951s (0.951s,  269.11/s)  Loss:  1.7730 (1.7730)  Acc@1:  66.406 ( 66.406)  Acc@5:  88.281 ( 88.281)
Test: [  10/196]  Time: 0.271s (0.334s,  766.66/s)  Loss:  2.4062 (1.9000)  Acc@1:  50.391 ( 63.281)  Acc@5:  76.562 ( 84.482)
Test: [  20/196]  Time: 0.270s (0.304s,  842.86/s)  Loss:  1.7688 (1.8652)  Acc@1:  70.703 ( 64.025)  Acc@5:  83.203 ( 84.859)
Test: [  30/196]  Time: 0.270s (0.293s,  873.22/s)  Loss:  1.5303 (1.7894)  Acc@1:  70.312 ( 65.877)  Acc@5:  88.672 ( 85.938)
Test: [  40/196]  Time: 0.271s (0.288s,  890.20/s)  Loss:  1.5094 (1.7603)  Acc@1:  71.094 ( 65.949)  Acc@5:  91.016 ( 86.700)
Test: [  50/196]  Time: 0.269s (0.284s,  900.84/s)  Loss:  1.2721 (1.6879)  Acc@1:  71.484 ( 66.950)  Acc@5:  94.141 ( 87.707)
Test: [  60/196]  Time: 0.269s (0.282s,  908.47/s)  Loss:  2.1324 (1.6979)  Acc@1:  64.062 ( 66.790)  Acc@5:  80.469 ( 87.718)
Test: [  70/196]  Time: 0.270s (0.280s,  913.84/s)  Loss:  1.6275 (1.6985)  Acc@1:  67.578 ( 67.127)  Acc@5:  85.547 ( 87.759)
Test: [  80/196]  Time: 0.271s (0.279s,  917.60/s)  Loss:  3.1124 (1.7329)  Acc@1:  42.188 ( 66.671)  Acc@5:  66.797 ( 87.105)
Test: [  90/196]  Time: 0.270s (0.278s,  920.63/s)  Loss:  2.9167 (1.8660)  Acc@1:  40.625 ( 64.363)  Acc@5:  70.312 ( 84.954)
Test: [ 100/196]  Time: 0.271s (0.277s,  922.90/s)  Loss:  2.6634 (1.9741)  Acc@1:  46.094 ( 62.353)  Acc@5:  77.734 ( 83.296)
Test: [ 110/196]  Time: 0.270s (0.277s,  924.95/s)  Loss:  2.3122 (2.0464)  Acc@1:  59.375 ( 61.145)  Acc@5:  74.609 ( 82.133)
Test: [ 120/196]  Time: 0.271s (0.276s,  926.57/s)  Loss:  2.7292 (2.0955)  Acc@1:  51.172 ( 60.495)  Acc@5:  74.219 ( 81.466)
Test: [ 130/196]  Time: 0.269s (0.276s,  927.75/s)  Loss:  2.0329 (2.1451)  Acc@1:  59.766 ( 59.479)  Acc@5:  85.938 ( 80.752)
Test: [ 140/196]  Time: 0.271s (0.276s,  929.06/s)  Loss:  3.3331 (2.1923)  Acc@1:  33.594 ( 58.743)  Acc@5:  59.375 ( 79.967)
Test: [ 150/196]  Time: 0.272s (0.275s,  929.98/s)  Loss:  3.2845 (2.2513)  Acc@1:  48.438 ( 57.833)  Acc@5:  69.922 ( 79.095)
Test: [ 160/196]  Time: 0.271s (0.275s,  930.89/s)  Loss:  2.2178 (2.2806)  Acc@1:  59.766 ( 57.354)  Acc@5:  77.344 ( 78.581)
Test: [ 170/196]  Time: 0.271s (0.275s,  931.50/s)  Loss:  1.9278 (2.3133)  Acc@1:  65.234 ( 56.791)  Acc@5:  85.547 ( 78.091)
Test: [ 180/196]  Time: 0.271s (0.275s,  932.23/s)  Loss:  3.2471 (2.3525)  Acc@1:  41.016 ( 56.010)  Acc@5:  72.656 ( 77.519)
Test: [ 190/196]  Time: 0.269s (0.274s,  933.00/s)  Loss:  4.6954 (2.3606)  Acc@1:  19.141 ( 55.972)  Acc@5:  47.656 ( 77.452)
 * Acc@1 55.906 (44.094) Acc@5 77.412 (22.588)
