Validating in torch.float32. AMP not enabled.
Loading pretrained weights from Hugging Face hub (timm/resnet50.a1_in1k)
[timm/resnet50.a1_in1k] Safe alternative available for 'pytorch_model.bin' (as 'model.safetensors'). Loading weights using safetensors.
Model resnet50.a1_in1k created, param count: 25557032
Data processing configuration for current model + dataset:
	input_size: (3, 288, 288)
	interpolation: bicubic
	mean: (0.485, 0.456, 0.406)
	std: (0.229, 0.224, 0.225)
	crop_pct: 1.0
	crop_mode: center
Test: [   0/196]  Time: 4.355s (4.355s,   58.79/s)  Loss:  6.2211 (6.2211)  Acc@1:  10.938 ( 10.938)  Acc@5:  20.703 ( 20.703)
Test: [  10/196]  Time: 0.336s (1.217s,  210.35/s)  Loss:  6.2603 (5.3212)  Acc@1:   8.203 ( 18.288)  Acc@5:  17.188 ( 32.031)
Test: [  20/196]  Time: 1.801s (1.236s,  207.05/s)  Loss:  5.4418 (5.1822)  Acc@1:  14.062 ( 19.624)  Acc@5:  30.469 ( 34.784)
Test: [  30/196]  Time: 0.268s (1.175s,  217.85/s)  Loss:  3.6521 (5.0975)  Acc@1:  32.422 ( 20.300)  Acc@5:  58.203 ( 36.668)
Test: [  40/196]  Time: 1.463s (1.154s,  221.76/s)  Loss:  4.1911 (4.8439)  Acc@1:  23.047 ( 21.037)  Acc@5:  44.922 ( 39.367)
Test: [  50/196]  Time: 0.268s (1.179s,  217.11/s)  Loss:  3.6640 (4.6154)  Acc@1:  28.906 ( 22.526)  Acc@5:  60.156 ( 42.685)
Test: [  60/196]  Time: 0.271s (1.147s,  223.14/s)  Loss:  5.7412 (4.5764)  Acc@1:  10.547 ( 22.759)  Acc@5:  23.047 ( 43.295)
Test: [  70/196]  Time: 1.399s (1.161s,  220.56/s)  Loss:  4.0673 (4.6026)  Acc@1:  26.172 ( 22.816)  Acc@5:  49.609 ( 43.244)
Test: [  80/196]  Time: 0.270s (1.124s,  227.83/s)  Loss:  5.8332 (4.6564)  Acc@1:   7.031 ( 22.290)  Acc@5:  18.359 ( 42.067)
Test: [  90/196]  Time: 1.932s (1.144s,  223.86/s)  Loss:  5.6504 (4.7750)  Acc@1:   8.984 ( 21.171)  Acc@5:  21.875 ( 40.028)
Test: [ 100/196]  Time: 0.269s (1.122s,  228.15/s)  Loss:  6.2609 (4.9116)  Acc@1:   3.125 ( 19.647)  Acc@5:  14.453 ( 37.558)
Test: [ 110/196]  Time: 2.570s (1.129s,  226.66/s)  Loss:  6.2650 (5.0089)  Acc@1:   7.422 ( 18.627)  Acc@5:  14.844 ( 35.835)
Test: [ 120/196]  Time: 1.222s (1.112s,  230.19/s)  Loss:  5.6053 (5.0886)  Acc@1:   7.422 ( 17.917)  Acc@5:  17.969 ( 34.591)
Test: [ 130/196]  Time: 3.294s (1.125s,  227.62/s)  Loss:  5.5767 (5.1315)  Acc@1:  10.156 ( 17.247)  Acc@5:  22.656 ( 33.737)
Test: [ 140/196]  Time: 0.270s (1.108s,  231.00/s)  Loss:  6.2514 (5.1799)  Acc@1:   9.375 ( 16.916)  Acc@5:  17.188 ( 32.951)
Test: [ 150/196]  Time: 2.539s (1.114s,  229.71/s)  Loss:  6.2412 (5.2367)  Acc@1:  12.500 ( 16.398)  Acc@5:  28.516 ( 32.166)
Test: [ 160/196]  Time: 0.270s (1.109s,  230.86/s)  Loss:  5.5927 (5.2597)  Acc@1:  13.672 ( 16.071)  Acc@5:  23.828 ( 31.585)
Test: [ 170/196]  Time: 2.426s (1.113s,  230.02/s)  Loss:  5.8361 (5.2905)  Acc@1:   6.250 ( 15.700)  Acc@5:  20.703 ( 31.003)
Test: [ 180/196]  Time: 1.290s (1.105s,  231.64/s)  Loss:  7.2629 (5.3272)  Acc@1:   4.688 ( 15.327)  Acc@5:  12.891 ( 30.404)
Test: [ 190/196]  Time: 0.318s (1.100s,  232.81/s)  Loss:  7.2975 (5.3401)  Acc@1:   0.781 ( 15.187)  Acc@5:  11.719 ( 30.232)
 * Acc@1 15.152 (84.848) Acc@5 30.198 (69.802)
