Validating in torch.float32. AMP not enabled.
Loading pretrained weights from Hugging Face hub (timm/coatnet_0_rw_224.sw_in1k)
[timm/coatnet_0_rw_224.sw_in1k] Safe alternative available for 'pytorch_model.bin' (as 'model.safetensors'). Loading weights using safetensors.
Model coatnet_0_rw_224.sw_in1k created, param count: 27435562
Data processing configuration for current model + dataset:
	input_size: (3, 224, 224)
	interpolation: bicubic
	mean: (0.5, 0.5, 0.5)
	std: (0.5, 0.5, 0.5)
	crop_pct: 0.95
	crop_mode: center
Test: [   0/196]  Time: 0.929s (0.929s,  275.47/s)  Loss:  1.2359 (1.2359)  Acc@1:  71.875 ( 71.875)  Acc@5:  95.312 ( 95.312)
Test: [  10/196]  Time: 0.244s (0.306s,  835.91/s)  Loss:  1.8711 (1.3933)  Acc@1:  59.375 ( 69.070)  Acc@5:  88.672 ( 93.111)
Test: [  20/196]  Time: 0.245s (0.277s,  925.16/s)  Loss:  1.5026 (1.3946)  Acc@1:  76.953 ( 70.108)  Acc@5:  90.234 ( 93.080)
Test: [  30/196]  Time: 0.245s (0.266s,  961.21/s)  Loss:  1.3608 (1.3796)  Acc@1:  75.781 ( 71.850)  Acc@5:  92.578 ( 93.133)
Test: [  40/196]  Time: 0.243s (0.261s,  981.18/s)  Loss:  1.2576 (1.3743)  Acc@1:  74.609 ( 71.846)  Acc@5:  92.188 ( 93.255)
Test: [  50/196]  Time: 0.244s (0.258s,  993.71/s)  Loss:  1.0568 (1.3488)  Acc@1:  82.031 ( 72.403)  Acc@5:  96.484 ( 93.597)
Test: [  60/196]  Time: 0.245s (0.256s, 1001.80/s)  Loss:  1.8467 (1.3745)  Acc@1:  67.188 ( 72.048)  Acc@5:  89.062 ( 93.487)
Test: [  70/196]  Time: 0.246s (0.254s, 1007.59/s)  Loss:  1.4858 (1.3703)  Acc@1:  63.672 ( 72.117)  Acc@5:  92.578 ( 93.596)
Test: [  80/196]  Time: 0.246s (0.253s, 1011.84/s)  Loss:  2.2327 (1.3924)  Acc@1:  51.953 ( 71.615)  Acc@5:  81.641 ( 93.200)
Test: [  90/196]  Time: 0.245s (0.252s, 1015.13/s)  Loss:  2.4240 (1.4821)  Acc@1:  48.828 ( 69.591)  Acc@5:  78.906 ( 91.904)
Test: [ 100/196]  Time: 0.246s (0.252s, 1017.68/s)  Loss:  1.7521 (1.5409)  Acc@1:  58.984 ( 68.050)  Acc@5:  89.062 ( 91.062)
Test: [ 110/196]  Time: 0.246s (0.251s, 1019.83/s)  Loss:  1.7278 (1.5956)  Acc@1:  60.938 ( 66.793)  Acc@5:  89.453 ( 90.273)
Test: [ 120/196]  Time: 0.246s (0.251s, 1021.68/s)  Loss:  2.1388 (1.6225)  Acc@1:  57.812 ( 66.148)  Acc@5:  80.469 ( 89.792)
Test: [ 130/196]  Time: 0.245s (0.250s, 1023.23/s)  Loss:  1.7021 (1.6552)  Acc@1:  63.672 ( 65.342)  Acc@5:  91.016 ( 89.337)
Test: [ 140/196]  Time: 0.245s (0.250s, 1024.72/s)  Loss:  2.2094 (1.6844)  Acc@1:  54.688 ( 64.780)  Acc@5:  80.859 ( 88.877)
Test: [ 150/196]  Time: 0.245s (0.250s, 1025.96/s)  Loss:  1.9725 (1.7163)  Acc@1:  53.906 ( 63.995)  Acc@5:  84.375 ( 88.421)
Test: [ 160/196]  Time: 0.245s (0.249s, 1027.11/s)  Loss:  1.5689 (1.7393)  Acc@1:  71.094 ( 63.621)  Acc@5:  87.109 ( 88.024)
Test: [ 170/196]  Time: 0.245s (0.249s, 1028.11/s)  Loss:  1.3641 (1.7589)  Acc@1:  66.016 ( 63.126)  Acc@5:  95.703 ( 87.733)
Test: [ 180/196]  Time: 0.245s (0.249s, 1028.95/s)  Loss:  2.0395 (1.7845)  Acc@1:  49.219 ( 62.330)  Acc@5:  85.156 ( 87.429)
Test: [ 190/196]  Time: 0.244s (0.249s, 1029.77/s)  Loss:  3.4628 (1.7949)  Acc@1:  27.734 ( 61.925)  Acc@5:  63.672 ( 87.330)
 * Acc@1 61.780 (38.220) Acc@5 87.348 (12.652)
