Validating in torch.float32. AMP not enabled.
Loading pretrained weights from Hugging Face hub (timm/coatnet_0_rw_224.sw_in1k)
[timm/coatnet_0_rw_224.sw_in1k] Safe alternative available for 'pytorch_model.bin' (as 'model.safetensors'). Loading weights using safetensors.
Model coatnet_0_rw_224.sw_in1k created, param count: 27435562
Data processing configuration for current model + dataset:
	input_size: (3, 224, 224)
	interpolation: bicubic
	mean: (0.5, 0.5, 0.5)
	std: (0.5, 0.5, 0.5)
	crop_pct: 0.95
	crop_mode: center
Test: [   0/196]  Time: 7.886s (7.886s,   32.46/s)  Loss:  3.0724 (3.0724)  Acc@1:  23.438 ( 23.438)  Acc@5:  76.172 ( 76.172)
Test: [  10/196]  Time: 0.242s (2.200s,  116.34/s)  Loss:  4.2218 (3.3582)  Acc@1:  12.891 ( 21.555)  Acc@5:  47.656 ( 67.685)
Test: [  20/196]  Time: 0.243s (2.253s,  113.61/s)  Loss:  3.7608 (3.4177)  Acc@1:  21.875 ( 21.875)  Acc@5:  58.203 ( 66.313)
Test: [  30/196]  Time: 0.243s (2.065s,  123.94/s)  Loss:  3.4107 (3.4001)  Acc@1:  19.922 ( 23.324)  Acc@5:  59.766 ( 66.532)
Test: [  40/196]  Time: 1.477s (2.076s,  123.31/s)  Loss:  3.4307 (3.4258)  Acc@1:  20.703 ( 22.523)  Acc@5:  60.156 ( 64.949)
Test: [  50/196]  Time: 0.242s (2.009s,  127.44/s)  Loss:  3.2222 (3.4020)  Acc@1:  19.141 ( 22.166)  Acc@5:  68.359 ( 64.997)
Test: [  60/196]  Time: 1.506s (2.100s,  121.93/s)  Loss:  4.0265 (3.4215)  Acc@1:  16.016 ( 21.683)  Acc@5:  53.125 ( 64.735)
Test: [  70/196]  Time: 0.243s (2.074s,  123.41/s)  Loss:  3.2751 (3.4098)  Acc@1:  20.703 ( 21.688)  Acc@5:  68.359 ( 65.201)
Test: [  80/196]  Time: 2.771s (2.143s,  119.45/s)  Loss:  4.6996 (3.4178)  Acc@1:   7.812 ( 21.841)  Acc@5:  41.797 ( 65.119)
Test: [  90/196]  Time: 0.243s (2.123s,  120.58/s)  Loss:  4.8531 (3.5102)  Acc@1:   8.594 ( 21.034)  Acc@5:  38.281 ( 63.590)
Test: [ 100/196]  Time: 5.828s (2.172s,  117.88/s)  Loss:  3.9792 (3.5845)  Acc@1:  18.750 ( 20.417)  Acc@5:  51.562 ( 62.210)
Test: [ 110/196]  Time: 0.243s (2.135s,  119.90/s)  Loss:  3.9679 (3.6483)  Acc@1:  12.500 ( 19.697)  Acc@5:  57.812 ( 61.184)
Test: [ 120/196]  Time: 7.563s (2.178s,  117.56/s)  Loss:  4.0046 (3.6826)  Acc@1:  19.922 ( 19.405)  Acc@5:  54.688 ( 60.712)
Test: [ 130/196]  Time: 0.242s (2.152s,  118.93/s)  Loss:  4.2358 (3.7125)  Acc@1:   7.812 ( 19.212)  Acc@5:  50.781 ( 60.049)
Test: [ 140/196]  Time: 7.740s (2.176s,  117.63/s)  Loss:  4.4375 (3.7379)  Acc@1:  13.281 ( 18.952)  Acc@5:  43.359 ( 59.716)
Test: [ 150/196]  Time: 0.242s (2.129s,  120.23/s)  Loss:  4.0169 (3.7726)  Acc@1:  15.625 ( 18.693)  Acc@5:  57.422 ( 59.145)
Test: [ 160/196]  Time: 6.106s (2.123s,  120.57/s)  Loss:  3.7620 (3.7895)  Acc@1:  17.578 ( 18.595)  Acc@5:  62.109 ( 58.880)
Test: [ 170/196]  Time: 0.242s (2.072s,  123.56/s)  Loss:  3.5218 (3.8121)  Acc@1:  12.891 ( 18.348)  Acc@5:  64.844 ( 58.434)
Test: [ 180/196]  Time: 4.229s (2.043s,  125.31/s)  Loss:  4.5946 (3.8393)  Acc@1:   5.078 ( 17.958)  Acc@5:  44.531 ( 58.007)
Test: [ 190/196]  Time: 0.243s (1.997s,  128.21/s)  Loss:  4.4393 (3.8374)  Acc@1:   7.812 ( 17.693)  Acc@5:  50.000 ( 58.152)
 * Acc@1 17.710 (82.290) Acc@5 58.474 (41.526)
