Validating in torch.float32. AMP not enabled.
Loading pretrained weights from Hugging Face hub (timm/hiera_base_224.mae_in1k_ft_in1k)
[timm/hiera_base_224.mae_in1k_ft_in1k] Safe alternative available for 'pytorch_model.bin' (as 'model.safetensors'). Loading weights using safetensors.
Model hiera_base_224.mae_in1k_ft_in1k created, param count: 51524968
Data processing configuration for current model + dataset:
	input_size: (3, 224, 224)
	interpolation: bicubic
	mean: (0.485, 0.456, 0.406)
	std: (0.229, 0.224, 0.225)
	crop_pct: 0.9
	crop_mode: center
Test: [   0/196]  Time: 7.511s (7.511s,   34.08/s)  Loss:  0.3508 (0.3508)  Acc@1:  96.094 ( 96.094)  Acc@5:  98.828 ( 98.828)
Test: [  10/196]  Time: 0.303s (1.853s,  138.16/s)  Loss:  0.8226 (0.5523)  Acc@1:  82.031 ( 88.317)  Acc@5:  96.484 ( 98.366)
Test: [  20/196]  Time: 0.302s (1.800s,  142.20/s)  Loss:  0.4674 (0.5613)  Acc@1:  94.141 ( 88.244)  Acc@5:  98.047 ( 98.140)
Test: [  30/196]  Time: 0.303s (1.625s,  157.54/s)  Loss:  0.6261 (0.5274)  Acc@1:  87.891 ( 89.428)  Acc@5:  97.656 ( 98.274)
Test: [  40/196]  Time: 0.301s (1.655s,  154.71/s)  Loss:  0.5391 (0.5602)  Acc@1:  89.844 ( 88.605)  Acc@5:  98.047 ( 98.056)
Test: [  50/196]  Time: 0.302s (1.579s,  162.13/s)  Loss:  0.4282 (0.5618)  Acc@1:  92.578 ( 88.450)  Acc@5:  98.047 ( 98.047)
Test: [  60/196]  Time: 0.302s (1.592s,  160.82/s)  Loss:  0.6951 (0.5799)  Acc@1:  84.375 ( 88.051)  Acc@5:  96.875 ( 98.028)
Test: [  70/196]  Time: 0.303s (1.549s,  165.24/s)  Loss:  0.6466 (0.5671)  Acc@1:  87.891 ( 88.270)  Acc@5:  98.828 ( 98.179)
Test: [  80/196]  Time: 0.301s (1.571s,  162.93/s)  Loss:  0.9242 (0.5822)  Acc@1:  74.609 ( 87.920)  Acc@5:  95.703 ( 98.032)
Test: [  90/196]  Time: 0.303s (1.514s,  169.13/s)  Loss:  1.2006 (0.6030)  Acc@1:  71.094 ( 87.285)  Acc@5:  94.141 ( 97.858)
Test: [ 100/196]  Time: 0.301s (1.510s,  169.55/s)  Loss:  0.7660 (0.6315)  Acc@1:  81.250 ( 86.506)  Acc@5:  97.266 ( 97.656)
Test: [ 110/196]  Time: 0.302s (1.477s,  173.32/s)  Loss:  0.6205 (0.6417)  Acc@1:  86.328 ( 86.230)  Acc@5:  97.266 ( 97.565)
Test: [ 120/196]  Time: 0.302s (1.484s,  172.54/s)  Loss:  0.8643 (0.6459)  Acc@1:  82.031 ( 86.241)  Acc@5:  93.750 ( 97.492)
Test: [ 130/196]  Time: 0.392s (1.453s,  176.16/s)  Loss:  0.4046 (0.6634)  Acc@1:  91.016 ( 85.669)  Acc@5: 100.000 ( 97.346)
Test: [ 140/196]  Time: 3.791s (1.470s,  174.15/s)  Loss:  0.6459 (0.6698)  Acc@1:  85.547 ( 85.494)  Acc@5:  97.266 ( 97.274)
Test: [ 150/196]  Time: 0.303s (1.450s,  176.50/s)  Loss:  0.6474 (0.6769)  Acc@1:  87.500 ( 85.314)  Acc@5:  97.266 ( 97.211)
Test: [ 160/196]  Time: 2.845s (1.463s,  174.99/s)  Loss:  0.4592 (0.6831)  Acc@1:  92.188 ( 85.168)  Acc@5:  99.219 ( 97.164)
Test: [ 170/196]  Time: 1.204s (1.452s,  176.36/s)  Loss:  0.4355 (0.6928)  Acc@1:  91.797 ( 84.862)  Acc@5:  98.828 ( 97.087)
Test: [ 180/196]  Time: 2.684s (1.456s,  175.77/s)  Loss:  0.9950 (0.7023)  Acc@1:  78.125 ( 84.571)  Acc@5:  95.703 ( 97.020)
Test: [ 190/196]  Time: 1.849s (1.446s,  177.05/s)  Loss:  1.0478 (0.7054)  Acc@1:  69.922 ( 84.440)  Acc@5:  96.875 ( 97.012)
 * Acc@1 84.490 (15.510) Acc@5 97.036 (2.964)
