no change     /work/mfatima/miniconda3/condabin/conda
no change     /work/mfatima/miniconda3/bin/conda
no change     /work/mfatima/miniconda3/bin/conda-env
no change     /work/mfatima/miniconda3/bin/activate
no change     /work/mfatima/miniconda3/bin/deactivate
no change     /work/mfatima/miniconda3/etc/profile.d/conda.sh
no change     /work/mfatima/miniconda3/etc/fish/conf.d/conda.fish
no change     /work/mfatima/miniconda3/shell/condabin/Conda.psm1
no change     /work/mfatima/miniconda3/shell/condabin/conda-hook.ps1
no change     /work/mfatima/miniconda3/lib/python3.11/site-packages/xontrib/conda.xsh
no change     /work/mfatima/miniconda3/etc/profile.d/conda.csh
no change     /home/mfatima/.bashrc
No action taken.
Started at Fri Jun 13 13:18:58 CEST 2025
Running job: Hiera array id: 6 using 8 cpus per node with given JID 33647 on queue gpu-vram-48gb
--result
{
    "model": "hiera_base_224.mae_in1k_ft_in1k",
    "top1": 21.818,
    "top1_err": 78.182,
    "top5": 71.66,
    "top5_err": 28.34,
    "param_count": 51.52,
    "img_size": 224,
    "crop_pct": 0.9,
    "interpolation": "bicubic"
}
Runtime: 222
