Validating in torch.float32. AMP not enabled.
Loading pretrained weights from Hugging Face hub (timm/hiera_base_224.mae_in1k_ft_in1k)
[timm/hiera_base_224.mae_in1k_ft_in1k] Safe alternative available for 'pytorch_model.bin' (as 'model.safetensors'). Loading weights using safetensors.
Model hiera_base_224.mae_in1k_ft_in1k created, param count: 51524968
Data processing configuration for current model + dataset:
	input_size: (3, 224, 224)
	interpolation: bicubic
	mean: (0.485, 0.456, 0.406)
	std: (0.229, 0.224, 0.225)
	crop_pct: 0.9
	crop_mode: center
Test: [   0/196]  Time: 4.304s (4.304s,   59.48/s)  Loss:  1.8380 (1.8380)  Acc@1:  52.734 ( 52.734)  Acc@5:  85.156 ( 85.156)
Test: [  10/196]  Time: 0.304s (1.143s,  223.98/s)  Loss:  3.5523 (2.8020)  Acc@1:  25.000 ( 40.518)  Acc@5:  55.859 ( 67.898)
Test: [  20/196]  Time: 0.441s (1.069s,  239.54/s)  Loss:  2.3682 (2.7497)  Acc@1:  52.734 ( 42.429)  Acc@5:  71.094 ( 68.806)
Test: [  30/196]  Time: 0.303s (1.042s,  245.62/s)  Loss:  3.3622 (2.6317)  Acc@1:  29.297 ( 44.771)  Acc@5:  60.156 ( 70.577)
Test: [  40/196]  Time: 0.305s (1.010s,  253.37/s)  Loss:  4.0984 (2.9174)  Acc@1:  14.453 ( 39.329)  Acc@5:  41.016 ( 65.635)
Test: [  50/196]  Time: 0.303s (1.019s,  251.32/s)  Loss:  3.1854 (3.0382)  Acc@1:  30.469 ( 36.558)  Acc@5:  60.156 ( 63.618)
Test: [  60/196]  Time: 0.692s (0.987s,  259.29/s)  Loss:  3.1105 (3.0539)  Acc@1:  32.422 ( 36.034)  Acc@5:  60.938 ( 63.390)
Test: [  70/196]  Time: 0.302s (0.998s,  256.39/s)  Loss:  3.0084 (2.9834)  Acc@1:  34.766 ( 37.214)  Acc@5:  62.109 ( 64.525)
Test: [  80/196]  Time: 0.304s (0.986s,  259.61/s)  Loss:  4.1424 (2.9882)  Acc@1:  25.781 ( 37.085)  Acc@5:  46.484 ( 64.535)
Test: [  90/196]  Time: 0.509s (0.983s,  260.47/s)  Loss:  3.5807 (3.0069)  Acc@1:  25.781 ( 37.157)  Acc@5:  56.641 ( 64.277)
Test: [ 100/196]  Time: 0.716s (0.981s,  261.05/s)  Loss:  3.5870 (3.0845)  Acc@1:  26.953 ( 36.243)  Acc@5:  55.469 ( 62.929)
Test: [ 110/196]  Time: 0.303s (0.983s,  260.42/s)  Loss:  3.3617 (3.1063)  Acc@1:  30.078 ( 36.149)  Acc@5:  62.891 ( 62.511)
Test: [ 120/196]  Time: 2.458s (0.987s,  259.44/s)  Loss:  3.1272 (3.1197)  Acc@1:  40.234 ( 36.118)  Acc@5:  63.672 ( 62.329)
Test: [ 130/196]  Time: 0.302s (0.990s,  258.70/s)  Loss:  2.9599 (3.1463)  Acc@1:  33.984 ( 35.577)  Acc@5:  63.672 ( 61.811)
Test: [ 140/196]  Time: 0.302s (0.984s,  260.17/s)  Loss:  3.9387 (3.1463)  Acc@1:  24.219 ( 35.649)  Acc@5:  47.266 ( 61.813)
Test: [ 150/196]  Time: 1.366s (1.006s,  254.56/s)  Loss:  3.8508 (3.1666)  Acc@1:  28.516 ( 35.581)  Acc@5:  48.828 ( 61.370)
Test: [ 160/196]  Time: 0.301s (0.999s,  256.32/s)  Loss:  2.6356 (3.1704)  Acc@1:  47.656 ( 35.688)  Acc@5:  70.703 ( 61.306)
Test: [ 170/196]  Time: 1.443s (1.006s,  254.35/s)  Loss:  2.7015 (3.1863)  Acc@1:  38.672 ( 35.471)  Acc@5:  71.484 ( 61.075)
Test: [ 180/196]  Time: 0.301s (1.000s,  255.92/s)  Loss:  3.7806 (3.2022)  Acc@1:  28.516 ( 35.297)  Acc@5:  55.078 ( 60.808)
Test: [ 190/196]  Time: 1.857s (1.009s,  253.61/s)  Loss:  1.7688 (3.2046)  Acc@1:  55.078 ( 35.220)  Acc@5:  86.328 ( 60.905)
 * Acc@1 35.666 (64.334) Acc@5 61.322 (38.678)
