Validating in torch.float32. AMP not enabled.
Loading pretrained weights from Hugging Face hub (timm/hiera_base_224.mae_in1k_ft_in1k)
[timm/hiera_base_224.mae_in1k_ft_in1k] Safe alternative available for 'pytorch_model.bin' (as 'model.safetensors'). Loading weights using safetensors.
Model hiera_base_224.mae_in1k_ft_in1k created, param count: 51524968
Data processing configuration for current model + dataset:
	input_size: (3, 224, 224)
	interpolation: bicubic
	mean: (0.485, 0.456, 0.406)
	std: (0.229, 0.224, 0.225)
	crop_pct: 0.9
	crop_mode: center
Test: [   0/196]  Time: 4.598s (4.598s,   55.67/s)  Loss:  4.7478 (4.7478)  Acc@1:   2.734 (  2.734)  Acc@5:  39.062 ( 39.062)
Test: [  10/196]  Time: 0.302s (1.164s,  219.94/s)  Loss:  5.4768 (4.7945)  Acc@1:   4.688 (  6.534)  Acc@5:  24.219 ( 41.690)
Test: [  20/196]  Time: 1.571s (1.165s,  219.82/s)  Loss:  5.2993 (4.7923)  Acc@1:   2.734 (  6.548)  Acc@5:  32.812 ( 42.764)
Test: [  30/196]  Time: 0.301s (1.112s,  230.17/s)  Loss:  4.2726 (4.7103)  Acc@1:   4.297 (  6.502)  Acc@5:  51.172 ( 44.708)
Test: [  40/196]  Time: 0.393s (1.060s,  241.50/s)  Loss:  4.6230 (4.6736)  Acc@1:   5.078 (  6.164)  Acc@5:  35.938 ( 43.569)
Test: [  50/196]  Time: 0.303s (1.054s,  242.79/s)  Loss:  4.5613 (4.6044)  Acc@1:   5.469 (  6.235)  Acc@5:  44.531 ( 44.301)
Test: [  60/196]  Time: 0.304s (1.026s,  249.42/s)  Loss:  5.1706 (4.5906)  Acc@1:   4.297 (  6.192)  Acc@5:  31.641 ( 44.390)
Test: [  70/196]  Time: 1.447s (1.036s,  246.99/s)  Loss:  4.4274 (4.5768)  Acc@1:   5.859 (  6.173)  Acc@5:  50.000 ( 44.768)
Test: [  80/196]  Time: 0.302s (1.027s,  249.18/s)  Loss:  5.6738 (4.6058)  Acc@1:   6.250 (  6.182)  Acc@5:  23.438 ( 44.165)
Test: [  90/196]  Time: 0.842s (1.034s,  247.57/s)  Loss:  5.6704 (4.6978)  Acc@1:   1.953 (  5.924)  Acc@5:  25.391 ( 42.462)
Test: [ 100/196]  Time: 0.303s (1.030s,  248.55/s)  Loss:  5.3223 (4.7813)  Acc@1:   1.172 (  5.577)  Acc@5:  32.422 ( 40.710)
Test: [ 110/196]  Time: 0.806s (1.030s,  248.56/s)  Loss:  5.2031 (4.8401)  Acc@1:   2.734 (  5.339)  Acc@5:  32.422 ( 39.692)
Test: [ 120/196]  Time: 0.305s (1.026s,  249.55/s)  Loss:  5.4007 (4.8854)  Acc@1:   4.297 (  5.191)  Acc@5:  25.391 ( 38.820)
Test: [ 130/196]  Time: 0.374s (1.018s,  251.50/s)  Loss:  4.9194 (4.9140)  Acc@1:   2.734 (  5.036)  Acc@5:  33.984 ( 38.114)
Test: [ 140/196]  Time: 0.303s (1.024s,  250.11/s)  Loss:  5.5465 (4.9376)  Acc@1:   5.469 (  5.042)  Acc@5:  26.172 ( 37.744)
Test: [ 150/196]  Time: 1.287s (1.019s,  251.34/s)  Loss:  5.4693 (4.9750)  Acc@1:   1.953 (  4.931)  Acc@5:  32.031 ( 37.153)
Test: [ 160/196]  Time: 0.302s (1.005s,  254.75/s)  Loss:  4.9983 (4.9978)  Acc@1:   8.984 (  4.962)  Acc@5:  32.812 ( 36.719)
Test: [ 170/196]  Time: 0.302s (1.014s,  252.40/s)  Loss:  4.8628 (5.0188)  Acc@1:   3.125 (  4.893)  Acc@5:  30.078 ( 36.136)
Test: [ 180/196]  Time: 1.641s (1.016s,  252.09/s)  Loss:  5.5283 (5.0385)  Acc@1:   2.734 (  4.823)  Acc@5:  26.562 ( 35.776)
Test: [ 190/196]  Time: 0.304s (1.017s,  251.62/s)  Loss:  5.7230 (5.0258)  Acc@1:   2.344 (  4.802)  Acc@5:  27.734 ( 35.972)
 * Acc@1 4.866 (95.134) Acc@5 36.224 (63.776)
