Validating in torch.float32. AMP not enabled.
Loading pretrained weights from Hugging Face hub (timm/hiera_base_224.mae_in1k_ft_in1k)
[timm/hiera_base_224.mae_in1k_ft_in1k] Safe alternative available for 'pytorch_model.bin' (as 'model.safetensors'). Loading weights using safetensors.
Model hiera_base_224.mae_in1k_ft_in1k created, param count: 51524968
Data processing configuration for current model + dataset:
	input_size: (3, 224, 224)
	interpolation: bicubic
	mean: (0.485, 0.456, 0.406)
	std: (0.229, 0.224, 0.225)
	crop_pct: 0.9
	crop_mode: center
Test: [   0/196]  Time: 5.267s (5.267s,   48.61/s)  Loss:  0.7120 (0.7120)  Acc@1:  84.375 ( 84.375)  Acc@5:  97.656 ( 97.656)
Test: [  10/196]  Time: 0.301s (1.335s,  191.81/s)  Loss:  1.6186 (1.0992)  Acc@1:  61.719 ( 77.557)  Acc@5:  91.406 ( 94.886)
Test: [  20/196]  Time: 2.331s (1.227s,  208.61/s)  Loss:  1.0155 (1.0984)  Acc@1:  82.812 ( 78.181)  Acc@5:  92.969 ( 94.587)
Test: [  30/196]  Time: 0.302s (1.089s,  235.04/s)  Loss:  1.2996 (1.0363)  Acc@1:  78.516 ( 80.204)  Acc@5:  94.922 ( 95.149)
Test: [  40/196]  Time: 1.466s (1.100s,  232.78/s)  Loss:  1.4539 (1.1394)  Acc@1:  73.828 ( 78.058)  Acc@5:  92.969 ( 94.550)
Test: [  50/196]  Time: 0.303s (1.084s,  236.21/s)  Loss:  1.1767 (1.1810)  Acc@1:  78.516 ( 77.060)  Acc@5:  97.266 ( 94.638)
Test: [  60/196]  Time: 1.831s (1.089s,  235.16/s)  Loss:  1.1123 (1.1927)  Acc@1:  74.609 ( 76.915)  Acc@5:  95.703 ( 94.768)
Test: [  70/196]  Time: 1.685s (1.092s,  234.52/s)  Loss:  1.1077 (1.1657)  Acc@1:  75.391 ( 77.322)  Acc@5:  96.484 ( 95.032)
Test: [  80/196]  Time: 0.304s (1.071s,  239.10/s)  Loss:  2.0376 (1.1841)  Acc@1:  54.297 ( 76.799)  Acc@5:  82.031 ( 94.758)
Test: [  90/196]  Time: 1.170s (1.071s,  239.12/s)  Loss:  1.7218 (1.2244)  Acc@1:  55.469 ( 75.485)  Acc@5:  87.109 ( 94.008)
Test: [ 100/196]  Time: 0.302s (1.054s,  242.88/s)  Loss:  1.4629 (1.2788)  Acc@1:  64.453 ( 73.863)  Acc@5:  93.359 ( 93.255)
Test: [ 110/196]  Time: 1.565s (1.050s,  243.85/s)  Loss:  1.5219 (1.3067)  Acc@1:  67.188 ( 73.159)  Acc@5:  88.281 ( 92.835)
Test: [ 120/196]  Time: 0.446s (1.031s,  248.28/s)  Loss:  1.7497 (1.3157)  Acc@1:  60.547 ( 72.860)  Acc@5:  83.984 ( 92.620)
Test: [ 130/196]  Time: 0.906s (1.034s,  247.54/s)  Loss:  1.1186 (1.3371)  Acc@1:  73.438 ( 72.045)  Acc@5:  97.266 ( 92.352)
Test: [ 140/196]  Time: 0.916s (1.029s,  248.75/s)  Loss:  1.6674 (1.3472)  Acc@1:  65.625 ( 71.750)  Acc@5:  89.453 ( 92.154)
Test: [ 150/196]  Time: 2.115s (1.039s,  246.45/s)  Loss:  1.8026 (1.3661)  Acc@1:  64.062 ( 71.316)  Acc@5:  87.109 ( 91.820)
Test: [ 160/196]  Time: 0.302s (1.028s,  249.09/s)  Loss:  1.0804 (1.3798)  Acc@1:  79.297 ( 71.023)  Acc@5:  93.359 ( 91.540)
Test: [ 170/196]  Time: 1.709s (1.037s,  246.94/s)  Loss:  0.8868 (1.3950)  Acc@1:  78.125 ( 70.598)  Acc@5:  97.656 ( 91.347)
Test: [ 180/196]  Time: 0.302s (1.023s,  250.25/s)  Loss:  1.8448 (1.4158)  Acc@1:  58.594 ( 70.056)  Acc@5:  83.984 ( 91.063)
Test: [ 190/196]  Time: 1.423s (1.026s,  249.47/s)  Loss:  1.3767 (1.4223)  Acc@1:  63.672 ( 69.754)  Acc@5:  92.578 ( 91.040)
 * Acc@1 69.896 (30.104) Acc@5 91.100 (8.900)
