Validating in torch.float32. AMP not enabled.
Loading pretrained weights from Hugging Face hub (timm/hiera_base_224.mae_in1k_ft_in1k)
[timm/hiera_base_224.mae_in1k_ft_in1k] Safe alternative available for 'pytorch_model.bin' (as 'model.safetensors'). Loading weights using safetensors.
Model hiera_base_224.mae_in1k_ft_in1k created, param count: 51524968
Data processing configuration for current model + dataset:
	input_size: (3, 224, 224)
	interpolation: bicubic
	mean: (0.485, 0.456, 0.406)
	std: (0.229, 0.224, 0.225)
	crop_pct: 0.9
	crop_mode: center
Test: [   0/196]  Time: 4.887s (4.887s,   52.38/s)  Loss:  6.0634 (6.0634)  Acc@1:   0.781 (  0.781)  Acc@5:  12.109 ( 12.109)
Test: [  10/196]  Time: 0.304s (1.221s,  209.66/s)  Loss:  6.4070 (6.1424)  Acc@1:   3.125 (  2.379)  Acc@5:  16.406 ( 16.406)
Test: [  20/196]  Time: 0.528s (1.192s,  214.70/s)  Loss:  6.6876 (6.1717)  Acc@1:   1.562 (  2.046)  Acc@5:  11.328 ( 16.462)
Test: [  30/196]  Time: 0.303s (1.128s,  226.99/s)  Loss:  5.8890 (6.1036)  Acc@1:   1.172 (  1.752)  Acc@5:  19.531 ( 17.742)
Test: [  40/196]  Time: 2.523s (1.156s,  221.47/s)  Loss:  6.0446 (6.0873)  Acc@1:   1.172 (  1.620)  Acc@5:  12.109 ( 16.625)
Test: [  50/196]  Time: 0.301s (1.092s,  234.50/s)  Loss:  5.6983 (6.0192)  Acc@1:   0.781 (  1.647)  Acc@5:  19.922 ( 16.896)
Test: [  60/196]  Time: 0.678s (1.079s,  237.21/s)  Loss:  6.7084 (6.0173)  Acc@1:   0.781 (  1.735)  Acc@5:   8.203 ( 16.995)
Test: [  70/196]  Time: 0.302s (1.095s,  233.77/s)  Loss:  6.0149 (6.0053)  Acc@1:   2.734 (  1.788)  Acc@5:  19.141 ( 17.215)
Test: [  80/196]  Time: 1.797s (1.087s,  235.57/s)  Loss:  6.9288 (6.0378)  Acc@1:   1.562 (  1.717)  Acc@5:   4.688 ( 16.763)
Test: [  90/196]  Time: 0.302s (1.092s,  234.54/s)  Loss:  6.9299 (6.1046)  Acc@1:   0.391 (  1.623)  Acc@5:   7.031 ( 16.192)
Test: [ 100/196]  Time: 0.301s (1.081s,  236.85/s)  Loss:  6.6279 (6.1674)  Acc@1:   0.781 (  1.501)  Acc@5:  15.625 ( 15.435)
Test: [ 110/196]  Time: 0.544s (1.076s,  237.85/s)  Loss:  6.6222 (6.2119)  Acc@1:   0.391 (  1.443)  Acc@5:   8.594 ( 14.921)
Test: [ 120/196]  Time: 0.522s (1.082s,  236.57/s)  Loss:  6.7171 (6.2484)  Acc@1:   0.391 (  1.391)  Acc@5:   6.250 ( 14.534)
Test: [ 130/196]  Time: 1.149s (1.080s,  237.04/s)  Loss:  6.4826 (6.2740)  Acc@1:   0.391 (  1.333)  Acc@5:  13.281 ( 14.235)
Test: [ 140/196]  Time: 0.303s (1.078s,  237.54/s)  Loss:  6.3898 (6.2955)  Acc@1:   2.344 (  1.321)  Acc@5:  12.891 ( 14.074)
Test: [ 150/196]  Time: 1.548s (1.077s,  237.59/s)  Loss:  6.6053 (6.3204)  Acc@1:   0.391 (  1.327)  Acc@5:  16.016 ( 13.938)
Test: [ 160/196]  Time: 0.302s (1.066s,  240.18/s)  Loss:  6.2769 (6.3309)  Acc@1:   1.562 (  1.347)  Acc@5:  11.719 ( 13.815)
Test: [ 170/196]  Time: 0.909s (1.073s,  238.63/s)  Loss:  6.4220 (6.3448)  Acc@1:   0.391 (  1.334)  Acc@5:   5.859 ( 13.622)
Test: [ 180/196]  Time: 1.984s (1.080s,  237.01/s)  Loss:  6.7124 (6.3581)  Acc@1:   0.000 (  1.316)  Acc@5:  13.281 ( 13.529)
Test: [ 190/196]  Time: 0.576s (1.072s,  238.81/s)  Loss:  6.7570 (6.3383)  Acc@1:   0.000 (  1.344)  Acc@5:  11.719 ( 13.809)
 * Acc@1 1.368 (98.632) Acc@5 14.090 (85.910)
