Validating in torch.float32. AMP not enabled.
Loading pretrained weights from Hugging Face hub (timm/vit_small_patch16_224.augreg_in1k)
[timm/vit_small_patch16_224.augreg_in1k] Safe alternative available for 'pytorch_model.bin' (as 'model.safetensors'). Loading weights using safetensors.
Model vit_small_patch16_224.augreg_in1k created, param count: 22050664
Data processing configuration for current model + dataset:
	input_size: (3, 224, 224)
	interpolation: bicubic
	mean: (0.5, 0.5, 0.5)
	std: (0.5, 0.5, 0.5)
	crop_pct: 0.9
	crop_mode: center
Test: [   0/196]  Time: 6.993s (6.993s,   36.61/s)  Loss:  1.9497 (1.9497)  Acc@1:  53.125 ( 53.125)  Acc@5:  82.422 ( 82.422)
Test: [  10/196]  Time: 0.208s (1.736s,  147.49/s)  Loss:  3.6641 (2.8212)  Acc@1:  24.609 ( 39.773)  Acc@5:  52.734 ( 66.016)
Test: [  20/196]  Time: 0.124s (1.782s,  143.68/s)  Loss:  2.5733 (2.8213)  Acc@1:  50.391 ( 40.997)  Acc@5:  65.234 ( 65.699)
Test: [  30/196]  Time: 0.124s (1.614s,  158.62/s)  Loss:  4.0354 (2.7782)  Acc@1:  18.359 ( 41.961)  Acc@5:  44.141 ( 66.230)
Test: [  40/196]  Time: 1.865s (1.629s,  157.11/s)  Loss:  4.2054 (3.0968)  Acc@1:  15.625 ( 36.490)  Acc@5:  41.016 ( 60.795)
Test: [  50/196]  Time: 0.125s (1.602s,  159.79/s)  Loss:  3.4110 (3.2033)  Acc@1:  24.219 ( 34.092)  Acc@5:  53.906 ( 59.000)
Test: [  60/196]  Time: 0.622s (1.584s,  161.65/s)  Loss:  2.8878 (3.1989)  Acc@1:  34.766 ( 33.901)  Acc@5:  65.234 ( 59.132)
Test: [  70/196]  Time: 0.124s (1.579s,  162.17/s)  Loss:  3.2501 (3.1214)  Acc@1:  35.156 ( 35.239)  Acc@5:  59.375 ( 60.382)
Test: [  80/196]  Time: 2.702s (1.579s,  162.13/s)  Loss:  4.2687 (3.1274)  Acc@1:  22.656 ( 35.248)  Acc@5:  44.531 ( 60.397)
Test: [  90/196]  Time: 0.125s (1.550s,  165.19/s)  Loss:  4.0155 (3.1539)  Acc@1:  20.312 ( 35.182)  Acc@5:  51.562 ( 60.100)
Test: [ 100/196]  Time: 3.013s (1.551s,  165.03/s)  Loss:  3.8940 (3.2326)  Acc@1:  24.219 ( 34.247)  Acc@5:  50.000 ( 58.741)
Test: [ 110/196]  Time: 0.124s (1.549s,  165.28/s)  Loss:  3.2147 (3.2496)  Acc@1:  37.891 ( 34.048)  Acc@5:  59.375 ( 58.453)
Test: [ 120/196]  Time: 1.033s (1.536s,  166.64/s)  Loss:  3.5454 (3.2730)  Acc@1:  30.469 ( 33.729)  Acc@5:  58.203 ( 58.084)
Test: [ 130/196]  Time: 1.280s (1.541s,  166.16/s)  Loss:  3.3674 (3.3098)  Acc@1:  27.344 ( 33.155)  Acc@5:  53.125 ( 57.443)
Test: [ 140/196]  Time: 0.124s (1.531s,  167.20/s)  Loss:  3.9723 (3.3103)  Acc@1:  25.781 ( 33.192)  Acc@5:  44.531 ( 57.438)
Test: [ 150/196]  Time: 5.243s (1.553s,  164.79/s)  Loss:  3.8079 (3.3297)  Acc@1:  25.781 ( 32.981)  Acc@5:  47.266 ( 57.055)
Test: [ 160/196]  Time: 0.365s (1.532s,  167.12/s)  Loss:  2.9266 (3.3310)  Acc@1:  42.969 ( 33.140)  Acc@5:  65.234 ( 57.029)
Test: [ 170/196]  Time: 3.723s (1.552s,  165.00/s)  Loss:  3.0329 (3.3487)  Acc@1:  29.688 ( 32.895)  Acc@5:  66.406 ( 56.789)
Test: [ 180/196]  Time: 0.125s (1.545s,  165.73/s)  Loss:  3.5746 (3.3618)  Acc@1:  29.688 ( 32.748)  Acc@5:  55.469 ( 56.574)
Test: [ 190/196]  Time: 3.639s (1.547s,  165.44/s)  Loss:  1.8404 (3.3444)  Acc@1:  50.781 ( 33.017)  Acc@5:  85.547 ( 56.931)
 * Acc@1 33.536 (66.464) Acc@5 57.434 (42.566)
