Validating in torch.float32. AMP not enabled.
Loading pretrained weights from Hugging Face hub (timm/vit_small_patch16_224.augreg_in1k)
[timm/vit_small_patch16_224.augreg_in1k] Safe alternative available for 'pytorch_model.bin' (as 'model.safetensors'). Loading weights using safetensors.
Model vit_small_patch16_224.augreg_in1k created, param count: 22050664
Data processing configuration for current model + dataset:
	input_size: (3, 224, 224)
	interpolation: bicubic
	mean: (0.5, 0.5, 0.5)
	std: (0.5, 0.5, 0.5)
	crop_pct: 0.9
	crop_mode: center
Test: [   0/196]  Time: 6.578s (6.578s,   38.92/s)  Loss:  8.1062 (8.1062)  Acc@1:   3.516 (  3.516)  Acc@5:   8.203 (  8.203)
Test: [  10/196]  Time: 2.139s (1.849s,  138.47/s)  Loss:  7.9576 (7.5149)  Acc@1:   3.516 (  9.197)  Acc@5:   8.203 ( 16.193)
Test: [  20/196]  Time: 0.867s (1.705s,  150.16/s)  Loss:  7.8281 (7.3528)  Acc@1:   3.516 ( 10.082)  Acc@5:  10.547 ( 17.467)
Test: [  30/196]  Time: 2.472s (1.676s,  152.76/s)  Loss:  5.3111 (7.2748)  Acc@1:  16.797 (  9.967)  Acc@5:  35.156 ( 17.742)
Test: [  40/196]  Time: 2.077s (1.661s,  154.10/s)  Loss:  6.1265 (6.9550)  Acc@1:   7.812 ( 10.290)  Acc@5:  20.703 ( 19.684)
Test: [  50/196]  Time: 0.125s (1.588s,  161.24/s)  Loss:  5.9809 (6.6840)  Acc@1:  15.234 ( 11.037)  Acc@5:  25.781 ( 22.166)
Test: [  60/196]  Time: 0.124s (1.561s,  163.98/s)  Loss:  7.7440 (6.7011)  Acc@1:   4.688 ( 10.867)  Acc@5:   9.375 ( 22.093)
Test: [  70/196]  Time: 0.123s (1.567s,  163.39/s)  Loss:  5.7253 (6.7359)  Acc@1:  20.312 ( 10.849)  Acc@5:  30.859 ( 21.770)
Test: [  80/196]  Time: 0.957s (1.552s,  164.90/s)  Loss:  6.7624 (6.7688)  Acc@1:   6.641 ( 10.716)  Acc@5:  13.672 ( 21.267)
Test: [  90/196]  Time: 0.125s (1.572s,  162.83/s)  Loss:  6.4213 (6.7961)  Acc@1:   7.031 ( 10.319)  Acc@5:  18.750 ( 20.540)
Test: [ 100/196]  Time: 0.125s (1.554s,  164.70/s)  Loss:  8.3298 (6.8716)  Acc@1:   2.344 (  9.681)  Acc@5:   5.859 ( 19.342)
Test: [ 110/196]  Time: 3.767s (1.566s,  163.52/s)  Loss:  7.3055 (6.9189)  Acc@1:   5.469 (  9.280)  Acc@5:  13.281 ( 18.588)
Test: [ 120/196]  Time: 0.126s (1.447s,  176.96/s)  Loss:  7.1177 (6.9618)  Acc@1:   2.344 (  8.858)  Acc@5:   8.984 ( 17.791)
Test: [ 130/196]  Time: 0.126s (1.346s,  190.21/s)  Loss:  7.3624 (6.9666)  Acc@1:   3.125 (  8.567)  Acc@5:  10.938 ( 17.495)
Test: [ 140/196]  Time: 0.131s (1.259s,  203.27/s)  Loss:  7.5386 (6.9959)  Acc@1:   5.469 (  8.378)  Acc@5:  10.547 ( 17.107)
Test: [ 150/196]  Time: 0.126s (1.184s,  216.15/s)  Loss:  7.3464 (7.0169)  Acc@1:   6.641 (  8.193)  Acc@5:  16.406 ( 16.823)
Test: [ 160/196]  Time: 0.126s (1.119s,  228.84/s)  Loss:  7.0590 (7.0195)  Acc@1:   6.250 (  8.014)  Acc@5:  12.500 ( 16.562)
Test: [ 170/196]  Time: 0.125s (1.061s,  241.37/s)  Loss:  7.9083 (7.0261)  Acc@1:   2.734 (  7.906)  Acc@5:   8.203 ( 16.390)
Test: [ 180/196]  Time: 0.128s (1.009s,  253.71/s)  Loss:  7.9102 (7.0417)  Acc@1:   0.781 (  7.696)  Acc@5:   4.688 ( 16.115)
Test: [ 190/196]  Time: 0.124s (0.963s,  265.89/s)  Loss:  9.2025 (7.0258)  Acc@1:   0.391 (  7.855)  Acc@5:   1.953 ( 16.314)
 * Acc@1 7.864 (92.136) Acc@5 16.358 (83.642)
