Validating in torch.float32. AMP not enabled.
Loading pretrained weights from Hugging Face hub (timm/vit_large_patch16_224.augreg_in21k_ft_in1k)
[timm/vit_large_patch16_224.augreg_in21k_ft_in1k] Safe alternative available for 'pytorch_model.bin' (as 'model.safetensors'). Loading weights using safetensors.
Model vit_large_patch16_224.augreg_in21k_ft_in1k created, param count: 304326632
Data processing configuration for current model + dataset:
	input_size: (3, 224, 224)
	interpolation: bicubic
	mean: (0.5, 0.5, 0.5)
	std: (0.5, 0.5, 0.5)
	crop_pct: 0.9
	crop_mode: center
Test: [   0/196]  Time: 2.276s (2.276s,  112.48/s)  Loss:  3.3114 (3.3114)  Acc@1:  42.969 ( 42.969)  Acc@5:  63.281 ( 63.281)
Test: [  10/196]  Time: 0.885s (1.009s,  253.75/s)  Loss:  4.2234 (3.9485)  Acc@1:  23.438 ( 36.222)  Acc@5:  50.000 ( 56.783)
Test: [  20/196]  Time: 0.882s (0.948s,  269.99/s)  Loss:  4.1421 (3.8616)  Acc@1:  34.375 ( 37.426)  Acc@5:  46.094 ( 56.436)
Test: [  30/196]  Time: 0.886s (0.928s,  276.00/s)  Loss:  3.2830 (3.8029)  Acc@1:  34.375 ( 38.067)  Acc@5:  58.594 ( 56.414)
Test: [  40/196]  Time: 0.887s (0.918s,  278.98/s)  Loss:  3.3528 (3.7123)  Acc@1:  28.906 ( 35.680)  Acc@5:  57.812 ( 56.460)
Test: [  50/196]  Time: 0.887s (0.912s,  280.80/s)  Loss:  3.7224 (3.6702)  Acc@1:  28.516 ( 34.965)  Acc@5:  51.172 ( 56.832)
Test: [  60/196]  Time: 0.891s (0.908s,  281.94/s)  Loss:  5.1442 (3.7516)  Acc@1:  25.391 ( 34.176)  Acc@5:  41.797 ( 56.000)
Test: [  70/196]  Time: 0.892s (0.906s,  282.69/s)  Loss:  3.2121 (3.7718)  Acc@1:  39.062 ( 34.760)  Acc@5:  64.062 ( 55.991)
Test: [  80/196]  Time: 0.894s (0.904s,  283.15/s)  Loss:  6.3951 (3.8606)  Acc@1:  12.109 ( 34.635)  Acc@5:  28.516 ( 55.319)
Test: [  90/196]  Time: 0.895s (0.903s,  283.49/s)  Loss:  6.1338 (4.0747)  Acc@1:  17.578 ( 33.173)  Acc@5:  30.469 ( 53.219)
Test: [ 100/196]  Time: 0.897s (0.902s,  283.71/s)  Loss:  4.4974 (4.2407)  Acc@1:  28.906 ( 31.826)  Acc@5:  46.875 ( 51.535)
Test: [ 110/196]  Time: 0.897s (0.902s,  283.89/s)  Loss:  6.7558 (4.4304)  Acc@1:  14.453 ( 30.427)  Acc@5:  27.734 ( 49.645)
Test: [ 120/196]  Time: 0.898s (0.901s,  284.01/s)  Loss:  4.7613 (4.5221)  Acc@1:  26.172 ( 29.878)  Acc@5:  41.406 ( 48.699)
Test: [ 130/196]  Time: 0.899s (0.901s,  284.09/s)  Loss:  6.1501 (4.5999)  Acc@1:  16.406 ( 29.285)  Acc@5:  27.344 ( 47.928)
Test: [ 140/196]  Time: 0.900s (0.901s,  284.12/s)  Loss:  5.3182 (4.6599)  Acc@1:  21.094 ( 28.931)  Acc@5:  35.547 ( 47.282)
Test: [ 150/196]  Time: 0.901s (0.901s,  284.13/s)  Loss:  5.5848 (4.7243)  Acc@1:  21.875 ( 28.394)  Acc@5:  40.625 ( 46.528)
Test: [ 160/196]  Time: 0.899s (0.901s,  284.12/s)  Loss:  5.1678 (4.7593)  Acc@1:  26.953 ( 28.181)  Acc@5:  37.891 ( 46.142)
Test: [ 170/196]  Time: 0.900s (0.901s,  284.13/s)  Loss:  6.2645 (4.8026)  Acc@1:  16.016 ( 27.648)  Acc@5:  31.250 ( 45.571)
Test: [ 180/196]  Time: 0.903s (0.901s,  284.11/s)  Loss:  6.6992 (4.8677)  Acc@1:   8.203 ( 27.072)  Acc@5:  25.781 ( 44.892)
Test: [ 190/196]  Time: 0.899s (0.901s,  284.11/s)  Loss:  6.2513 (4.8683)  Acc@1:   7.812 ( 26.976)  Acc@5:  29.688 ( 44.912)
 * Acc@1 27.024 (72.976) Acc@5 45.042 (54.958)
