Validating in torch.float32. AMP not enabled.
Loading pretrained weights from Hugging Face hub (timm/vit_large_patch16_224.augreg_in21k_ft_in1k)
[timm/vit_large_patch16_224.augreg_in21k_ft_in1k] Safe alternative available for 'pytorch_model.bin' (as 'model.safetensors'). Loading weights using safetensors.
Model vit_large_patch16_224.augreg_in21k_ft_in1k created, param count: 304326632
Data processing configuration for current model + dataset:
	input_size: (3, 224, 224)
	interpolation: bicubic
	mean: (0.5, 0.5, 0.5)
	std: (0.5, 0.5, 0.5)
	crop_pct: 0.9
	crop_mode: center
Test: [   0/196]  Time: 9.228s (9.228s,   27.74/s)  Loss:  2.9554 (2.9554)  Acc@1:  47.656 ( 47.656)  Acc@5:  70.703 ( 70.703)
Test: [  10/196]  Time: 0.895s (2.554s,  100.25/s)  Loss:  3.3962 (3.0896)  Acc@1:  28.516 ( 45.881)  Acc@5:  62.891 ( 68.253)
Test: [  20/196]  Time: 3.013s (2.449s,  104.55/s)  Loss:  3.1260 (2.9592)  Acc@1:  46.875 ( 48.493)  Acc@5:  61.328 ( 68.490)
Test: [  30/196]  Time: 0.893s (2.287s,  111.95/s)  Loss:  2.2965 (2.8903)  Acc@1:  53.906 ( 49.861)  Acc@5:  73.828 ( 68.926)
Test: [  40/196]  Time: 3.387s (2.248s,  113.87/s)  Loss:  2.5209 (2.8011)  Acc@1:  42.969 ( 48.199)  Acc@5:  74.219 ( 69.798)
Test: [  50/196]  Time: 0.895s (2.154s,  118.84/s)  Loss:  2.4743 (2.7347)  Acc@1:  47.656 ( 47.756)  Acc@5:  70.312 ( 70.435)
Test: [  60/196]  Time: 4.785s (2.137s,  119.82/s)  Loss:  4.2134 (2.7797)  Acc@1:  32.812 ( 47.016)  Acc@5:  51.562 ( 69.864)
Test: [  70/196]  Time: 0.898s (2.088s,  122.59/s)  Loss:  2.3682 (2.7881)  Acc@1:  48.438 ( 47.673)  Acc@5:  76.172 ( 69.861)
Test: [  80/196]  Time: 3.906s (2.109s,  121.40/s)  Loss:  5.2525 (2.8665)  Acc@1:  25.781 ( 47.449)  Acc@5:  42.969 ( 69.073)
Test: [  90/196]  Time: 0.899s (2.072s,  123.52/s)  Loss:  4.7063 (3.0913)  Acc@1:  26.562 ( 45.566)  Acc@5:  48.047 ( 66.544)
Test: [ 100/196]  Time: 3.463s (2.086s,  122.74/s)  Loss:  3.8800 (3.2693)  Acc@1:  35.547 ( 43.742)  Acc@5:  53.125 ( 64.538)
Test: [ 110/196]  Time: 0.900s (2.046s,  125.12/s)  Loss:  5.6248 (3.4704)  Acc@1:  28.516 ( 41.902)  Acc@5:  40.625 ( 62.261)
Test: [ 120/196]  Time: 2.985s (2.036s,  125.72/s)  Loss:  4.0793 (3.5651)  Acc@1:  33.203 ( 41.219)  Acc@5:  50.391 ( 61.115)
Test: [ 130/196]  Time: 1.485s (2.007s,  127.52/s)  Loss:  5.5431 (3.6538)  Acc@1:  22.656 ( 40.366)  Acc@5:  38.672 ( 60.106)
Test: [ 140/196]  Time: 0.898s (1.991s,  128.56/s)  Loss:  4.8329 (3.7236)  Acc@1:  27.734 ( 39.841)  Acc@5:  43.359 ( 59.292)
Test: [ 150/196]  Time: 1.183s (1.982s,  129.16/s)  Loss:  4.1598 (3.7906)  Acc@1:  33.984 ( 39.122)  Acc@5:  53.906 ( 58.426)
Test: [ 160/196]  Time: 1.251s (1.982s,  129.18/s)  Loss:  4.5028 (3.8374)  Acc@1:  38.281 ( 38.699)  Acc@5:  50.000 ( 57.861)
Test: [ 170/196]  Time: 0.905s (1.953s,  131.06/s)  Loss:  5.3997 (3.8847)  Acc@1:  25.781 ( 38.149)  Acc@5:  45.703 ( 57.255)
Test: [ 180/196]  Time: 0.899s (1.946s,  131.53/s)  Loss:  5.9539 (3.9580)  Acc@1:  14.453 ( 37.327)  Acc@5:  34.766 ( 56.438)
Test: [ 190/196]  Time: 0.933s (1.926s,  132.93/s)  Loss:  6.4481 (3.9728)  Acc@1:  10.547 ( 37.089)  Acc@5:  27.734 ( 56.328)
 * Acc@1 37.044 (62.956) Acc@5 56.296 (43.704)
