Validating in torch.float32. AMP not enabled.
Loading pretrained weights from Hugging Face hub (timm/vit_large_patch16_224.augreg_in21k_ft_in1k)
[timm/vit_large_patch16_224.augreg_in21k_ft_in1k] Safe alternative available for 'pytorch_model.bin' (as 'model.safetensors'). Loading weights using safetensors.
Model vit_large_patch16_224.augreg_in21k_ft_in1k created, param count: 304326632
Data processing configuration for current model + dataset:
	input_size: (3, 224, 224)
	interpolation: bicubic
	mean: (0.5, 0.5, 0.5)
	std: (0.5, 0.5, 0.5)
	crop_pct: 0.9
	crop_mode: center
Test: [   0/196]  Time: 8.726s (8.726s,   29.34/s)  Loss:  0.3390 (0.3390)  Acc@1:  91.797 ( 91.797)  Acc@5:  99.219 ( 99.219)
Test: [  10/196]  Time: 0.883s (2.266s,  112.97/s)  Loss:  1.2620 (0.6246)  Acc@1:  63.672 ( 82.351)  Acc@5:  92.969 ( 96.982)
Test: [  20/196]  Time: 0.880s (2.204s,  116.17/s)  Loss:  0.4964 (0.6072)  Acc@1:  90.234 ( 82.999)  Acc@5:  95.312 ( 96.763)
Test: [  30/196]  Time: 0.882s (1.998s,  128.14/s)  Loss:  0.9118 (0.5691)  Acc@1:  78.125 ( 84.274)  Acc@5:  93.359 ( 97.064)
Test: [  40/196]  Time: 1.513s (2.023s,  126.55/s)  Loss:  1.0208 (0.6876)  Acc@1:  74.219 ( 81.231)  Acc@5:  94.531 ( 96.189)
Test: [  50/196]  Time: 0.884s (1.971s,  129.85/s)  Loss:  0.7300 (0.7248)  Acc@1:  81.641 ( 80.132)  Acc@5:  94.922 ( 95.856)
Test: [  60/196]  Time: 1.073s (1.996s,  128.28/s)  Loss:  0.7405 (0.7331)  Acc@1:  80.469 ( 80.046)  Acc@5:  95.312 ( 95.863)
Test: [  70/196]  Time: 0.886s (1.985s,  128.95/s)  Loss:  0.6299 (0.7011)  Acc@1:  80.469 ( 80.832)  Acc@5:  97.656 ( 96.165)
Test: [  80/196]  Time: 1.997s (2.034s,  125.86/s)  Loss:  1.3274 (0.7082)  Acc@1:  66.406 ( 80.647)  Acc@5:  89.844 ( 96.046)
Test: [  90/196]  Time: 0.882s (2.008s,  127.50/s)  Loss:  1.2397 (0.7411)  Acc@1:  64.062 ( 80.048)  Acc@5:  92.969 ( 95.622)
Test: [ 100/196]  Time: 1.597s (2.034s,  125.85/s)  Loss:  0.8272 (0.7937)  Acc@1:  77.344 ( 78.728)  Acc@5:  94.531 ( 94.980)
Test: [ 110/196]  Time: 0.884s (2.029s,  126.20/s)  Loss:  0.9544 (0.8187)  Acc@1:  76.953 ( 78.150)  Acc@5:  94.922 ( 94.721)
Test: [ 120/196]  Time: 3.097s (2.029s,  126.19/s)  Loss:  1.0557 (0.8273)  Acc@1:  75.000 ( 78.125)  Acc@5:  91.406 ( 94.570)
Test: [ 130/196]  Time: 0.887s (2.016s,  126.97/s)  Loss:  0.7717 (0.8498)  Acc@1:  78.125 ( 77.570)  Acc@5:  94.922 ( 94.296)
Test: [ 140/196]  Time: 2.472s (2.003s,  127.79/s)  Loss:  1.3251 (0.8599)  Acc@1:  67.188 ( 77.402)  Acc@5:  89.844 ( 94.160)
Test: [ 150/196]  Time: 0.886s (2.007s,  127.55/s)  Loss:  0.6449 (0.8697)  Acc@1:  84.375 ( 77.238)  Acc@5:  95.312 ( 94.011)
Test: [ 160/196]  Time: 2.624s (1.992s,  128.50/s)  Loss:  0.6748 (0.8781)  Acc@1:  83.203 ( 77.130)  Acc@5:  94.922 ( 93.869)
Test: [ 170/196]  Time: 0.885s (1.977s,  129.50/s)  Loss:  0.5893 (0.8903)  Acc@1:  85.156 ( 76.869)  Acc@5:  98.047 ( 93.777)
Test: [ 180/196]  Time: 0.891s (1.947s,  131.46/s)  Loss:  1.4783 (0.9079)  Acc@1:  63.281 ( 76.461)  Acc@5:  86.719 ( 93.584)
Test: [ 190/196]  Time: 0.885s (1.931s,  132.56/s)  Loss:  1.0332 (0.9078)  Acc@1:  66.406 ( 76.393)  Acc@5:  96.094 ( 93.621)
 * Acc@1 76.526 (23.474) Acc@5 93.676 (6.324)
