Validating in torch.float32. AMP not enabled.
Loading pretrained weights from Hugging Face hub (timm/resnet50.ra_in1k)
[timm/resnet50.ra_in1k] Safe alternative available for 'pytorch_model.bin' (as 'model.safetensors'). Loading weights using safetensors.
Model resnet50.ra_in1k created, param count: 25557032
Data processing configuration for current model + dataset:
	input_size: (3, 288, 288)
	interpolation: bicubic
	mean: (0.485, 0.456, 0.406)
	std: (0.229, 0.224, 0.225)
	crop_pct: 0.95
	crop_mode: center
Test: [   0/196]  Time: 5.637s (5.637s,   45.42/s)  Loss:  1.8135 (1.8135)  Acc@1:  74.609 ( 74.609)  Acc@5:  94.141 ( 94.141)
Test: [  10/196]  Time: 0.267s (1.416s,  180.73/s)  Loss:  3.0304 (2.4260)  Acc@1:  43.750 ( 63.246)  Acc@5:  77.344 ( 85.724)
Test: [  20/196]  Time: 2.612s (1.441s,  177.66/s)  Loss:  2.0499 (2.3702)  Acc@1:  77.734 ( 65.123)  Acc@5:  89.062 ( 86.217)
Test: [  30/196]  Time: 0.267s (1.329s,  192.66/s)  Loss:  2.4004 (2.2993)  Acc@1:  72.656 ( 66.973)  Acc@5:  89.453 ( 87.160)
Test: [  40/196]  Time: 3.860s (1.348s,  189.95/s)  Loss:  2.8759 (2.3895)  Acc@1:  57.812 ( 65.158)  Acc@5:  87.109 ( 87.214)
Test: [  50/196]  Time: 0.267s (1.302s,  196.62/s)  Loss:  2.2764 (2.4085)  Acc@1:  71.094 ( 65.173)  Acc@5:  91.406 ( 87.776)
Test: [  60/196]  Time: 1.084s (1.286s,  199.03/s)  Loss:  2.4689 (2.3994)  Acc@1:  62.109 ( 65.273)  Acc@5:  83.984 ( 87.987)
Test: [  70/196]  Time: 0.265s (1.287s,  198.93/s)  Loss:  2.2496 (2.3647)  Acc@1:  66.797 ( 65.900)  Acc@5:  90.625 ( 88.342)
Test: [  80/196]  Time: 2.259s (1.273s,  201.06/s)  Loss:  3.5016 (2.3827)  Acc@1:  40.625 ( 65.326)  Acc@5:  65.625 ( 87.900)
Test: [  90/196]  Time: 0.340s (1.256s,  203.82/s)  Loss:  3.2314 (2.4416)  Acc@1:  38.281 ( 63.560)  Acc@5:  69.922 ( 86.384)
Test: [ 100/196]  Time: 1.912s (1.260s,  203.23/s)  Loss:  3.1665 (2.5210)  Acc@1:  44.922 ( 61.351)  Acc@5:  76.562 ( 84.684)
Test: [ 110/196]  Time: 0.268s (1.248s,  205.18/s)  Loss:  2.8803 (2.5569)  Acc@1:  52.344 ( 60.227)  Acc@5:  73.438 ( 83.770)
Test: [ 120/196]  Time: 3.115s (1.253s,  204.31/s)  Loss:  3.1045 (2.5928)  Acc@1:  49.219 ( 59.498)  Acc@5:  70.703 ( 82.958)
Test: [ 130/196]  Time: 0.267s (1.242s,  206.18/s)  Loss:  2.6989 (2.6270)  Acc@1:  54.688 ( 58.486)  Acc@5:  81.641 ( 82.383)
Test: [ 140/196]  Time: 3.202s (1.252s,  204.51/s)  Loss:  3.4551 (2.6403)  Acc@1:  40.625 ( 58.087)  Acc@5:  61.328 ( 82.001)
Test: [ 150/196]  Time: 0.651s (1.249s,  204.90/s)  Loss:  3.0960 (2.6662)  Acc@1:  51.562 ( 57.487)  Acc@5:  71.484 ( 81.379)
Test: [ 160/196]  Time: 0.616s (1.240s,  206.43/s)  Loss:  2.4365 (2.6810)  Acc@1:  58.594 ( 57.085)  Acc@5:  82.031 ( 80.971)
Test: [ 170/196]  Time: 0.986s (1.248s,  205.14/s)  Loss:  2.5456 (2.7063)  Acc@1:  49.609 ( 56.355)  Acc@5:  82.422 ( 80.457)
Test: [ 180/196]  Time: 0.670s (1.241s,  206.33/s)  Loss:  3.0278 (2.7266)  Acc@1:  46.875 ( 55.769)  Acc@5:  73.438 ( 79.957)
Test: [ 190/196]  Time: 3.716s (1.256s,  203.85/s)  Loss:  2.2198 (2.7319)  Acc@1:  52.344 ( 55.612)  Acc@5:  85.156 ( 79.921)
 * Acc@1 55.822 (44.178) Acc@5 80.074 (19.926)
