no change     /work/mfatima/miniconda3/condabin/conda
no change     /work/mfatima/miniconda3/bin/conda
no change     /work/mfatima/miniconda3/bin/conda-env
no change     /work/mfatima/miniconda3/bin/activate
no change     /work/mfatima/miniconda3/bin/deactivate
no change     /work/mfatima/miniconda3/etc/profile.d/conda.sh
no change     /work/mfatima/miniconda3/etc/fish/conf.d/conda.fish
no change     /work/mfatima/miniconda3/shell/condabin/Conda.psm1
no change     /work/mfatima/miniconda3/shell/condabin/conda-hook.ps1
no change     /work/mfatima/miniconda3/lib/python3.11/site-packages/xontrib/conda.xsh
no change     /work/mfatima/miniconda3/etc/profile.d/conda.csh
no change     /home/mfatima/.bashrc
No action taken.
Started at Fri Jun 13 16:01:19 CEST 2025
Running job: ResNet50_Rand array id: 7 using 8 cpus per node with given JID 33791 on queue gpu-vram-48gb
--result
{
    "model": "resnet50.ra_in1k",
    "top1": 30.476,
    "top1_err": 69.524,
    "top5": 53.714,
    "top5_err": 46.286,
    "param_count": 25.56,
    "img_size": 288,
    "crop_pct": 0.95,
    "interpolation": "bicubic"
}
Runtime: 240
