Validating in torch.float32. AMP not enabled.
Loading pretrained weights from Hugging Face hub (timm/resnet50.ra_in1k)
[timm/resnet50.ra_in1k] Safe alternative available for 'pytorch_model.bin' (as 'model.safetensors'). Loading weights using safetensors.
Model resnet50.ra_in1k created, param count: 25557032
Data processing configuration for current model + dataset:
	input_size: (3, 288, 288)
	interpolation: bicubic
	mean: (0.485, 0.456, 0.406)
	std: (0.229, 0.224, 0.225)
	crop_pct: 0.95
	crop_mode: center
Test: [   0/196]  Time: 6.140s (6.140s,   41.69/s)  Loss:  4.5660 (4.5660)  Acc@1:  31.250 ( 31.250)  Acc@5:  46.875 ( 46.875)
Test: [  10/196]  Time: 0.267s (1.607s,  159.31/s)  Loss:  4.4602 (4.1024)  Acc@1:  21.484 ( 40.163)  Acc@5:  52.344 ( 59.091)
Test: [  20/196]  Time: 2.493s (1.536s,  166.64/s)  Loss:  3.8983 (3.9684)  Acc@1:  43.359 ( 42.578)  Acc@5:  61.719 ( 61.849)
Test: [  30/196]  Time: 1.371s (1.396s,  183.39/s)  Loss:  2.6295 (3.9090)  Acc@1:  65.625 ( 44.065)  Acc@5:  86.719 ( 62.954)
Test: [  40/196]  Time: 1.757s (1.415s,  180.95/s)  Loss:  3.0384 (3.6641)  Acc@1:  54.688 ( 46.846)  Acc@5:  81.250 ( 67.978)
Test: [  50/196]  Time: 1.983s (1.369s,  187.00/s)  Loss:  2.6459 (3.4836)  Acc@1:  62.891 ( 49.249)  Acc@5:  88.672 ( 71.760)
Test: [  60/196]  Time: 1.116s (1.342s,  190.71/s)  Loss:  3.9907 (3.4410)  Acc@1:  36.719 ( 49.699)  Acc@5:  59.766 ( 72.618)
Test: [  70/196]  Time: 1.264s (1.331s,  192.38/s)  Loss:  2.9101 (3.4373)  Acc@1:  57.812 ( 50.088)  Acc@5:  83.203 ( 72.915)
Test: [  80/196]  Time: 0.521s (1.318s,  194.22/s)  Loss:  4.8258 (3.4924)  Acc@1:  23.047 ( 49.108)  Acc@5:  37.109 ( 71.547)
Test: [  90/196]  Time: 1.463s (1.332s,  192.21/s)  Loss:  4.4803 (3.6361)  Acc@1:  24.219 ( 46.296)  Acc@5:  48.828 ( 68.183)
Test: [ 100/196]  Time: 2.178s (1.327s,  192.93/s)  Loss:  4.7714 (3.7647)  Acc@1:  19.141 ( 43.460)  Acc@5:  40.625 ( 65.134)
Test: [ 110/196]  Time: 1.007s (1.317s,  194.35/s)  Loss:  4.9567 (3.8657)  Acc@1:  21.484 ( 41.438)  Acc@5:  39.453 ( 62.739)
Test: [ 120/196]  Time: 2.053s (1.318s,  194.28/s)  Loss:  4.8716 (3.9358)  Acc@1:  21.484 ( 40.128)  Acc@5:  37.891 ( 61.109)
Test: [ 130/196]  Time: 2.655s (1.331s,  192.32/s)  Loss:  4.6288 (3.9955)  Acc@1:  22.656 ( 38.687)  Acc@5:  45.312 ( 59.754)
Test: [ 140/196]  Time: 1.262s (1.336s,  191.56/s)  Loss:  5.2465 (4.0558)  Acc@1:  14.844 ( 37.622)  Acc@5:  30.859 ( 58.358)
Test: [ 150/196]  Time: 2.424s (1.350s,  189.64/s)  Loss:  4.7414 (4.1065)  Acc@1:  23.438 ( 36.548)  Acc@5:  41.406 ( 57.192)
Test: [ 160/196]  Time: 1.306s (1.337s,  191.51/s)  Loss:  4.6960 (4.1501)  Acc@1:  25.391 ( 35.763)  Acc@5:  39.453 ( 56.197)
Test: [ 170/196]  Time: 0.791s (1.320s,  193.99/s)  Loss:  4.6794 (4.1909)  Acc@1:  23.438 ( 34.912)  Acc@5:  45.703 ( 55.249)
Test: [ 180/196]  Time: 3.487s (1.316s,  194.48/s)  Loss:  5.1764 (4.2293)  Acc@1:  14.062 ( 34.017)  Acc@5:  36.719 ( 54.290)
Test: [ 190/196]  Time: 0.269s (1.294s,  197.77/s)  Loss:  6.6442 (4.2399)  Acc@1:   2.344 ( 33.919)  Acc@5:   7.031 ( 54.141)
 * Acc@1 33.796 (66.204) Acc@5 54.018 (45.982)
