Validating in torch.float32. AMP not enabled.
Loading pretrained weights from Hugging Face hub (timm/resnet50.ra_in1k)
[timm/resnet50.ra_in1k] Safe alternative available for 'pytorch_model.bin' (as 'model.safetensors'). Loading weights using safetensors.
Model resnet50.ra_in1k created, param count: 25557032
Data processing configuration for current model + dataset:
	input_size: (3, 288, 288)
	interpolation: bicubic
	mean: (0.485, 0.456, 0.406)
	std: (0.229, 0.224, 0.225)
	crop_pct: 0.95
	crop_mode: center
Test: [   0/196]  Time: 5.389s (5.389s,   47.50/s)  Loss:  1.5825 (1.5825)  Acc@1:  82.812 ( 82.812)  Acc@5:  97.656 ( 97.656)
Test: [  10/196]  Time: 0.268s (1.314s,  194.76/s)  Loss:  2.5094 (2.0732)  Acc@1:  56.641 ( 74.645)  Acc@5:  87.109 ( 92.401)
Test: [  20/196]  Time: 0.538s (1.190s,  215.13/s)  Loss:  1.8668 (2.0431)  Acc@1:  83.984 ( 75.484)  Acc@5:  91.406 ( 92.653)
Test: [  30/196]  Time: 0.587s (1.095s,  233.85/s)  Loss:  2.1544 (1.9844)  Acc@1:  79.297 ( 77.319)  Acc@5:  92.969 ( 93.196)
Test: [  40/196]  Time: 1.305s (1.115s,  229.59/s)  Loss:  2.3839 (2.0586)  Acc@1:  75.391 ( 76.134)  Acc@5:  92.578 ( 93.178)
Test: [  50/196]  Time: 0.940s (1.083s,  236.31/s)  Loss:  1.9247 (2.0765)  Acc@1:  80.469 ( 76.095)  Acc@5:  95.703 ( 93.612)
Test: [  60/196]  Time: 1.246s (1.082s,  236.54/s)  Loss:  2.1219 (2.0756)  Acc@1:  69.141 ( 75.916)  Acc@5:  92.188 ( 93.795)
Test: [  70/196]  Time: 0.862s (1.074s,  238.37/s)  Loss:  1.9974 (2.0512)  Acc@1:  77.344 ( 76.485)  Acc@5:  94.922 ( 93.954)
Test: [  80/196]  Time: 0.321s (1.075s,  238.18/s)  Loss:  2.9913 (2.0695)  Acc@1:  51.562 ( 75.776)  Acc@5:  78.125 ( 93.514)
Test: [  90/196]  Time: 2.203s (1.088s,  235.22/s)  Loss:  2.7907 (2.1170)  Acc@1:  50.000 ( 74.103)  Acc@5:  82.031 ( 92.415)
Test: [ 100/196]  Time: 0.270s (1.071s,  238.93/s)  Loss:  2.6003 (2.1757)  Acc@1:  62.500 ( 72.219)  Acc@5:  87.500 ( 91.321)
Test: [ 110/196]  Time: 3.222s (1.300s,  197.00/s)  Loss:  2.4260 (2.2049)  Acc@1:  65.625 ( 71.270)  Acc@5:  85.938 ( 90.769)
Test: [ 120/196]  Time: 1.197s (1.273s,  201.17/s)  Loss:  2.7484 (2.2323)  Acc@1:  55.859 ( 70.648)  Acc@5:  76.562 ( 90.218)
Test: [ 130/196]  Time: 1.942s (1.264s,  202.57/s)  Loss:  2.1882 (2.2602)  Acc@1:  67.188 ( 69.698)  Acc@5:  89.844 ( 89.796)
Test: [ 140/196]  Time: 1.985s (1.241s,  206.32/s)  Loss:  2.7458 (2.2704)  Acc@1:  55.859 ( 69.282)  Acc@5:  78.516 ( 89.456)
Test: [ 150/196]  Time: 2.719s (1.239s,  206.64/s)  Loss:  2.6026 (2.2929)  Acc@1:  64.453 ( 68.623)  Acc@5:  81.250 ( 88.949)
Test: [ 160/196]  Time: 2.948s (1.236s,  207.18/s)  Loss:  2.0441 (2.3067)  Acc@1:  74.219 ( 68.253)  Acc@5:  89.844 ( 88.572)
Test: [ 170/196]  Time: 2.754s (1.226s,  208.78/s)  Loss:  2.1164 (2.3259)  Acc@1:  69.531 ( 67.704)  Acc@5:  92.188 ( 88.236)
Test: [ 180/196]  Time: 1.086s (1.212s,  211.20/s)  Loss:  2.4883 (2.3434)  Acc@1:  61.328 ( 67.121)  Acc@5:  85.156 ( 87.932)
Test: [ 190/196]  Time: 3.459s (1.213s,  211.12/s)  Loss:  2.1229 (2.3474)  Acc@1:  58.594 ( 67.020)  Acc@5:  87.500 ( 87.925)
 * Acc@1 67.200 (32.800) Acc@5 88.002 (11.998)
