Validating in torch.float32. AMP not enabled.
Loading pretrained weights from Hugging Face hub (timm/resnet50.ra_in1k)
[timm/resnet50.ra_in1k] Safe alternative available for 'pytorch_model.bin' (as 'model.safetensors'). Loading weights using safetensors.
Model resnet50.ra_in1k created, param count: 25557032
Data processing configuration for current model + dataset:
	input_size: (3, 288, 288)
	interpolation: bicubic
	mean: (0.485, 0.456, 0.406)
	std: (0.229, 0.224, 0.225)
	crop_pct: 0.95
	crop_mode: center
Test: [   0/196]  Time: 5.028s (5.028s,   50.92/s)  Loss:  2.4723 (2.4723)  Acc@1:  52.344 ( 52.344)  Acc@5:  82.031 ( 82.031)
Test: [  10/196]  Time: 0.269s (1.223s,  209.30/s)  Loss:  4.0555 (3.3047)  Acc@1:  23.438 ( 40.518)  Acc@5:  46.484 ( 65.554)
Test: [  20/196]  Time: 0.914s (1.113s,  230.03/s)  Loss:  2.8180 (3.2354)  Acc@1:  56.641 ( 42.634)  Acc@5:  75.391 ( 67.225)
Test: [  30/196]  Time: 0.269s (1.069s,  239.40/s)  Loss:  3.4275 (3.1404)  Acc@1:  39.844 ( 44.972)  Acc@5:  70.312 ( 69.015)
Test: [  40/196]  Time: 0.269s (1.066s,  240.06/s)  Loss:  3.9411 (3.2780)  Acc@1:  26.953 ( 41.816)  Acc@5:  55.469 ( 66.911)
Test: [  50/196]  Time: 0.269s (1.036s,  247.15/s)  Loss:  3.2619 (3.3080)  Acc@1:  41.797 ( 41.169)  Acc@5:  70.312 ( 67.295)
Test: [  60/196]  Time: 1.749s (1.037s,  246.87/s)  Loss:  3.2957 (3.2874)  Acc@1:  36.719 ( 41.554)  Acc@5:  63.672 ( 67.751)
Test: [  70/196]  Time: 0.268s (1.027s,  249.25/s)  Loss:  3.1317 (3.2354)  Acc@1:  44.531 ( 42.545)  Acc@5:  71.875 ( 68.623)
Test: [  80/196]  Time: 0.889s (1.016s,  252.00/s)  Loss:  4.3033 (3.2397)  Acc@1:  26.172 ( 42.337)  Acc@5:  44.922 ( 68.562)
Test: [  90/196]  Time: 0.268s (1.006s,  254.46/s)  Loss:  3.9908 (3.2763)  Acc@1:  22.656 ( 41.526)  Acc@5:  53.125 ( 67.509)
Test: [ 100/196]  Time: 0.268s (0.991s,  258.32/s)  Loss:  4.2225 (3.3541)  Acc@1:  22.656 ( 39.944)  Acc@5:  50.781 ( 65.737)
Test: [ 110/196]  Time: 0.267s (1.000s,  256.12/s)  Loss:  3.6877 (3.3791)  Acc@1:  37.891 ( 39.407)  Acc@5:  58.203 ( 64.995)
Test: [ 120/196]  Time: 0.295s (0.976s,  262.39/s)  Loss:  3.7370 (3.4128)  Acc@1:  38.281 ( 38.837)  Acc@5:  59.766 ( 64.175)
Test: [ 130/196]  Time: 0.267s (0.981s,  260.84/s)  Loss:  3.6758 (3.4450)  Acc@1:  30.078 ( 38.040)  Acc@5:  58.203 ( 63.499)
Test: [ 140/196]  Time: 0.268s (0.971s,  263.72/s)  Loss:  4.2365 (3.4482)  Acc@1:  26.953 ( 37.982)  Acc@5:  42.188 ( 63.301)
Test: [ 150/196]  Time: 0.774s (0.975s,  262.51/s)  Loss:  3.9314 (3.4691)  Acc@1:  29.688 ( 37.624)  Acc@5:  51.562 ( 62.691)
Test: [ 160/196]  Time: 0.409s (0.970s,  263.85/s)  Loss:  3.2418 (3.4766)  Acc@1:  42.969 ( 37.524)  Acc@5:  67.969 ( 62.451)
Test: [ 170/196]  Time: 0.891s (0.973s,  263.21/s)  Loss:  3.3564 (3.4979)  Acc@1:  31.250 ( 37.023)  Acc@5:  66.406 ( 61.929)
Test: [ 180/196]  Time: 2.381s (0.987s,  259.27/s)  Loss:  3.8031 (3.5129)  Acc@1:  33.203 ( 36.717)  Acc@5:  59.375 ( 61.518)
Test: [ 190/196]  Time: 0.834s (0.992s,  257.95/s)  Loss:  2.3351 (3.5127)  Acc@1:  51.172 ( 36.633)  Acc@5:  85.156 ( 61.551)
 * Acc@1 36.942 (63.058) Acc@5 61.902 (38.098)
