Validating in torch.float32. AMP not enabled.
Loading pretrained weights from Hugging Face hub (timm/resnet50.ra_in1k)
[timm/resnet50.ra_in1k] Safe alternative available for 'pytorch_model.bin' (as 'model.safetensors'). Loading weights using safetensors.
Model resnet50.ra_in1k created, param count: 25557032
Data processing configuration for current model + dataset:
	input_size: (3, 288, 288)
	interpolation: bicubic
	mean: (0.485, 0.456, 0.406)
	std: (0.229, 0.224, 0.225)
	crop_pct: 0.95
	crop_mode: center
Test: [   0/196]  Time: 6.665s (6.665s,   38.41/s)  Loss:  1.5718 (1.5718)  Acc@1:  86.328 ( 86.328)  Acc@5:  96.484 ( 96.484)
Test: [  10/196]  Time: 0.285s (1.804s,  141.90/s)  Loss:  2.4494 (2.0140)  Acc@1:  60.938 ( 76.918)  Acc@5:  88.672 ( 93.714)
Test: [  20/196]  Time: 2.987s (1.668s,  153.52/s)  Loss:  1.9154 (1.9973)  Acc@1:  81.641 ( 76.637)  Acc@5:  91.406 ( 93.601)
Test: [  30/196]  Time: 0.285s (1.451s,  176.45/s)  Loss:  1.9134 (1.9370)  Acc@1:  82.031 ( 78.755)  Acc@5:  93.359 ( 93.977)
Test: [  40/196]  Time: 2.909s (1.409s,  181.71/s)  Loss:  2.0721 (1.9643)  Acc@1:  80.469 ( 78.115)  Acc@5:  94.531 ( 94.169)
Test: [  50/196]  Time: 0.289s (1.327s,  192.89/s)  Loss:  1.7800 (1.9611)  Acc@1:  83.984 ( 78.232)  Acc@5:  96.484 ( 94.508)
Test: [  60/196]  Time: 1.524s (1.290s,  198.40/s)  Loss:  2.1202 (1.9608)  Acc@1:  74.219 ( 77.952)  Acc@5:  91.406 ( 94.653)
Test: [  70/196]  Time: 0.285s (1.268s,  201.94/s)  Loss:  1.8485 (1.9413)  Acc@1:  80.469 ( 78.417)  Acc@5:  94.922 ( 94.801)
Test: [  80/196]  Time: 0.285s (1.247s,  205.33/s)  Loss:  2.7397 (1.9575)  Acc@1:  56.641 ( 77.686)  Acc@5:  81.641 ( 94.401)
Test: [  90/196]  Time: 1.065s (1.246s,  205.50/s)  Loss:  2.6113 (2.0137)  Acc@1:  53.906 ( 75.871)  Acc@5:  81.250 ( 93.183)
Test: [ 100/196]  Time: 0.286s (1.208s,  211.94/s)  Loss:  2.6733 (2.0753)  Acc@1:  64.453 ( 73.979)  Acc@5:  85.547 ( 92.126)
Test: [ 110/196]  Time: 0.602s (1.210s,  211.66/s)  Loss:  2.4986 (2.1084)  Acc@1:  67.188 ( 73.159)  Acc@5:  84.375 ( 91.491)
Test: [ 120/196]  Time: 0.285s (1.179s,  217.21/s)  Loss:  2.6657 (2.1361)  Acc@1:  59.375 ( 72.482)  Acc@5:  77.344 ( 90.912)
Test: [ 130/196]  Time: 1.479s (1.188s,  215.55/s)  Loss:  2.1373 (2.1659)  Acc@1:  73.828 ( 71.496)  Acc@5:  91.016 ( 90.434)
Test: [ 140/196]  Time: 0.705s (1.164s,  220.01/s)  Loss:  2.6560 (2.1806)  Acc@1:  58.203 ( 71.047)  Acc@5:  80.859 ( 90.085)
Test: [ 150/196]  Time: 2.241s (1.163s,  220.11/s)  Loss:  2.5486 (2.2040)  Acc@1:  64.453 ( 70.406)  Acc@5:  80.078 ( 89.629)
Test: [ 160/196]  Time: 0.407s (1.155s,  221.67/s)  Loss:  2.1496 (2.2221)  Acc@1:  73.047 ( 69.975)  Acc@5:  88.281 ( 89.208)
Test: [ 170/196]  Time: 0.838s (1.152s,  222.31/s)  Loss:  2.0592 (2.2424)  Acc@1:  78.906 ( 69.433)  Acc@5:  93.750 ( 88.880)
Test: [ 180/196]  Time: 0.535s (1.273s,  201.02/s)  Loss:  2.4647 (2.2601)  Acc@1:  61.328 ( 68.841)  Acc@5:  83.984 ( 88.562)
Test: [ 190/196]  Time: 0.283s (1.270s,  201.53/s)  Loss:  2.2143 (2.2626)  Acc@1:  56.250 ( 68.717)  Acc@5:  83.984 ( 88.533)
 * Acc@1 68.810 (31.190) Acc@5 88.578 (11.422)
