Validating in torch.float32. AMP not enabled.
Loading pretrained weights from Hugging Face hub (timm/resnet50.ra_in1k)
[timm/resnet50.ra_in1k] Safe alternative available for 'pytorch_model.bin' (as 'model.safetensors'). Loading weights using safetensors.
Model resnet50.ra_in1k created, param count: 25557032
Data processing configuration for current model + dataset:
	input_size: (3, 288, 288)
	interpolation: bicubic
	mean: (0.485, 0.456, 0.406)
	std: (0.229, 0.224, 0.225)
	crop_pct: 0.95
	crop_mode: center
Test: [   0/196]  Time: 5.582s (5.582s,   45.86/s)  Loss:  1.8166 (1.8166)  Acc@1:  76.953 ( 76.953)  Acc@5:  95.312 ( 95.312)
Test: [  10/196]  Time: 0.269s (1.462s,  175.06/s)  Loss:  2.8606 (2.3287)  Acc@1:  51.562 ( 68.750)  Acc@5:  81.641 ( 88.494)
Test: [  20/196]  Time: 0.537s (1.445s,  177.19/s)  Loss:  2.0905 (2.2933)  Acc@1:  78.125 ( 69.196)  Acc@5:  89.062 ( 88.690)
Test: [  30/196]  Time: 0.267s (1.377s,  185.94/s)  Loss:  2.0533 (2.2181)  Acc@1:  76.562 ( 71.094)  Acc@5:  92.188 ( 89.478)
Test: [  40/196]  Time: 2.005s (1.446s,  177.05/s)  Loss:  2.4525 (2.2376)  Acc@1:  64.453 ( 70.160)  Acc@5:  88.281 ( 89.882)
Test: [  50/196]  Time: 0.267s (1.435s,  178.46/s)  Loss:  2.0110 (2.2279)  Acc@1:  73.438 ( 70.205)  Acc@5:  93.359 ( 90.418)
Test: [  60/196]  Time: 0.507s (1.405s,  182.24/s)  Loss:  2.4237 (2.2185)  Acc@1:  64.453 ( 70.172)  Acc@5:  89.844 ( 90.740)
Test: [  70/196]  Time: 0.860s (1.431s,  178.89/s)  Loss:  1.9221 (2.1902)  Acc@1:  73.828 ( 70.890)  Acc@5:  94.531 ( 91.021)
Test: [  80/196]  Time: 0.431s (1.409s,  181.67/s)  Loss:  3.2123 (2.2071)  Acc@1:  44.141 ( 70.274)  Acc@5:  73.438 ( 90.582)
Test: [  90/196]  Time: 0.535s (1.435s,  178.35/s)  Loss:  3.0192 (2.2776)  Acc@1:  43.750 ( 68.415)  Acc@5:  73.438 ( 88.990)
Test: [ 100/196]  Time: 1.988s (1.421s,  180.21/s)  Loss:  3.1708 (2.3616)  Acc@1:  44.922 ( 66.058)  Acc@5:  75.000 ( 87.369)
Test: [ 110/196]  Time: 1.774s (1.400s,  182.88/s)  Loss:  2.9403 (2.4052)  Acc@1:  56.641 ( 64.830)  Acc@5:  77.734 ( 86.465)
Test: [ 120/196]  Time: 0.334s (1.371s,  186.71/s)  Loss:  3.0289 (2.4426)  Acc@1:  52.734 ( 64.030)  Acc@5:  71.875 ( 85.634)
Test: [ 130/196]  Time: 2.701s (1.374s,  186.30/s)  Loss:  2.6531 (2.4776)  Acc@1:  59.375 ( 63.073)  Acc@5:  84.766 ( 85.037)
Test: [ 140/196]  Time: 0.268s (1.344s,  190.54/s)  Loss:  3.2332 (2.4948)  Acc@1:  44.922 ( 62.611)  Acc@5:  68.750 ( 84.619)
Test: [ 150/196]  Time: 3.099s (1.355s,  188.88/s)  Loss:  2.9865 (2.5236)  Acc@1:  52.734 ( 61.864)  Acc@5:  71.094 ( 83.917)
Test: [ 160/196]  Time: 0.269s (1.330s,  192.44/s)  Loss:  2.4995 (2.5450)  Acc@1:  64.453 ( 61.401)  Acc@5:  82.031 ( 83.397)
Test: [ 170/196]  Time: 3.219s (1.341s,  190.84/s)  Loss:  2.3927 (2.5711)  Acc@1:  62.500 ( 60.702)  Acc@5:  88.672 ( 82.892)
Test: [ 180/196]  Time: 0.268s (1.323s,  193.49/s)  Loss:  3.0766 (2.5947)  Acc@1:  49.219 ( 60.053)  Acc@5:  71.875 ( 82.340)
Test: [ 190/196]  Time: 3.301s (1.327s,  192.99/s)  Loss:  2.2895 (2.6015)  Acc@1:  59.375 ( 59.819)  Acc@5:  83.203 ( 82.258)
 * Acc@1 59.974 (40.026) Acc@5 82.362 (17.638)
