Validating in torch.float32. AMP not enabled.
Loading pretrained weights from Hugging Face hub (timm/resnet50.ra_in1k)
[timm/resnet50.ra_in1k] Safe alternative available for 'pytorch_model.bin' (as 'model.safetensors'). Loading weights using safetensors.
Model resnet50.ra_in1k created, param count: 25557032
Data processing configuration for current model + dataset:
	input_size: (3, 288, 288)
	interpolation: bicubic
	mean: (0.485, 0.456, 0.406)
	std: (0.229, 0.224, 0.225)
	crop_pct: 0.95
	crop_mode: center
Test: [   0/196]  Time: 5.146s (5.146s,   49.75/s)  Loss:  2.4132 (2.4132)  Acc@1:  58.203 ( 58.203)  Acc@5:  83.984 ( 83.984)
Test: [  10/196]  Time: 0.283s (1.199s,  213.57/s)  Loss:  4.0139 (3.1599)  Acc@1:  22.656 ( 47.230)  Acc@5:  49.609 ( 70.845)
Test: [  20/196]  Time: 1.140s (1.103s,  232.10/s)  Loss:  2.6806 (3.0850)  Acc@1:  62.891 ( 49.758)  Acc@5:  78.125 ( 72.061)
Test: [  30/196]  Time: 0.283s (1.070s,  239.24/s)  Loss:  2.7343 (2.9677)  Acc@1:  58.594 ( 52.772)  Acc@5:  79.297 ( 74.143)
Test: [  40/196]  Time: 0.287s (1.044s,  245.11/s)  Loss:  3.5312 (3.0130)  Acc@1:  33.984 ( 50.495)  Acc@5:  63.672 ( 73.990)
Test: [  50/196]  Time: 0.283s (1.038s,  246.63/s)  Loss:  2.7879 (3.0103)  Acc@1:  50.000 ( 49.900)  Acc@5:  81.250 ( 74.517)
Test: [  60/196]  Time: 2.080s (1.047s,  244.56/s)  Loss:  3.2114 (2.9830)  Acc@1:  40.625 ( 50.352)  Acc@5:  71.094 ( 75.173)
Test: [  70/196]  Time: 0.284s (1.027s,  249.19/s)  Loss:  2.5757 (2.9399)  Acc@1:  54.297 ( 51.375)  Acc@5:  83.203 ( 75.891)
Test: [  80/196]  Time: 1.132s (1.019s,  251.20/s)  Loss:  4.0690 (2.9500)  Acc@1:  30.469 ( 50.974)  Acc@5:  51.562 ( 75.535)
Test: [  90/196]  Time: 0.284s (1.007s,  254.19/s)  Loss:  3.8190 (3.0121)  Acc@1:  30.469 ( 49.669)  Acc@5:  55.469 ( 73.983)
Test: [ 100/196]  Time: 0.285s (0.998s,  256.55/s)  Loss:  4.3389 (3.1113)  Acc@1:  20.703 ( 47.451)  Acc@5:  46.484 ( 71.751)
Test: [ 110/196]  Time: 0.284s (0.994s,  257.55/s)  Loss:  3.6437 (3.1554)  Acc@1:  35.156 ( 46.418)  Acc@5:  61.328 ( 70.671)
Test: [ 120/196]  Time: 0.582s (0.977s,  261.96/s)  Loss:  3.7205 (3.1948)  Acc@1:  38.281 ( 45.671)  Acc@5:  62.891 ( 69.835)
Test: [ 130/196]  Time: 0.287s (0.986s,  259.58/s)  Loss:  3.6721 (3.2318)  Acc@1:  29.297 ( 44.749)  Acc@5:  60.938 ( 69.066)
Test: [ 140/196]  Time: 0.829s (0.974s,  262.83/s)  Loss:  4.1467 (3.2436)  Acc@1:  24.219 ( 44.470)  Acc@5:  44.531 ( 68.717)
Test: [ 150/196]  Time: 1.047s (0.977s,  262.04/s)  Loss:  3.8758 (3.2716)  Acc@1:  34.375 ( 43.910)  Acc@5:  54.297 ( 67.938)
Test: [ 160/196]  Time: 0.285s (0.970s,  263.86/s)  Loss:  3.1468 (3.2900)  Acc@1:  47.266 ( 43.570)  Acc@5:  71.094 ( 67.525)
Test: [ 170/196]  Time: 1.405s (0.975s,  262.54/s)  Loss:  3.1238 (3.3161)  Acc@1:  40.625 ( 42.948)  Acc@5:  72.656 ( 66.968)
Test: [ 180/196]  Time: 1.317s (0.985s,  259.90/s)  Loss:  3.8567 (3.3383)  Acc@1:  36.719 ( 42.496)  Acc@5:  57.422 ( 66.374)
Test: [ 190/196]  Time: 1.457s (0.997s,  256.71/s)  Loss:  2.4288 (3.3495)  Acc@1:  55.078 ( 42.194)  Acc@5:  83.594 ( 66.187)
 * Acc@1 42.474 (57.526) Acc@5 66.452 (33.548)
