Validating in torch.float32. AMP not enabled.
Loading pretrained weights from Hugging Face hub (timm/deit_small_patch16_224.fb_in1k)
[timm/deit_small_patch16_224.fb_in1k] Safe alternative available for 'pytorch_model.bin' (as 'model.safetensors'). Loading weights using safetensors.
Model deit_small_patch16_224 created, param count: 22050664
Data processing configuration for current model + dataset:
	input_size: (3, 224, 224)
	interpolation: bicubic
	mean: (0.485, 0.456, 0.406)
	std: (0.229, 0.224, 0.225)
	crop_pct: 0.9
	crop_mode: center
Test: [   0/196]  Time: 0.777s (0.777s,  329.57/s)  Loss:  4.9707 (4.9707)  Acc@1:   2.734 (  2.734)  Acc@5:  32.422 ( 32.422)
Test: [  10/196]  Time: 0.124s (0.187s, 1370.57/s)  Loss:  6.1336 (5.4862)  Acc@1:   2.734 (  4.581)  Acc@5:  14.453 ( 26.385)
Test: [  20/196]  Time: 0.125s (0.158s, 1617.17/s)  Loss:  6.0607 (5.4213)  Acc@1:   4.688 (  5.041)  Acc@5:  17.578 ( 27.772)
Test: [  30/196]  Time: 0.128s (0.148s, 1729.02/s)  Loss:  5.2652 (5.3573)  Acc@1:   3.516 (  4.940)  Acc@5:  24.219 ( 28.440)
Test: [  40/196]  Time: 0.127s (0.142s, 1797.66/s)  Loss:  5.4210 (5.3847)  Acc@1:   1.953 (  4.278)  Acc@5:  20.312 ( 26.086)
Test: [  50/196]  Time: 0.127s (0.139s, 1839.51/s)  Loss:  5.1212 (5.3213)  Acc@1:   5.859 (  4.289)  Acc@5:  23.438 ( 26.141)
Test: [  60/196]  Time: 0.125s (0.137s, 1865.07/s)  Loss:  5.8741 (5.3280)  Acc@1:   2.344 (  4.233)  Acc@5:  13.672 ( 25.845)
Test: [  70/196]  Time: 0.125s (0.136s, 1885.60/s)  Loss:  5.1688 (5.3125)  Acc@1:   6.250 (  4.368)  Acc@5:  29.688 ( 26.243)
Test: [  80/196]  Time: 0.957s (0.178s, 1437.83/s)  Loss:  6.4577 (5.3458)  Acc@1:   3.125 (  4.292)  Acc@5:  12.891 ( 25.680)
Test: [  90/196]  Time: 0.124s (0.349s,  733.80/s)  Loss:  6.5622 (5.4241)  Acc@1:   0.781 (  4.142)  Acc@5:   8.594 ( 24.601)
Test: [ 100/196]  Time: 0.124s (0.452s,  566.26/s)  Loss:  6.6188 (5.5067)  Acc@1:   0.781 (  3.899)  Acc@5:  15.625 ( 23.410)
Test: [ 110/196]  Time: 3.768s (0.563s,  455.00/s)  Loss:  6.2903 (5.5645)  Acc@1:   1.172 (  3.780)  Acc@5:  12.109 ( 22.656)
Test: [ 120/196]  Time: 0.126s (0.527s,  486.19/s)  Loss:  6.2423 (5.6099)  Acc@1:   0.781 (  3.683)  Acc@5:  11.328 ( 22.036)
Test: [ 130/196]  Time: 0.129s (0.496s,  516.07/s)  Loss:  5.6823 (5.6365)  Acc@1:   3.125 (  3.593)  Acc@5:  20.312 ( 21.595)
Test: [ 140/196]  Time: 0.126s (0.470s,  544.88/s)  Loss:  6.3181 (5.6641)  Acc@1:   4.297 (  3.629)  Acc@5:  11.328 ( 21.257)
Test: [ 150/196]  Time: 0.125s (0.447s,  572.66/s)  Loss:  6.3508 (5.7019)  Acc@1:   1.953 (  3.536)  Acc@5:  13.672 ( 20.827)
Test: [ 160/196]  Time: 0.127s (0.427s,  599.38/s)  Loss:  5.4756 (5.7213)  Acc@1:   5.078 (  3.559)  Acc@5:  26.172 ( 20.686)
Test: [ 170/196]  Time: 0.125s (0.409s,  625.16/s)  Loss:  5.5981 (5.7398)  Acc@1:   2.734 (  3.506)  Acc@5:  17.578 ( 20.342)
Test: [ 180/196]  Time: 0.125s (0.394s,  650.03/s)  Loss:  5.9357 (5.7530)  Acc@1:   3.125 (  3.457)  Acc@5:  19.531 ( 20.213)
Test: [ 190/196]  Time: 0.125s (0.380s,  673.92/s)  Loss:  5.8999 (5.7246)  Acc@1:   1.562 (  3.487)  Acc@5:  21.094 ( 20.693)
 * Acc@1 3.538 (96.462) Acc@5 21.022 (78.978)
