Validating in torch.float32. AMP not enabled.
Loading pretrained weights from Hugging Face hub (timm/deit_small_patch16_224.fb_in1k)
[timm/deit_small_patch16_224.fb_in1k] Safe alternative available for 'pytorch_model.bin' (as 'model.safetensors'). Loading weights using safetensors.
Model deit_small_patch16_224 created, param count: 22050664
Data processing configuration for current model + dataset:
	input_size: (3, 224, 224)
	interpolation: bicubic
	mean: (0.485, 0.456, 0.406)
	std: (0.229, 0.224, 0.225)
	crop_pct: 0.9
	crop_mode: center
Test: [   0/196]  Time: 0.754s (0.754s,  339.34/s)  Loss:  2.1887 (2.1887)  Acc@1:  46.484 ( 46.484)  Acc@5:  87.500 ( 87.500)
Test: [  10/196]  Time: 0.125s (0.184s, 1387.80/s)  Loss:  2.5679 (2.3437)  Acc@1:  38.672 ( 45.490)  Acc@5:  76.953 ( 81.818)
Test: [  20/196]  Time: 0.125s (0.157s, 1635.51/s)  Loss:  2.5919 (2.3300)  Acc@1:  47.266 ( 46.708)  Acc@5:  73.828 ( 82.347)
Test: [  30/196]  Time: 0.128s (0.147s, 1736.98/s)  Loss:  2.2943 (2.3134)  Acc@1:  45.312 ( 47.316)  Acc@5:  85.156 ( 82.964)
Test: [  40/196]  Time: 0.126s (0.142s, 1797.34/s)  Loss:  2.4232 (2.3596)  Acc@1:  39.453 ( 45.370)  Acc@5:  82.422 ( 82.231)
Test: [  50/196]  Time: 0.127s (0.139s, 1838.11/s)  Loss:  2.0929 (2.3307)  Acc@1:  50.391 ( 45.466)  Acc@5:  88.281 ( 82.996)
Test: [  60/196]  Time: 0.127s (0.137s, 1864.64/s)  Loss:  2.5026 (2.3327)  Acc@1:  45.312 ( 45.325)  Acc@5:  83.203 ( 83.030)
Test: [  70/196]  Time: 0.127s (0.136s, 1881.46/s)  Loss:  2.2729 (2.3110)  Acc@1:  44.141 ( 45.956)  Acc@5:  85.938 ( 83.506)
Test: [  80/196]  Time: 0.129s (0.135s, 1894.05/s)  Loss:  3.5378 (2.3407)  Acc@1:  32.812 ( 45.732)  Acc@5:  61.328 ( 82.827)
Test: [  90/196]  Time: 0.127s (0.134s, 1905.17/s)  Loss:  3.4377 (2.4375)  Acc@1:  21.094 ( 44.132)  Acc@5:  60.547 ( 80.808)
Test: [ 100/196]  Time: 0.130s (0.134s, 1913.77/s)  Loss:  3.0205 (2.5127)  Acc@1:  25.781 ( 42.833)  Acc@5:  71.875 ( 79.274)
Test: [ 110/196]  Time: 0.129s (0.133s, 1921.77/s)  Loss:  2.8575 (2.5632)  Acc@1:  39.844 ( 42.012)  Acc@5:  74.609 ( 78.364)
Test: [ 120/196]  Time: 0.127s (0.133s, 1927.12/s)  Loss:  3.1716 (2.6035)  Acc@1:  41.406 ( 41.655)  Acc@5:  66.016 ( 77.573)
Test: [ 130/196]  Time: 0.127s (0.132s, 1933.18/s)  Loss:  2.3065 (2.6448)  Acc@1:  46.094 ( 40.825)  Acc@5:  83.203 ( 76.786)
Test: [ 140/196]  Time: 0.127s (0.132s, 1938.52/s)  Loss:  3.4195 (2.6837)  Acc@1:  25.391 ( 40.442)  Acc@5:  59.766 ( 75.975)
Test: [ 150/196]  Time: 0.127s (0.132s, 1942.57/s)  Loss:  3.3471 (2.7288)  Acc@1:  28.906 ( 39.725)  Acc@5:  64.453 ( 75.098)
Test: [ 160/196]  Time: 0.127s (0.132s, 1946.63/s)  Loss:  2.6449 (2.7569)  Acc@1:  51.172 ( 39.470)  Acc@5:  75.781 ( 74.483)
Test: [ 170/196]  Time: 0.127s (0.131s, 1948.96/s)  Loss:  2.5732 (2.7812)  Acc@1:  40.234 ( 38.962)  Acc@5:  79.297 ( 74.029)
Test: [ 180/196]  Time: 0.127s (0.131s, 1951.33/s)  Loss:  2.9679 (2.8055)  Acc@1:  33.984 ( 38.424)  Acc@5:  73.828 ( 73.545)
Test: [ 190/196]  Time: 0.126s (0.131s, 1954.82/s)  Loss:  3.5638 (2.7923)  Acc@1:  21.484 ( 38.680)  Acc@5:  63.281 ( 73.853)
 * Acc@1 38.850 (61.150) Acc@5 74.046 (25.954)
