Validating in torch.float32. AMP not enabled.
Loading pretrained weights from Hugging Face hub (timm/deit_small_patch16_224.fb_in1k)
[timm/deit_small_patch16_224.fb_in1k] Safe alternative available for 'pytorch_model.bin' (as 'model.safetensors'). Loading weights using safetensors.
Model deit_small_patch16_224 created, param count: 22050664
Data processing configuration for current model + dataset:
	input_size: (3, 224, 224)
	interpolation: bicubic
	mean: (0.485, 0.456, 0.406)
	std: (0.229, 0.224, 0.225)
	crop_pct: 0.9
	crop_mode: center
Test: [   0/196]  Time: 0.860s (0.860s,  297.69/s)  Loss:  2.8944 (2.8944)  Acc@1:  27.734 ( 27.734)  Acc@5:  72.266 ( 72.266)
Test: [  10/196]  Time: 0.131s (0.201s, 1271.42/s)  Loss:  3.5813 (3.0895)  Acc@1:  21.875 ( 30.540)  Acc@5:  59.375 ( 68.821)
Test: [  20/196]  Time: 0.131s (0.173s, 1483.38/s)  Loss:  3.4695 (3.0215)  Acc@1:  27.734 ( 33.222)  Acc@5:  58.984 ( 70.368)
Test: [  30/196]  Time: 0.174s (0.161s, 1589.58/s)  Loss:  2.6493 (2.9735)  Acc@1:  39.844 ( 34.526)  Acc@5:  75.781 ( 71.069)
Test: [  40/196]  Time: 0.133s (0.155s, 1648.72/s)  Loss:  3.0160 (2.9800)  Acc@1:  27.734 ( 32.974)  Acc@5:  73.047 ( 70.541)
Test: [  50/196]  Time: 0.132s (0.153s, 1676.94/s)  Loss:  2.5840 (2.9139)  Acc@1:  36.719 ( 33.211)  Acc@5:  78.125 ( 71.929)
Test: [  60/196]  Time: 0.133s (0.152s, 1684.27/s)  Loss:  3.1678 (2.8994)  Acc@1:  27.734 ( 33.171)  Acc@5:  70.312 ( 72.214)
Test: [  70/196]  Time: 0.131s (0.153s, 1677.82/s)  Loss:  2.6111 (2.8766)  Acc@1:  33.984 ( 33.753)  Acc@5:  78.906 ( 72.766)
Test: [  80/196]  Time: 0.131s (0.153s, 1676.61/s)  Loss:  4.3160 (2.9094)  Acc@1:  21.484 ( 33.468)  Acc@5:  47.266 ( 72.068)
Test: [  90/196]  Time: 0.131s (0.154s, 1664.96/s)  Loss:  4.0697 (3.0184)  Acc@1:  17.188 ( 32.285)  Acc@5:  46.875 ( 69.849)
Test: [ 100/196]  Time: 0.132s (0.153s, 1672.67/s)  Loss:  4.1826 (3.1166)  Acc@1:  14.453 ( 31.134)  Acc@5:  51.172 ( 67.888)
Test: [ 110/196]  Time: 0.132s (0.154s, 1663.79/s)  Loss:  3.7492 (3.1803)  Acc@1:  26.562 ( 30.497)  Acc@5:  58.203 ( 66.691)
Test: [ 120/196]  Time: 0.132s (0.154s, 1666.95/s)  Loss:  3.9070 (3.2255)  Acc@1:  25.000 ( 30.136)  Acc@5:  52.344 ( 65.803)
Test: [ 130/196]  Time: 0.132s (0.154s, 1666.17/s)  Loss:  3.2369 (3.2666)  Acc@1:  28.906 ( 29.515)  Acc@5:  65.234 ( 64.954)
Test: [ 140/196]  Time: 0.131s (0.153s, 1669.39/s)  Loss:  4.4110 (3.3082)  Acc@1:  19.141 ( 29.305)  Acc@5:  42.188 ( 64.184)
Test: [ 150/196]  Time: 0.131s (0.154s, 1663.32/s)  Loss:  4.1055 (3.3565)  Acc@1:  21.875 ( 28.816)  Acc@5:  52.734 ( 63.336)
Test: [ 160/196]  Time: 0.132s (0.154s, 1665.58/s)  Loss:  3.3254 (3.3898)  Acc@1:  35.938 ( 28.642)  Acc@5:  63.672 ( 62.675)
Test: [ 170/196]  Time: 0.134s (0.154s, 1663.64/s)  Loss:  3.2371 (3.4155)  Acc@1:  23.828 ( 28.257)  Acc@5:  67.969 ( 62.125)
Test: [ 180/196]  Time: 0.132s (0.154s, 1667.18/s)  Loss:  3.9131 (3.4442)  Acc@1:  19.141 ( 27.816)  Acc@5:  56.250 ( 61.535)
Test: [ 190/196]  Time: 0.131s (0.153s, 1675.59/s)  Loss:  4.8950 (3.4304)  Acc@1:   9.766 ( 27.986)  Acc@5:  41.406 ( 61.901)
 * Acc@1 28.088 (71.912) Acc@5 62.084 (37.916)
