Validating in torch.float32. AMP not enabled.
Loading pretrained weights from Hugging Face hub (timm/resnet50.a1_in1k)
[timm/resnet50.a1_in1k] Safe alternative available for 'pytorch_model.bin' (as 'model.safetensors'). Loading weights using safetensors.
Model resnet50 created, param count: 25557032
Data processing configuration for current model + dataset:
	input_size: (3, 288, 288)
	interpolation: bicubic
	mean: (0.485, 0.456, 0.406)
	std: (0.229, 0.224, 0.225)
	crop_pct: 1.0
	crop_mode: center
Test: [   0/196]  Time: 0.911s (0.911s,  281.13/s)  Loss:  6.1500 (6.1500)  Acc@1:   5.078 (  5.078)  Acc@5:  17.969 ( 17.969)
Test: [  10/196]  Time: 0.268s (0.327s,  784.03/s)  Loss:  6.5637 (5.7675)  Acc@1:   7.031 ( 13.352)  Acc@5:  16.406 ( 25.994)
Test: [  20/196]  Time: 0.268s (0.299s,  856.81/s)  Loss:  5.6502 (5.6264)  Acc@1:  12.109 ( 15.067)  Acc@5:  25.781 ( 29.092)
Test: [  30/196]  Time: 0.268s (0.289s,  886.04/s)  Loss:  4.8928 (5.5572)  Acc@1:  17.969 ( 15.020)  Acc@5:  39.453 ( 30.544)
Test: [  40/196]  Time: 0.269s (0.284s,  901.76/s)  Loss:  5.1193 (5.4046)  Acc@1:  12.500 ( 15.234)  Acc@5:  29.688 ( 31.660)
Test: [  50/196]  Time: 0.268s (0.281s,  911.50/s)  Loss:  4.6924 (5.2544)  Acc@1:  20.312 ( 15.970)  Acc@5:  40.234 ( 33.540)
Test: [  60/196]  Time: 0.269s (0.279s,  918.20/s)  Loss:  6.4659 (5.2665)  Acc@1:   8.594 ( 15.971)  Acc@5:  14.453 ( 33.210)
Test: [  70/196]  Time: 0.268s (0.277s,  923.00/s)  Loss:  4.6941 (5.2767)  Acc@1:  23.438 ( 16.230)  Acc@5:  40.234 ( 33.451)
Test: [  80/196]  Time: 0.269s (0.276s,  926.53/s)  Loss:  6.1803 (5.3109)  Acc@1:   5.859 ( 15.914)  Acc@5:  12.500 ( 32.595)
Test: [  90/196]  Time: 0.269s (0.276s,  929.20/s)  Loss:  6.0525 (5.3978)  Acc@1:   5.469 ( 15.170)  Acc@5:  16.406 ( 31.138)
Test: [ 100/196]  Time: 0.269s (0.275s,  931.31/s)  Loss:  6.2573 (5.5039)  Acc@1:   4.297 ( 14.136)  Acc@5:  12.500 ( 29.162)
Test: [ 110/196]  Time: 0.270s (0.274s,  933.04/s)  Loss:  6.4061 (5.5744)  Acc@1:   6.250 ( 13.478)  Acc@5:  13.281 ( 27.879)
Test: [ 120/196]  Time: 0.269s (0.274s,  934.57/s)  Loss:  5.7102 (5.6367)  Acc@1:   9.375 ( 13.023)  Acc@5:  17.578 ( 26.966)
Test: [ 130/196]  Time: 0.269s (0.274s,  935.79/s)  Loss:  5.9855 (5.6740)  Acc@1:   5.859 ( 12.461)  Acc@5:  17.188 ( 26.178)
Test: [ 140/196]  Time: 0.269s (0.273s,  936.86/s)  Loss:  6.5183 (5.7034)  Acc@1:   8.984 ( 12.312)  Acc@5:  19.141 ( 25.756)
Test: [ 150/196]  Time: 0.269s (0.273s,  937.78/s)  Loss:  6.4833 (5.7437)  Acc@1:   7.812 ( 12.008)  Acc@5:  22.266 ( 25.269)
Test: [ 160/196]  Time: 0.270s (0.273s,  938.57/s)  Loss:  5.6108 (5.7473)  Acc@1:  14.062 ( 11.925)  Acc@5:  23.438 ( 24.983)
Test: [ 170/196]  Time: 0.269s (0.273s,  939.28/s)  Loss:  6.5161 (5.7706)  Acc@1:   5.078 ( 11.682)  Acc@5:  12.500 ( 24.486)
Test: [ 180/196]  Time: 0.270s (0.272s,  939.84/s)  Loss:  8.1964 (5.8022)  Acc@1:   1.562 ( 11.397)  Acc@5:   5.859 ( 24.031)
Test: [ 190/196]  Time: 0.269s (0.272s,  940.39/s)  Loss:  7.2327 (5.8252)  Acc@1:   2.344 ( 11.169)  Acc@5:  11.328 ( 23.736)
 * Acc@1 11.114 (88.886) Acc@5 23.698 (76.302)
