Validating in torch.float32. AMP not enabled.
Loading pretrained weights from Hugging Face hub (timm/resnet50.a1_in1k)
[timm/resnet50.a1_in1k] Safe alternative available for 'pytorch_model.bin' (as 'model.safetensors'). Loading weights using safetensors.
Model resnet50 created, param count: 25557032
Data processing configuration for current model + dataset:
	input_size: (3, 288, 288)
	interpolation: bicubic
	mean: (0.485, 0.456, 0.406)
	std: (0.229, 0.224, 0.225)
	crop_pct: 1.0
	crop_mode: center
Test: [   0/196]  Time: 0.924s (0.924s,  276.92/s)  Loss:  3.3735 (3.3735)  Acc@1:  39.062 ( 39.062)  Acc@5:  67.969 ( 67.969)
Test: [  10/196]  Time: 0.268s (0.329s,  778.51/s)  Loss:  4.0581 (3.3234)  Acc@1:  28.906 ( 42.188)  Acc@5:  54.297 ( 65.874)
Test: [  20/196]  Time: 0.269s (0.300s,  852.93/s)  Loss:  2.8378 (3.2125)  Acc@1:  53.906 ( 44.885)  Acc@5:  74.609 ( 67.746)
Test: [  30/196]  Time: 0.272s (0.290s,  882.44/s)  Loss:  2.5333 (3.1327)  Acc@1:  57.812 ( 46.384)  Acc@5:  80.469 ( 69.657)
Test: [  40/196]  Time: 0.270s (0.285s,  898.27/s)  Loss:  2.9149 (3.0562)  Acc@1:  46.094 ( 46.580)  Acc@5:  76.172 ( 70.894)
Test: [  50/196]  Time: 0.270s (0.282s,  907.74/s)  Loss:  2.4210 (2.9498)  Acc@1:  54.297 ( 47.695)  Acc@5:  84.375 ( 72.924)
Test: [  60/196]  Time: 0.268s (0.280s,  914.41/s)  Loss:  3.9573 (2.9700)  Acc@1:  36.328 ( 47.310)  Acc@5:  57.422 ( 72.707)
Test: [  70/196]  Time: 0.270s (0.279s,  919.04/s)  Loss:  2.5813 (2.9734)  Acc@1:  50.781 ( 47.508)  Acc@5:  75.000 ( 72.766)
Test: [  80/196]  Time: 0.268s (0.277s,  922.77/s)  Loss:  4.4231 (3.0153)  Acc@1:  21.875 ( 46.918)  Acc@5:  46.484 ( 71.870)
Test: [  90/196]  Time: 0.268s (0.277s,  925.75/s)  Loss:  4.2758 (3.1473)  Acc@1:  22.266 ( 44.832)  Acc@5:  46.094 ( 69.261)
Test: [ 100/196]  Time: 0.270s (0.276s,  928.03/s)  Loss:  4.0674 (3.2754)  Acc@1:  21.094 ( 42.597)  Acc@5:  57.031 ( 66.774)
Test: [ 110/196]  Time: 0.270s (0.275s,  929.80/s)  Loss:  4.0211 (3.3617)  Acc@1:  31.250 ( 41.216)  Acc@5:  55.469 ( 65.241)
Test: [ 120/196]  Time: 0.269s (0.275s,  931.40/s)  Loss:  3.8240 (3.4275)  Acc@1:  35.156 ( 40.415)  Acc@5:  53.906 ( 64.208)
Test: [ 130/196]  Time: 0.270s (0.274s,  932.82/s)  Loss:  3.7175 (3.4809)  Acc@1:  31.641 ( 39.435)  Acc@5:  57.812 ( 63.195)
Test: [ 140/196]  Time: 0.269s (0.274s,  933.98/s)  Loss:  4.8970 (3.5260)  Acc@1:  21.094 ( 38.949)  Acc@5:  35.547 ( 62.409)
Test: [ 150/196]  Time: 0.269s (0.274s,  935.00/s)  Loss:  4.5698 (3.5804)  Acc@1:  31.250 ( 38.261)  Acc@5:  53.125 ( 61.605)
Test: [ 160/196]  Time: 0.268s (0.274s,  935.90/s)  Loss:  3.4701 (3.5998)  Acc@1:  40.234 ( 37.939)  Acc@5:  60.156 ( 61.112)
Test: [ 170/196]  Time: 0.270s (0.273s,  936.67/s)  Loss:  3.8594 (3.6372)  Acc@1:  31.641 ( 37.331)  Acc@5:  54.297 ( 60.410)
Test: [ 180/196]  Time: 0.270s (0.273s,  937.39/s)  Loss:  5.7771 (3.6813)  Acc@1:  15.625 ( 36.630)  Acc@5:  41.406 ( 59.610)
Test: [ 190/196]  Time: 0.268s (0.273s,  938.14/s)  Loss:  5.7502 (3.7023)  Acc@1:   4.688 ( 36.224)  Acc@5:  27.344 ( 59.355)
 * Acc@1 36.166 (63.834) Acc@5 59.350 (40.650)
