Validating in torch.float32. AMP not enabled.
Traceback (most recent call last):
  File "/ceph/mfatima/corner_cases/pytorch-image-models/validate.py", line 532, in <module>
    main()
  File "/ceph/mfatima/corner_cases/pytorch-image-models/validate.py", line 505, in main
    results = validate(args)
  File "/ceph/mfatima/corner_cases/pytorch-image-models/validate.py", line 216, in validate
    model = create_model(
  File "/ceph/mfatima/corner_cases/pytorch-image-models/timm/models/_factory.py", line 135, in create_model
    model = create_fn(
  File "/ceph/mfatima/corner_cases/pytorch-image-models/timm/models/resnet.py", line 1396, in resnet50
    return _create_resnet('resnet50', pretrained, **dict(model_args, **kwargs))
  File "/ceph/mfatima/corner_cases/pytorch-image-models/timm/models/resnet.py", line 642, in _create_resnet
    return build_model_with_cfg(ResNet, variant, pretrained, **kwargs)
  File "/ceph/mfatima/corner_cases/pytorch-image-models/timm/models/_builder.py", line 414, in build_model_with_cfg
    pretrained_cfg = resolve_pretrained_cfg(
  File "/ceph/mfatima/corner_cases/pytorch-image-models/timm/models/_builder.py", line 357, in resolve_pretrained_cfg
    pretrained_cfg = get_pretrained_cfg(model_with_tag)
  File "/ceph/mfatima/corner_cases/pytorch-image-models/timm/models/_registry.py", line 332, in get_pretrained_cfg
    raise RuntimeError(f'Invalid pretrained tag ({tag}) for {arch_name}.')
RuntimeError: Invalid pretrained tag (in1k) for resnet50.
