Validating in torch.float32. AMP not enabled.
Loading pretrained weights from Hugging Face hub (timm/resnet50.a1_in1k)
[timm/resnet50.a1_in1k] Safe alternative available for 'pytorch_model.bin' (as 'model.safetensors'). Loading weights using safetensors.
Model resnet50 created, param count: 25557032
Data processing configuration for current model + dataset:
	input_size: (3, 288, 288)
	interpolation: bicubic
	mean: (0.485, 0.456, 0.406)
	std: (0.229, 0.224, 0.225)
	crop_pct: 1.0
	crop_mode: center
Test: [   0/196]  Time: 0.922s (0.922s,  277.75/s)  Loss:  0.8317 (0.8317)  Acc@1:  82.031 ( 82.031)  Acc@5:  96.094 ( 96.094)
Test: [  10/196]  Time: 0.268s (0.328s,  780.46/s)  Loss:  2.2731 (1.4165)  Acc@1:  49.609 ( 70.490)  Acc@5:  80.859 ( 89.205)
Test: [  20/196]  Time: 0.268s (0.300s,  853.13/s)  Loss:  1.0875 (1.3596)  Acc@1:  82.031 ( 71.633)  Acc@5:  88.672 ( 89.156)
Test: [  30/196]  Time: 0.267s (0.290s,  883.67/s)  Loss:  1.2012 (1.2656)  Acc@1:  76.562 ( 73.967)  Acc@5:  91.797 ( 90.033)
Test: [  40/196]  Time: 0.268s (0.284s,  900.01/s)  Loss:  1.5663 (1.3274)  Acc@1:  70.312 ( 72.513)  Acc@5:  89.062 ( 90.044)
Test: [  50/196]  Time: 0.267s (0.281s,  910.32/s)  Loss:  1.0680 (1.3137)  Acc@1:  78.906 ( 72.809)  Acc@5:  94.531 ( 90.663)
Test: [  60/196]  Time: 0.268s (0.279s,  917.45/s)  Loss:  1.6882 (1.3202)  Acc@1:  67.969 ( 72.739)  Acc@5:  87.109 ( 90.830)
Test: [  70/196]  Time: 0.269s (0.278s,  922.46/s)  Loss:  1.1405 (1.2930)  Acc@1:  76.562 ( 73.366)  Acc@5:  93.750 ( 91.203)
Test: [  80/196]  Time: 0.268s (0.276s,  926.38/s)  Loss:  2.7881 (1.3241)  Acc@1:  46.875 ( 72.690)  Acc@5:  73.828 ( 90.813)
Test: [  90/196]  Time: 0.268s (0.275s,  929.42/s)  Loss:  2.4125 (1.4111)  Acc@1:  50.000 ( 71.102)  Acc@5:  76.172 ( 89.457)
Test: [ 100/196]  Time: 0.268s (0.275s,  931.87/s)  Loss:  2.3917 (1.5146)  Acc@1:  52.734 ( 68.951)  Acc@5:  81.250 ( 87.983)
Test: [ 110/196]  Time: 0.268s (0.274s,  933.74/s)  Loss:  1.9902 (1.5682)  Acc@1:  62.109 ( 67.958)  Acc@5:  80.469 ( 87.271)
Test: [ 120/196]  Time: 0.268s (0.274s,  935.43/s)  Loss:  2.3087 (1.6044)  Acc@1:  57.031 ( 67.410)  Acc@5:  76.172 ( 86.722)
Test: [ 130/196]  Time: 0.268s (0.273s,  936.83/s)  Loss:  1.7195 (1.6447)  Acc@1:  63.281 ( 66.555)  Acc@5:  88.672 ( 86.245)
Test: [ 140/196]  Time: 0.268s (0.273s,  938.02/s)  Loss:  2.7611 (1.6656)  Acc@1:  46.094 ( 66.207)  Acc@5:  66.797 ( 85.946)
Test: [ 150/196]  Time: 0.269s (0.273s,  939.05/s)  Loss:  2.2597 (1.7001)  Acc@1:  58.203 ( 65.578)  Acc@5:  77.344 ( 85.358)
Test: [ 160/196]  Time: 0.269s (0.272s,  939.84/s)  Loss:  1.4701 (1.7214)  Acc@1:  73.438 ( 65.217)  Acc@5:  84.766 ( 84.945)
Test: [ 170/196]  Time: 0.269s (0.272s,  940.56/s)  Loss:  1.4946 (1.7557)  Acc@1:  69.141 ( 64.503)  Acc@5:  90.625 ( 84.496)
Test: [ 180/196]  Time: 0.269s (0.272s,  941.20/s)  Loss:  2.4325 (1.7887)  Acc@1:  50.781 ( 63.775)  Acc@5:  76.172 ( 84.002)
Test: [ 190/196]  Time: 0.268s (0.272s,  941.80/s)  Loss:  1.6051 (1.7911)  Acc@1:  64.062 ( 63.713)  Acc@5:  93.750 ( 84.031)
 * Acc@1 63.870 (36.130) Acc@5 84.152 (15.848)
