Validating in torch.float32. AMP not enabled.
Loading pretrained weights from Hugging Face hub (timm/resnet50.a1_in1k)
[timm/resnet50.a1_in1k] Safe alternative available for 'pytorch_model.bin' (as 'model.safetensors'). Loading weights using safetensors.
Model resnet50 created, param count: 25557032
Data processing configuration for current model + dataset:
	input_size: (3, 288, 288)
	interpolation: bicubic
	mean: (0.485, 0.456, 0.406)
	std: (0.229, 0.224, 0.225)
	crop_pct: 1.0
	crop_mode: center
Test: [   0/196]  Time: 0.915s (0.915s,  279.87/s)  Loss:  0.9991 (0.9991)  Acc@1:  78.906 ( 78.906)  Acc@5:  96.875 ( 96.875)
Test: [  10/196]  Time: 0.269s (0.328s,  779.87/s)  Loss:  2.5267 (1.6380)  Acc@1:  48.047 ( 68.040)  Acc@5:  75.000 ( 87.500)
Test: [  20/196]  Time: 0.268s (0.300s,  854.11/s)  Loss:  1.2174 (1.5659)  Acc@1:  80.469 ( 69.643)  Acc@5:  88.672 ( 87.333)
Test: [  30/196]  Time: 0.269s (0.290s,  883.61/s)  Loss:  1.5826 (1.4664)  Acc@1:  73.438 ( 71.951)  Acc@5:  89.844 ( 88.470)
Test: [  40/196]  Time: 0.269s (0.285s,  899.58/s)  Loss:  2.1022 (1.5745)  Acc@1:  64.062 ( 70.274)  Acc@5:  86.328 ( 88.224)
Test: [  50/196]  Time: 0.269s (0.281s,  909.59/s)  Loss:  1.3170 (1.5833)  Acc@1:  75.391 ( 70.205)  Acc@5:  93.359 ( 88.825)
Test: [  60/196]  Time: 0.268s (0.279s,  916.44/s)  Loss:  1.9878 (1.5915)  Acc@1:  62.109 ( 70.076)  Acc@5:  80.859 ( 88.915)
Test: [  70/196]  Time: 0.269s (0.278s,  921.33/s)  Loss:  1.4294 (1.5633)  Acc@1:  73.828 ( 70.516)  Acc@5:  92.188 ( 89.261)
Test: [  80/196]  Time: 0.269s (0.277s,  924.94/s)  Loss:  3.0771 (1.5888)  Acc@1:  41.406 ( 69.854)  Acc@5:  69.531 ( 88.821)
Test: [  90/196]  Time: 0.270s (0.276s,  927.73/s)  Loss:  2.6659 (1.6640)  Acc@1:  44.531 ( 68.213)  Acc@5:  70.703 ( 87.406)
Test: [ 100/196]  Time: 0.269s (0.275s,  930.01/s)  Loss:  2.4335 (1.7609)  Acc@1:  50.781 ( 66.232)  Acc@5:  79.297 ( 85.887)
Test: [ 110/196]  Time: 0.269s (0.275s,  931.89/s)  Loss:  2.0322 (1.8043)  Acc@1:  64.844 ( 65.287)  Acc@5:  78.516 ( 85.223)
Test: [ 120/196]  Time: 0.270s (0.274s,  933.49/s)  Loss:  2.4021 (1.8371)  Acc@1:  56.250 ( 64.805)  Acc@5:  76.562 ( 84.643)
Test: [ 130/196]  Time: 0.269s (0.274s,  934.85/s)  Loss:  2.0435 (1.8783)  Acc@1:  60.938 ( 63.866)  Acc@5:  84.766 ( 84.139)
Test: [ 140/196]  Time: 0.269s (0.273s,  936.02/s)  Loss:  2.9956 (1.8936)  Acc@1:  43.359 ( 63.495)  Acc@5:  65.625 ( 83.835)
Test: [ 150/196]  Time: 0.269s (0.273s,  937.03/s)  Loss:  2.4889 (1.9245)  Acc@1:  55.469 ( 62.898)  Acc@5:  76.562 ( 83.252)
Test: [ 160/196]  Time: 0.269s (0.273s,  937.87/s)  Loss:  1.5893 (1.9386)  Acc@1:  68.359 ( 62.599)  Acc@5:  85.547 ( 82.912)
Test: [ 170/196]  Time: 0.269s (0.273s,  938.58/s)  Loss:  1.7130 (1.9705)  Acc@1:  64.844 ( 61.970)  Acc@5:  88.672 ( 82.470)
Test: [ 180/196]  Time: 0.270s (0.273s,  939.26/s)  Loss:  2.5195 (1.9987)  Acc@1:  49.609 ( 61.378)  Acc@5:  73.047 ( 82.020)
Test: [ 190/196]  Time: 0.269s (0.272s,  939.88/s)  Loss:  1.5849 (2.0009)  Acc@1:  65.625 ( 61.318)  Acc@5:  92.578 ( 82.068)
 * Acc@1 61.510 (38.490) Acc@5 82.228 (17.772)
