Validating in torch.float32. AMP not enabled.
Loading pretrained weights from Hugging Face hub (timm/resnet50.a1_in1k)
[timm/resnet50.a1_in1k] Safe alternative available for 'pytorch_model.bin' (as 'model.safetensors'). Loading weights using safetensors.
Model resnet50 created, param count: 25557032
Data processing configuration for current model + dataset:
	input_size: (3, 288, 288)
	interpolation: bicubic
	mean: (0.485, 0.456, 0.406)
	std: (0.229, 0.224, 0.225)
	crop_pct: 1.0
	crop_mode: center
Test: [   0/196]  Time: 0.930s (0.930s,  275.34/s)  Loss:  0.6641 (0.6641)  Acc@1:  85.938 ( 85.938)  Acc@5:  98.047 ( 98.047)
Test: [  10/196]  Time: 0.269s (0.331s,  772.95/s)  Loss:  1.8855 (1.1403)  Acc@1:  61.328 ( 76.918)  Acc@5:  84.766 ( 93.040)
Test: [  20/196]  Time: 0.269s (0.302s,  848.82/s)  Loss:  0.8230 (1.0997)  Acc@1:  86.719 ( 77.623)  Acc@5:  92.188 ( 92.932)
Test: [  30/196]  Time: 0.269s (0.291s,  879.45/s)  Loss:  1.1653 (1.0210)  Acc@1:  80.469 ( 79.801)  Acc@5:  94.922 ( 93.511)
Test: [  40/196]  Time: 0.270s (0.286s,  895.86/s)  Loss:  1.3358 (1.1001)  Acc@1:  77.344 ( 78.554)  Acc@5:  93.359 ( 93.283)
Test: [  50/196]  Time: 0.268s (0.283s,  906.13/s)  Loss:  0.8176 (1.1014)  Acc@1:  85.547 ( 78.676)  Acc@5:  96.094 ( 93.635)
Test: [  60/196]  Time: 0.270s (0.280s,  913.14/s)  Loss:  1.4210 (1.1164)  Acc@1:  70.703 ( 78.349)  Acc@5:  91.016 ( 93.724)
Test: [  70/196]  Time: 0.270s (0.279s,  918.22/s)  Loss:  1.1171 (1.0940)  Acc@1:  77.344 ( 78.730)  Acc@5:  95.312 ( 93.932)
Test: [  80/196]  Time: 0.270s (0.278s,  921.62/s)  Loss:  2.4499 (1.1217)  Acc@1:  53.125 ( 78.096)  Acc@5:  76.953 ( 93.499)
Test: [  90/196]  Time: 0.269s (0.277s,  924.50/s)  Loss:  2.0967 (1.1919)  Acc@1:  53.906 ( 76.532)  Acc@5:  84.375 ( 92.509)
Test: [ 100/196]  Time: 0.270s (0.276s,  926.92/s)  Loss:  1.6613 (1.2705)  Acc@1:  68.359 ( 74.799)  Acc@5:  89.453 ( 91.464)
Test: [ 110/196]  Time: 0.270s (0.276s,  928.89/s)  Loss:  1.4521 (1.3056)  Acc@1:  72.656 ( 74.138)  Acc@5:  87.500 ( 91.065)
Test: [ 120/196]  Time: 0.269s (0.275s,  930.56/s)  Loss:  1.9555 (1.3300)  Acc@1:  59.375 ( 73.686)  Acc@5:  82.812 ( 90.686)
Test: [ 130/196]  Time: 0.270s (0.275s,  931.95/s)  Loss:  1.3033 (1.3659)  Acc@1:  73.438 ( 72.850)  Acc@5:  93.359 ( 90.330)
Test: [ 140/196]  Time: 0.269s (0.274s,  933.14/s)  Loss:  2.0252 (1.3806)  Acc@1:  61.328 ( 72.548)  Acc@5:  81.641 ( 90.074)
Test: [ 150/196]  Time: 0.270s (0.274s,  934.16/s)  Loss:  1.8630 (1.4088)  Acc@1:  66.797 ( 71.958)  Acc@5:  83.984 ( 89.621)
Test: [ 160/196]  Time: 0.270s (0.274s,  935.06/s)  Loss:  1.1892 (1.4254)  Acc@1:  77.344 ( 71.657)  Acc@5:  91.797 ( 89.288)
Test: [ 170/196]  Time: 0.269s (0.274s,  935.89/s)  Loss:  1.0745 (1.4517)  Acc@1:  75.781 ( 71.096)  Acc@5:  95.312 ( 88.971)
Test: [ 180/196]  Time: 0.270s (0.273s,  936.61/s)  Loss:  1.8733 (1.4787)  Acc@1:  63.281 ( 70.539)  Acc@5:  85.156 ( 88.668)
Test: [ 190/196]  Time: 0.269s (0.273s,  937.30/s)  Loss:  1.5013 (1.4805)  Acc@1:  65.625 ( 70.468)  Acc@5:  93.359 ( 88.694)
 * Acc@1 70.570 (29.430) Acc@5 88.768 (11.232)
