Validating in torch.float32. AMP not enabled.
Loading pretrained weights from Hugging Face hub (timm/resnet50.a1_in1k)
[timm/resnet50.a1_in1k] Safe alternative available for 'pytorch_model.bin' (as 'model.safetensors'). Loading weights using safetensors.
Model resnet50 created, param count: 25557032
Data processing configuration for current model + dataset:
	input_size: (3, 288, 288)
	interpolation: bicubic
	mean: (0.485, 0.456, 0.406)
	std: (0.229, 0.224, 0.225)
	crop_pct: 1.0
	crop_mode: center
Test: [   0/196]  Time: 0.918s (0.918s,  278.97/s)  Loss:  3.3074 (3.3074)  Acc@1:  40.625 ( 40.625)  Acc@5:  61.719 ( 61.719)
Test: [  10/196]  Time: 0.268s (0.329s,  777.34/s)  Loss:  3.6833 (2.9869)  Acc@1:  32.422 ( 45.810)  Acc@5:  55.078 ( 68.750)
Test: [  20/196]  Time: 0.269s (0.300s,  852.09/s)  Loss:  2.7761 (2.8712)  Acc@1:  54.688 ( 48.121)  Acc@5:  73.438 ( 70.759)
Test: [  30/196]  Time: 0.269s (0.290s,  882.06/s)  Loss:  1.9293 (2.8022)  Acc@1:  63.281 ( 49.987)  Acc@5:  83.594 ( 72.064)
Test: [  40/196]  Time: 0.269s (0.285s,  897.88/s)  Loss:  2.2543 (2.6760)  Acc@1:  53.906 ( 50.791)  Acc@5:  82.031 ( 74.133)
Test: [  50/196]  Time: 0.269s (0.282s,  907.77/s)  Loss:  1.8571 (2.5300)  Acc@1:  60.156 ( 52.520)  Acc@5:  87.891 ( 76.440)
Test: [  60/196]  Time: 0.270s (0.280s,  914.57/s)  Loss:  3.1987 (2.5108)  Acc@1:  42.969 ( 52.504)  Acc@5:  66.016 ( 76.902)
Test: [  70/196]  Time: 0.269s (0.278s,  919.33/s)  Loss:  2.1595 (2.5176)  Acc@1:  58.203 ( 52.745)  Acc@5:  81.250 ( 76.948)
Test: [  80/196]  Time: 0.270s (0.277s,  922.95/s)  Loss:  4.1543 (2.5625)  Acc@1:  30.469 ( 52.214)  Acc@5:  49.219 ( 75.993)
Test: [  90/196]  Time: 0.269s (0.277s,  925.82/s)  Loss:  3.7716 (2.7235)  Acc@1:  29.297 ( 49.717)  Acc@5:  57.031 ( 73.197)
Test: [ 100/196]  Time: 0.270s (0.276s,  928.09/s)  Loss:  4.0728 (2.8716)  Acc@1:  28.516 ( 47.289)  Acc@5:  55.859 ( 70.618)
Test: [ 110/196]  Time: 0.269s (0.275s,  929.94/s)  Loss:  3.8911 (2.9738)  Acc@1:  35.156 ( 45.721)  Acc@5:  54.297 ( 68.810)
Test: [ 120/196]  Time: 0.270s (0.275s,  931.55/s)  Loss:  3.7813 (3.0468)  Acc@1:  36.719 ( 44.883)  Acc@5:  57.812 ( 67.633)
Test: [ 130/196]  Time: 0.269s (0.274s,  932.95/s)  Loss:  3.3752 (3.1064)  Acc@1:  33.594 ( 43.714)  Acc@5:  64.453 ( 66.704)
Test: [ 140/196]  Time: 0.271s (0.274s,  934.09/s)  Loss:  4.6850 (3.1689)  Acc@1:  20.703 ( 42.972)  Acc@5:  38.281 ( 65.647)
Test: [ 150/196]  Time: 0.269s (0.274s,  935.11/s)  Loss:  4.5711 (3.2378)  Acc@1:  32.812 ( 42.058)  Acc@5:  51.562 ( 64.564)
Test: [ 160/196]  Time: 0.270s (0.274s,  935.99/s)  Loss:  3.4218 (3.2744)  Acc@1:  41.016 ( 41.508)  Acc@5:  57.422 ( 63.810)
Test: [ 170/196]  Time: 0.269s (0.273s,  936.76/s)  Loss:  3.3820 (3.3168)  Acc@1:  39.844 ( 40.794)  Acc@5:  59.375 ( 63.094)
Test: [ 180/196]  Time: 0.270s (0.273s,  937.45/s)  Loss:  4.9178 (3.3656)  Acc@1:  24.609 ( 40.003)  Acc@5:  50.000 ( 62.265)
Test: [ 190/196]  Time: 0.269s (0.273s,  938.17/s)  Loss:  6.0978 (3.3773)  Acc@1:   6.250 ( 39.881)  Acc@5:  21.875 ( 62.146)
 * Acc@1 39.818 (60.182) Acc@5 62.098 (37.902)
