Validating in torch.float32. AMP not enabled.
Loading pretrained weights from Hugging Face hub (timm/resnet50.a1_in1k)
[timm/resnet50.a1_in1k] Safe alternative available for 'pytorch_model.bin' (as 'model.safetensors'). Loading weights using safetensors.
Model resnet50 created, param count: 25557032
Data processing configuration for current model + dataset:
	input_size: (3, 288, 288)
	interpolation: bicubic
	mean: (0.485, 0.456, 0.406)
	std: (0.229, 0.224, 0.225)
	crop_pct: 1.0
	crop_mode: center
Test: [   0/196]  Time: 19.227s (19.227s,   13.31/s)  Loss:  0.5724 (0.5724)  Acc@1:  86.719 ( 86.719)  Acc@5:  98.828 ( 98.828)
Test: [  10/196]  Time: 0.268s (2.712s,   94.39/s)  Loss:  1.7430 (1.0101)  Acc@1:  61.719 ( 77.876)  Acc@5:  87.500 ( 94.318)
Test: [  20/196]  Time: 1.788s (2.019s,  126.81/s)  Loss:  0.8219 (0.9920)  Acc@1:  87.109 ( 78.516)  Acc@5:  91.797 ( 93.824)
Test: [  30/196]  Time: 0.269s (1.715s,  149.28/s)  Loss:  0.9884 (0.9183)  Acc@1:  82.031 ( 80.670)  Acc@5:  94.141 ( 94.267)
Test: [  40/196]  Time: 2.718s (1.646s,  155.50/s)  Loss:  1.0988 (0.9732)  Acc@1:  82.031 ( 79.754)  Acc@5:  93.359 ( 94.150)
Test: [  50/196]  Time: 0.268s (1.656s,  154.56/s)  Loss:  0.8034 (0.9670)  Acc@1:  82.812 ( 79.879)  Acc@5:  96.875 ( 94.608)
Test: [  60/196]  Time: 2.144s (1.639s,  156.23/s)  Loss:  1.2521 (0.9827)  Acc@1:  76.562 ( 79.559)  Acc@5:  91.797 ( 94.614)
Test: [  70/196]  Time: 0.268s (1.659s,  154.33/s)  Loss:  0.9612 (0.9642)  Acc@1:  78.906 ( 79.941)  Acc@5:  96.875 ( 94.768)
Test: [  80/196]  Time: 0.268s (1.634s,  156.66/s)  Loss:  2.2048 (0.9942)  Acc@1:  57.812 ( 79.379)  Acc@5:  80.469 ( 94.358)
Test: [  90/196]  Time: 0.266s (1.657s,  154.49/s)  Loss:  1.9992 (1.0721)  Acc@1:  53.906 ( 77.850)  Acc@5:  84.375 ( 93.188)
Test: [ 100/196]  Time: 0.268s (1.635s,  156.55/s)  Loss:  1.7033 (1.1520)  Acc@1:  67.578 ( 76.141)  Acc@5:  89.062 ( 92.238)
Test: [ 110/196]  Time: 0.267s (1.663s,  153.91/s)  Loss:  1.3929 (1.1905)  Acc@1:  75.391 ( 75.496)  Acc@5:  86.719 ( 91.776)
Test: [ 120/196]  Time: 0.267s (1.625s,  157.53/s)  Loss:  1.9037 (1.2184)  Acc@1:  62.500 ( 75.048)  Acc@5:  80.469 ( 91.342)
Test: [ 130/196]  Time: 0.268s (1.646s,  155.53/s)  Loss:  1.1298 (1.2547)  Acc@1:  75.391 ( 74.177)  Acc@5:  94.531 ( 90.950)
Test: [ 140/196]  Time: 0.267s (1.626s,  157.40/s)  Loss:  1.9416 (1.2707)  Acc@1:  59.766 ( 73.845)  Acc@5:  80.859 ( 90.700)
Test: [ 150/196]  Time: 0.267s (1.633s,  156.80/s)  Loss:  1.6922 (1.3006)  Acc@1:  67.578 ( 73.205)  Acc@5:  84.375 ( 90.263)
Test: [ 160/196]  Time: 1.410s (1.616s,  158.40/s)  Loss:  1.1737 (1.3194)  Acc@1:  77.734 ( 72.843)  Acc@5:  89.062 ( 89.953)
Test: [ 170/196]  Time: 0.266s (1.632s,  156.81/s)  Loss:  0.9799 (1.3468)  Acc@1:  81.250 ( 72.327)  Acc@5:  95.312 ( 89.624)
Test: [ 180/196]  Time: 0.268s (1.616s,  158.46/s)  Loss:  1.7581 (1.3747)  Acc@1:  66.406 ( 71.722)  Acc@5:  86.328 ( 89.274)
Test: [ 190/196]  Time: 0.837s (1.629s,  157.17/s)  Loss:  1.4588 (1.3759)  Acc@1:  66.406 ( 71.668)  Acc@5:  93.750 ( 89.273)
 * Acc@1 71.760 (28.240) Acc@5 89.352 (10.648)
