usage: validate.py [-h] [--data-dir DIR] [--dataset NAME] [--split NAME]
                   [--num-samples N] [--dataset-download]
                   [--class-map FILENAME] [--input-key INPUT_KEY]
                   [--input-img-mode INPUT_IMG_MODE] [--target-key TARGET_KEY]
                   [--dataset-trust-remote-code] [--model NAME] [--pretrained]
                   [-j N] [-b N] [--img-size N] [--in-chans N]
                   [--input-size N N N] [--use-train-size] [--crop-pct N]
                   [--crop-mode N] [--crop-border-pixels CROP_BORDER_PIXELS]
                   [--mean MEAN [MEAN ...]] [--std STD [STD ...]]
                   [--interpolation NAME] [--num-classes NUM_CLASSES]
                   [--gp POOL] [--log-freq N] [--checkpoint PATH]
                   [--num-gpu NUM_GPU] [--test-pool] [--no-prefetcher]
                   [--pin-mem] [--channels-last] [--device DEVICE] [--amp]
                   [--amp-dtype AMP_DTYPE] [--amp-impl AMP_IMPL]
                   [--model-dtype MODEL_DTYPE] [--tf-preprocessing]
                   [--use-ema] [--fuser FUSER] [--fast-norm] [--reparam]
                   [--model-kwargs [MODEL_KWARGS ...]]
                   [--torchcompile-mode TORCHCOMPILE_MODE]
                   [--torchscript | --torchcompile [TORCHCOMPILE] |
                   --aot-autograd] [--results-file FILENAME]
                   [--results-format RESULTS_FORMAT] [--real-labels FILENAME]
                   [--valid-labels FILENAME] [--retry] [--naflex-loader]
                   [--naflex-max-seq-len NAFLEX_MAX_SEQ_LEN]
                   [DIR]
validate.py: error: unrecognized arguments: --data_dir
