Validating in torch.float32. AMP not enabled.
Loading pretrained weights from Hugging Face hub (timm/vit_tiny_patch16_224.augreg_in21k_ft_in1k)
[timm/vit_tiny_patch16_224.augreg_in21k_ft_in1k] Safe alternative available for 'pytorch_model.bin' (as 'model.safetensors'). Loading weights using safetensors.
Model vit_tiny_patch16_224.augreg_in21k_ft_in1k created, param count: 5717416
Data processing configuration for current model + dataset:
	input_size: (3, 224, 224)
	interpolation: bicubic
	mean: (0.5, 0.5, 0.5)
	std: (0.5, 0.5, 0.5)
	crop_pct: 0.9
	crop_mode: center
Test: [   0/196]  Time: 0.714s (0.714s,  358.69/s)  Loss:  1.9366 (1.9366)  Acc@1:  57.812 ( 57.812)  Acc@5:  76.562 ( 76.562)
Test: [  10/196]  Time: 0.067s (0.162s, 1578.58/s)  Loss:  2.0909 (1.9007)  Acc@1:  47.266 ( 58.132)  Acc@5:  78.906 ( 80.611)
Test: [  20/196]  Time: 0.068s (0.140s, 1829.13/s)  Loss:  2.2433 (1.8336)  Acc@1:  59.766 ( 60.026)  Acc@5:  71.875 ( 81.120)
Test: [  30/196]  Time: 0.069s (0.134s, 1903.87/s)  Loss:  1.4096 (1.8501)  Acc@1:  66.406 ( 60.383)  Acc@5:  86.328 ( 80.507)
Test: [  40/196]  Time: 0.070s (0.128s, 2007.79/s)  Loss:  1.2725 (1.7661)  Acc@1:  68.359 ( 60.413)  Acc@5:  87.891 ( 82.127)
Test: [  50/196]  Time: 0.068s (0.126s, 2038.99/s)  Loss:  1.2390 (1.6857)  Acc@1:  66.406 ( 61.014)  Acc@5:  88.672 ( 83.379)
Test: [  60/196]  Time: 0.296s (0.125s, 2042.97/s)  Loss:  3.5465 (1.7418)  Acc@1:  35.938 ( 60.015)  Acc@5:  62.500 ( 82.877)
Test: [  70/196]  Time: 0.067s (0.124s, 2065.93/s)  Loss:  1.7655 (1.7424)  Acc@1:  55.469 ( 60.393)  Acc@5:  82.422 ( 82.752)
Test: [  80/196]  Time: 0.210s (0.124s, 2056.47/s)  Loss:  3.1162 (1.8349)  Acc@1:  37.500 ( 59.307)  Acc@5:  65.234 ( 81.409)
Test: [  90/196]  Time: 0.069s (0.122s, 2103.50/s)  Loss:  3.7217 (2.0416)  Acc@1:  29.688 ( 56.469)  Acc@5:  53.125 ( 78.546)
Test: [ 100/196]  Time: 0.263s (0.122s, 2097.68/s)  Loss:  3.2174 (2.1779)  Acc@1:  37.891 ( 54.339)  Acc@5:  61.719 ( 76.624)
Test: [ 110/196]  Time: 0.069s (0.120s, 2139.51/s)  Loss:  4.1374 (2.3307)  Acc@1:  33.203 ( 52.397)  Acc@5:  49.609 ( 74.553)
Test: [ 120/196]  Time: 0.071s (0.119s, 2149.06/s)  Loss:  3.1688 (2.4012)  Acc@1:  38.672 ( 51.504)  Acc@5:  58.594 ( 73.463)
Test: [ 130/196]  Time: 0.069s (0.119s, 2144.76/s)  Loss:  2.8000 (2.4874)  Acc@1:  41.797 ( 50.253)  Acc@5:  68.750 ( 72.263)
Test: [ 140/196]  Time: 0.069s (0.119s, 2160.17/s)  Loss:  3.4601 (2.5633)  Acc@1:  36.719 ( 49.357)  Acc@5:  59.375 ( 71.241)
Test: [ 150/196]  Time: 0.069s (0.118s, 2169.26/s)  Loss:  4.0290 (2.6310)  Acc@1:  31.250 ( 48.419)  Acc@5:  52.734 ( 70.230)
Test: [ 160/196]  Time: 0.068s (0.117s, 2179.13/s)  Loss:  3.0814 (2.6843)  Acc@1:  46.484 ( 47.756)  Acc@5:  61.719 ( 69.461)
Test: [ 170/196]  Time: 0.069s (0.117s, 2184.27/s)  Loss:  2.9466 (2.7181)  Acc@1:  44.531 ( 47.165)  Acc@5:  67.578 ( 68.930)
Test: [ 180/196]  Time: 0.069s (0.118s, 2161.41/s)  Loss:  2.6575 (2.7728)  Acc@1:  38.281 ( 46.305)  Acc@5:  66.797 ( 68.135)
Test: [ 190/196]  Time: 0.065s (0.117s, 2185.06/s)  Loss:  5.0653 (2.7733)  Acc@1:  17.969 ( 46.325)  Acc@5:  37.500 ( 68.114)
 * Acc@1 46.172 (53.828) Acc@5 67.946 (32.054)
