Validating in torch.float32. AMP not enabled.
Loading pretrained weights from Hugging Face hub (timm/vit_tiny_patch16_224.augreg_in21k_ft_in1k)
[timm/vit_tiny_patch16_224.augreg_in21k_ft_in1k] Safe alternative available for 'pytorch_model.bin' (as 'model.safetensors'). Loading weights using safetensors.
Model vit_tiny_patch16_224.augreg_in21k_ft_in1k created, param count: 5717416
Data processing configuration for current model + dataset:
	input_size: (3, 224, 224)
	interpolation: bicubic
	mean: (0.5, 0.5, 0.5)
	std: (0.5, 0.5, 0.5)
	crop_pct: 0.9
	crop_mode: center
Test: [   0/196]  Time: 0.659s (0.659s,  388.32/s)  Loss:  0.8377 (0.8377)  Acc@1:  76.953 ( 76.953)  Acc@5:  95.312 ( 95.312)
Test: [  10/196]  Time: 0.067s (0.162s, 1577.97/s)  Loss:  1.8554 (1.1516)  Acc@1:  52.734 ( 69.744)  Acc@5:  84.766 ( 90.554)
Test: [  20/196]  Time: 0.296s (0.151s, 1699.01/s)  Loss:  1.2924 (1.1746)  Acc@1:  73.828 ( 69.829)  Acc@5:  86.328 ( 89.509)
Test: [  30/196]  Time: 0.066s (0.138s, 1859.20/s)  Loss:  1.3085 (1.1245)  Acc@1:  67.188 ( 71.207)  Acc@5:  89.844 ( 90.171)
Test: [  40/196]  Time: 0.304s (0.135s, 1899.74/s)  Loss:  1.4580 (1.2186)  Acc@1:  59.375 ( 68.159)  Acc@5:  87.891 ( 89.396)
Test: [  50/196]  Time: 0.067s (0.128s, 2001.13/s)  Loss:  1.3584 (1.2558)  Acc@1:  62.891 ( 66.713)  Acc@5:  88.672 ( 89.323)
Test: [  60/196]  Time: 0.218s (0.125s, 2047.54/s)  Loss:  1.5622 (1.2568)  Acc@1:  60.938 ( 66.874)  Acc@5:  85.938 ( 89.306)
Test: [  70/196]  Time: 0.068s (0.121s, 2112.61/s)  Loss:  1.0940 (1.2189)  Acc@1:  70.312 ( 67.820)  Acc@5:  92.188 ( 89.805)
Test: [  80/196]  Time: 0.067s (0.122s, 2101.38/s)  Loss:  2.2103 (1.2335)  Acc@1:  51.562 ( 67.843)  Acc@5:  74.609 ( 89.501)
Test: [  90/196]  Time: 0.064s (0.121s, 2120.99/s)  Loss:  2.0767 (1.2919)  Acc@1:  50.391 ( 66.891)  Acc@5:  79.688 ( 88.595)
Test: [ 100/196]  Time: 0.067s (0.120s, 2128.15/s)  Loss:  1.9268 (1.3671)  Acc@1:  49.219 ( 65.203)  Acc@5:  78.516 ( 87.457)
Test: [ 110/196]  Time: 0.068s (0.119s, 2154.43/s)  Loss:  1.6255 (1.4058)  Acc@1:  65.234 ( 64.513)  Acc@5:  82.031 ( 86.898)
Test: [ 120/196]  Time: 0.069s (0.119s, 2157.70/s)  Loss:  2.0263 (1.4323)  Acc@1:  55.859 ( 64.101)  Acc@5:  75.391 ( 86.502)
Test: [ 130/196]  Time: 0.069s (0.117s, 2187.95/s)  Loss:  1.5943 (1.4605)  Acc@1:  52.734 ( 63.332)  Acc@5:  86.719 ( 86.158)
Test: [ 140/196]  Time: 0.067s (0.117s, 2191.91/s)  Loss:  2.1567 (1.4758)  Acc@1:  45.703 ( 63.071)  Acc@5:  78.125 ( 85.940)
Test: [ 150/196]  Time: 0.067s (0.116s, 2215.95/s)  Loss:  1.7853 (1.4957)  Acc@1:  58.984 ( 62.754)  Acc@5:  79.688 ( 85.604)
Test: [ 160/196]  Time: 0.069s (0.115s, 2218.44/s)  Loss:  1.5473 (1.5119)  Acc@1:  64.453 ( 62.529)  Acc@5:  80.859 ( 85.297)
Test: [ 170/196]  Time: 0.170s (0.115s, 2227.12/s)  Loss:  1.2390 (1.5325)  Acc@1:  69.141 ( 62.125)  Acc@5:  88.672 ( 84.948)
Test: [ 180/196]  Time: 0.067s (0.115s, 2233.26/s)  Loss:  2.0339 (1.5546)  Acc@1:  51.562 ( 61.671)  Acc@5:  76.953 ( 84.584)
Test: [ 190/196]  Time: 0.226s (0.115s, 2228.48/s)  Loss:  1.3823 (1.5549)  Acc@1:  62.109 ( 61.670)  Acc@5:  90.234 ( 84.618)
 * Acc@1 61.940 (38.060) Acc@5 84.748 (15.252)
