Validating in torch.float32. AMP not enabled.
Loading pretrained weights from Hugging Face hub (timm/vit_tiny_patch16_224.augreg_in21k_ft_in1k)
[timm/vit_tiny_patch16_224.augreg_in21k_ft_in1k] Safe alternative available for 'pytorch_model.bin' (as 'model.safetensors'). Loading weights using safetensors.
Model vit_tiny_patch16_224.augreg_in21k_ft_in1k created, param count: 5717416
Data processing configuration for current model + dataset:
	input_size: (3, 224, 224)
	interpolation: bicubic
	mean: (0.5, 0.5, 0.5)
	std: (0.5, 0.5, 0.5)
	crop_pct: 0.9
	crop_mode: center
Test: [   0/196]  Time: 0.627s (0.627s,  408.02/s)  Loss:  3.7355 (3.7355)  Acc@1:  39.844 ( 39.844)  Acc@5:  55.469 ( 55.469)
Test: [  10/196]  Time: 0.065s (0.148s, 1731.51/s)  Loss:  3.3762 (3.6154)  Acc@1:  27.734 ( 36.861)  Acc@5:  57.812 ( 57.955)
Test: [  20/196]  Time: 0.066s (0.127s, 2010.89/s)  Loss:  3.7486 (3.5190)  Acc@1:  33.594 ( 38.337)  Acc@5:  52.734 ( 58.557)
Test: [  30/196]  Time: 0.066s (0.121s, 2108.03/s)  Loss:  2.4734 (3.5157)  Acc@1:  42.578 ( 38.521)  Acc@5:  71.875 ( 58.128)
Test: [  40/196]  Time: 0.066s (0.113s, 2257.12/s)  Loss:  2.2720 (3.2895)  Acc@1:  43.750 ( 38.862)  Acc@5:  74.609 ( 60.957)
Test: [  50/196]  Time: 0.252s (0.115s, 2228.85/s)  Loss:  2.4732 (3.1429)  Acc@1:  45.703 ( 39.683)  Acc@5:  71.094 ( 62.937)
Test: [  60/196]  Time: 0.066s (0.112s, 2276.41/s)  Loss:  6.3172 (3.2532)  Acc@1:  15.625 ( 38.416)  Acc@5:  29.297 ( 61.700)
Test: [  70/196]  Time: 0.121s (0.111s, 2312.70/s)  Loss:  3.1029 (3.2849)  Acc@1:  39.453 ( 38.386)  Acc@5:  64.453 ( 61.361)
Test: [  80/196]  Time: 0.065s (0.109s, 2345.21/s)  Loss:  4.8469 (3.3821)  Acc@1:  18.750 ( 37.871)  Acc@5:  39.844 ( 60.335)
Test: [  90/196]  Time: 0.066s (0.110s, 2336.49/s)  Loss:  5.5552 (3.6054)  Acc@1:  15.625 ( 35.796)  Acc@5:  30.859 ( 57.418)
Test: [ 100/196]  Time: 0.065s (0.108s, 2376.28/s)  Loss:  4.9419 (3.7572)  Acc@1:  22.266 ( 34.151)  Acc@5:  37.109 ( 55.237)
Test: [ 110/196]  Time: 0.209s (0.109s, 2357.77/s)  Loss:  6.6555 (3.9457)  Acc@1:  15.625 ( 32.510)  Acc@5:  23.438 ( 52.988)
Test: [ 120/196]  Time: 0.065s (0.107s, 2397.69/s)  Loss:  4.7104 (4.0340)  Acc@1:  22.266 ( 31.670)  Acc@5:  38.281 ( 51.830)
Test: [ 130/196]  Time: 0.149s (0.106s, 2413.04/s)  Loss:  5.4238 (4.1283)  Acc@1:  13.281 ( 30.666)  Acc@5:  30.469 ( 50.650)
Test: [ 140/196]  Time: 0.161s (0.106s, 2420.61/s)  Loss:  5.1873 (4.2047)  Acc@1:  19.531 ( 29.989)  Acc@5:  35.938 ( 49.681)
Test: [ 150/196]  Time: 0.252s (0.106s, 2409.45/s)  Loss:  6.5081 (4.2790)  Acc@1:  10.938 ( 29.305)  Acc@5:  25.000 ( 48.725)
Test: [ 160/196]  Time: 0.066s (0.106s, 2422.81/s)  Loss:  5.1696 (4.3301)  Acc@1:  20.703 ( 28.824)  Acc@5:  35.547 ( 48.078)
Test: [ 170/196]  Time: 0.250s (0.106s, 2411.68/s)  Loss:  5.3846 (4.3647)  Acc@1:  12.109 ( 28.294)  Acc@5:  36.328 ( 47.547)
Test: [ 180/196]  Time: 0.065s (0.106s, 2423.57/s)  Loss:  4.6456 (4.4227)  Acc@1:  17.578 ( 27.670)  Acc@5:  45.312 ( 46.776)
Test: [ 190/196]  Time: 0.172s (0.105s, 2430.68/s)  Loss:  6.1083 (4.4207)  Acc@1:   8.984 ( 27.677)  Acc@5:  26.172 ( 46.814)
 * Acc@1 27.542 (72.458) Acc@5 46.670 (53.330)
