Validating in torch.float32. AMP not enabled.
Loading pretrained weights from Hugging Face hub (timm/convnext_base.fb_in1k)
[timm/convnext_base.fb_in1k] Safe alternative available for 'pytorch_model.bin' (as 'model.safetensors'). Loading weights using safetensors.
Model convnext_base.fb_in1k created, param count: 88591464
Data processing configuration for current model + dataset:
	input_size: (3, 288, 288)
	interpolation: bicubic
	mean: (0.485, 0.456, 0.406)
	std: (0.229, 0.224, 0.225)
	crop_pct: 1.0
	crop_mode: center
Test: [   0/196]  Time: 1.312s (1.312s,  195.15/s)  Loss:  1.3374 (1.3374)  Acc@1:  69.531 ( 69.531)  Acc@5:  96.484 ( 96.484)
Test: [  10/196]  Time: 0.558s (0.626s,  409.00/s)  Loss:  2.6224 (2.0037)  Acc@1:  40.234 ( 52.699)  Acc@5:  77.344 ( 89.879)
Test: [  20/196]  Time: 0.558s (0.594s,  431.11/s)  Loss:  2.2960 (2.0959)  Acc@1:  49.219 ( 50.911)  Acc@5:  84.766 ( 89.007)
Test: [  30/196]  Time: 0.560s (0.583s,  439.29/s)  Loss:  2.1147 (2.0617)  Acc@1:  52.734 ( 53.075)  Acc@5:  87.891 ( 89.579)
Test: [  40/196]  Time: 0.561s (0.577s,  443.44/s)  Loss:  1.8964 (2.0445)  Acc@1:  63.672 ( 54.707)  Acc@5:  88.281 ( 89.501)
Test: [  50/196]  Time: 0.562s (0.574s,  445.89/s)  Loss:  1.7824 (2.0331)  Acc@1:  67.578 ( 55.660)  Acc@5:  91.406 ( 89.698)
Test: [  60/196]  Time: 0.562s (0.572s,  447.49/s)  Loss:  2.4528 (2.0635)  Acc@1:  51.172 ( 55.091)  Acc@5:  80.859 ( 89.223)
Test: [  70/196]  Time: 0.562s (0.571s,  448.60/s)  Loss:  2.3293 (2.0731)  Acc@1:  44.922 ( 54.743)  Acc@5:  84.766 ( 89.250)
Test: [  80/196]  Time: 0.562s (0.570s,  449.42/s)  Loss:  2.8265 (2.0922)  Acc@1:  34.766 ( 53.988)  Acc@5:  75.000 ( 88.971)
Test: [  90/196]  Time: 0.561s (0.569s,  450.06/s)  Loss:  2.5136 (2.1354)  Acc@1:  45.312 ( 52.932)  Acc@5:  82.031 ( 87.938)
Test: [ 100/196]  Time: 0.562s (0.568s,  450.53/s)  Loss:  1.8801 (2.1481)  Acc@1:  55.469 ( 52.371)  Acc@5:  90.234 ( 87.604)
Test: [ 110/196]  Time: 0.564s (0.568s,  450.89/s)  Loss:  2.0362 (2.1635)  Acc@1:  52.734 ( 51.851)  Acc@5:  88.281 ( 87.261)
Test: [ 120/196]  Time: 0.563s (0.567s,  451.20/s)  Loss:  2.4260 (2.1601)  Acc@1:  42.578 ( 51.795)  Acc@5:  80.859 ( 87.100)
Test: [ 130/196]  Time: 0.564s (0.567s,  451.45/s)  Loss:  1.9284 (2.1632)  Acc@1:  55.078 ( 51.625)  Acc@5:  90.625 ( 86.922)
Test: [ 140/196]  Time: 0.563s (0.567s,  451.64/s)  Loss:  2.3113 (2.1647)  Acc@1:  51.172 ( 51.576)  Acc@5:  76.562 ( 86.802)
Test: [ 150/196]  Time: 0.565s (0.567s,  451.80/s)  Loss:  2.1413 (2.1747)  Acc@1:  51.172 ( 51.449)  Acc@5:  87.500 ( 86.522)
Test: [ 160/196]  Time: 0.564s (0.566s,  451.94/s)  Loss:  1.9038 (2.1789)  Acc@1:  60.547 ( 51.453)  Acc@5:  88.281 ( 86.297)
Test: [ 170/196]  Time: 0.565s (0.566s,  452.04/s)  Loss:  1.8131 (2.1830)  Acc@1:  56.250 ( 51.361)  Acc@5:  92.578 ( 86.157)
Test: [ 180/196]  Time: 0.565s (0.566s,  452.10/s)  Loss:  2.3843 (2.2005)  Acc@1:  43.359 ( 50.842)  Acc@5:  83.594 ( 85.871)
Test: [ 190/196]  Time: 0.563s (0.566s,  452.18/s)  Loss:  3.1612 (2.2046)  Acc@1:  28.516 ( 50.624)  Acc@5:  71.875 ( 85.794)
 * Acc@1 50.346 (49.654) Acc@5 85.800 (14.200)
