Validating in torch.float32. AMP not enabled.
Loading pretrained weights from Hugging Face hub (timm/convnext_base.fb_in1k)
[timm/convnext_base.fb_in1k] Safe alternative available for 'pytorch_model.bin' (as 'model.safetensors'). Loading weights using safetensors.
Model convnext_base.fb_in1k created, param count: 88591464
Data processing configuration for current model + dataset:
	input_size: (3, 288, 288)
	interpolation: bicubic
	mean: (0.485, 0.456, 0.406)
	std: (0.229, 0.224, 0.225)
	crop_pct: 1.0
	crop_mode: center
Test: [   0/196]  Time: 1.290s (1.290s,  198.38/s)  Loss:  1.6372 (1.6372)  Acc@1:  66.797 ( 66.797)  Acc@5:  94.141 ( 94.141)
Test: [  10/196]  Time: 0.557s (0.624s,  409.97/s)  Loss:  2.9001 (2.2688)  Acc@1:  34.766 ( 46.165)  Acc@5:  72.656 ( 86.967)
Test: [  20/196]  Time: 0.558s (0.593s,  431.69/s)  Loss:  2.3654 (2.3604)  Acc@1:  50.391 ( 44.680)  Acc@5:  86.719 ( 86.124)
Test: [  30/196]  Time: 0.560s (0.582s,  439.77/s)  Loss:  2.3637 (2.3532)  Acc@1:  52.344 ( 46.875)  Acc@5:  85.938 ( 86.379)
Test: [  40/196]  Time: 0.562s (0.577s,  443.74/s)  Loss:  2.1227 (2.3239)  Acc@1:  57.422 ( 48.838)  Acc@5:  89.453 ( 86.795)
Test: [  50/196]  Time: 0.560s (0.574s,  446.13/s)  Loss:  2.0936 (2.2986)  Acc@1:  57.031 ( 49.854)  Acc@5:  91.016 ( 87.247)
Test: [  60/196]  Time: 0.561s (0.572s,  447.69/s)  Loss:  3.0785 (2.3447)  Acc@1:  35.938 ( 48.642)  Acc@5:  75.000 ( 86.655)
Test: [  70/196]  Time: 0.562s (0.571s,  448.71/s)  Loss:  2.3594 (2.3573)  Acc@1:  39.844 ( 48.025)  Acc@5:  85.547 ( 86.647)
Test: [  80/196]  Time: 0.563s (0.570s,  449.41/s)  Loss:  3.5155 (2.3745)  Acc@1:  20.703 ( 47.328)  Acc@5:  66.016 ( 86.439)
Test: [  90/196]  Time: 0.563s (0.569s,  450.03/s)  Loss:  3.1115 (2.4306)  Acc@1:  29.297 ( 45.840)  Acc@5:  71.094 ( 85.148)
Test: [ 100/196]  Time: 0.561s (0.568s,  450.52/s)  Loss:  2.2163 (2.4657)  Acc@1:  46.484 ( 44.701)  Acc@5:  85.156 ( 84.344)
Test: [ 110/196]  Time: 0.563s (0.568s,  450.87/s)  Loss:  2.4380 (2.4942)  Acc@1:  41.797 ( 43.810)  Acc@5:  87.500 ( 83.889)
Test: [ 120/196]  Time: 0.565s (0.567s,  451.15/s)  Loss:  2.8509 (2.5046)  Acc@1:  37.891 ( 43.385)  Acc@5:  75.781 ( 83.552)
Test: [ 130/196]  Time: 0.565s (0.567s,  451.37/s)  Loss:  2.6428 (2.5218)  Acc@1:  28.125 ( 42.864)  Acc@5:  82.422 ( 83.188)
Test: [ 140/196]  Time: 0.564s (0.567s,  451.57/s)  Loss:  3.0279 (2.5314)  Acc@1:  36.328 ( 42.598)  Acc@5:  67.578 ( 82.934)
Test: [ 150/196]  Time: 0.565s (0.567s,  451.72/s)  Loss:  2.5712 (2.5506)  Acc@1:  35.547 ( 42.151)  Acc@5:  83.203 ( 82.437)
Test: [ 160/196]  Time: 0.565s (0.567s,  451.84/s)  Loss:  2.3229 (2.5540)  Acc@1:  48.438 ( 42.023)  Acc@5:  83.594 ( 82.155)
Test: [ 170/196]  Time: 0.565s (0.566s,  451.95/s)  Loss:  2.3752 (2.5671)  Acc@1:  36.328 ( 41.660)  Acc@5:  86.328 ( 81.860)
Test: [ 180/196]  Time: 0.563s (0.566s,  452.03/s)  Loss:  3.2463 (2.5911)  Acc@1:  20.312 ( 41.016)  Acc@5:  71.484 ( 81.364)
Test: [ 190/196]  Time: 0.563s (0.566s,  452.13/s)  Loss:  3.3225 (2.5995)  Acc@1:  21.875 ( 40.647)  Acc@5:  69.141 ( 81.234)
 * Acc@1 40.368 (59.632) Acc@5 81.266 (18.734)
