Validating in torch.float32. AMP not enabled.
Loading pretrained weights from Hugging Face hub (timm/convnext_base.fb_in1k)
[timm/convnext_base.fb_in1k] Safe alternative available for 'pytorch_model.bin' (as 'model.safetensors'). Loading weights using safetensors.
Model convnext_base.fb_in1k created, param count: 88591464
Data processing configuration for current model + dataset:
	input_size: (3, 288, 288)
	interpolation: bicubic
	mean: (0.485, 0.456, 0.406)
	std: (0.229, 0.224, 0.225)
	crop_pct: 1.0
	crop_mode: center
Test: [   0/196]  Time: 7.686s (7.686s,   33.31/s)  Loss:  3.1886 (3.1886)  Acc@1:  29.688 ( 29.688)  Acc@5:  73.828 ( 73.828)
Test: [  10/196]  Time: 0.562s (1.869s,  136.97/s)  Loss:  4.5296 (3.6644)  Acc@1:   9.766 ( 19.070)  Acc@5:  33.984 ( 58.523)
Test: [  20/196]  Time: 0.586s (1.820s,  140.69/s)  Loss:  4.0697 (3.7531)  Acc@1:  12.500 ( 17.206)  Acc@5:  45.703 ( 55.227)
Test: [  30/196]  Time: 0.559s (1.692s,  151.30/s)  Loss:  3.6491 (3.7409)  Acc@1:  21.094 ( 18.561)  Acc@5:  57.031 ( 55.204)
Test: [  40/196]  Time: 3.706s (1.722s,  148.64/s)  Loss:  3.4805 (3.7353)  Acc@1:  25.781 ( 18.750)  Acc@5:  56.641 ( 54.592)
Test: [  50/196]  Time: 0.558s (1.634s,  156.71/s)  Loss:  3.5164 (3.7167)  Acc@1:  21.875 ( 18.957)  Acc@5:  55.078 ( 54.626)
Test: [  60/196]  Time: 1.653s (1.663s,  153.97/s)  Loss:  4.5640 (3.7525)  Acc@1:  10.547 ( 18.308)  Acc@5:  39.453 ( 53.612)
Test: [  70/196]  Time: 1.373s (1.615s,  158.49/s)  Loss:  3.6050 (3.7578)  Acc@1:  15.234 ( 18.068)  Acc@5:  55.859 ( 53.576)
Test: [  80/196]  Time: 0.780s (1.601s,  159.90/s)  Loss:  5.0720 (3.7744)  Acc@1:   3.125 ( 17.964)  Acc@5:  32.422 ( 53.573)
Test: [  90/196]  Time: 1.680s (1.601s,  159.95/s)  Loss:  4.8263 (3.8506)  Acc@1:  10.938 ( 17.557)  Acc@5:  41.406 ( 52.485)
Test: [ 100/196]  Time: 5.244s (1.612s,  158.82/s)  Loss:  3.9918 (3.9074)  Acc@1:  16.797 ( 17.195)  Acc@5:  50.391 ( 51.721)
Test: [ 110/196]  Time: 0.560s (1.579s,  162.18/s)  Loss:  4.4134 (3.9643)  Acc@1:  10.547 ( 16.755)  Acc@5:  43.359 ( 51.006)
Test: [ 120/196]  Time: 4.390s (1.583s,  161.72/s)  Loss:  4.5735 (3.9913)  Acc@1:   8.594 ( 16.729)  Acc@5:  40.234 ( 50.713)
Test: [ 130/196]  Time: 2.455s (1.566s,  163.50/s)  Loss:  4.8726 (4.0167)  Acc@1:   5.859 ( 16.690)  Acc@5:  34.375 ( 50.352)
Test: [ 140/196]  Time: 6.798s (1.606s,  159.43/s)  Loss:  4.6935 (4.0320)  Acc@1:  14.844 ( 16.717)  Acc@5:  33.984 ( 50.299)
Test: [ 150/196]  Time: 0.559s (1.600s,  159.95/s)  Loss:  4.1916 (4.0542)  Acc@1:  14.844 ( 16.686)  Acc@5:  52.344 ( 50.072)
Test: [ 160/196]  Time: 5.296s (1.623s,  157.68/s)  Loss:  4.0715 (4.0652)  Acc@1:  17.969 ( 16.780)  Acc@5:  53.125 ( 50.068)
Test: [ 170/196]  Time: 0.559s (1.605s,  159.49/s)  Loss:  4.1155 (4.0825)  Acc@1:   9.375 ( 16.612)  Acc@5:  48.438 ( 49.801)
Test: [ 180/196]  Time: 3.454s (1.598s,  160.17/s)  Loss:  4.9313 (4.1127)  Acc@1:   7.031 ( 16.354)  Acc@5:  41.016 ( 49.458)
Test: [ 190/196]  Time: 0.559s (1.579s,  162.15/s)  Loss:  4.7606 (4.1173)  Acc@1:   7.812 ( 16.140)  Acc@5:  41.797 ( 49.409)
 * Acc@1 16.030 (83.970) Acc@5 49.402 (50.598)
