Validating in torch.float32. AMP not enabled.
Loading pretrained weights from Hugging Face hub (timm/convnext_base.fb_in1k)
[timm/convnext_base.fb_in1k] Safe alternative available for 'pytorch_model.bin' (as 'model.safetensors'). Loading weights using safetensors.
Model convnext_base.fb_in1k created, param count: 88591464
Data processing configuration for current model + dataset:
	input_size: (3, 288, 288)
	interpolation: bicubic
	mean: (0.485, 0.456, 0.406)
	std: (0.229, 0.224, 0.225)
	crop_pct: 1.0
	crop_mode: center
Test: [   0/196]  Time: 8.419s (8.419s,   30.41/s)  Loss:  1.0414 (1.0414)  Acc@1:  83.984 ( 83.984)  Acc@5:  96.875 ( 96.875)
Test: [  10/196]  Time: 0.556s (2.206s,  116.03/s)  Loss:  2.5606 (1.8560)  Acc@1:  44.531 ( 65.270)  Acc@5:  77.734 ( 87.997)
Test: [  20/196]  Time: 2.137s (2.108s,  121.46/s)  Loss:  1.7580 (1.8786)  Acc@1:  70.703 ( 65.699)  Acc@5:  87.891 ( 87.649)
Test: [  30/196]  Time: 1.248s (1.880s,  136.16/s)  Loss:  2.1372 (1.8067)  Acc@1:  59.375 ( 67.805)  Acc@5:  84.766 ( 88.231)
Test: [  40/196]  Time: 2.691s (1.922s,  133.16/s)  Loss:  2.1612 (1.9274)  Acc@1:  59.766 ( 64.644)  Acc@5:  85.156 ( 86.833)
Test: [  50/196]  Time: 0.559s (1.823s,  140.42/s)  Loss:  1.9737 (1.9739)  Acc@1:  65.234 ( 63.143)  Acc@5:  88.672 ( 86.443)
Test: [  60/196]  Time: 0.891s (1.813s,  141.19/s)  Loss:  2.1838 (1.9937)  Acc@1:  53.906 ( 62.609)  Acc@5:  82.812 ( 86.411)
Test: [  70/196]  Time: 0.558s (1.756s,  145.78/s)  Loss:  1.9478 (1.9658)  Acc@1:  62.109 ( 63.232)  Acc@5:  90.625 ( 86.994)
Test: [  80/196]  Time: 2.047s (1.755s,  145.90/s)  Loss:  2.6370 (1.9599)  Acc@1:  46.875 ( 63.175)  Acc@5:  73.047 ( 86.936)
Test: [  90/196]  Time: 0.558s (1.716s,  149.22/s)  Loss:  2.4016 (1.9761)  Acc@1:  51.562 ( 62.590)  Acc@5:  76.562 ( 86.208)
Test: [ 100/196]  Time: 3.286s (1.732s,  147.84/s)  Loss:  2.1491 (2.0232)  Acc@1:  57.422 ( 61.197)  Acc@5:  80.859 ( 85.121)
Test: [ 110/196]  Time: 0.558s (1.707s,  149.98/s)  Loss:  1.9787 (2.0384)  Acc@1:  59.766 ( 60.529)  Acc@5:  82.031 ( 84.699)
Test: [ 120/196]  Time: 4.759s (1.711s,  149.59/s)  Loss:  2.3295 (2.0457)  Acc@1:  52.734 ( 60.343)  Acc@5:  75.781 ( 84.317)
Test: [ 130/196]  Time: 0.559s (1.673s,  153.00/s)  Loss:  2.0905 (2.0524)  Acc@1:  54.297 ( 59.986)  Acc@5:  86.328 ( 84.068)
Test: [ 140/196]  Time: 1.241s (1.663s,  153.90/s)  Loss:  2.7266 (2.0478)  Acc@1:  43.359 ( 59.907)  Acc@5:  67.188 ( 83.962)
Test: [ 150/196]  Time: 0.558s (1.618s,  158.20/s)  Loss:  2.0434 (2.0535)  Acc@1:  60.938 ( 59.709)  Acc@5:  81.641 ( 83.679)
Test: [ 160/196]  Time: 5.207s (1.640s,  156.14/s)  Loss:  1.6361 (2.0534)  Acc@1:  71.094 ( 59.627)  Acc@5:  87.891 ( 83.553)
Test: [ 170/196]  Time: 0.557s (1.621s,  157.91/s)  Loss:  1.6155 (2.0647)  Acc@1:  66.797 ( 59.309)  Acc@5:  91.016 ( 83.308)
Test: [ 180/196]  Time: 3.220s (1.614s,  158.65/s)  Loss:  3.0134 (2.0850)  Acc@1:  39.062 ( 58.769)  Acc@5:  64.844 ( 82.877)
Test: [ 190/196]  Time: 0.557s (1.593s,  160.68/s)  Loss:  1.3991 (2.0923)  Acc@1:  70.312 ( 58.367)  Acc@5:  92.969 ( 82.827)
 * Acc@1 58.566 (41.434) Acc@5 82.968 (17.032)
