Validating in torch.float32. AMP not enabled.
Loading pretrained weights from Hugging Face hub (timm/convnext_base.fb_in1k)
[timm/convnext_base.fb_in1k] Safe alternative available for 'pytorch_model.bin' (as 'model.safetensors'). Loading weights using safetensors.
Model convnext_base.fb_in1k created, param count: 88591464
Data processing configuration for current model + dataset:
	input_size: (3, 288, 288)
	interpolation: bicubic
	mean: (0.485, 0.456, 0.406)
	std: (0.229, 0.224, 0.225)
	crop_pct: 1.0
	crop_mode: center
Test: [   0/196]  Time: 1.272s (1.272s,  201.21/s)  Loss:  0.6253 (0.6253)  Acc@1:  91.797 ( 91.797)  Acc@5:  99.219 ( 99.219)
Test: [  10/196]  Time: 0.562s (0.626s,  408.95/s)  Loss:  1.6869 (1.1443)  Acc@1:  67.969 ( 82.280)  Acc@5:  88.672 ( 96.378)
Test: [  20/196]  Time: 0.563s (0.596s,  429.70/s)  Loss:  1.0374 (1.1650)  Acc@1:  89.062 ( 82.180)  Acc@5:  95.703 ( 95.945)
Test: [  30/196]  Time: 0.563s (0.585s,  437.52/s)  Loss:  1.3601 (1.1076)  Acc@1:  78.906 ( 83.896)  Acc@5:  94.922 ( 96.207)
Test: [  40/196]  Time: 0.565s (0.580s,  441.49/s)  Loss:  1.2582 (1.1615)  Acc@1:  84.375 ( 82.927)  Acc@5:  94.531 ( 95.998)
Test: [  50/196]  Time: 0.564s (0.577s,  443.87/s)  Loss:  1.0911 (1.1693)  Acc@1:  87.891 ( 82.973)  Acc@5:  97.266 ( 96.140)
Test: [  60/196]  Time: 0.564s (0.575s,  445.54/s)  Loss:  1.3223 (1.1875)  Acc@1:  77.734 ( 82.716)  Acc@5:  94.141 ( 96.081)
Test: [  70/196]  Time: 0.564s (0.573s,  446.64/s)  Loss:  1.2367 (1.1728)  Acc@1:  79.688 ( 82.901)  Acc@5:  97.656 ( 96.264)
Test: [  80/196]  Time: 0.565s (0.572s,  447.42/s)  Loss:  1.6795 (1.1748)  Acc@1:  66.016 ( 82.692)  Acc@5:  88.281 ( 96.055)
Test: [  90/196]  Time: 0.565s (0.571s,  448.03/s)  Loss:  1.5667 (1.1909)  Acc@1:  69.531 ( 81.817)  Acc@5:  90.234 ( 95.600)
Test: [ 100/196]  Time: 0.565s (0.571s,  448.53/s)  Loss:  1.1055 (1.2146)  Acc@1:  80.078 ( 80.593)  Acc@5:  98.047 ( 95.169)
Test: [ 110/196]  Time: 0.565s (0.570s,  448.97/s)  Loss:  1.1254 (1.2189)  Acc@1:  77.734 ( 80.141)  Acc@5:  93.750 ( 95.027)
Test: [ 120/196]  Time: 0.566s (0.570s,  449.24/s)  Loss:  1.3878 (1.2154)  Acc@1:  69.531 ( 79.985)  Acc@5:  88.672 ( 94.938)
Test: [ 130/196]  Time: 0.565s (0.570s,  449.44/s)  Loss:  1.0314 (1.2223)  Acc@1:  78.516 ( 79.410)  Acc@5:  98.438 ( 94.770)
Test: [ 140/196]  Time: 0.566s (0.569s,  449.61/s)  Loss:  1.4040 (1.2184)  Acc@1:  73.438 ( 79.327)  Acc@5:  92.578 ( 94.692)
Test: [ 150/196]  Time: 0.567s (0.569s,  449.74/s)  Loss:  1.1568 (1.2239)  Acc@1:  82.031 ( 78.994)  Acc@5:  92.969 ( 94.549)
Test: [ 160/196]  Time: 0.566s (0.569s,  449.86/s)  Loss:  0.8723 (1.2250)  Acc@1:  86.719 ( 78.884)  Acc@5:  96.094 ( 94.420)
Test: [ 170/196]  Time: 0.568s (0.569s,  449.95/s)  Loss:  0.7649 (1.2328)  Acc@1:  87.109 ( 78.564)  Acc@5:  98.828 ( 94.294)
Test: [ 180/196]  Time: 0.566s (0.569s,  450.04/s)  Loss:  1.6085 (1.2444)  Acc@1:  66.016 ( 78.112)  Acc@5:  91.016 ( 94.164)
Test: [ 190/196]  Time: 0.568s (0.569s,  450.11/s)  Loss:  1.2390 (1.2479)  Acc@1:  71.484 ( 77.873)  Acc@5:  95.703 ( 94.153)
 * Acc@1 77.914 (22.086) Acc@5 94.188 (5.812)
