Validating in torch.float32. AMP not enabled.
Loading pretrained weights from Hugging Face hub (timm/convnext_base.fb_in1k)
[timm/convnext_base.fb_in1k] Safe alternative available for 'pytorch_model.bin' (as 'model.safetensors'). Loading weights using safetensors.
Model convnext_base.fb_in1k created, param count: 88591464
Data processing configuration for current model + dataset:
	input_size: (3, 288, 288)
	interpolation: bicubic
	mean: (0.485, 0.456, 0.406)
	std: (0.229, 0.224, 0.225)
	crop_pct: 1.0
	crop_mode: center
Test: [   0/196]  Time: 1.269s (1.269s,  201.77/s)  Loss:  2.3967 (2.3967)  Acc@1:  34.766 ( 34.766)  Acc@5:  89.844 ( 89.844)
Test: [  10/196]  Time: 0.562s (0.626s,  409.20/s)  Loss:  3.6393 (2.9858)  Acc@1:  12.500 ( 21.236)  Acc@5:  57.812 ( 76.811)
Test: [  20/196]  Time: 0.563s (0.596s,  429.84/s)  Loss:  3.1062 (3.0825)  Acc@1:  20.703 ( 18.769)  Acc@5:  70.312 ( 74.070)
Test: [  30/196]  Time: 0.565s (0.585s,  437.56/s)  Loss:  3.2268 (3.0848)  Acc@1:  18.750 ( 19.745)  Acc@5:  73.828 ( 74.231)
Test: [  40/196]  Time: 0.563s (0.580s,  441.57/s)  Loss:  2.9579 (3.1074)  Acc@1:  29.297 ( 20.922)  Acc@5:  76.562 ( 73.714)
Test: [  50/196]  Time: 0.564s (0.577s,  444.02/s)  Loss:  2.9852 (3.1138)  Acc@1:  26.562 ( 21.369)  Acc@5:  73.828 ( 73.621)
Test: [  60/196]  Time: 0.564s (0.574s,  445.65/s)  Loss:  3.7117 (3.1558)  Acc@1:  10.547 ( 20.549)  Acc@5:  57.422 ( 72.490)
Test: [  70/196]  Time: 0.565s (0.573s,  446.73/s)  Loss:  3.2299 (3.1595)  Acc@1:  16.797 ( 20.257)  Acc@5:  71.094 ( 72.486)
Test: [  80/196]  Time: 0.565s (0.572s,  447.53/s)  Loss:  3.9393 (3.1593)  Acc@1:  10.156 ( 20.462)  Acc@5:  50.391 ( 72.459)
Test: [  90/196]  Time: 0.565s (0.571s,  448.15/s)  Loss:  3.6161 (3.1971)  Acc@1:  17.578 ( 20.270)  Acc@5:  62.500 ( 71.459)
Test: [ 100/196]  Time: 0.566s (0.571s,  448.60/s)  Loss:  3.1081 (3.2147)  Acc@1:  20.312 ( 20.216)  Acc@5:  71.875 ( 71.016)
Test: [ 110/196]  Time: 0.566s (0.570s,  448.93/s)  Loss:  3.1766 (3.2323)  Acc@1:  17.578 ( 19.932)  Acc@5:  75.781 ( 70.837)
Test: [ 120/196]  Time: 0.567s (0.570s,  449.15/s)  Loss:  3.5107 (3.2326)  Acc@1:  20.312 ( 20.057)  Acc@5:  65.625 ( 70.874)
Test: [ 130/196]  Time: 0.567s (0.570s,  449.33/s)  Loss:  3.3407 (3.2367)  Acc@1:  12.500 ( 20.196)  Acc@5:  66.016 ( 70.697)
Test: [ 140/196]  Time: 0.567s (0.570s,  449.47/s)  Loss:  3.5293 (3.2379)  Acc@1:  19.141 ( 20.265)  Acc@5:  60.156 ( 70.817)
Test: [ 150/196]  Time: 0.568s (0.569s,  449.59/s)  Loss:  3.1476 (3.2475)  Acc@1:  18.359 ( 20.281)  Acc@5:  74.609 ( 70.669)
Test: [ 160/196]  Time: 0.567s (0.569s,  449.68/s)  Loss:  2.9393 (3.2476)  Acc@1:  25.391 ( 20.485)  Acc@5:  77.344 ( 70.621)
Test: [ 170/196]  Time: 0.567s (0.569s,  449.78/s)  Loss:  3.0248 (3.2532)  Acc@1:  18.359 ( 20.392)  Acc@5:  77.344 ( 70.507)
Test: [ 180/196]  Time: 0.567s (0.569s,  449.84/s)  Loss:  3.4724 (3.2676)  Acc@1:  11.719 ( 20.138)  Acc@5:  66.406 ( 70.230)
Test: [ 190/196]  Time: 0.567s (0.569s,  449.91/s)  Loss:  3.5845 (3.2714)  Acc@1:  16.797 ( 19.955)  Acc@5:  65.234 ( 70.133)
 * Acc@1 19.852 (80.148) Acc@5 70.228 (29.772)
