Validating in torch.float32. AMP not enabled.
Loading pretrained weights from Hugging Face hub (timm/convnext_base.fb_in1k)
[timm/convnext_base.fb_in1k] Safe alternative available for 'pytorch_model.bin' (as 'model.safetensors'). Loading weights using safetensors.
Model convnext_base.fb_in1k created, param count: 88591464
Data processing configuration for current model + dataset:
	input_size: (3, 288, 288)
	interpolation: bicubic
	mean: (0.485, 0.456, 0.406)
	std: (0.229, 0.224, 0.225)
	crop_pct: 1.0
	crop_mode: center
Test: [   0/196]  Time: 10.531s (10.531s,   24.31/s)  Loss:  0.8286 (0.8286)  Acc@1:  91.016 ( 91.016)  Acc@5:  98.047 ( 98.047)
Test: [  10/196]  Time: 0.558s (3.199s,   80.03/s)  Loss:  2.1661 (1.5620)  Acc@1:  58.203 ( 74.396)  Acc@5:  83.203 ( 93.253)
Test: [  20/196]  Time: 0.559s (3.179s,   80.53/s)  Loss:  1.4184 (1.5921)  Acc@1:  82.812 ( 73.810)  Acc@5:  93.750 ( 93.006)
Test: [  30/196]  Time: 0.946s (2.948s,   86.85/s)  Loss:  1.8735 (1.5258)  Acc@1:  68.750 ( 75.504)  Acc@5:  90.234 ( 93.586)
Test: [  40/196]  Time: 4.587s (3.078s,   83.16/s)  Loss:  1.7739 (1.6101)  Acc@1:  69.141 ( 73.037)  Acc@5:  91.797 ( 92.969)
Test: [  50/196]  Time: 0.558s (2.946s,   86.88/s)  Loss:  1.6787 (1.6461)  Acc@1:  72.266 ( 71.967)  Acc@5:  94.141 ( 92.930)
Test: [  60/196]  Time: 9.873s (3.026s,   84.59/s)  Loss:  1.8311 (1.6686)  Acc@1:  62.891 ( 71.561)  Acc@5:  91.797 ( 92.866)
Test: [  70/196]  Time: 0.559s (2.962s,   86.44/s)  Loss:  1.7312 (1.6499)  Acc@1:  68.750 ( 72.035)  Acc@5:  93.359 ( 93.227)
Test: [  80/196]  Time: 5.996s (2.941s,   87.05/s)  Loss:  2.1621 (1.6491)  Acc@1:  54.297 ( 71.827)  Acc@5:  85.156 ( 93.070)
Test: [  90/196]  Time: 0.558s (2.829s,   90.50/s)  Loss:  1.9922 (1.6577)  Acc@1:  55.078 ( 71.115)  Acc@5:  88.281 ( 92.445)
Test: [ 100/196]  Time: 6.931s (2.795s,   91.59/s)  Loss:  1.7338 (1.6857)  Acc@1:  64.453 ( 69.899)  Acc@5:  91.016 ( 91.723)
Test: [ 110/196]  Time: 0.558s (2.702s,   94.74/s)  Loss:  1.5548 (1.6874)  Acc@1:  67.188 ( 69.341)  Acc@5:  90.234 ( 91.477)
Test: [ 120/196]  Time: 7.569s (2.680s,   95.51/s)  Loss:  1.8211 (1.6858)  Acc@1:  62.500 ( 69.144)  Acc@5:  86.719 ( 91.313)
Test: [ 130/196]  Time: 0.558s (2.610s,   98.09/s)  Loss:  1.5674 (1.6912)  Acc@1:  67.578 ( 68.684)  Acc@5:  94.141 ( 91.108)
Test: [ 140/196]  Time: 6.262s (2.595s,   98.66/s)  Loss:  2.0783 (1.6846)  Acc@1:  57.031 ( 68.620)  Acc@5:  82.812 ( 91.013)
Test: [ 150/196]  Time: 0.559s (2.543s,  100.66/s)  Loss:  1.5729 (1.6870)  Acc@1:  70.312 ( 68.406)  Acc@5:  89.844 ( 90.791)
Test: [ 160/196]  Time: 6.955s (2.539s,  100.82/s)  Loss:  1.3328 (1.6864)  Acc@1:  77.344 ( 68.301)  Acc@5:  92.188 ( 90.661)
Test: [ 170/196]  Time: 0.556s (2.488s,  102.88/s)  Loss:  1.2884 (1.6947)  Acc@1:  76.562 ( 67.971)  Acc@5:  95.703 ( 90.447)
Test: [ 180/196]  Time: 4.971s (2.453s,  104.36/s)  Loss:  2.2460 (1.7097)  Acc@1:  48.438 ( 67.438)  Acc@5:  80.078 ( 90.133)
Test: [ 190/196]  Time: 0.556s (2.405s,  106.47/s)  Loss:  1.2890 (1.7154)  Acc@1:  71.875 ( 67.104)  Acc@5:  96.094 ( 90.138)
 * Acc@1 67.248 (32.752) Acc@5 90.210 (9.790)
