Validating in torch.float32. AMP not enabled.
Loading pretrained weights from Hugging Face hub (timm/mvitv2_small.fb_in1k)
[timm/mvitv2_small.fb_in1k] Safe alternative available for 'pytorch_model.bin' (as 'model.safetensors'). Loading weights using safetensors.
Model mvitv2_small.fb_in1k created, param count: 34870216
Data processing configuration for current model + dataset:
	input_size: (3, 224, 224)
	interpolation: bicubic
	mean: (0.485, 0.456, 0.406)
	std: (0.229, 0.224, 0.225)
	crop_pct: 0.9
	crop_mode: center
Test: [   0/196]  Time: 4.162s (4.162s,   61.51/s)  Loss:  2.4627 (2.4627)  Acc@1:  28.516 ( 28.516)  Acc@5:  86.719 ( 86.719)
Test: [  10/196]  Time: 0.366s (1.176s,  217.77/s)  Loss:  2.9974 (2.6144)  Acc@1:  32.031 ( 33.452)  Acc@5:  67.969 ( 80.824)
Test: [  20/196]  Time: 0.366s (1.072s,  238.80/s)  Loss:  2.6907 (2.6014)  Acc@1:  35.938 ( 34.263)  Acc@5:  79.688 ( 81.827)
Test: [  30/196]  Time: 0.367s (0.984s,  260.29/s)  Loss:  2.4160 (2.5641)  Acc@1:  37.500 ( 35.232)  Acc@5:  84.375 ( 82.611)
Test: [  40/196]  Time: 0.366s (0.997s,  256.87/s)  Loss:  2.4766 (2.5652)  Acc@1:  36.328 ( 34.928)  Acc@5:  82.422 ( 82.241)
Test: [  50/196]  Time: 0.594s (0.958s,  267.31/s)  Loss:  2.1547 (2.5257)  Acc@1:  44.141 ( 35.616)  Acc@5:  87.891 ( 82.736)
Test: [  60/196]  Time: 0.498s (0.966s,  265.13/s)  Loss:  2.7668 (2.5221)  Acc@1:  30.859 ( 35.438)  Acc@5:  80.469 ( 82.812)
Test: [  70/196]  Time: 0.365s (0.970s,  263.94/s)  Loss:  2.4098 (2.5029)  Acc@1:  38.672 ( 36.015)  Acc@5:  85.938 ( 83.170)
Test: [  80/196]  Time: 1.255s (0.965s,  265.27/s)  Loss:  3.5271 (2.5310)  Acc@1:  22.656 ( 35.793)  Acc@5:  63.281 ( 82.644)
Test: [  90/196]  Time: 0.366s (0.968s,  264.57/s)  Loss:  3.4783 (2.6339)  Acc@1:  22.656 ( 34.427)  Acc@5:  64.062 ( 80.679)
Test: [ 100/196]  Time: 0.366s (0.962s,  266.00/s)  Loss:  3.4515 (2.7211)  Acc@1:  17.188 ( 33.284)  Acc@5:  68.750 ( 78.918)
Test: [ 110/196]  Time: 0.365s (0.956s,  267.91/s)  Loss:  3.5193 (2.7820)  Acc@1:  26.172 ( 32.594)  Acc@5:  66.406 ( 77.763)
Test: [ 120/196]  Time: 0.366s (0.953s,  268.57/s)  Loss:  3.5292 (2.8251)  Acc@1:  26.953 ( 32.280)  Acc@5:  59.766 ( 76.911)
Test: [ 130/196]  Time: 0.525s (0.954s,  268.38/s)  Loss:  2.7963 (2.8613)  Acc@1:  30.078 ( 31.808)  Acc@5:  78.906 ( 76.255)
Test: [ 140/196]  Time: 0.366s (0.949s,  269.79/s)  Loss:  3.6969 (2.8946)  Acc@1:  23.047 ( 31.649)  Acc@5:  55.469 ( 75.557)
Test: [ 150/196]  Time: 1.902s (0.960s,  266.66/s)  Loss:  3.2741 (2.9298)  Acc@1:  25.781 ( 31.214)  Acc@5:  73.047 ( 74.878)
Test: [ 160/196]  Time: 0.366s (0.955s,  267.95/s)  Loss:  2.8525 (2.9540)  Acc@1:  39.453 ( 31.119)  Acc@5:  76.562 ( 74.350)
Test: [ 170/196]  Time: 1.585s (0.959s,  266.84/s)  Loss:  2.8952 (2.9790)  Acc@1:  26.953 ( 30.750)  Acc@5:  75.781 ( 73.824)
Test: [ 180/196]  Time: 0.366s (0.958s,  267.15/s)  Loss:  3.7311 (3.0098)  Acc@1:  17.969 ( 30.264)  Acc@5:  62.891 ( 73.187)
Test: [ 190/196]  Time: 2.324s (0.960s,  266.63/s)  Loss:  4.4742 (3.0070)  Acc@1:  13.281 ( 30.252)  Acc@5:  47.656 ( 73.282)
 * Acc@1 30.342 (69.658) Acc@5 73.344 (26.656)
