Validating in torch.float32. AMP not enabled.
Loading pretrained weights from Hugging Face hub (timm/mvitv2_small.fb_in1k)
[timm/mvitv2_small.fb_in1k] Safe alternative available for 'pytorch_model.bin' (as 'model.safetensors'). Loading weights using safetensors.
Model mvitv2_small.fb_in1k created, param count: 34870216
Data processing configuration for current model + dataset:
	input_size: (3, 224, 224)
	interpolation: bicubic
	mean: (0.485, 0.456, 0.406)
	std: (0.229, 0.224, 0.225)
	crop_pct: 0.9
	crop_mode: center
Test: [   0/196]  Time: 4.474s (4.474s,   57.22/s)  Loss:  1.0730 (1.0730)  Acc@1:  74.219 ( 74.219)  Acc@5:  94.922 ( 94.922)
Test: [  10/196]  Time: 0.365s (1.151s,  222.37/s)  Loss:  2.3812 (1.7988)  Acc@1:  45.312 ( 59.766)  Acc@5:  76.172 ( 86.435)
Test: [  20/196]  Time: 2.091s (1.100s,  232.74/s)  Loss:  1.5171 (1.7697)  Acc@1:  69.922 ( 61.086)  Acc@5:  85.938 ( 86.905)
Test: [  30/196]  Time: 0.366s (0.989s,  258.73/s)  Loss:  2.2311 (1.6917)  Acc@1:  49.609 ( 62.777)  Acc@5:  81.250 ( 87.538)
Test: [  40/196]  Time: 2.435s (1.010s,  253.36/s)  Loss:  2.6322 (1.8909)  Acc@1:  39.844 ( 57.746)  Acc@5:  74.609 ( 85.575)
Test: [  50/196]  Time: 0.365s (0.964s,  265.62/s)  Loss:  2.0029 (1.9586)  Acc@1:  51.953 ( 55.882)  Acc@5:  89.062 ( 85.455)
Test: [  60/196]  Time: 1.788s (0.973s,  263.14/s)  Loss:  1.9569 (1.9630)  Acc@1:  54.297 ( 56.116)  Acc@5:  87.500 ( 85.291)
Test: [  70/196]  Time: 0.365s (0.961s,  266.28/s)  Loss:  1.8410 (1.9130)  Acc@1:  58.594 ( 57.119)  Acc@5:  86.719 ( 85.899)
Test: [  80/196]  Time: 1.892s (0.959s,  267.05/s)  Loss:  3.0015 (1.9257)  Acc@1:  33.594 ( 56.626)  Acc@5:  66.797 ( 85.653)
Test: [  90/196]  Time: 0.364s (0.941s,  271.98/s)  Loss:  2.6099 (1.9672)  Acc@1:  41.797 ( 55.864)  Acc@5:  72.266 ( 84.637)
Test: [ 100/196]  Time: 0.468s (0.939s,  272.58/s)  Loss:  2.3700 (2.0405)  Acc@1:  43.750 ( 54.243)  Acc@5:  80.078 ( 83.257)
Test: [ 110/196]  Time: 0.364s (0.940s,  272.35/s)  Loss:  2.1335 (2.0568)  Acc@1:  51.953 ( 53.906)  Acc@5:  81.641 ( 82.865)
Test: [ 120/196]  Time: 1.706s (0.936s,  273.43/s)  Loss:  2.3649 (2.0695)  Acc@1:  52.344 ( 53.635)  Acc@5:  72.266 ( 82.548)
Test: [ 130/196]  Time: 0.365s (0.935s,  273.74/s)  Loss:  1.7989 (2.0979)  Acc@1:  54.688 ( 52.842)  Acc@5:  88.281 ( 82.070)
Test: [ 140/196]  Time: 1.325s (0.926s,  276.36/s)  Loss:  2.8417 (2.1052)  Acc@1:  34.375 ( 52.646)  Acc@5:  68.359 ( 81.804)
Test: [ 150/196]  Time: 0.364s (0.932s,  274.62/s)  Loss:  2.5308 (2.1300)  Acc@1:  45.312 ( 52.240)  Acc@5:  75.781 ( 81.284)
Test: [ 160/196]  Time: 1.016s (0.933s,  274.47/s)  Loss:  1.6838 (2.1366)  Acc@1:  58.594 ( 52.164)  Acc@5:  86.719 ( 81.056)
Test: [ 170/196]  Time: 0.364s (0.934s,  274.20/s)  Loss:  1.8076 (2.1573)  Acc@1:  55.078 ( 51.741)  Acc@5:  84.766 ( 80.695)
Test: [ 180/196]  Time: 1.220s (0.932s,  274.55/s)  Loss:  2.5063 (2.1762)  Acc@1:  39.062 ( 51.347)  Acc@5:  75.000 ( 80.294)
Test: [ 190/196]  Time: 1.047s (0.934s,  274.04/s)  Loss:  1.5643 (2.1714)  Acc@1:  58.594 ( 51.258)  Acc@5:  90.234 ( 80.463)
 * Acc@1 51.560 (48.440) Acc@5 80.664 (19.336)
