Validating in torch.float32. AMP not enabled.
Loading pretrained weights from Hugging Face hub (timm/mvitv2_small.fb_in1k)
[timm/mvitv2_small.fb_in1k] Safe alternative available for 'pytorch_model.bin' (as 'model.safetensors'). Loading weights using safetensors.
Model mvitv2_small.fb_in1k created, param count: 34870216
Data processing configuration for current model + dataset:
	input_size: (3, 224, 224)
	interpolation: bicubic
	mean: (0.485, 0.456, 0.406)
	std: (0.229, 0.224, 0.225)
	crop_pct: 0.9
	crop_mode: center
Test: [   0/196]  Time: 4.368s (4.368s,   58.61/s)  Loss:  1.7260 (1.7260)  Acc@1:  56.250 ( 56.250)  Acc@5:  96.094 ( 96.094)
Test: [  10/196]  Time: 0.367s (1.166s,  219.48/s)  Loss:  2.2270 (1.8591)  Acc@1:  47.266 ( 52.912)  Acc@5:  85.547 ( 91.939)
Test: [  20/196]  Time: 0.401s (1.109s,  230.81/s)  Loss:  1.9294 (1.8824)  Acc@1:  59.375 ( 53.497)  Acc@5:  89.062 ( 91.629)
Test: [  30/196]  Time: 1.862s (1.074s,  238.31/s)  Loss:  1.9056 (1.8540)  Acc@1:  53.906 ( 54.057)  Acc@5:  89.844 ( 92.162)
Test: [  40/196]  Time: 0.365s (1.045s,  244.94/s)  Loss:  1.8386 (1.8864)  Acc@1:  57.812 ( 53.182)  Acc@5:  90.234 ( 91.673)
Test: [  50/196]  Time: 0.501s (1.005s,  254.64/s)  Loss:  1.6286 (1.8813)  Acc@1:  58.984 ( 53.156)  Acc@5:  94.922 ( 91.782)
Test: [  60/196]  Time: 0.364s (1.028s,  249.06/s)  Loss:  1.9927 (1.8860)  Acc@1:  55.859 ( 52.818)  Acc@5:  88.672 ( 91.592)
Test: [  70/196]  Time: 0.367s (0.994s,  257.63/s)  Loss:  1.9043 (1.8734)  Acc@1:  50.000 ( 53.593)  Acc@5:  91.797 ( 91.786)
Test: [  80/196]  Time: 0.504s (0.996s,  257.15/s)  Loss:  2.6109 (1.8938)  Acc@1:  37.891 ( 53.496)  Acc@5:  80.469 ( 91.397)
Test: [  90/196]  Time: 0.365s (0.996s,  257.14/s)  Loss:  2.5996 (1.9581)  Acc@1:  37.891 ( 52.138)  Acc@5:  77.344 ( 90.294)
Test: [ 100/196]  Time: 0.365s (0.985s,  259.89/s)  Loss:  2.2130 (2.0094)  Acc@1:  37.891 ( 50.913)  Acc@5:  88.281 ( 89.368)
Test: [ 110/196]  Time: 0.366s (0.983s,  260.42/s)  Loss:  2.2007 (2.0441)  Acc@1:  45.312 ( 50.172)  Acc@5:  84.766 ( 88.732)
Test: [ 120/196]  Time: 0.365s (0.974s,  262.83/s)  Loss:  2.6358 (2.0662)  Acc@1:  46.094 ( 49.974)  Acc@5:  76.953 ( 88.272)
Test: [ 130/196]  Time: 0.374s (0.983s,  260.55/s)  Loss:  1.8801 (2.0912)  Acc@1:  44.531 ( 49.371)  Acc@5:  93.359 ( 87.900)
Test: [ 140/196]  Time: 0.364s (0.974s,  262.73/s)  Loss:  2.3574 (2.1084)  Acc@1:  39.453 ( 49.086)  Acc@5:  83.594 ( 87.550)
Test: [ 150/196]  Time: 0.483s (0.979s,  261.48/s)  Loss:  2.3575 (2.1360)  Acc@1:  40.234 ( 48.562)  Acc@5:  84.766 ( 87.063)
Test: [ 160/196]  Time: 0.365s (0.975s,  262.53/s)  Loss:  1.8963 (2.1526)  Acc@1:  63.281 ( 48.552)  Acc@5:  89.453 ( 86.707)
Test: [ 170/196]  Time: 1.116s (0.984s,  260.19/s)  Loss:  1.8572 (2.1669)  Acc@1:  55.078 ( 48.216)  Acc@5:  93.359 ( 86.470)
Test: [ 180/196]  Time: 0.365s (0.973s,  263.17/s)  Loss:  2.3436 (2.1870)  Acc@1:  44.141 ( 47.715)  Acc@5:  83.594 ( 86.095)
Test: [ 190/196]  Time: 1.794s (0.981s,  260.86/s)  Loss:  2.9489 (2.1874)  Acc@1:  28.125 ( 47.761)  Acc@5:  73.828 ( 86.111)
 * Acc@1 47.834 (52.166) Acc@5 86.158 (13.842)
