Validating in torch.float32. AMP not enabled.
Loading pretrained weights from Hugging Face hub (timm/vit_large_patch16_224.augreg_in21k_ft_in1k)
[timm/vit_large_patch16_224.augreg_in21k_ft_in1k] Safe alternative available for 'pytorch_model.bin' (as 'model.safetensors'). Loading weights using safetensors.
Model vit_large_patch16_224.augreg_in21k_ft_in1k created, param count: 304326632
Data processing configuration for current model + dataset:
	input_size: (3, 224, 224)
	interpolation: bicubic
	mean: (0.5, 0.5, 0.5)
	std: (0.5, 0.5, 0.5)
	crop_pct: 0.9
	crop_mode: center
Test: [   0/196]  Time: 2.242s (2.242s,  114.17/s)  Loss:  0.3293 (0.3293)  Acc@1:  91.406 ( 91.406)  Acc@5:  98.438 ( 98.438)
Test: [  10/196]  Time: 0.882s (1.003s,  255.22/s)  Loss:  1.0994 (0.5589)  Acc@1:  69.922 ( 83.878)  Acc@5:  94.531 ( 97.195)
Test: [  20/196]  Time: 0.884s (0.946s,  270.67/s)  Loss:  0.4794 (0.5491)  Acc@1:  89.844 ( 84.542)  Acc@5:  96.094 ( 97.098)
Test: [  30/196]  Time: 0.879s (0.925s,  276.71/s)  Loss:  0.7747 (0.5054)  Acc@1:  81.641 ( 85.912)  Acc@5:  94.141 ( 97.417)
Test: [  40/196]  Time: 0.884s (0.915s,  279.87/s)  Loss:  0.9207 (0.6040)  Acc@1:  77.344 ( 83.298)  Acc@5:  95.312 ( 96.770)
Test: [  50/196]  Time: 0.885s (0.909s,  281.67/s)  Loss:  0.5282 (0.6259)  Acc@1:  85.938 ( 82.629)  Acc@5:  96.094 ( 96.737)
Test: [  60/196]  Time: 0.890s (0.905s,  282.79/s)  Loss:  0.5732 (0.6345)  Acc@1:  82.812 ( 82.383)  Acc@5:  97.266 ( 96.792)
Test: [  70/196]  Time: 0.888s (0.903s,  283.57/s)  Loss:  0.5842 (0.6090)  Acc@1:  82.031 ( 82.989)  Acc@5:  98.438 ( 97.029)
Test: [  80/196]  Time: 0.888s (0.901s,  284.09/s)  Loss:  1.2174 (0.6219)  Acc@1:  68.750 ( 82.721)  Acc@5:  89.844 ( 96.861)
Test: [  90/196]  Time: 0.889s (0.900s,  284.51/s)  Loss:  1.0659 (0.6580)  Acc@1:  69.141 ( 81.928)  Acc@5:  94.141 ( 96.394)
Test: [ 100/196]  Time: 0.891s (0.899s,  284.80/s)  Loss:  0.8031 (0.7080)  Acc@1:  78.125 ( 80.697)  Acc@5:  95.703 ( 95.885)
Test: [ 110/196]  Time: 0.889s (0.898s,  285.03/s)  Loss:  0.9415 (0.7319)  Acc@1:  77.734 ( 80.240)  Acc@5:  92.969 ( 95.626)
Test: [ 120/196]  Time: 0.890s (0.898s,  285.23/s)  Loss:  1.1037 (0.7423)  Acc@1:  72.266 ( 80.114)  Acc@5:  89.062 ( 95.416)
Test: [ 130/196]  Time: 0.892s (0.897s,  285.38/s)  Loss:  0.4689 (0.7640)  Acc@1:  85.547 ( 79.470)  Acc@5:  98.828 ( 95.229)
Test: [ 140/196]  Time: 0.894s (0.897s,  285.49/s)  Loss:  1.0394 (0.7781)  Acc@1:  78.125 ( 79.228)  Acc@5:  92.188 ( 95.016)
Test: [ 150/196]  Time: 0.892s (0.896s,  285.58/s)  Loss:  0.7641 (0.7907)  Acc@1:  82.031 ( 79.010)  Acc@5:  94.922 ( 94.855)
Test: [ 160/196]  Time: 0.894s (0.896s,  285.63/s)  Loss:  0.5915 (0.8027)  Acc@1:  82.812 ( 78.821)  Acc@5:  95.703 ( 94.670)
Test: [ 170/196]  Time: 0.895s (0.896s,  285.68/s)  Loss:  0.5470 (0.8160)  Acc@1:  84.766 ( 78.605)  Acc@5:  96.875 ( 94.559)
Test: [ 180/196]  Time: 0.896s (0.896s,  285.71/s)  Loss:  1.4565 (0.8368)  Acc@1:  64.453 ( 78.082)  Acc@5:  85.547 ( 94.363)
Test: [ 190/196]  Time: 0.894s (0.896s,  285.72/s)  Loss:  1.1001 (0.8345)  Acc@1:  63.672 ( 78.100)  Acc@5:  95.312 ( 94.415)
 * Acc@1 78.196 (21.804) Acc@5 94.446 (5.554)
