Validating in torch.float32. AMP not enabled.
Loading pretrained weights from Hugging Face hub (timm/vit_large_patch16_224.augreg_in21k_ft_in1k)
[timm/vit_large_patch16_224.augreg_in21k_ft_in1k] Safe alternative available for 'pytorch_model.bin' (as 'model.safetensors'). Loading weights using safetensors.
Model vit_large_patch16_224.augreg_in21k_ft_in1k created, param count: 304326632
Data processing configuration for current model + dataset:
	input_size: (3, 224, 224)
	interpolation: bicubic
	mean: (0.5, 0.5, 0.5)
	std: (0.5, 0.5, 0.5)
	crop_pct: 0.9
	crop_mode: center
Test: [   0/196]  Time: 7.657s (7.657s,   33.43/s)  Loss:  2.4449 (2.4449)  Acc@1:  53.516 ( 53.516)  Acc@5:  76.562 ( 76.562)
Test: [  10/196]  Time: 0.922s (1.910s,  134.05/s)  Loss:  3.6935 (2.6121)  Acc@1:  34.375 ( 55.398)  Acc@5:  65.625 ( 75.462)
Test: [  20/196]  Time: 0.924s (1.819s,  140.77/s)  Loss:  2.3726 (2.4485)  Acc@1:  64.453 ( 57.645)  Acc@5:  76.172 ( 77.083)
Test: [  30/196]  Time: 0.919s (1.699s,  150.65/s)  Loss:  1.7553 (2.4313)  Acc@1:  62.109 ( 58.014)  Acc@5:  82.031 ( 76.928)
Test: [  40/196]  Time: 0.950s (1.641s,  156.04/s)  Loss:  2.1145 (2.3067)  Acc@1:  55.469 ( 57.412)  Acc@5:  80.469 ( 78.258)
Test: [  50/196]  Time: 0.922s (1.611s,  158.90/s)  Loss:  1.5873 (2.1946)  Acc@1:  62.891 ( 57.667)  Acc@5:  85.938 ( 79.756)
Test: [  60/196]  Time: 1.484s (1.572s,  162.87/s)  Loss:  2.0443 (2.1362)  Acc@1:  58.984 ( 58.024)  Acc@5:  83.203 ( 80.494)
Test: [  70/196]  Time: 0.922s (1.542s,  166.06/s)  Loss:  1.7882 (2.1056)  Acc@1:  62.109 ( 58.891)  Acc@5:  83.203 ( 80.782)
Test: [  80/196]  Time: 1.716s (1.522s,  168.23/s)  Loss:  3.2673 (2.1545)  Acc@1:  37.891 ( 58.367)  Acc@5:  62.500 ( 79.938)
Test: [  90/196]  Time: 0.924s (1.507s,  169.88/s)  Loss:  2.9908 (2.3280)  Acc@1:  39.062 ( 56.211)  Acc@5:  68.359 ( 77.541)
Test: [ 100/196]  Time: 2.228s (1.507s,  169.87/s)  Loss:  4.0127 (2.4899)  Acc@1:  34.766 ( 54.231)  Acc@5:  58.984 ( 75.379)
Test: [ 110/196]  Time: 0.924s (1.490s,  171.86/s)  Loss:  3.7167 (2.6270)  Acc@1:  41.406 ( 52.622)  Acc@5:  57.422 ( 73.582)
Test: [ 120/196]  Time: 2.940s (1.489s,  171.95/s)  Loss:  3.3599 (2.7158)  Acc@1:  42.969 ( 51.756)  Acc@5:  59.766 ( 72.404)
Test: [ 130/196]  Time: 0.925s (1.483s,  172.59/s)  Loss:  3.4758 (2.7825)  Acc@1:  46.484 ( 50.659)  Acc@5:  64.062 ( 71.502)
Test: [ 140/196]  Time: 0.924s (1.482s,  172.79/s)  Loss:  4.4391 (2.8606)  Acc@1:  26.953 ( 49.892)  Acc@5:  45.312 ( 70.418)
Test: [ 150/196]  Time: 1.279s (1.473s,  173.83/s)  Loss:  3.2786 (2.9293)  Acc@1:  50.781 ( 49.097)  Acc@5:  66.406 ( 69.547)
Test: [ 160/196]  Time: 1.374s (1.464s,  174.85/s)  Loss:  3.5450 (2.9732)  Acc@1:  44.922 ( 48.629)  Acc@5:  59.766 ( 68.883)
Test: [ 170/196]  Time: 0.926s (1.468s,  174.41/s)  Loss:  3.4706 (3.0298)  Acc@1:  50.391 ( 47.962)  Acc@5:  62.109 ( 68.136)
Test: [ 180/196]  Time: 2.080s (1.463s,  175.00/s)  Loss:  4.8946 (3.0804)  Acc@1:  17.969 ( 47.205)  Acc@5:  42.969 ( 67.431)
Test: [ 190/196]  Time: 0.923s (1.455s,  176.00/s)  Loss:  7.0449 (3.0911)  Acc@1:  10.156 ( 47.231)  Acc@5:  23.047 ( 67.316)
 * Acc@1 47.328 (52.672) Acc@5 67.368 (32.632)
