Validating in torch.float32. AMP not enabled.
Loading pretrained weights from Hugging Face hub (timm/vit_large_patch16_224.augreg_in21k_ft_in1k)
[timm/vit_large_patch16_224.augreg_in21k_ft_in1k] Safe alternative available for 'pytorch_model.bin' (as 'model.safetensors'). Loading weights using safetensors.
Model vit_large_patch16_224.augreg_in21k_ft_in1k created, param count: 304326632
Data processing configuration for current model + dataset:
	input_size: (3, 224, 224)
	interpolation: bicubic
	mean: (0.5, 0.5, 0.5)
	std: (0.5, 0.5, 0.5)
	crop_pct: 0.9
	crop_mode: center
Test: [   0/196]  Time: 2.218s (2.218s,  115.40/s)  Loss:  0.3956 (0.3956)  Acc@1:  89.844 ( 89.844)  Acc@5:  98.438 ( 98.438)
Test: [  10/196]  Time: 0.880s (1.000s,  255.88/s)  Loss:  1.3847 (0.7174)  Acc@1:  62.500 ( 80.078)  Acc@5:  91.406 ( 95.739)
Test: [  20/196]  Time: 0.884s (0.945s,  270.99/s)  Loss:  0.5806 (0.7076)  Acc@1:  87.500 ( 80.673)  Acc@5:  94.531 ( 95.573)
Test: [  30/196]  Time: 0.882s (0.924s,  276.96/s)  Loss:  0.9136 (0.6508)  Acc@1:  77.734 ( 82.195)  Acc@5:  92.969 ( 95.993)
Test: [  40/196]  Time: 0.884s (0.914s,  280.05/s)  Loss:  1.1409 (0.7544)  Acc@1:  73.047 ( 79.649)  Acc@5:  92.188 ( 95.246)
Test: [  50/196]  Time: 0.887s (0.908s,  281.80/s)  Loss:  0.8005 (0.7901)  Acc@1:  78.906 ( 78.730)  Acc@5:  93.750 ( 95.067)
Test: [  60/196]  Time: 0.888s (0.905s,  282.88/s)  Loss:  0.7264 (0.7896)  Acc@1:  79.688 ( 78.637)  Acc@5:  95.703 ( 95.248)
Test: [  70/196]  Time: 0.889s (0.903s,  283.63/s)  Loss:  0.6624 (0.7550)  Acc@1:  81.250 ( 79.462)  Acc@5:  97.266 ( 95.599)
Test: [  80/196]  Time: 0.889s (0.901s,  284.16/s)  Loss:  1.4644 (0.7656)  Acc@1:  65.234 ( 79.263)  Acc@5:  88.281 ( 95.443)
Test: [  90/196]  Time: 0.890s (0.900s,  284.53/s)  Loss:  1.0839 (0.8033)  Acc@1:  66.406 ( 78.468)  Acc@5:  92.578 ( 94.939)
Test: [ 100/196]  Time: 0.894s (0.899s,  284.80/s)  Loss:  0.9937 (0.8642)  Acc@1:  73.047 ( 77.143)  Acc@5:  91.797 ( 94.195)
Test: [ 110/196]  Time: 0.894s (0.898s,  284.96/s)  Loss:  1.1128 (0.8900)  Acc@1:  75.000 ( 76.619)  Acc@5:  91.016 ( 93.859)
Test: [ 120/196]  Time: 0.895s (0.898s,  285.10/s)  Loss:  1.3680 (0.9049)  Acc@1:  68.359 ( 76.453)  Acc@5:  87.109 ( 93.605)
Test: [ 130/196]  Time: 0.894s (0.898s,  285.18/s)  Loss:  0.7414 (0.9264)  Acc@1:  80.469 ( 75.886)  Acc@5:  94.922 ( 93.341)
Test: [ 140/196]  Time: 0.897s (0.898s,  285.23/s)  Loss:  1.2604 (0.9375)  Acc@1:  69.922 ( 75.715)  Acc@5:  89.844 ( 93.249)
Test: [ 150/196]  Time: 0.895s (0.897s,  285.27/s)  Loss:  0.9348 (0.9527)  Acc@1:  77.344 ( 75.435)  Acc@5:  92.578 ( 93.031)
Test: [ 160/196]  Time: 0.896s (0.897s,  285.29/s)  Loss:  0.7786 (0.9658)  Acc@1:  81.641 ( 75.250)  Acc@5:  92.969 ( 92.794)
Test: [ 170/196]  Time: 0.898s (0.897s,  285.31/s)  Loss:  0.6058 (0.9835)  Acc@1:  83.984 ( 74.906)  Acc@5:  96.875 ( 92.594)
Test: [ 180/196]  Time: 0.899s (0.897s,  285.31/s)  Loss:  1.6677 (1.0050)  Acc@1:  59.766 ( 74.355)  Acc@5:  81.250 ( 92.358)
Test: [ 190/196]  Time: 0.897s (0.897s,  285.32/s)  Loss:  1.1088 (1.0039)  Acc@1:  66.016 ( 74.323)  Acc@5:  94.922 ( 92.443)
 * Acc@1 74.444 (25.556) Acc@5 92.498 (7.502)
