Validating in torch.float32. AMP not enabled.
Loading pretrained weights from Hugging Face hub (timm/vit_large_patch16_224.augreg_in21k_ft_in1k)
[timm/vit_large_patch16_224.augreg_in21k_ft_in1k] Safe alternative available for 'pytorch_model.bin' (as 'model.safetensors'). Loading weights using safetensors.
Model vit_large_patch16_224.augreg_in21k_ft_in1k created, param count: 304326632
Data processing configuration for current model + dataset:
	input_size: (3, 224, 224)
	interpolation: bicubic
	mean: (0.5, 0.5, 0.5)
	std: (0.5, 0.5, 0.5)
	crop_pct: 0.9
	crop_mode: center
Test: [   0/196]  Time: 2.223s (2.223s,  115.14/s)  Loss:  7.0239 (7.0239)  Acc@1:  12.500 ( 12.500)  Acc@5:  24.609 ( 24.609)
Test: [  10/196]  Time: 0.878s (0.999s,  256.37/s)  Loss:  7.7364 (6.9879)  Acc@1:   6.250 ( 15.625)  Acc@5:  20.312 ( 26.314)
Test: [  20/196]  Time: 0.881s (0.942s,  271.71/s)  Loss:  6.8172 (6.8752)  Acc@1:  10.938 ( 15.960)  Acc@5:  21.094 ( 27.325)
Test: [  30/196]  Time: 0.885s (0.923s,  277.36/s)  Loss:  5.4331 (6.8266)  Acc@1:  18.359 ( 15.927)  Acc@5:  34.766 ( 27.608)
Test: [  40/196]  Time: 0.890s (0.914s,  280.02/s)  Loss:  5.9063 (6.6270)  Acc@1:   8.203 ( 14.520)  Acc@5:  23.438 ( 27.439)
Test: [  50/196]  Time: 0.892s (0.910s,  281.46/s)  Loss:  5.8087 (6.4266)  Acc@1:  13.281 ( 14.522)  Acc@5:  30.078 ( 28.523)
Test: [  60/196]  Time: 0.894s (0.907s,  282.30/s)  Loss:  6.7562 (6.4244)  Acc@1:   9.766 ( 14.248)  Acc@5:  24.219 ( 28.304)
Test: [  70/196]  Time: 0.899s (0.905s,  282.77/s)  Loss:  6.4035 (6.4186)  Acc@1:  16.406 ( 14.673)  Acc@5:  26.953 ( 28.483)
Test: [  80/196]  Time: 0.899s (0.904s,  283.07/s)  Loss:  7.0536 (6.4801)  Acc@1:   7.812 ( 14.386)  Acc@5:  15.234 ( 27.633)
Test: [  90/196]  Time: 0.900s (0.904s,  283.24/s)  Loss:  7.5314 (6.5846)  Acc@1:   5.469 ( 13.788)  Acc@5:  13.672 ( 26.481)
Test: [ 100/196]  Time: 0.900s (0.903s,  283.39/s)  Loss:  8.5226 (6.6974)  Acc@1:   3.516 ( 13.007)  Acc@5:  13.672 ( 25.166)
Test: [ 110/196]  Time: 0.898s (0.903s,  283.47/s)  Loss:  7.8506 (6.7933)  Acc@1:   5.859 ( 12.401)  Acc@5:  12.500 ( 24.106)
Test: [ 120/196]  Time: 0.899s (0.903s,  283.55/s)  Loss:  6.7766 (6.8603)  Acc@1:  10.547 ( 12.000)  Acc@5:  21.875 ( 23.354)
Test: [ 130/196]  Time: 0.901s (0.903s,  283.61/s)  Loss:  7.6840 (6.8860)  Acc@1:   7.422 ( 11.599)  Acc@5:  12.109 ( 22.874)
Test: [ 140/196]  Time: 0.900s (0.903s,  283.65/s)  Loss:  7.5241 (6.9270)  Acc@1:   7.422 ( 11.450)  Acc@5:  11.719 ( 22.432)
Test: [ 150/196]  Time: 0.902s (0.902s,  283.67/s)  Loss:  6.7439 (6.9621)  Acc@1:  10.547 ( 11.248)  Acc@5:  22.656 ( 22.082)
Test: [ 160/196]  Time: 0.902s (0.902s,  283.68/s)  Loss:  7.1361 (6.9706)  Acc@1:   8.594 ( 11.066)  Acc@5:  15.625 ( 21.763)
Test: [ 170/196]  Time: 0.903s (0.902s,  283.68/s)  Loss:  7.2623 (6.9984)  Acc@1:   7.812 ( 10.878)  Acc@5:  17.188 ( 21.468)
Test: [ 180/196]  Time: 0.903s (0.902s,  283.70/s)  Loss:  8.8836 (7.0279)  Acc@1:   0.781 ( 10.670)  Acc@5:   5.469 ( 21.148)
Test: [ 190/196]  Time: 0.900s (0.902s,  283.71/s)  Loss:  9.1789 (7.0062)  Acc@1:   2.344 ( 10.927)  Acc@5:   6.250 ( 21.556)
 * Acc@1 11.098 (88.902) Acc@5 21.834 (78.166)
