Validating in torch.float32. AMP not enabled.
Loading pretrained weights from Hugging Face hub (timm/hiera_base_224.mae_in1k_ft_in1k)
[timm/hiera_base_224.mae_in1k_ft_in1k] Safe alternative available for 'pytorch_model.bin' (as 'model.safetensors'). Loading weights using safetensors.
Model hiera_base_224.mae_in1k_ft_in1k created, param count: 51524968
Data processing configuration for current model + dataset:
	input_size: (3, 224, 224)
	interpolation: bicubic
	mean: (0.485, 0.456, 0.406)
	std: (0.229, 0.224, 0.225)
	crop_pct: 0.9
	crop_mode: center
Test: [   0/196]  Time: 9.830s (9.830s,   26.04/s)  Loss:  1.2707 (1.2707)  Acc@1:  67.578 ( 67.578)  Acc@5:  92.969 ( 92.969)
Test: [  10/196]  Time: 0.301s (2.459s,  104.13/s)  Loss:  2.7963 (1.9194)  Acc@1:  38.672 ( 57.351)  Acc@5:  72.656 ( 83.452)
Test: [  20/196]  Time: 0.301s (2.547s,  100.49/s)  Loss:  1.8239 (1.9224)  Acc@1:  66.406 ( 58.408)  Acc@5:  79.688 ( 82.496)
Test: [  30/196]  Time: 0.302s (2.311s,  110.78/s)  Loss:  2.4708 (1.8668)  Acc@1:  47.266 ( 59.892)  Acc@5:  76.172 ( 83.065)
Test: [  40/196]  Time: 0.301s (2.417s,  105.92/s)  Loss:  2.8899 (2.0778)  Acc@1:  36.328 ( 54.983)  Acc@5:  69.141 ( 80.116)
Test: [  50/196]  Time: 0.321s (2.289s,  111.86/s)  Loss:  2.3316 (2.1686)  Acc@1:  48.438 ( 52.612)  Acc@5:  77.344 ( 78.975)
Test: [  60/196]  Time: 0.301s (2.209s,  115.89/s)  Loss:  2.5303 (2.1907)  Acc@1:  42.969 ( 52.107)  Acc@5:  73.438 ( 78.682)
Test: [  70/196]  Time: 0.302s (1.940s,  131.93/s)  Loss:  2.0088 (2.1474)  Acc@1:  55.078 ( 53.081)  Acc@5:  80.859 ( 79.253)
Test: [  80/196]  Time: 0.303s (1.738s,  147.28/s)  Loss:  3.3283 (2.1468)  Acc@1:  33.203 ( 53.086)  Acc@5:  60.156 ( 79.384)
Test: [  90/196]  Time: 0.302s (1.581s,  161.97/s)  Loss:  2.7204 (2.1811)  Acc@1:  39.453 ( 52.657)  Acc@5:  73.828 ( 78.829)
Test: [ 100/196]  Time: 0.304s (1.454s,  176.06/s)  Loss:  2.5913 (2.2594)  Acc@1:  43.359 ( 51.214)  Acc@5:  74.609 ( 77.491)
Test: [ 110/196]  Time: 0.303s (1.350s,  189.58/s)  Loss:  2.4718 (2.2941)  Acc@1:  44.141 ( 50.577)  Acc@5:  75.391 ( 76.826)
Test: [ 120/196]  Time: 0.304s (1.264s,  202.55/s)  Loss:  2.5654 (2.3150)  Acc@1:  50.000 ( 50.255)  Acc@5:  70.703 ( 76.437)
Test: [ 130/196]  Time: 0.305s (1.191s,  215.02/s)  Loss:  2.4895 (2.3400)  Acc@1:  43.359 ( 49.669)  Acc@5:  75.000 ( 76.020)
Test: [ 140/196]  Time: 0.304s (1.128s,  227.00/s)  Loss:  3.3713 (2.3467)  Acc@1:  34.375 ( 49.626)  Acc@5:  58.984 ( 75.881)
Test: [ 150/196]  Time: 0.304s (1.073s,  238.54/s)  Loss:  2.7783 (2.3669)  Acc@1:  43.750 ( 49.314)  Acc@5:  64.062 ( 75.466)
Test: [ 160/196]  Time: 0.305s (1.025s,  249.65/s)  Loss:  1.8669 (2.3746)  Acc@1:  62.109 ( 49.284)  Acc@5:  82.812 ( 75.269)
Test: [ 170/196]  Time: 0.305s (0.983s,  260.35/s)  Loss:  1.8918 (2.3931)  Acc@1:  53.906 ( 48.938)  Acc@5:  82.812 ( 74.973)
Test: [ 180/196]  Time: 0.305s (0.946s,  270.67/s)  Loss:  3.3750 (2.4127)  Acc@1:  32.422 ( 48.597)  Acc@5:  57.812 ( 74.650)
Test: [ 190/196]  Time: 0.305s (0.912s,  280.63/s)  Loss:  1.6614 (2.4288)  Acc@1:  57.812 ( 48.229)  Acc@5:  88.672 ( 74.485)
 * Acc@1 48.576 (51.424) Acc@5 74.742 (25.258)
