Validating in torch.float32. AMP not enabled.
Loading pretrained weights from Hugging Face hub (timm/hiera_base_224.mae_in1k_ft_in1k)
[timm/hiera_base_224.mae_in1k_ft_in1k] Safe alternative available for 'pytorch_model.bin' (as 'model.safetensors'). Loading weights using safetensors.
Model hiera_base_224.mae_in1k_ft_in1k created, param count: 51524968
Data processing configuration for current model + dataset:
	input_size: (3, 224, 224)
	interpolation: bicubic
	mean: (0.485, 0.456, 0.406)
	std: (0.229, 0.224, 0.225)
	crop_pct: 0.9
	crop_mode: center
Test: [   0/196]  Time: 0.898s (0.898s,  284.94/s)  Loss:  0.7187 (0.7187)  Acc@1:  85.156 ( 85.156)  Acc@5:  98.438 ( 98.438)
Test: [  10/196]  Time: 0.305s (0.358s,  714.27/s)  Loss:  1.7536 (1.1453)  Acc@1:  58.984 ( 75.781)  Acc@5:  90.234 ( 94.886)
Test: [  20/196]  Time: 0.305s (0.333s,  768.76/s)  Loss:  1.1285 (1.1543)  Acc@1:  81.641 ( 76.135)  Acc@5:  92.188 ( 94.661)
Test: [  30/196]  Time: 0.305s (0.324s,  790.14/s)  Loss:  1.3946 (1.1078)  Acc@1:  76.172 ( 77.356)  Acc@5:  93.359 ( 94.884)
Test: [  40/196]  Time: 0.306s (0.319s,  801.26/s)  Loss:  1.6322 (1.2153)  Acc@1:  63.281 ( 74.381)  Acc@5:  92.578 ( 94.026)
Test: [  50/196]  Time: 0.311s (0.317s,  807.92/s)  Loss:  1.2156 (1.2647)  Acc@1:  78.516 ( 73.254)  Acc@5:  96.094 ( 93.781)
Test: [  60/196]  Time: 0.305s (0.315s,  812.75/s)  Loss:  1.3743 (1.2844)  Acc@1:  69.141 ( 72.784)  Acc@5:  92.578 ( 93.731)
Test: [  70/196]  Time: 0.305s (0.314s,  816.24/s)  Loss:  1.1823 (1.2589)  Acc@1:  75.000 ( 73.377)  Acc@5:  96.484 ( 93.926)
Test: [  80/196]  Time: 0.306s (0.313s,  818.85/s)  Loss:  2.1086 (1.2709)  Acc@1:  52.344 ( 73.037)  Acc@5:  80.078 ( 93.721)
Test: [  90/196]  Time: 0.306s (0.312s,  820.86/s)  Loss:  1.8972 (1.3106)  Acc@1:  52.734 ( 72.120)  Acc@5:  86.328 ( 92.947)
Test: [ 100/196]  Time: 0.308s (0.311s,  822.37/s)  Loss:  1.4974 (1.3707)  Acc@1:  65.234 ( 70.510)  Acc@5:  92.188 ( 92.041)
Test: [ 110/196]  Time: 0.306s (0.311s,  823.62/s)  Loss:  1.5740 (1.4029)  Acc@1:  64.062 ( 69.679)  Acc@5:  88.281 ( 91.498)
Test: [ 120/196]  Time: 0.306s (0.310s,  824.62/s)  Loss:  1.7358 (1.4114)  Acc@1:  63.672 ( 69.489)  Acc@5:  83.203 ( 91.251)
Test: [ 130/196]  Time: 0.306s (0.310s,  825.44/s)  Loss:  1.3351 (1.4322)  Acc@1:  70.703 ( 68.845)  Acc@5:  93.359 ( 90.935)
Test: [ 140/196]  Time: 0.306s (0.310s,  826.15/s)  Loss:  2.0515 (1.4414)  Acc@1:  52.734 ( 68.584)  Acc@5:  81.641 ( 90.714)
Test: [ 150/196]  Time: 0.307s (0.310s,  826.74/s)  Loss:  1.6914 (1.4572)  Acc@1:  68.750 ( 68.222)  Acc@5:  87.109 ( 90.418)
Test: [ 160/196]  Time: 0.306s (0.309s,  827.26/s)  Loss:  1.0442 (1.4680)  Acc@1:  80.859 ( 68.022)  Acc@5:  92.188 ( 90.210)
Test: [ 170/196]  Time: 0.307s (0.309s,  827.67/s)  Loss:  0.9756 (1.4839)  Acc@1:  78.125 ( 67.562)  Acc@5:  96.484 ( 90.017)
Test: [ 180/196]  Time: 0.307s (0.309s,  828.08/s)  Loss:  2.1797 (1.5041)  Acc@1:  49.219 ( 67.060)  Acc@5:  79.688 ( 89.732)
Test: [ 190/196]  Time: 0.305s (0.309s,  828.49/s)  Loss:  1.4110 (1.5175)  Acc@1:  62.891 ( 66.590)  Acc@5:  92.969 ( 89.662)
 * Acc@1 66.740 (33.260) Acc@5 89.756 (10.244)
