Validating in torch.float32. AMP not enabled.
Loading pretrained weights from Hugging Face hub (timm/hiera_base_224.mae_in1k_ft_in1k)
[timm/hiera_base_224.mae_in1k_ft_in1k] Safe alternative available for 'pytorch_model.bin' (as 'model.safetensors'). Loading weights using safetensors.
Model hiera_base_224.mae_in1k_ft_in1k created, param count: 51524968
Data processing configuration for current model + dataset:
	input_size: (3, 224, 224)
	interpolation: bicubic
	mean: (0.485, 0.456, 0.406)
	std: (0.229, 0.224, 0.225)
	crop_pct: 0.9
	crop_mode: center
Test: [   0/196]  Time: 1.906s (1.906s,  134.31/s)  Loss:  0.3508 (0.3508)  Acc@1:  96.094 ( 96.094)  Acc@5:  98.828 ( 98.828)
Test: [  10/196]  Time: 0.308s (0.516s,  495.75/s)  Loss:  0.8226 (0.5523)  Acc@1:  82.031 ( 88.317)  Acc@5:  96.484 ( 98.366)
Test: [  20/196]  Time: 0.308s (0.418s,  612.26/s)  Loss:  0.4674 (0.5613)  Acc@1:  94.141 ( 88.244)  Acc@5:  98.047 ( 98.140)
Test: [  30/196]  Time: 0.305s (0.418s,  612.50/s)  Loss:  0.6261 (0.5274)  Acc@1:  87.891 ( 89.428)  Acc@5:  97.656 ( 98.274)
Test: [  40/196]  Time: 0.305s (0.394s,  649.44/s)  Loss:  0.5391 (0.5602)  Acc@1:  89.844 ( 88.605)  Acc@5:  98.047 ( 98.056)
Test: [  50/196]  Time: 0.627s (0.386s,  662.92/s)  Loss:  0.4282 (0.5618)  Acc@1:  92.578 ( 88.450)  Acc@5:  98.047 ( 98.047)
Test: [  60/196]  Time: 0.308s (0.383s,  668.07/s)  Loss:  0.6951 (0.5799)  Acc@1:  84.375 ( 88.051)  Acc@5:  96.875 ( 98.028)
Test: [  70/196]  Time: 0.309s (0.374s,  683.91/s)  Loss:  0.6466 (0.5671)  Acc@1:  87.891 ( 88.270)  Acc@5:  98.828 ( 98.179)
Test: [  80/196]  Time: 0.306s (0.378s,  677.55/s)  Loss:  0.9242 (0.5822)  Acc@1:  74.609 ( 87.920)  Acc@5:  95.703 ( 98.032)
Test: [  90/196]  Time: 0.309s (0.372s,  687.79/s)  Loss:  1.2006 (0.6030)  Acc@1:  71.094 ( 87.285)  Acc@5:  94.141 ( 97.858)
Test: [ 100/196]  Time: 0.304s (0.370s,  691.31/s)  Loss:  0.7660 (0.6315)  Acc@1:  81.250 ( 86.506)  Acc@5:  97.266 ( 97.656)
Test: [ 110/196]  Time: 0.304s (0.369s,  693.19/s)  Loss:  0.6205 (0.6417)  Acc@1:  86.328 ( 86.230)  Acc@5:  97.266 ( 97.565)
Test: [ 120/196]  Time: 0.305s (0.372s,  688.91/s)  Loss:  0.8643 (0.6459)  Acc@1:  82.031 ( 86.241)  Acc@5:  93.750 ( 97.492)
Test: [ 130/196]  Time: 0.306s (0.372s,  688.39/s)  Loss:  0.4046 (0.6634)  Acc@1:  91.016 ( 85.669)  Acc@5: 100.000 ( 97.346)
Test: [ 140/196]  Time: 0.305s (0.373s,  687.06/s)  Loss:  0.6459 (0.6698)  Acc@1:  85.547 ( 85.494)  Acc@5:  97.266 ( 97.274)
Test: [ 150/196]  Time: 0.306s (0.372s,  688.41/s)  Loss:  0.6474 (0.6769)  Acc@1:  87.500 ( 85.314)  Acc@5:  97.266 ( 97.211)
Test: [ 160/196]  Time: 0.304s (0.369s,  693.45/s)  Loss:  0.4592 (0.6831)  Acc@1:  92.188 ( 85.168)  Acc@5:  99.219 ( 97.164)
Test: [ 170/196]  Time: 0.612s (0.369s,  693.25/s)  Loss:  0.4355 (0.6928)  Acc@1:  91.797 ( 84.862)  Acc@5:  98.828 ( 97.087)
Test: [ 180/196]  Time: 0.304s (0.369s,  694.03/s)  Loss:  0.9950 (0.7023)  Acc@1:  78.125 ( 84.571)  Acc@5:  95.703 ( 97.020)
Test: [ 190/196]  Time: 0.345s (0.368s,  695.84/s)  Loss:  1.0478 (0.7054)  Acc@1:  69.922 ( 84.440)  Acc@5:  96.875 ( 97.012)
 * Acc@1 84.490 (15.510) Acc@5 97.036 (2.964)
