Validating in torch.float32. AMP not enabled.
Loading pretrained weights from Hugging Face hub (timm/hiera_base_224.mae_in1k_ft_in1k)
[timm/hiera_base_224.mae_in1k_ft_in1k] Safe alternative available for 'pytorch_model.bin' (as 'model.safetensors'). Loading weights using safetensors.
Model hiera_base_224.mae_in1k_ft_in1k created, param count: 51524968
Data processing configuration for current model + dataset:
	input_size: (3, 224, 224)
	interpolation: bicubic
	mean: (0.485, 0.456, 0.406)
	std: (0.229, 0.224, 0.225)
	crop_pct: 0.9
	crop_mode: center
Test: [   0/196]  Time: 10.259s (10.259s,   24.95/s)  Loss:  2.0467 (2.0467)  Acc@1:  37.500 ( 37.500)  Acc@5:  92.969 ( 92.969)
Test: [  10/196]  Time: 0.317s (2.973s,   86.12/s)  Loss:  2.9673 (2.3730)  Acc@1:  32.031 ( 36.470)  Acc@5:  71.484 ( 86.470)
Test: [  20/196]  Time: 1.773s (2.877s,   88.97/s)  Loss:  2.5605 (2.4368)  Acc@1:  42.188 ( 37.091)  Acc@5:  83.594 ( 85.863)
Test: [  30/196]  Time: 0.317s (2.677s,   95.63/s)  Loss:  2.6462 (2.4455)  Acc@1:  36.719 ( 39.189)  Acc@5:  81.641 ( 85.912)
Test: [  40/196]  Time: 2.260s (2.739s,   93.46/s)  Loss:  2.5893 (2.4916)  Acc@1:  39.062 ( 38.538)  Acc@5:  85.938 ( 85.242)
Test: [  50/196]  Time: 0.317s (2.619s,   97.74/s)  Loss:  2.4004 (2.5026)  Acc@1:  44.531 ( 38.434)  Acc@5:  88.672 ( 85.049)
Test: [  60/196]  Time: 2.571s (2.660s,   96.23/s)  Loss:  2.8933 (2.5341)  Acc@1:  33.594 ( 37.961)  Acc@5:  80.859 ( 84.522)
Test: [  70/196]  Time: 0.327s (2.593s,   98.74/s)  Loss:  2.6433 (2.5315)  Acc@1:  31.641 ( 37.924)  Acc@5:  78.125 ( 84.496)
Test: [  80/196]  Time: 3.951s (2.639s,   97.01/s)  Loss:  3.4988 (2.5357)  Acc@1:  18.750 ( 37.871)  Acc@5:  68.359 ( 84.375)
Test: [  90/196]  Time: 0.316s (2.629s,   97.38/s)  Loss:  3.4988 (2.6094)  Acc@1:  21.094 ( 36.496)  Acc@5:  65.234 ( 82.843)
Test: [ 100/196]  Time: 4.472s (2.623s,   97.60/s)  Loss:  2.6724 (2.6590)  Acc@1:  31.641 ( 35.508)  Acc@5:  78.516 ( 81.761)
Test: [ 110/196]  Time: 0.316s (2.611s,   98.06/s)  Loss:  2.6365 (2.7060)  Acc@1:  28.906 ( 34.266)  Acc@5:  81.250 ( 80.926)
Test: [ 120/196]  Time: 4.044s (2.612s,   98.02/s)  Loss:  3.0968 (2.7242)  Acc@1:  32.812 ( 33.749)  Acc@5:  70.312 ( 80.520)
Test: [ 130/196]  Time: 0.316s (2.579s,   99.26/s)  Loss:  2.8758 (2.7515)  Acc@1:  17.188 ( 33.197)  Acc@5:  79.688 ( 79.860)
Test: [ 140/196]  Time: 5.634s (2.590s,   98.85/s)  Loss:  3.2832 (2.7709)  Acc@1:  27.734 ( 32.812)  Acc@5:  67.188 ( 79.510)
Test: [ 150/196]  Time: 0.317s (2.572s,   99.53/s)  Loss:  2.8772 (2.7970)  Acc@1:  19.531 ( 32.282)  Acc@5:  78.516 ( 78.968)
Test: [ 160/196]  Time: 5.860s (2.567s,   99.74/s)  Loss:  2.6324 (2.8103)  Acc@1:  34.375 ( 32.031)  Acc@5:  80.078 ( 78.647)
Test: [ 170/196]  Time: 0.316s (2.537s,  100.90/s)  Loss:  2.4218 (2.8253)  Acc@1:  28.516 ( 31.684)  Acc@5:  89.844 ( 78.321)
Test: [ 180/196]  Time: 4.906s (2.532s,  101.10/s)  Loss:  3.2087 (2.8495)  Acc@1:  14.062 ( 31.114)  Acc@5:  74.219 ( 77.827)
Test: [ 190/196]  Time: 0.316s (2.491s,  102.76/s)  Loss:  3.4205 (2.8595)  Acc@1:  17.188 ( 30.632)  Acc@5:  65.625 ( 77.583)
 * Acc@1 30.586 (69.414) Acc@5 77.712 (22.288)
