Validating in torch.float32. AMP not enabled.
Loading pretrained weights from Hugging Face hub (timm/hiera_base_224.mae_in1k_ft_in1k)
[timm/hiera_base_224.mae_in1k_ft_in1k] Safe alternative available for 'pytorch_model.bin' (as 'model.safetensors'). Loading weights using safetensors.
Model hiera_base_224.mae_in1k_ft_in1k created, param count: 51524968
Data processing configuration for current model + dataset:
	input_size: (3, 224, 224)
	interpolation: bicubic
	mean: (0.485, 0.456, 0.406)
	std: (0.229, 0.224, 0.225)
	crop_pct: 0.9
	crop_mode: center
Test: [   0/196]  Time: 0.887s (0.887s,  288.77/s)  Loss:  3.0073 (3.0073)  Acc@1:  20.703 ( 20.703)  Acc@5:  79.297 ( 79.297)
Test: [  10/196]  Time: 0.303s (0.358s,  716.05/s)  Loss:  4.2170 (3.3772)  Acc@1:  10.156 ( 18.537)  Acc@5:  42.969 ( 67.791)
Test: [  20/196]  Time: 0.303s (0.332s,  770.00/s)  Loss:  3.7146 (3.4683)  Acc@1:  20.703 ( 18.601)  Acc@5:  57.812 ( 66.053)
Test: [  30/196]  Time: 0.304s (0.323s,  791.42/s)  Loss:  3.3304 (3.4473)  Acc@1:  23.828 ( 20.035)  Acc@5:  64.453 ( 66.406)
Test: [  40/196]  Time: 0.304s (0.319s,  803.00/s)  Loss:  3.4398 (3.4417)  Acc@1:  22.266 ( 20.027)  Acc@5:  59.766 ( 65.549)
Test: [  50/196]  Time: 0.304s (0.316s,  810.05/s)  Loss:  3.2643 (3.4317)  Acc@1:  20.703 ( 19.953)  Acc@5:  68.750 ( 65.211)
Test: [  60/196]  Time: 0.305s (0.314s,  814.76/s)  Loss:  4.1340 (3.4677)  Acc@1:  11.719 ( 19.160)  Acc@5:  54.688 ( 64.428)
Test: [  70/196]  Time: 0.305s (0.313s,  818.18/s)  Loss:  3.3476 (3.4663)  Acc@1:  19.141 ( 19.003)  Acc@5:  65.234 ( 64.712)
Test: [  80/196]  Time: 0.305s (0.312s,  820.65/s)  Loss:  4.6665 (3.4653)  Acc@1:   8.984 ( 19.165)  Acc@5:  46.094 ( 64.810)
Test: [  90/196]  Time: 0.305s (0.311s,  822.63/s)  Loss:  4.4413 (3.5369)  Acc@1:  13.672 ( 18.553)  Acc@5:  50.781 ( 63.633)
Test: [ 100/196]  Time: 0.305s (0.311s,  824.28/s)  Loss:  3.8277 (3.5994)  Acc@1:  14.453 ( 18.034)  Acc@5:  59.375 ( 62.585)
Test: [ 110/196]  Time: 0.305s (0.310s,  825.51/s)  Loss:  3.5779 (3.6503)  Acc@1:  12.500 ( 17.381)  Acc@5:  64.844 ( 61.747)
Test: [ 120/196]  Time: 0.306s (0.310s,  826.56/s)  Loss:  4.0545 (3.6757)  Acc@1:  17.578 ( 17.175)  Acc@5:  53.906 ( 61.347)
Test: [ 130/196]  Time: 0.307s (0.309s,  827.37/s)  Loss:  4.0423 (3.7015)  Acc@1:   5.469 ( 16.973)  Acc@5:  56.641 ( 60.851)
Test: [ 140/196]  Time: 0.306s (0.309s,  828.07/s)  Loss:  4.4228 (3.7185)  Acc@1:  13.281 ( 16.841)  Acc@5:  44.531 ( 60.636)
Test: [ 150/196]  Time: 0.306s (0.309s,  828.68/s)  Loss:  3.7471 (3.7462)  Acc@1:  11.719 ( 16.577)  Acc@5:  65.234 ( 60.234)
Test: [ 160/196]  Time: 0.307s (0.309s,  829.19/s)  Loss:  3.6959 (3.7573)  Acc@1:  18.359 ( 16.486)  Acc@5:  61.719 ( 60.083)
Test: [ 170/196]  Time: 0.306s (0.309s,  829.64/s)  Loss:  3.5020 (3.7718)  Acc@1:   8.594 ( 16.294)  Acc@5:  68.359 ( 59.798)
Test: [ 180/196]  Time: 0.306s (0.308s,  830.02/s)  Loss:  4.5851 (3.7978)  Acc@1:   7.422 ( 16.009)  Acc@5:  45.703 ( 59.353)
Test: [ 190/196]  Time: 0.305s (0.308s,  830.42/s)  Loss:  3.8335 (3.8073)  Acc@1:   9.375 ( 15.715)  Acc@5:  62.500 ( 59.232)
 * Acc@1 15.712 (84.288) Acc@5 59.460 (40.540)
