Validating in torch.float32. AMP not enabled.
Loading pretrained weights from Hugging Face hub (timm/hiera_base_224.mae_in1k_ft_in1k)
[timm/hiera_base_224.mae_in1k_ft_in1k] Safe alternative available for 'pytorch_model.bin' (as 'model.safetensors'). Loading weights using safetensors.
Model hiera_base_224.mae_in1k_ft_in1k created, param count: 51524968
Data processing configuration for current model + dataset:
	input_size: (3, 224, 224)
	interpolation: bicubic
	mean: (0.485, 0.456, 0.406)
	std: (0.229, 0.224, 0.225)
	crop_pct: 0.9
	crop_mode: center
Test: [   0/196]  Time: 0.855s (0.855s,  299.45/s)  Loss:  0.5260 (0.5260)  Acc@1:  91.406 ( 91.406)  Acc@5:  98.828 ( 98.828)
Test: [  10/196]  Time: 0.303s (0.354s,  723.40/s)  Loss:  1.4314 (0.8955)  Acc@1:  68.359 ( 82.777)  Acc@5:  94.141 ( 96.626)
Test: [  20/196]  Time: 0.303s (0.330s,  776.36/s)  Loss:  0.8368 (0.9018)  Acc@1:  89.844 ( 83.129)  Acc@5:  95.312 ( 96.298)
Test: [  30/196]  Time: 0.303s (0.321s,  796.89/s)  Loss:  1.1062 (0.8499)  Acc@1:  82.031 ( 84.463)  Acc@5:  94.531 ( 96.560)
Test: [  40/196]  Time: 0.304s (0.317s,  807.38/s)  Loss:  1.0490 (0.9094)  Acc@1:  82.812 ( 83.270)  Acc@5:  95.703 ( 96.237)
Test: [  50/196]  Time: 0.304s (0.315s,  813.92/s)  Loss:  0.9239 (0.9318)  Acc@1:  84.766 ( 82.713)  Acc@5:  96.875 ( 96.232)
Test: [  60/196]  Time: 0.304s (0.313s,  818.29/s)  Loss:  1.0425 (0.9520)  Acc@1:  76.172 ( 82.262)  Acc@5:  95.312 ( 96.171)
Test: [  70/196]  Time: 0.303s (0.312s,  821.52/s)  Loss:  0.9312 (0.9342)  Acc@1:  80.078 ( 82.499)  Acc@5:  97.656 ( 96.418)
Test: [  80/196]  Time: 0.304s (0.311s,  823.82/s)  Loss:  1.5489 (0.9461)  Acc@1:  66.016 ( 82.272)  Acc@5:  89.453 ( 96.287)
Test: [  90/196]  Time: 0.304s (0.310s,  825.64/s)  Loss:  1.4134 (0.9785)  Acc@1:  62.109 ( 81.267)  Acc@5:  92.188 ( 95.776)
Test: [ 100/196]  Time: 0.305s (0.310s,  827.03/s)  Loss:  1.1410 (1.0194)  Acc@1:  74.609 ( 79.985)  Acc@5:  96.094 ( 95.336)
Test: [ 110/196]  Time: 0.305s (0.309s,  828.18/s)  Loss:  1.2517 (1.0435)  Acc@1:  77.344 ( 79.374)  Acc@5:  92.188 ( 95.056)
Test: [ 120/196]  Time: 0.305s (0.309s,  829.14/s)  Loss:  1.3792 (1.0490)  Acc@1:  70.312 ( 79.213)  Acc@5:  89.453 ( 94.951)
Test: [ 130/196]  Time: 0.305s (0.308s,  829.89/s)  Loss:  0.9492 (1.0665)  Acc@1:  77.734 ( 78.536)  Acc@5:  96.484 ( 94.737)
Test: [ 140/196]  Time: 0.306s (0.308s,  830.48/s)  Loss:  1.3910 (1.0731)  Acc@1:  73.047 ( 78.349)  Acc@5:  91.406 ( 94.620)
Test: [ 150/196]  Time: 0.305s (0.308s,  831.05/s)  Loss:  1.2809 (1.0866)  Acc@1:  75.391 ( 78.040)  Acc@5:  91.016 ( 94.430)
Test: [ 160/196]  Time: 0.305s (0.308s,  831.58/s)  Loss:  0.8589 (1.0970)  Acc@1:  84.375 ( 77.856)  Acc@5:  95.312 ( 94.252)
Test: [ 170/196]  Time: 0.306s (0.308s,  831.98/s)  Loss:  0.6259 (1.1075)  Acc@1:  89.453 ( 77.597)  Acc@5:  98.047 ( 94.136)
Test: [ 180/196]  Time: 0.305s (0.308s,  832.39/s)  Loss:  1.4546 (1.1226)  Acc@1:  69.531 ( 77.180)  Acc@5:  90.625 ( 93.959)
Test: [ 190/196]  Time: 0.304s (0.307s,  832.79/s)  Loss:  1.2802 (1.1324)  Acc@1:  66.406 ( 76.839)  Acc@5:  95.703 ( 93.955)
 * Acc@1 76.928 (23.072) Acc@5 93.994 (6.006)
