Validating in torch.float32. AMP not enabled.
Loading pretrained weights from Hugging Face hub (timm/hiera_base_224.mae_in1k_ft_in1k)
[timm/hiera_base_224.mae_in1k_ft_in1k] Safe alternative available for 'pytorch_model.bin' (as 'model.safetensors'). Loading weights using safetensors.
Model hiera_base_224.mae_in1k_ft_in1k created, param count: 51524968
Data processing configuration for current model + dataset:
	input_size: (3, 224, 224)
	interpolation: bicubic
	mean: (0.485, 0.456, 0.406)
	std: (0.229, 0.224, 0.225)
	crop_pct: 0.9
	crop_mode: center
Test: [   0/196]  Time: 0.831s (0.831s,  308.09/s)  Loss:  1.1205 (1.1205)  Acc@1:  78.125 ( 78.125)  Acc@5:  96.484 ( 96.484)
Test: [  10/196]  Time: 0.302s (0.350s,  730.74/s)  Loss:  1.8477 (1.4093)  Acc@1:  61.328 ( 69.531)  Acc@5:  86.719 ( 94.176)
Test: [  20/196]  Time: 0.302s (0.327s,  781.73/s)  Loss:  1.4010 (1.4272)  Acc@1:  80.469 ( 71.131)  Acc@5:  92.969 ( 94.103)
Test: [  30/196]  Time: 0.303s (0.319s,  801.99/s)  Loss:  1.5584 (1.4011)  Acc@1:  73.047 ( 73.589)  Acc@5:  91.406 ( 94.443)
Test: [  40/196]  Time: 0.302s (0.315s,  812.69/s)  Loss:  1.4849 (1.4333)  Acc@1:  79.297 ( 73.390)  Acc@5:  92.188 ( 94.284)
Test: [  50/196]  Time: 0.302s (0.312s,  819.35/s)  Loss:  1.3184 (1.4354)  Acc@1:  80.469 ( 73.545)  Acc@5:  96.094 ( 94.324)
Test: [  60/196]  Time: 0.302s (0.311s,  823.72/s)  Loss:  1.6382 (1.4606)  Acc@1:  68.359 ( 73.060)  Acc@5:  92.969 ( 94.115)
Test: [  70/196]  Time: 0.302s (0.310s,  826.83/s)  Loss:  1.5484 (1.4527)  Acc@1:  66.406 ( 73.135)  Acc@5:  91.797 ( 94.289)
Test: [  80/196]  Time: 0.303s (0.309s,  829.10/s)  Loss:  1.9638 (1.4637)  Acc@1:  56.641 ( 72.748)  Acc@5:  85.547 ( 94.063)
Test: [  90/196]  Time: 0.303s (0.308s,  830.77/s)  Loss:  2.0098 (1.5106)  Acc@1:  52.344 ( 71.077)  Acc@5:  85.547 ( 93.252)
Test: [ 100/196]  Time: 0.303s (0.308s,  832.18/s)  Loss:  1.5118 (1.5448)  Acc@1:  62.891 ( 69.670)  Acc@5:  95.312 ( 92.748)
Test: [ 110/196]  Time: 0.303s (0.307s,  833.23/s)  Loss:  1.5172 (1.5739)  Acc@1:  67.578 ( 68.528)  Acc@5:  91.406 ( 92.346)
Test: [ 120/196]  Time: 0.303s (0.307s,  834.07/s)  Loss:  1.8455 (1.5816)  Acc@1:  66.797 ( 68.127)  Acc@5:  86.328 ( 92.081)
Test: [ 130/196]  Time: 0.303s (0.307s,  834.76/s)  Loss:  1.4491 (1.5987)  Acc@1:  66.016 ( 67.387)  Acc@5:  96.875 ( 91.854)
Test: [ 140/196]  Time: 0.304s (0.306s,  835.31/s)  Loss:  1.8335 (1.6108)  Acc@1:  63.672 ( 66.982)  Acc@5:  87.500 ( 91.658)
Test: [ 150/196]  Time: 0.303s (0.306s,  835.71/s)  Loss:  1.6873 (1.6302)  Acc@1:  61.719 ( 66.362)  Acc@5:  89.453 ( 91.305)
Test: [ 160/196]  Time: 0.304s (0.306s,  836.13/s)  Loss:  1.4630 (1.6439)  Acc@1:  75.781 ( 66.035)  Acc@5:  92.969 ( 90.982)
Test: [ 170/196]  Time: 0.304s (0.306s,  836.50/s)  Loss:  1.2807 (1.6501)  Acc@1:  74.219 ( 65.675)  Acc@5:  96.875 ( 90.885)
Test: [ 180/196]  Time: 0.304s (0.306s,  836.75/s)  Loss:  1.7550 (1.6660)  Acc@1:  52.344 ( 65.016)  Acc@5:  90.625 ( 90.651)
Test: [ 190/196]  Time: 0.303s (0.306s,  837.03/s)  Loss:  2.4497 (1.6734)  Acc@1:  43.359 ( 64.639)  Acc@5:  78.906 ( 90.543)
 * Acc@1 64.544 (35.456) Acc@5 90.580 (9.420)
